[0.220s] DEBUG:colcon:Command line arguments: ['/usr/bin/colcon', 'build']
[0.220s] DEBUG:colcon:Parsed command line arguments: Namespace(log_base=None, log_level=None, verb_name='build', build_base='build', install_base='install', merge_install=False, symlink_install=False, test_result_base=None, continue_on_error=False, executor='parallel', parallel_workers=16, event_handlers=None, ignore_user_meta=False, metas=['./colcon.meta'], base_paths=['.'], packages_ignore=None, packages_ignore_regex=None, paths=None, packages_up_to=None, packages_up_to_regex=None, packages_above=None, packages_above_and_dependencies=None, packages_above_depth=None, packages_select_by_dep=None, packages_skip_by_dep=None, packages_skip_up_to=None, packages_select_build_failed=False, packages_skip_build_finished=False, packages_select_test_failures=False, packages_skip_test_passed=False, packages_select=None, packages_skip=None, packages_select_regex=None, packages_skip_regex=None, packages_start=None, packages_end=None, allow_overriding=[], cmake_args=None, cmake_target=None, cmake_target_skip_unavailable=False, cmake_clean_cache=False, cmake_clean_first=False, cmake_force_configure=False, ament_cmake_args=None, catkin_cmake_args=None, catkin_skip_building_tests=False, verb_parser=<colcon_defaults.argument_parser.defaults.DefaultArgumentsDecorator object at 0x7d0f79c857f0>, verb_extension=<colcon_core.verb.build.BuildVerb object at 0x7d0f79c855e0>, main=<bound method BuildVerb.main of <colcon_core.verb.build.BuildVerb object at 0x7d0f79c855e0>>)
[0.292s] Level 1:colcon.colcon_core.package_discovery:discover_packages(colcon_meta) check parameters
[0.293s] Level 1:colcon.colcon_core.package_discovery:discover_packages(recursive) check parameters
[0.293s] Level 1:colcon.colcon_core.package_discovery:discover_packages(ignore) check parameters
[0.293s] Level 1:colcon.colcon_core.package_discovery:discover_packages(path) check parameters
[0.293s] Level 1:colcon.colcon_core.package_discovery:discover_packages(colcon_meta) discover
[0.293s] Level 1:colcon.colcon_core.package_discovery:discover_packages(recursive) discover
[0.293s] INFO:colcon.colcon_core.package_discovery:Crawling recursively for packages in '/home/lh/planning_with_ROS2_course'
[0.293s] Level 1:colcon.colcon_core.package_identification:_identify(.) by extensions ['ignore', 'ignore_ament_install']
[0.293s] Level 1:colcon.colcon_core.package_identification:_identify(.) by extension 'ignore'
[0.294s] Level 1:colcon.colcon_core.package_identification:_identify(.) by extension 'ignore_ament_install'
[0.294s] Level 1:colcon.colcon_core.package_identification:_identify(.) by extensions ['colcon_pkg']
[0.294s] Level 1:colcon.colcon_core.package_identification:_identify(.) by extension 'colcon_pkg'
[0.294s] Level 1:colcon.colcon_core.package_identification:_identify(.) by extensions ['colcon_meta']
[0.294s] Level 1:colcon.colcon_core.package_identification:_identify(.) by extension 'colcon_meta'
[0.294s] Level 1:colcon.colcon_core.package_identification:_identify(.) by extensions ['ros']
[0.294s] Level 1:colcon.colcon_core.package_identification:_identify(.) by extension 'ros'
[0.338s] Level 1:colcon.colcon_core.package_identification:_identify(.) by extensions ['cmake', 'python']
[0.338s] Level 1:colcon.colcon_core.package_identification:_identify(.) by extension 'cmake'
[0.338s] Level 1:colcon.colcon_core.package_identification:_identify(.) by extension 'python'
[0.338s] Level 1:colcon.colcon_core.package_identification:_identify(.) by extensions ['python_setup_py']
[0.338s] Level 1:colcon.colcon_core.package_identification:_identify(.) by extension 'python_setup_py'
[0.338s] Level 1:colcon.colcon_core.package_identification:_identify(build) by extensions ['ignore', 'ignore_ament_install']
[0.339s] Level 1:colcon.colcon_core.package_identification:_identify(build) by extension 'ignore'
[0.339s] Level 1:colcon.colcon_core.package_identification:_identify(build) ignored
[0.339s] Level 1:colcon.colcon_core.package_identification:_identify(doc) by extensions ['ignore', 'ignore_ament_install']
[0.339s] Level 1:colcon.colcon_core.package_identification:_identify(doc) by extension 'ignore'
[0.339s] Level 1:colcon.colcon_core.package_identification:_identify(doc) by extension 'ignore_ament_install'
[0.340s] Level 1:colcon.colcon_core.package_identification:_identify(doc) by extensions ['colcon_pkg']
[0.340s] Level 1:colcon.colcon_core.package_identification:_identify(doc) by extension 'colcon_pkg'
[0.340s] Level 1:colcon.colcon_core.package_identification:_identify(doc) by extensions ['colcon_meta']
[0.340s] Level 1:colcon.colcon_core.package_identification:_identify(doc) by extension 'colcon_meta'
[0.340s] Level 1:colcon.colcon_core.package_identification:_identify(doc) by extensions ['ros']
[0.340s] Level 1:colcon.colcon_core.package_identification:_identify(doc) by extension 'ros'
[0.340s] Level 1:colcon.colcon_core.package_identification:_identify(doc) by extensions ['cmake', 'python']
[0.340s] Level 1:colcon.colcon_core.package_identification:_identify(doc) by extension 'cmake'
[0.340s] Level 1:colcon.colcon_core.package_identification:_identify(doc) by extension 'python'
[0.340s] Level 1:colcon.colcon_core.package_identification:_identify(doc) by extensions ['python_setup_py']
[0.340s] Level 1:colcon.colcon_core.package_identification:_identify(doc) by extension 'python_setup_py'
[0.341s] Level 1:colcon.colcon_core.package_identification:_identify(install) by extensions ['ignore', 'ignore_ament_install']
[0.341s] Level 1:colcon.colcon_core.package_identification:_identify(install) by extension 'ignore'
[0.341s] Level 1:colcon.colcon_core.package_identification:_identify(install) ignored
[0.341s] Level 1:colcon.colcon_core.package_identification:_identify(log) by extensions ['ignore', 'ignore_ament_install']
[0.342s] Level 1:colcon.colcon_core.package_identification:_identify(log) by extension 'ignore'
[0.342s] Level 1:colcon.colcon_core.package_identification:_identify(log) ignored
[0.342s] Level 1:colcon.colcon_core.package_identification:_identify(src) by extensions ['ignore', 'ignore_ament_install']
[0.342s] Level 1:colcon.colcon_core.package_identification:_identify(src) by extension 'ignore'
[0.342s] Level 1:colcon.colcon_core.package_identification:_identify(src) by extension 'ignore_ament_install'
[0.342s] Level 1:colcon.colcon_core.package_identification:_identify(src) by extensions ['colcon_pkg']
[0.342s] Level 1:colcon.colcon_core.package_identification:_identify(src) by extension 'colcon_pkg'
[0.343s] Level 1:colcon.colcon_core.package_identification:_identify(src) by extensions ['colcon_meta']
[0.343s] Level 1:colcon.colcon_core.package_identification:_identify(src) by extension 'colcon_meta'
[0.343s] Level 1:colcon.colcon_core.package_identification:_identify(src) by extensions ['ros']
[0.343s] Level 1:colcon.colcon_core.package_identification:_identify(src) by extension 'ros'
[0.343s] Level 1:colcon.colcon_core.package_identification:_identify(src) by extensions ['cmake', 'python']
[0.343s] Level 1:colcon.colcon_core.package_identification:_identify(src) by extension 'cmake'
[0.343s] Level 1:colcon.colcon_core.package_identification:_identify(src) by extension 'python'
[0.343s] Level 1:colcon.colcon_core.package_identification:_identify(src) by extensions ['python_setup_py']
[0.343s] Level 1:colcon.colcon_core.package_identification:_identify(src) by extension 'python_setup_py'
[0.343s] Level 1:colcon.colcon_core.package_identification:_identify(src/base_msgs) by extensions ['ignore', 'ignore_ament_install']
[0.344s] Level 1:colcon.colcon_core.package_identification:_identify(src/base_msgs) by extension 'ignore'
[0.344s] Level 1:colcon.colcon_core.package_identification:_identify(src/base_msgs) by extension 'ignore_ament_install'
[0.344s] Level 1:colcon.colcon_core.package_identification:_identify(src/base_msgs) by extensions ['colcon_pkg']
[0.344s] Level 1:colcon.colcon_core.package_identification:_identify(src/base_msgs) by extension 'colcon_pkg'
[0.344s] Level 1:colcon.colcon_core.package_identification:_identify(src/base_msgs) by extensions ['colcon_meta']
[0.344s] Level 1:colcon.colcon_core.package_identification:_identify(src/base_msgs) by extension 'colcon_meta'
[0.344s] Level 1:colcon.colcon_core.package_identification:_identify(src/base_msgs) by extensions ['ros']
[0.345s] Level 1:colcon.colcon_core.package_identification:_identify(src/base_msgs) by extension 'ros'
[0.349s] DEBUG:colcon.colcon_core.package_identification:Package 'src/base_msgs' with type 'ros.ament_cmake' and name 'base_msgs'
[0.349s] Level 1:colcon.colcon_core.package_identification:_identify(src/data_plot) by extensions ['ignore', 'ignore_ament_install']
[0.350s] Level 1:colcon.colcon_core.package_identification:_identify(src/data_plot) by extension 'ignore'
[0.350s] Level 1:colcon.colcon_core.package_identification:_identify(src/data_plot) by extension 'ignore_ament_install'
[0.350s] Level 1:colcon.colcon_core.package_identification:_identify(src/data_plot) by extensions ['colcon_pkg']
[0.350s] Level 1:colcon.colcon_core.package_identification:_identify(src/data_plot) by extension 'colcon_pkg'
[0.350s] Level 1:colcon.colcon_core.package_identification:_identify(src/data_plot) by extensions ['colcon_meta']
[0.350s] Level 1:colcon.colcon_core.package_identification:_identify(src/data_plot) by extension 'colcon_meta'
[0.350s] Level 1:colcon.colcon_core.package_identification:_identify(src/data_plot) by extensions ['ros']
[0.350s] Level 1:colcon.colcon_core.package_identification:_identify(src/data_plot) by extension 'ros'
[0.351s] DEBUG:colcon.colcon_core.package_identification:Package 'src/data_plot' with type 'ros.ament_python' and name 'data_plot'
[0.352s] Level 1:colcon.colcon_core.package_identification:_identify(src/planning) by extensions ['ignore', 'ignore_ament_install']
[0.352s] Level 1:colcon.colcon_core.package_identification:_identify(src/planning) by extension 'ignore'
[0.352s] Level 1:colcon.colcon_core.package_identification:_identify(src/planning) by extension 'ignore_ament_install'
[0.352s] Level 1:colcon.colcon_core.package_identification:_identify(src/planning) by extensions ['colcon_pkg']
[0.352s] Level 1:colcon.colcon_core.package_identification:_identify(src/planning) by extension 'colcon_pkg'
[0.352s] Level 1:colcon.colcon_core.package_identification:_identify(src/planning) by extensions ['colcon_meta']
[0.352s] Level 1:colcon.colcon_core.package_identification:_identify(src/planning) by extension 'colcon_meta'
[0.353s] Level 1:colcon.colcon_core.package_identification:_identify(src/planning) by extensions ['ros']
[0.353s] Level 1:colcon.colcon_core.package_identification:_identify(src/planning) by extension 'ros'
[0.354s] DEBUG:colcon.colcon_core.package_identification:Package 'src/planning' with type 'ros.ament_cmake' and name 'planning'
[0.354s] Level 1:colcon.colcon_core.package_discovery:discover_packages(recursive) using defaults
[0.355s] Level 1:colcon.colcon_core.package_discovery:discover_packages(ignore) discover
[0.355s] Level 1:colcon.colcon_core.package_discovery:discover_packages(ignore) using defaults
[0.355s] Level 1:colcon.colcon_core.package_discovery:discover_packages(path) discover
[0.355s] Level 1:colcon.colcon_core.package_discovery:discover_packages(path) using defaults
[0.384s] Level 1:colcon.colcon_core.package_discovery:discover_packages(prefix_path) check parameters
[0.384s] Level 1:colcon.colcon_core.package_discovery:discover_packages(prefix_path) discover
[0.387s] DEBUG:colcon.colcon_installed_package_information.package_discovery:Found 3 installed packages in /home/lh/planning_with_ROS2_course/install
[0.390s] DEBUG:colcon.colcon_installed_package_information.package_discovery:Found 290 installed packages in /opt/ros/jazzy
[0.391s] Level 1:colcon.colcon_core.package_discovery:discover_packages(prefix_path) using defaults
[0.458s] Level 5:colcon.colcon_core.verb:set package 'base_msgs' build argument 'cmake_args' from command line to 'None'
[0.459s] Level 5:colcon.colcon_core.verb:set package 'base_msgs' build argument 'cmake_target' from command line to 'None'
[0.459s] Level 5:colcon.colcon_core.verb:set package 'base_msgs' build argument 'cmake_target_skip_unavailable' from command line to 'False'
[0.459s] Level 5:colcon.colcon_core.verb:set package 'base_msgs' build argument 'cmake_clean_cache' from command line to 'False'
[0.459s] Level 5:colcon.colcon_core.verb:set package 'base_msgs' build argument 'cmake_clean_first' from command line to 'False'
[0.459s] Level 5:colcon.colcon_core.verb:set package 'base_msgs' build argument 'cmake_force_configure' from command line to 'False'
[0.459s] Level 5:colcon.colcon_core.verb:set package 'base_msgs' build argument 'ament_cmake_args' from command line to 'None'
[0.459s] Level 5:colcon.colcon_core.verb:set package 'base_msgs' build argument 'catkin_cmake_args' from command line to 'None'
[0.459s] Level 5:colcon.colcon_core.verb:set package 'base_msgs' build argument 'catkin_skip_building_tests' from command line to 'False'
[0.459s] DEBUG:colcon.colcon_core.verb:Building package 'base_msgs' with the following arguments: {'ament_cmake_args': None, 'build_base': '/home/lh/planning_with_ROS2_course/build/base_msgs', 'catkin_cmake_args': None, 'catkin_skip_building_tests': False, 'cmake_args': None, 'cmake_clean_cache': False, 'cmake_clean_first': False, 'cmake_force_configure': False, 'cmake_target': None, 'cmake_target_skip_unavailable': False, 'install_base': '/home/lh/planning_with_ROS2_course/install/base_msgs', 'merge_install': False, 'path': '/home/lh/planning_with_ROS2_course/src/base_msgs', 'symlink_install': False, 'test_result_base': None}
[0.460s] Level 5:colcon.colcon_core.verb:set package 'data_plot' build argument 'cmake_args' from command line to 'None'
[0.460s] Level 5:colcon.colcon_core.verb:set package 'data_plot' build argument 'cmake_target' from command line to 'None'
[0.460s] Level 5:colcon.colcon_core.verb:set package 'data_plot' build argument 'cmake_target_skip_unavailable' from command line to 'False'
[0.460s] Level 5:colcon.colcon_core.verb:set package 'data_plot' build argument 'cmake_clean_cache' from command line to 'False'
[0.460s] Level 5:colcon.colcon_core.verb:set package 'data_plot' build argument 'cmake_clean_first' from command line to 'False'
[0.460s] Level 5:colcon.colcon_core.verb:set package 'data_plot' build argument 'cmake_force_configure' from command line to 'False'
[0.460s] Level 5:colcon.colcon_core.verb:set package 'data_plot' build argument 'ament_cmake_args' from command line to 'None'
[0.460s] Level 5:colcon.colcon_core.verb:set package 'data_plot' build argument 'catkin_cmake_args' from command line to 'None'
[0.460s] Level 5:colcon.colcon_core.verb:set package 'data_plot' build argument 'catkin_skip_building_tests' from command line to 'False'
[0.460s] DEBUG:colcon.colcon_core.verb:Building package 'data_plot' with the following arguments: {'ament_cmake_args': None, 'build_base': '/home/lh/planning_with_ROS2_course/build/data_plot', 'catkin_cmake_args': None, 'catkin_skip_building_tests': False, 'cmake_args': None, 'cmake_clean_cache': False, 'cmake_clean_first': False, 'cmake_force_configure': False, 'cmake_target': None, 'cmake_target_skip_unavailable': False, 'install_base': '/home/lh/planning_with_ROS2_course/install/data_plot', 'merge_install': False, 'path': '/home/lh/planning_with_ROS2_course/src/data_plot', 'symlink_install': False, 'test_result_base': None}
[0.461s] Level 5:colcon.colcon_core.verb:set package 'planning' build argument 'cmake_args' from command line to 'None'
[0.461s] Level 5:colcon.colcon_core.verb:set package 'planning' build argument 'cmake_target' from command line to 'None'
[0.461s] Level 5:colcon.colcon_core.verb:set package 'planning' build argument 'cmake_target_skip_unavailable' from command line to 'False'
[0.461s] Level 5:colcon.colcon_core.verb:set package 'planning' build argument 'cmake_clean_cache' from command line to 'False'
[0.461s] Level 5:colcon.colcon_core.verb:set package 'planning' build argument 'cmake_clean_first' from command line to 'False'
[0.461s] Level 5:colcon.colcon_core.verb:set package 'planning' build argument 'cmake_force_configure' from command line to 'False'
[0.461s] Level 5:colcon.colcon_core.verb:set package 'planning' build argument 'ament_cmake_args' from command line to 'None'
[0.461s] Level 5:colcon.colcon_core.verb:set package 'planning' build argument 'catkin_cmake_args' from command line to 'None'
[0.461s] Level 5:colcon.colcon_core.verb:set package 'planning' build argument 'catkin_skip_building_tests' from command line to 'False'
[0.461s] DEBUG:colcon.colcon_core.verb:Building package 'planning' with the following arguments: {'ament_cmake_args': None, 'build_base': '/home/lh/planning_with_ROS2_course/build/planning', 'catkin_cmake_args': None, 'catkin_skip_building_tests': False, 'cmake_args': None, 'cmake_clean_cache': False, 'cmake_clean_first': False, 'cmake_force_configure': False, 'cmake_target': None, 'cmake_target_skip_unavailable': False, 'install_base': '/home/lh/planning_with_ROS2_course/install/planning', 'merge_install': False, 'path': '/home/lh/planning_with_ROS2_course/src/planning', 'symlink_install': False, 'test_result_base': None}
[0.462s] INFO:colcon.colcon_core.executor:Executing jobs using 'parallel' executor
[0.464s] DEBUG:colcon.colcon_parallel_executor.executor.parallel:run_until_complete
[0.465s] INFO:colcon.colcon_ros.task.ament_cmake.build:Building ROS package in '/home/lh/planning_with_ROS2_course/src/base_msgs' with build type 'ament_cmake'
[0.465s] INFO:colcon.colcon_cmake.task.cmake.build:Building CMake package in '/home/lh/planning_with_ROS2_course/src/base_msgs'
[0.468s] INFO:colcon.colcon_core.plugin_system:Skipping extension 'colcon_core.shell.bat': Not used on non-Windows systems
[0.469s] INFO:colcon.colcon_core.shell:Skip shell extension 'powershell' for command environment: Not usable outside of PowerShell
[0.469s] DEBUG:colcon.colcon_core.shell:Skip shell extension 'dsv' for command environment
[0.490s] DEBUG:colcon.colcon_core.event_handler.log_command:Invoking command in '/home/lh/planning_with_ROS2_course/build/base_msgs': CMAKE_PREFIX_PATH=${CMAKE_PREFIX_PATH}:/home/lh/planning_with_ROS2_course/install/data_plot:/opt/ros/jazzy DEBUGINFOD_URLS=https://debuginfod.ubuntu.com /usr/bin/cmake --build /home/lh/planning_with_ROS2_course/build/base_msgs -- -j16 -l16
[1.506s] DEBUG:colcon.colcon_core.event_handler.log_command:Invoked command in '/home/lh/planning_with_ROS2_course/build/base_msgs' returned '0': CMAKE_PREFIX_PATH=${CMAKE_PREFIX_PATH}:/home/lh/planning_with_ROS2_course/install/data_plot:/opt/ros/jazzy DEBUGINFOD_URLS=https://debuginfod.ubuntu.com /usr/bin/cmake --build /home/lh/planning_with_ROS2_course/build/base_msgs -- -j16 -l16
[1.533s] DEBUG:colcon.colcon_core.event_handler.log_command:Invoking command in '/home/lh/planning_with_ROS2_course/build/base_msgs': CMAKE_PREFIX_PATH=${CMAKE_PREFIX_PATH}:/home/lh/planning_with_ROS2_course/install/data_plot:/opt/ros/jazzy DEBUGINFOD_URLS=https://debuginfod.ubuntu.com /usr/bin/cmake --install /home/lh/planning_with_ROS2_course/build/base_msgs
[1.725s] Level 1:colcon.colcon_core.environment:create_environment_scripts_only(base_msgs)
[1.730s] DEBUG:colcon.colcon_core.event_handler.log_command:Invoked command in '/home/lh/planning_with_ROS2_course/build/base_msgs' returned '0': CMAKE_PREFIX_PATH=${CMAKE_PREFIX_PATH}:/home/lh/planning_with_ROS2_course/install/data_plot:/opt/ros/jazzy DEBUGINFOD_URLS=https://debuginfod.ubuntu.com /usr/bin/cmake --install /home/lh/planning_with_ROS2_course/build/base_msgs
[1.731s] Level 1:colcon.colcon_core.environment:checking '/home/lh/planning_with_ROS2_course/install/base_msgs' for CMake module files
[1.733s] Level 1:colcon.colcon_core.environment:checking '/home/lh/planning_with_ROS2_course/install/base_msgs' for CMake config files
[1.734s] Level 1:colcon.colcon_core.shell:create_environment_hook('base_msgs', 'cmake_prefix_path')
[1.734s] INFO:colcon.colcon_core.shell:Creating environment hook '/home/lh/planning_with_ROS2_course/install/base_msgs/share/base_msgs/hook/cmake_prefix_path.ps1'
[1.735s] INFO:colcon.colcon_core.shell:Creating environment descriptor '/home/lh/planning_with_ROS2_course/install/base_msgs/share/base_msgs/hook/cmake_prefix_path.dsv'
[1.737s] INFO:colcon.colcon_core.shell:Creating environment hook '/home/lh/planning_with_ROS2_course/install/base_msgs/share/base_msgs/hook/cmake_prefix_path.sh'
[1.739s] Level 1:colcon.colcon_core.environment:checking '/home/lh/planning_with_ROS2_course/install/base_msgs/lib'
[1.739s] Level 1:colcon.colcon_core.shell:create_environment_hook('base_msgs', 'ld_library_path_lib')
[1.739s] INFO:colcon.colcon_core.shell:Creating environment hook '/home/lh/planning_with_ROS2_course/install/base_msgs/share/base_msgs/hook/ld_library_path_lib.ps1'
[1.740s] INFO:colcon.colcon_core.shell:Creating environment descriptor '/home/lh/planning_with_ROS2_course/install/base_msgs/share/base_msgs/hook/ld_library_path_lib.dsv'
[1.741s] INFO:colcon.colcon_core.shell:Creating environment hook '/home/lh/planning_with_ROS2_course/install/base_msgs/share/base_msgs/hook/ld_library_path_lib.sh'
[1.742s] Level 1:colcon.colcon_core.environment:checking '/home/lh/planning_with_ROS2_course/install/base_msgs/bin'
[1.742s] Level 1:colcon.colcon_core.environment:checking '/home/lh/planning_with_ROS2_course/install/base_msgs/lib/pkgconfig/base_msgs.pc'
[1.743s] Level 1:colcon.colcon_core.environment:checking '/home/lh/planning_with_ROS2_course/install/base_msgs/lib/python3.12/site-packages'
[1.743s] Level 1:colcon.colcon_core.shell:create_environment_hook('base_msgs', 'pythonpath')
[1.743s] INFO:colcon.colcon_core.shell:Creating environment hook '/home/lh/planning_with_ROS2_course/install/base_msgs/share/base_msgs/hook/pythonpath.ps1'
[1.744s] INFO:colcon.colcon_core.shell:Creating environment descriptor '/home/lh/planning_with_ROS2_course/install/base_msgs/share/base_msgs/hook/pythonpath.dsv'
[1.745s] INFO:colcon.colcon_core.shell:Creating environment hook '/home/lh/planning_with_ROS2_course/install/base_msgs/share/base_msgs/hook/pythonpath.sh'
[1.747s] Level 1:colcon.colcon_core.environment:checking '/home/lh/planning_with_ROS2_course/install/base_msgs/bin'
[1.747s] INFO:colcon.colcon_core.shell:Creating package script '/home/lh/planning_with_ROS2_course/install/base_msgs/share/base_msgs/package.ps1'
[1.748s] INFO:colcon.colcon_core.shell:Creating package descriptor '/home/lh/planning_with_ROS2_course/install/base_msgs/share/base_msgs/package.dsv'
[1.750s] INFO:colcon.colcon_core.shell:Creating package script '/home/lh/planning_with_ROS2_course/install/base_msgs/share/base_msgs/package.sh'
[1.751s] INFO:colcon.colcon_core.shell:Creating package script '/home/lh/planning_with_ROS2_course/install/base_msgs/share/base_msgs/package.bash'
[1.753s] INFO:colcon.colcon_core.shell:Creating package script '/home/lh/planning_with_ROS2_course/install/base_msgs/share/base_msgs/package.zsh'
[1.754s] Level 1:colcon.colcon_core.environment:create_file_with_runtime_dependencies(/home/lh/planning_with_ROS2_course/install/base_msgs/share/colcon-core/packages/base_msgs)
[1.755s] Level 1:colcon.colcon_core.environment:create_environment_scripts_only(base_msgs)
[1.756s] Level 1:colcon.colcon_core.environment:checking '/home/lh/planning_with_ROS2_course/install/base_msgs' for CMake module files
[1.757s] Level 1:colcon.colcon_core.environment:checking '/home/lh/planning_with_ROS2_course/install/base_msgs' for CMake config files
[1.757s] Level 1:colcon.colcon_core.shell:create_environment_hook('base_msgs', 'cmake_prefix_path')
[1.758s] INFO:colcon.colcon_core.shell:Creating environment hook '/home/lh/planning_with_ROS2_course/install/base_msgs/share/base_msgs/hook/cmake_prefix_path.ps1'
[1.758s] INFO:colcon.colcon_core.shell:Creating environment descriptor '/home/lh/planning_with_ROS2_course/install/base_msgs/share/base_msgs/hook/cmake_prefix_path.dsv'
[1.760s] INFO:colcon.colcon_core.shell:Creating environment hook '/home/lh/planning_with_ROS2_course/install/base_msgs/share/base_msgs/hook/cmake_prefix_path.sh'
[1.761s] Level 1:colcon.colcon_core.environment:checking '/home/lh/planning_with_ROS2_course/install/base_msgs/lib'
[1.761s] Level 1:colcon.colcon_core.shell:create_environment_hook('base_msgs', 'ld_library_path_lib')
[1.761s] INFO:colcon.colcon_core.shell:Creating environment hook '/home/lh/planning_with_ROS2_course/install/base_msgs/share/base_msgs/hook/ld_library_path_lib.ps1'
[1.763s] INFO:colcon.colcon_core.shell:Creating environment descriptor '/home/lh/planning_with_ROS2_course/install/base_msgs/share/base_msgs/hook/ld_library_path_lib.dsv'
[1.763s] INFO:colcon.colcon_core.shell:Creating environment hook '/home/lh/planning_with_ROS2_course/install/base_msgs/share/base_msgs/hook/ld_library_path_lib.sh'
[1.765s] Level 1:colcon.colcon_core.environment:checking '/home/lh/planning_with_ROS2_course/install/base_msgs/bin'
[1.765s] Level 1:colcon.colcon_core.environment:checking '/home/lh/planning_with_ROS2_course/install/base_msgs/lib/pkgconfig/base_msgs.pc'
[1.765s] Level 1:colcon.colcon_core.environment:checking '/home/lh/planning_with_ROS2_course/install/base_msgs/lib/python3.12/site-packages'
[1.766s] Level 1:colcon.colcon_core.shell:create_environment_hook('base_msgs', 'pythonpath')
[1.766s] INFO:colcon.colcon_core.shell:Creating environment hook '/home/lh/planning_with_ROS2_course/install/base_msgs/share/base_msgs/hook/pythonpath.ps1'
[1.767s] INFO:colcon.colcon_core.shell:Creating environment descriptor '/home/lh/planning_with_ROS2_course/install/base_msgs/share/base_msgs/hook/pythonpath.dsv'
[1.768s] INFO:colcon.colcon_core.shell:Creating environment hook '/home/lh/planning_with_ROS2_course/install/base_msgs/share/base_msgs/hook/pythonpath.sh'
[1.770s] Level 1:colcon.colcon_core.environment:checking '/home/lh/planning_with_ROS2_course/install/base_msgs/bin'
[1.771s] INFO:colcon.colcon_core.shell:Creating package script '/home/lh/planning_with_ROS2_course/install/base_msgs/share/base_msgs/package.ps1'
[1.771s] INFO:colcon.colcon_core.shell:Creating package descriptor '/home/lh/planning_with_ROS2_course/install/base_msgs/share/base_msgs/package.dsv'
[1.774s] INFO:colcon.colcon_core.shell:Creating package script '/home/lh/planning_with_ROS2_course/install/base_msgs/share/base_msgs/package.sh'
[1.775s] INFO:colcon.colcon_core.shell:Creating package script '/home/lh/planning_with_ROS2_course/install/base_msgs/share/base_msgs/package.bash'
[1.776s] INFO:colcon.colcon_core.shell:Creating package script '/home/lh/planning_with_ROS2_course/install/base_msgs/share/base_msgs/package.zsh'
[1.777s] Level 1:colcon.colcon_core.environment:create_file_with_runtime_dependencies(/home/lh/planning_with_ROS2_course/install/base_msgs/share/colcon-core/packages/base_msgs)
[1.778s] INFO:colcon.colcon_ros.task.ament_python.build:Building ROS package in '/home/lh/planning_with_ROS2_course/src/data_plot' with build type 'ament_python'
[1.779s] Level 1:colcon.colcon_core.shell:create_environment_hook('data_plot', 'ament_prefix_path')
[1.779s] INFO:colcon.colcon_core.shell:Creating environment hook '/home/lh/planning_with_ROS2_course/install/data_plot/share/data_plot/hook/ament_prefix_path.ps1'
[1.781s] INFO:colcon.colcon_core.shell:Creating environment descriptor '/home/lh/planning_with_ROS2_course/install/data_plot/share/data_plot/hook/ament_prefix_path.dsv'
[1.782s] INFO:colcon.colcon_core.shell:Creating environment hook '/home/lh/planning_with_ROS2_course/install/data_plot/share/data_plot/hook/ament_prefix_path.sh'
[1.784s] INFO:colcon.colcon_core.shell:Skip shell extension 'powershell' for command environment: Not usable outside of PowerShell
[1.784s] DEBUG:colcon.colcon_core.shell:Skip shell extension 'dsv' for command environment
[1.790s] INFO:colcon.colcon_ros.task.ament_cmake.build:Building ROS package in '/home/lh/planning_with_ROS2_course/src/planning' with build type 'ament_cmake'
[1.790s] INFO:colcon.colcon_cmake.task.cmake.build:Building CMake package in '/home/lh/planning_with_ROS2_course/src/planning'
[1.790s] INFO:colcon.colcon_core.shell:Skip shell extension 'powershell' for command environment: Not usable outside of PowerShell
[1.790s] DEBUG:colcon.colcon_core.shell:Skip shell extension 'dsv' for command environment
[2.303s] INFO:colcon.colcon_core.task.python.build:Building Python package in '/home/lh/planning_with_ROS2_course/src/data_plot'
[2.304s] INFO:colcon.colcon_core.shell:Skip shell extension 'powershell' for command environment: Not usable outside of PowerShell
[2.304s] DEBUG:colcon.colcon_core.shell:Skip shell extension 'dsv' for command environment
[2.318s] DEBUG:colcon.colcon_core.event_handler.log_command:Invoking command in '/home/lh/planning_with_ROS2_course/build/planning': CMAKE_PREFIX_PATH=/home/lh/planning_with_ROS2_course/install/base_msgs:/home/lh/planning_with_ROS2_course/install/planning:/opt/ros/jazzy/opt/gz_math_vendor:/opt/ros/jazzy/opt/gz_utils_vendor:/opt/ros/jazzy/opt/gz_cmake_vendor:/home/lh/planning_with_ROS2_course/install/data_plot:/opt/ros/jazzy DEBUGINFOD_URLS=https://debuginfod.ubuntu.com LD_LIBRARY_PATH=/home/lh/planning_with_ROS2_course/install/base_msgs/lib:/home/lh/planning_with_ROS2_course/install/planning/lib:/home/lh/planning_with_ROS2_course/install/planning/lib:/home/lh/planning_with_ROS2_course/install/planning/lib:/opt/ros/jazzy/opt/rviz_ogre_vendor/lib:/opt/ros/jazzy/lib/x86_64-linux-gnu:/opt/ros/jazzy/opt/gz_math_vendor/lib:/opt/ros/jazzy/opt/gz_utils_vendor/lib:/opt/ros/jazzy/opt/gz_cmake_vendor/lib:/opt/ros/jazzy/lib PYTHONPATH=/home/lh/planning_with_ROS2_course/install/base_msgs/lib/python3.12/site-packages:/home/lh/planning_with_ROS2_course/install/data_plot/lib/python3.12/site-packages:/opt/ros/jazzy/lib/python3.12/site-packages /usr/bin/cmake --build /home/lh/planning_with_ROS2_course/build/planning -- -j16 -l16
[2.833s] DEBUG:colcon.colcon_core.event_handler.log_command:Invoked command in '/home/lh/planning_with_ROS2_course/build/planning' returned '0': CMAKE_PREFIX_PATH=/home/lh/planning_with_ROS2_course/install/base_msgs:/home/lh/planning_with_ROS2_course/install/planning:/opt/ros/jazzy/opt/gz_math_vendor:/opt/ros/jazzy/opt/gz_utils_vendor:/opt/ros/jazzy/opt/gz_cmake_vendor:/home/lh/planning_with_ROS2_course/install/data_plot:/opt/ros/jazzy DEBUGINFOD_URLS=https://debuginfod.ubuntu.com LD_LIBRARY_PATH=/home/lh/planning_with_ROS2_course/install/base_msgs/lib:/home/lh/planning_with_ROS2_course/install/planning/lib:/home/lh/planning_with_ROS2_course/install/planning/lib:/home/lh/planning_with_ROS2_course/install/planning/lib:/opt/ros/jazzy/opt/rviz_ogre_vendor/lib:/opt/ros/jazzy/lib/x86_64-linux-gnu:/opt/ros/jazzy/opt/gz_math_vendor/lib:/opt/ros/jazzy/opt/gz_utils_vendor/lib:/opt/ros/jazzy/opt/gz_cmake_vendor/lib:/opt/ros/jazzy/lib PYTHONPATH=/home/lh/planning_with_ROS2_course/install/base_msgs/lib/python3.12/site-packages:/home/lh/planning_with_ROS2_course/install/data_plot/lib/python3.12/site-packages:/opt/ros/jazzy/lib/python3.12/site-packages /usr/bin/cmake --build /home/lh/planning_with_ROS2_course/build/planning -- -j16 -l16
[2.836s] DEBUG:colcon.colcon_core.event_handler.log_command:Invoking command in '/home/lh/planning_with_ROS2_course/build/planning': CMAKE_PREFIX_PATH=/home/lh/planning_with_ROS2_course/install/base_msgs:/home/lh/planning_with_ROS2_course/install/planning:/opt/ros/jazzy/opt/gz_math_vendor:/opt/ros/jazzy/opt/gz_utils_vendor:/opt/ros/jazzy/opt/gz_cmake_vendor:/home/lh/planning_with_ROS2_course/install/data_plot:/opt/ros/jazzy DEBUGINFOD_URLS=https://debuginfod.ubuntu.com LD_LIBRARY_PATH=/home/lh/planning_with_ROS2_course/install/base_msgs/lib:/home/lh/planning_with_ROS2_course/install/planning/lib:/home/lh/planning_with_ROS2_course/install/planning/lib:/home/lh/planning_with_ROS2_course/install/planning/lib:/opt/ros/jazzy/opt/rviz_ogre_vendor/lib:/opt/ros/jazzy/lib/x86_64-linux-gnu:/opt/ros/jazzy/opt/gz_math_vendor/lib:/opt/ros/jazzy/opt/gz_utils_vendor/lib:/opt/ros/jazzy/opt/gz_cmake_vendor/lib:/opt/ros/jazzy/lib PYTHONPATH=/home/lh/planning_with_ROS2_course/install/base_msgs/lib/python3.12/site-packages:/home/lh/planning_with_ROS2_course/install/data_plot/lib/python3.12/site-packages:/opt/ros/jazzy/lib/python3.12/site-packages /usr/bin/cmake --install /home/lh/planning_with_ROS2_course/build/planning
[2.879s] Level 1:colcon.colcon_core.environment:create_environment_scripts_only(planning)
[2.879s] Level 1:colcon.colcon_core.environment:checking '/home/lh/planning_with_ROS2_course/install/planning' for CMake module files
[2.881s] DEBUG:colcon.colcon_core.event_handler.log_command:Invoked command in '/home/lh/planning_with_ROS2_course/build/planning' returned '0': CMAKE_PREFIX_PATH=/home/lh/planning_with_ROS2_course/install/base_msgs:/home/lh/planning_with_ROS2_course/install/planning:/opt/ros/jazzy/opt/gz_math_vendor:/opt/ros/jazzy/opt/gz_utils_vendor:/opt/ros/jazzy/opt/gz_cmake_vendor:/home/lh/planning_with_ROS2_course/install/data_plot:/opt/ros/jazzy DEBUGINFOD_URLS=https://debuginfod.ubuntu.com LD_LIBRARY_PATH=/home/lh/planning_with_ROS2_course/install/base_msgs/lib:/home/lh/planning_with_ROS2_course/install/planning/lib:/home/lh/planning_with_ROS2_course/install/planning/lib:/home/lh/planning_with_ROS2_course/install/planning/lib:/opt/ros/jazzy/opt/rviz_ogre_vendor/lib:/opt/ros/jazzy/lib/x86_64-linux-gnu:/opt/ros/jazzy/opt/gz_math_vendor/lib:/opt/ros/jazzy/opt/gz_utils_vendor/lib:/opt/ros/jazzy/opt/gz_cmake_vendor/lib:/opt/ros/jazzy/lib PYTHONPATH=/home/lh/planning_with_ROS2_course/install/base_msgs/lib/python3.12/site-packages:/home/lh/planning_with_ROS2_course/install/data_plot/lib/python3.12/site-packages:/opt/ros/jazzy/lib/python3.12/site-packages /usr/bin/cmake --install /home/lh/planning_with_ROS2_course/build/planning
[2.882s] Level 1:colcon.colcon_core.environment:checking '/home/lh/planning_with_ROS2_course/install/planning' for CMake config files
[2.882s] Level 1:colcon.colcon_core.shell:create_environment_hook('planning', 'cmake_prefix_path')
[2.882s] INFO:colcon.colcon_core.shell:Creating environment hook '/home/lh/planning_with_ROS2_course/install/planning/share/planning/hook/cmake_prefix_path.ps1'
[2.884s] INFO:colcon.colcon_core.shell:Creating environment descriptor '/home/lh/planning_with_ROS2_course/install/planning/share/planning/hook/cmake_prefix_path.dsv'
[2.885s] INFO:colcon.colcon_core.shell:Creating environment hook '/home/lh/planning_with_ROS2_course/install/planning/share/planning/hook/cmake_prefix_path.sh'
[2.886s] Level 1:colcon.colcon_core.environment:checking '/home/lh/planning_with_ROS2_course/install/planning/lib'
[2.886s] Level 1:colcon.colcon_core.shell:create_environment_hook('planning', 'ld_library_path_lib')
[2.887s] INFO:colcon.colcon_core.shell:Creating environment hook '/home/lh/planning_with_ROS2_course/install/planning/share/planning/hook/ld_library_path_lib.ps1'
[2.887s] INFO:colcon.colcon_core.shell:Creating environment descriptor '/home/lh/planning_with_ROS2_course/install/planning/share/planning/hook/ld_library_path_lib.dsv'
[2.888s] INFO:colcon.colcon_core.shell:Creating environment hook '/home/lh/planning_with_ROS2_course/install/planning/share/planning/hook/ld_library_path_lib.sh'
[2.889s] Level 1:colcon.colcon_core.environment:checking '/home/lh/planning_with_ROS2_course/install/planning/bin'
[2.890s] Level 1:colcon.colcon_core.environment:checking '/home/lh/planning_with_ROS2_course/install/planning/lib/pkgconfig/planning.pc'
[2.890s] Level 1:colcon.colcon_core.environment:checking '/home/lh/planning_with_ROS2_course/install/planning/lib/python3.12/site-packages'
[2.891s] Level 1:colcon.colcon_core.environment:checking '/home/lh/planning_with_ROS2_course/install/planning/bin'
[2.892s] INFO:colcon.colcon_core.shell:Creating package script '/home/lh/planning_with_ROS2_course/install/planning/share/planning/package.ps1'
[2.893s] INFO:colcon.colcon_core.shell:Creating package descriptor '/home/lh/planning_with_ROS2_course/install/planning/share/planning/package.dsv'
[2.895s] INFO:colcon.colcon_core.shell:Creating package script '/home/lh/planning_with_ROS2_course/install/planning/share/planning/package.sh'
[2.896s] INFO:colcon.colcon_core.shell:Creating package script '/home/lh/planning_with_ROS2_course/install/planning/share/planning/package.bash'
[2.897s] INFO:colcon.colcon_core.shell:Creating package script '/home/lh/planning_with_ROS2_course/install/planning/share/planning/package.zsh'
[2.898s] Level 1:colcon.colcon_core.environment:create_file_with_runtime_dependencies(/home/lh/planning_with_ROS2_course/install/planning/share/colcon-core/packages/planning)
[2.899s] Level 1:colcon.colcon_core.environment:create_environment_scripts_only(planning)
[2.900s] Level 1:colcon.colcon_core.environment:checking '/home/lh/planning_with_ROS2_course/install/planning' for CMake module files
[2.901s] Level 1:colcon.colcon_core.environment:checking '/home/lh/planning_with_ROS2_course/install/planning' for CMake config files
[2.901s] Level 1:colcon.colcon_core.shell:create_environment_hook('planning', 'cmake_prefix_path')
[2.902s] INFO:colcon.colcon_core.shell:Creating environment hook '/home/lh/planning_with_ROS2_course/install/planning/share/planning/hook/cmake_prefix_path.ps1'
[2.903s] INFO:colcon.colcon_core.shell:Creating environment descriptor '/home/lh/planning_with_ROS2_course/install/planning/share/planning/hook/cmake_prefix_path.dsv'
[2.904s] INFO:colcon.colcon_core.shell:Creating environment hook '/home/lh/planning_with_ROS2_course/install/planning/share/planning/hook/cmake_prefix_path.sh'
[2.906s] Level 1:colcon.colcon_core.environment:checking '/home/lh/planning_with_ROS2_course/install/planning/lib'
[2.906s] Level 1:colcon.colcon_core.shell:create_environment_hook('planning', 'ld_library_path_lib')
[2.906s] INFO:colcon.colcon_core.shell:Creating environment hook '/home/lh/planning_with_ROS2_course/install/planning/share/planning/hook/ld_library_path_lib.ps1'
[2.907s] INFO:colcon.colcon_core.shell:Creating environment descriptor '/home/lh/planning_with_ROS2_course/install/planning/share/planning/hook/ld_library_path_lib.dsv'
[2.908s] INFO:colcon.colcon_core.shell:Creating environment hook '/home/lh/planning_with_ROS2_course/install/planning/share/planning/hook/ld_library_path_lib.sh'
[2.910s] Level 1:colcon.colcon_core.environment:checking '/home/lh/planning_with_ROS2_course/install/planning/bin'
[2.910s] Level 1:colcon.colcon_core.environment:checking '/home/lh/planning_with_ROS2_course/install/planning/lib/pkgconfig/planning.pc'
[2.910s] Level 1:colcon.colcon_core.environment:checking '/home/lh/planning_with_ROS2_course/install/planning/lib/python3.12/site-packages'
[2.911s] Level 1:colcon.colcon_core.environment:checking '/home/lh/planning_with_ROS2_course/install/planning/bin'
[2.911s] INFO:colcon.colcon_core.shell:Creating package script '/home/lh/planning_with_ROS2_course/install/planning/share/planning/package.ps1'
[2.912s] INFO:colcon.colcon_core.shell:Creating package descriptor '/home/lh/planning_with_ROS2_course/install/planning/share/planning/package.dsv'
[2.914s] INFO:colcon.colcon_core.shell:Creating package script '/home/lh/planning_with_ROS2_course/install/planning/share/planning/package.sh'
[2.915s] INFO:colcon.colcon_core.shell:Creating package script '/home/lh/planning_with_ROS2_course/install/planning/share/planning/package.bash'
[2.916s] INFO:colcon.colcon_core.shell:Creating package script '/home/lh/planning_with_ROS2_course/install/planning/share/planning/package.zsh'
[2.917s] Level 1:colcon.colcon_core.environment:create_file_with_runtime_dependencies(/home/lh/planning_with_ROS2_course/install/planning/share/colcon-core/packages/planning)
[3.739s] DEBUG:colcon.colcon_core.event_handler.log_command:Invoking command in '/home/lh/planning_with_ROS2_course/src/data_plot': CMAKE_PREFIX_PATH=/home/lh/planning_with_ROS2_course/install/base_msgs:/home/lh/planning_with_ROS2_course/install/planning:/opt/ros/jazzy/opt/gz_math_vendor:/opt/ros/jazzy/opt/gz_utils_vendor:/opt/ros/jazzy/opt/gz_cmake_vendor DEBUGINFOD_URLS=https://debuginfod.ubuntu.com LD_LIBRARY_PATH=/home/lh/planning_with_ROS2_course/install/base_msgs/lib:/home/lh/planning_with_ROS2_course/install/planning/lib:/home/lh/planning_with_ROS2_course/install/planning/lib:/home/lh/planning_with_ROS2_course/install/planning/lib:/opt/ros/jazzy/opt/rviz_ogre_vendor/lib:/opt/ros/jazzy/lib/x86_64-linux-gnu:/opt/ros/jazzy/opt/gz_math_vendor/lib:/opt/ros/jazzy/opt/gz_utils_vendor/lib:/opt/ros/jazzy/opt/gz_cmake_vendor/lib:/opt/ros/jazzy/lib PYTHONPATH=/home/lh/planning_with_ROS2_course/build/data_plot/prefix_override:/usr/lib/python3/dist-packages/colcon_core/task/python/colcon_distutils_commands:/home/lh/planning_with_ROS2_course/install/data_plot/lib/python3.12/site-packages:/home/lh/planning_with_ROS2_course/install/base_msgs/lib/python3.12/site-packages:/home/lh/planning_with_ROS2_course/install/data_plot/lib/python3.12/site-packages:/opt/ros/jazzy/lib/python3.12/site-packages /usr/bin/python3 -W ignore:setup.py install is deprecated -W ignore:easy_install command is deprecated setup.py egg_info --egg-base ../../build/data_plot build --build-base /home/lh/planning_with_ROS2_course/build/data_plot/build install --record /home/lh/planning_with_ROS2_course/build/data_plot/install.log --single-version-externally-managed install_data
[5.112s] Level 1:colcon.colcon_core.environment:checking '/home/lh/planning_with_ROS2_course/install/data_plot' for CMake module files
[5.114s] Level 1:colcon.colcon_core.environment:checking '/home/lh/planning_with_ROS2_course/install/data_plot' for CMake config files
[5.115s] DEBUG:colcon.colcon_core.event_handler.log_command:Invoked command in '/home/lh/planning_with_ROS2_course/src/data_plot' returned '0': CMAKE_PREFIX_PATH=/home/lh/planning_with_ROS2_course/install/base_msgs:/home/lh/planning_with_ROS2_course/install/planning:/opt/ros/jazzy/opt/gz_math_vendor:/opt/ros/jazzy/opt/gz_utils_vendor:/opt/ros/jazzy/opt/gz_cmake_vendor DEBUGINFOD_URLS=https://debuginfod.ubuntu.com LD_LIBRARY_PATH=/home/lh/planning_with_ROS2_course/install/base_msgs/lib:/home/lh/planning_with_ROS2_course/install/planning/lib:/home/lh/planning_with_ROS2_course/install/planning/lib:/home/lh/planning_with_ROS2_course/install/planning/lib:/opt/ros/jazzy/opt/rviz_ogre_vendor/lib:/opt/ros/jazzy/lib/x86_64-linux-gnu:/opt/ros/jazzy/opt/gz_math_vendor/lib:/opt/ros/jazzy/opt/gz_utils_vendor/lib:/opt/ros/jazzy/opt/gz_cmake_vendor/lib:/opt/ros/jazzy/lib PYTHONPATH=/home/lh/planning_with_ROS2_course/build/data_plot/prefix_override:/usr/lib/python3/dist-packages/colcon_core/task/python/colcon_distutils_commands:/home/lh/planning_with_ROS2_course/install/data_plot/lib/python3.12/site-packages:/home/lh/planning_with_ROS2_course/install/base_msgs/lib/python3.12/site-packages:/home/lh/planning_with_ROS2_course/install/data_plot/lib/python3.12/site-packages:/opt/ros/jazzy/lib/python3.12/site-packages /usr/bin/python3 -W ignore:setup.py install is deprecated -W ignore:easy_install command is deprecated setup.py egg_info --egg-base ../../build/data_plot build --build-base /home/lh/planning_with_ROS2_course/build/data_plot/build install --record /home/lh/planning_with_ROS2_course/build/data_plot/install.log --single-version-externally-managed install_data
[5.116s] Level 1:colcon.colcon_core.environment:checking '/home/lh/planning_with_ROS2_course/install/data_plot/lib'
[5.116s] Level 1:colcon.colcon_core.environment:checking '/home/lh/planning_with_ROS2_course/install/data_plot/bin'
[5.117s] Level 1:colcon.colcon_core.environment:checking '/home/lh/planning_with_ROS2_course/install/data_plot/lib/pkgconfig/data_plot.pc'
[5.117s] Level 1:colcon.colcon_core.environment:checking '/home/lh/planning_with_ROS2_course/install/data_plot/lib/python3.12/site-packages'
[5.117s] Level 1:colcon.colcon_core.shell:create_environment_hook('data_plot', 'pythonpath')
[5.118s] INFO:colcon.colcon_core.shell:Creating environment hook '/home/lh/planning_with_ROS2_course/install/data_plot/share/data_plot/hook/pythonpath.ps1'
[5.119s] INFO:colcon.colcon_core.shell:Creating environment descriptor '/home/lh/planning_with_ROS2_course/install/data_plot/share/data_plot/hook/pythonpath.dsv'
[5.120s] INFO:colcon.colcon_core.shell:Creating environment hook '/home/lh/planning_with_ROS2_course/install/data_plot/share/data_plot/hook/pythonpath.sh'
[5.122s] Level 1:colcon.colcon_core.environment:checking '/home/lh/planning_with_ROS2_course/install/data_plot/bin'
[5.122s] Level 1:colcon.colcon_core.environment:create_environment_scripts_only(data_plot)
[5.122s] INFO:colcon.colcon_core.shell:Creating package script '/home/lh/planning_with_ROS2_course/install/data_plot/share/data_plot/package.ps1'
[5.123s] INFO:colcon.colcon_core.shell:Creating package descriptor '/home/lh/planning_with_ROS2_course/install/data_plot/share/data_plot/package.dsv'
[5.125s] INFO:colcon.colcon_core.shell:Creating package script '/home/lh/planning_with_ROS2_course/install/data_plot/share/data_plot/package.sh'
[5.126s] INFO:colcon.colcon_core.shell:Creating package script '/home/lh/planning_with_ROS2_course/install/data_plot/share/data_plot/package.bash'
[5.127s] INFO:colcon.colcon_core.shell:Creating package script '/home/lh/planning_with_ROS2_course/install/data_plot/share/data_plot/package.zsh'
[5.128s] Level 1:colcon.colcon_core.environment:create_file_with_runtime_dependencies(/home/lh/planning_with_ROS2_course/install/data_plot/share/colcon-core/packages/data_plot)
[5.130s] DEBUG:colcon.colcon_parallel_executor.executor.parallel:closing loop
[5.131s] DEBUG:colcon.colcon_parallel_executor.executor.parallel:loop closed
[5.131s] DEBUG:colcon.colcon_parallel_executor.executor.parallel:run_until_complete finished with '0'
[5.131s] DEBUG:colcon.colcon_core.event_reactor:joining thread
[5.142s] INFO:colcon.colcon_core.plugin_system:Skipping extension 'colcon_notification.desktop_notification.terminal_notifier': Not used on non-Darwin systems
[5.142s] INFO:colcon.colcon_core.plugin_system:Skipping extension 'colcon_notification.desktop_notification.win32': Not used on non-Windows systems
[5.142s] INFO:colcon.colcon_notification.desktop_notification:Sending desktop notification using 'notify2'
[5.174s] DEBUG:colcon.colcon_core.event_reactor:joined thread
[5.174s] INFO:colcon.colcon_core.shell:Creating prefix script '/home/lh/planning_with_ROS2_course/install/local_setup.ps1'
[5.176s] INFO:colcon.colcon_core.shell:Creating prefix util module '/home/lh/planning_with_ROS2_course/install/_local_setup_util_ps1.py'
[5.180s] INFO:colcon.colcon_core.shell:Creating prefix chain script '/home/lh/planning_with_ROS2_course/install/setup.ps1'
[5.183s] INFO:colcon.colcon_core.shell:Creating prefix script '/home/lh/planning_with_ROS2_course/install/local_setup.sh'
[5.184s] INFO:colcon.colcon_core.shell:Creating prefix util module '/home/lh/planning_with_ROS2_course/install/_local_setup_util_sh.py'
[5.186s] INFO:colcon.colcon_core.shell:Creating prefix chain script '/home/lh/planning_with_ROS2_course/install/setup.sh'
[5.189s] INFO:colcon.colcon_core.shell:Creating prefix script '/home/lh/planning_with_ROS2_course/install/local_setup.bash'
[5.190s] INFO:colcon.colcon_core.shell:Creating prefix chain script '/home/lh/planning_with_ROS2_course/install/setup.bash'
[5.192s] INFO:colcon.colcon_core.shell:Creating prefix script '/home/lh/planning_with_ROS2_course/install/local_setup.zsh'
[5.194s] INFO:colcon.colcon_core.shell:Creating prefix chain script '/home/lh/planning_with_ROS2_course/install/setup.zsh'
