[  5%] Built target config_reader
[ 14%] Built target mathlibs
[ 20%] Built target global_planner
[ 28%] Built target vehicle_info
[ 37%] Built target pnc_map_creator
[ 40%] [32mBuilding CXX object src/reference_line/CMakeFiles/reference_line.dir/reference_line_creator.cpp.o[0m
[ 45%] Built target global_path_server
[ 51%] Built target obs_move_cmd
[ 57%] Built target decision_center
[ 62%] Built target car_move_cmd
[ 68%] Built target pnc_map_server
[ 85%] Built target local_planner
In file included from [01m[K/home/lh/planning_with_ROS2_course/src/planning/src/reference_line/reference_line_creator.cpp:1[m[K:
[01m[K/home/lh/planning_with_ROS2_course/src/planning/src/reference_line/reference_line_creator.h:5:10:[m[K [01;35m[Kwarning: [m[Kmissing terminating " character
    5 | #include [01;35m[K"[m[Kconfig_reader.h
      |          [01;35m[K^[m[K
[01m[K/home/lh/planning_with_ROS2_course/src/planning/src/reference_line/reference_line_creator.h:5:10:[m[K [01;31m[Kerror: [m[K#include expects "FILENAME" or <FILENAME>
    5 | #include [01;31m[K"config_reader.h[m[K
      |          [01;31m[K^~~~~~~~~~~~~~~~[m[K
gmake[2]: *** [src/reference_line/CMakeFiles/reference_line.dir/build.make:76：src/reference_line/CMakeFiles/reference_line.dir/reference_line_creator.cpp.o] 错误 1
gmake[1]: *** [CMakeFiles/Makefile2:607：src/reference_line/CMakeFiles/reference_line.dir/all] 错误 2
gmake: *** [Makefile:146：all] 错误 2
