[0.858s] Invoking command in '/home/lh/planning_with_ROS2_course/src/data_plot': DEBUGINFOD_URLS=https://debuginfod.ubuntu.com PYTHONPATH=/home/lh/planning_with_ROS2_course/build/data_plot/prefix_override:/usr/lib/python3/dist-packages/colcon_core/task/python/colcon_distutils_commands:/home/lh/planning_with_ROS2_course/install/data_plot/lib/python3.12/site-packages:${PYTHONPATH} /usr/bin/python3 -W ignore:setup.py install is deprecated -W ignore:easy_install command is deprecated setup.py egg_info --egg-base ../../build/data_plot build --build-base /home/lh/planning_with_ROS2_course/build/data_plot/build install --record /home/lh/planning_with_ROS2_course/build/data_plot/install.log --single-version-externally-managed install_data
[1.132s] running egg_info
[1.133s] creating ../../build/data_plot/data_plot.egg-info
[1.152s] writing ../../build/data_plot/data_plot.egg-info/PKG-INFO
[1.153s] writing dependency_links to ../../build/data_plot/data_plot.egg-info/dependency_links.txt
[1.153s] writing entry points to ../../build/data_plot/data_plot.egg-info/entry_points.txt
[1.153s] writing requirements to ../../build/data_plot/data_plot.egg-info/requires.txt
[1.154s] writing top-level names to ../../build/data_plot/data_plot.egg-info/top_level.txt
[1.154s] writing manifest file '../../build/data_plot/data_plot.egg-info/SOURCES.txt'
[1.194s] reading manifest file '../../build/data_plot/data_plot.egg-info/SOURCES.txt'
[1.195s] writing manifest file '../../build/data_plot/data_plot.egg-info/SOURCES.txt'
[1.195s] running build
[1.195s] running build_py
[1.195s] creating /home/lh/planning_with_ROS2_course/build/data_plot/build
[1.195s] creating /home/lh/planning_with_ROS2_course/build/data_plot/build/lib
[1.196s] creating /home/lh/planning_with_ROS2_course/build/data_plot/build/lib/data_plot
[1.196s] copying data_plot/__init__.py -> /home/lh/planning_with_ROS2_course/build/data_plot/build/lib/data_plot
[1.196s] copying data_plot/data_plot.py -> /home/lh/planning_with_ROS2_course/build/data_plot/build/lib/data_plot
[1.197s] running install
[1.203s] running install_lib
[1.224s] creating /home/lh/planning_with_ROS2_course/install/data_plot/lib/python3.12/site-packages/data_plot
[1.224s] copying /home/lh/planning_with_ROS2_course/build/data_plot/build/lib/data_plot/__init__.py -> /home/lh/planning_with_ROS2_course/install/data_plot/lib/python3.12/site-packages/data_plot
[1.225s] copying /home/lh/planning_with_ROS2_course/build/data_plot/build/lib/data_plot/data_plot.py -> /home/lh/planning_with_ROS2_course/install/data_plot/lib/python3.12/site-packages/data_plot
[1.225s] byte-compiling /home/lh/planning_with_ROS2_course/install/data_plot/lib/python3.12/site-packages/data_plot/__init__.py to __init__.cpython-312.pyc
[1.225s] byte-compiling /home/lh/planning_with_ROS2_course/install/data_plot/lib/python3.12/site-packages/data_plot/data_plot.py to data_plot.cpython-312.pyc
[1.226s] running install_data
[1.226s] creating /home/lh/planning_with_ROS2_course/install/data_plot/share/ament_index
[1.226s] creating /home/lh/planning_with_ROS2_course/install/data_plot/share/ament_index/resource_index
[1.226s] creating /home/lh/planning_with_ROS2_course/install/data_plot/share/ament_index/resource_index/packages
[1.226s] copying resource/data_plot -> /home/lh/planning_with_ROS2_course/install/data_plot/share/ament_index/resource_index/packages
[1.226s] copying package.xml -> /home/lh/planning_with_ROS2_course/install/data_plot/share/data_plot
[1.226s] running install_egg_info
[1.248s] Copying ../../build/data_plot/data_plot.egg-info to /home/lh/planning_with_ROS2_course/install/data_plot/lib/python3.12/site-packages/data_plot-0.0.0-py3.12.egg-info
[1.250s] running install_scripts
[1.388s] Installing data_plot script to /home/lh/planning_with_ROS2_course/install/data_plot/lib/data_plot
[1.389s] writing list of installed files to '/home/lh/planning_with_ROS2_course/build/data_plot/install.log'
[1.428s] Invoked command in '/home/lh/planning_with_ROS2_course/src/data_plot' returned '0': DEBUGINFOD_URLS=https://debuginfod.ubuntu.com PYTHONPATH=/home/lh/planning_with_ROS2_course/build/data_plot/prefix_override:/usr/lib/python3/dist-packages/colcon_core/task/python/colcon_distutils_commands:/home/lh/planning_with_ROS2_course/install/data_plot/lib/python3.12/site-packages:${PYTHONPATH} /usr/bin/python3 -W ignore:setup.py install is deprecated -W ignore:easy_install command is deprecated setup.py egg_info --egg-base ../../build/data_plot build --build-base /home/lh/planning_with_ROS2_course/build/data_plot/build install --record /home/lh/planning_with_ROS2_course/build/data_plot/install.log --single-version-externally-managed install_data
