[31mCMake Error at CMakeLists.txt:71 (add_subdirectory):
  The source directory

    /home/lh/planning_with_ROS2_course/src/planning/src/move_cmd

  does not contain a CMakeLists.txt file.

[0m
[31mCMake Error at CMakeLists.txt:72 (add_subdirectory):
  The source directory

    /home/lh/planning_with_ROS2_course/src/planning/src/planning_process

  does not contain a CMakeLists.txt file.

[0m
[31mCMake Error at CMakeLists.txt:73 (add_subdirectory):
  add_subdirectory given source "src/pnc_map_creator" which is not an
  existing directory.

[0m
[31mCMake Error at CMakeLists.txt:74 (add_subdirectory):
  The source directory

    /home/lh/planning_with_ROS2_course/src/planning/src/reference_line

  does not contain a CMakeLists.txt file.

[0m
[31mCMake Error at CMakeLists.txt:75 (add_subdirectory):
  The source directory

    /home/lh/planning_with_ROS2_course/src/planning/src/vehicle_info

  does not contain a CMakeLists.txt file.

[0m
gmake: *** [Makefile:267：cmake_check_build_system] 错误 1
