[0.590s] Invoking command in '/home/lh/planning_with_ROS2_course/build/planning': CMAKE_PREFIX_PATH=/home/lh/planning_with_ROS2_course/install/base_msgs:/home/lh/planning_with_ROS2_course/install/planning:/opt/ros/jazzy/opt/gz_math_vendor:/opt/ros/jazzy/opt/gz_utils_vendor:/opt/ros/jazzy/opt/gz_cmake_vendor:/home/lh/planning_with_ROS2_course/install/data_plot:/opt/ros/jazzy DEBUGINFOD_URLS=https://debuginfod.ubuntu.com LD_LIBRARY_PATH=/home/lh/planning_with_ROS2_course/install/base_msgs/lib:/home/lh/planning_with_ROS2_course/install/planning/lib:/home/lh/planning_with_ROS2_course/install/planning/lib:/home/lh/planning_with_ROS2_course/install/planning/lib:/opt/ros/jazzy/opt/rviz_ogre_vendor/lib:/opt/ros/jazzy/lib/x86_64-linux-gnu:/opt/ros/jazzy/opt/gz_math_vendor/lib:/opt/ros/jazzy/opt/gz_utils_vendor/lib:/opt/ros/jazzy/opt/gz_cmake_vendor/lib:/opt/ros/jazzy/lib PYTHONPATH=/home/lh/planning_with_ROS2_course/install/base_msgs/lib/python3.12/site-packages:/home/lh/planning_with_ROS2_course/install/data_plot/lib/python3.12/site-packages:/opt/ros/jazzy/lib/python3.12/site-packages /usr/bin/cmake --build /home/lh/planning_with_ROS2_course/build/planning -- -j16 -l16
[0.827s] [  2%] [32mBuilding CXX object src/common/CMakeFiles/config_reader.dir/config_reader/config_reader.cpp.o[0m
[0.831s] [ 11%] Built target mathlibs
[6.661s] [01m[K/home/lh/planning_with_ROS2_course/src/planning/src/common/config_reader/config_reader.cpp:[m[K In member function ‘[01m[Kvoid Planning::ConfigReader::[01;32m[Kread_pnc_map_config[m[K()[m[K’:
[6.661s] [01m[K/home/lh/planning_with_ROS2_course/src/planning/src/common/config_reader/config_reader.cpp:53:22:[m[K [01;31m[Kerror: [m[K‘[01m[Kstruct Planning::PNCMapStruct[m[K’ has no member named ‘[01m[Kroad_length[m[K’; did you mean ‘[01m[Kroad_length_[m[K’?
[6.662s]    53 |             pnc_map_.[01;31m[Kroad_length[m[K = planning_config["pnc_map"]["road_length"].as<double>();
[6.662s]       |                      [01;31m[K^~~~~~~~~~~[m[K
[6.662s]       |                      [32m[Kroad_length_[m[K
[6.663s] [01m[K/home/lh/planning_with_ROS2_course/src/planning/src/common/config_reader/config_reader.cpp:54:22:[m[K [01;31m[Kerror: [m[K‘[01m[Kstruct Planning::PNCMapStruct[m[K’ has no member named ‘[01m[Kroad_half_width[m[K’; did you mean ‘[01m[Kroad_half_width_[m[K’?
[6.663s]    54 |             pnc_map_.[01;31m[Kroad_half_width[m[K = planning_config["pnc_map"]["road_half_width"].as<double>();
[6.663s]       |                      [01;31m[K^~~~~~~~~~~~~~~[m[K
[6.663s]       |                      [32m[Kroad_half_width_[m[K
[6.664s] [01m[K/home/lh/planning_with_ROS2_course/src/planning/src/common/config_reader/config_reader.cpp:56:22:[m[K [01;31m[Kerror: [m[K‘[01m[Kstruct Planning::PNCMapStruct[m[K’ has no member named ‘[01m[Kspeed_limit[m[K’; did you mean ‘[01m[Kspeed_limit_[m[K’?
[6.664s]    56 |             pnc_map_.[01;31m[Kspeed_limit[m[K = planning_config["pnc_map"]["speed_limit"].as<double>();
[6.664s]       |                      [01;31m[K^~~~~~~~~~~[m[K
[6.664s]       |                      [32m[Kspeed_limit_[m[K
[8.318s] gmake[2]: *** [src/common/CMakeFiles/config_reader.dir/build.make:76：src/common/CMakeFiles/config_reader.dir/config_reader/config_reader.cpp.o] 错误 1
[8.319s] gmake[1]: *** [CMakeFiles/Makefile2:304：src/common/CMakeFiles/config_reader.dir/all] 错误 2
[8.319s] gmake: *** [Makefile:146：all] 错误 2
[8.324s] Invoked command in '/home/lh/planning_with_ROS2_course/build/planning' returned '2': CMAKE_PREFIX_PATH=/home/lh/planning_with_ROS2_course/install/base_msgs:/home/lh/planning_with_ROS2_course/install/planning:/opt/ros/jazzy/opt/gz_math_vendor:/opt/ros/jazzy/opt/gz_utils_vendor:/opt/ros/jazzy/opt/gz_cmake_vendor:/home/lh/planning_with_ROS2_course/install/data_plot:/opt/ros/jazzy DEBUGINFOD_URLS=https://debuginfod.ubuntu.com LD_LIBRARY_PATH=/home/lh/planning_with_ROS2_course/install/base_msgs/lib:/home/lh/planning_with_ROS2_course/install/planning/lib:/home/lh/planning_with_ROS2_course/install/planning/lib:/home/lh/planning_with_ROS2_course/install/planning/lib:/opt/ros/jazzy/opt/rviz_ogre_vendor/lib:/opt/ros/jazzy/lib/x86_64-linux-gnu:/opt/ros/jazzy/opt/gz_math_vendor/lib:/opt/ros/jazzy/opt/gz_utils_vendor/lib:/opt/ros/jazzy/opt/gz_cmake_vendor/lib:/opt/ros/jazzy/lib PYTHONPATH=/home/lh/planning_with_ROS2_course/install/base_msgs/lib/python3.12/site-packages:/home/lh/planning_with_ROS2_course/install/data_plot/lib/python3.12/site-packages:/opt/ros/jazzy/lib/python3.12/site-packages /usr/bin/cmake --build /home/lh/planning_with_ROS2_course/build/planning -- -j16 -l16
