[0.482s] Invoking command in '/home/lh/planning_with_ROS2_course/build/planning': CMAKE_PREFIX_PATH=/home/lh/planning_with_ROS2_course/install/base_msgs:/home/lh/planning_with_ROS2_course/install/planning:/opt/ros/jazzy/opt/gz_math_vendor:/opt/ros/jazzy/opt/gz_utils_vendor:/opt/ros/jazzy/opt/gz_cmake_vendor:/home/lh/planning_with_ROS2_course/install/data_plot:/opt/ros/jazzy DEBUGINFOD_URLS=https://debuginfod.ubuntu.com /usr/bin/cmake --build /home/lh/planning_with_ROS2_course/build/planning -- -j8 -l8
[0.551s] -- Found ament_cmake: 2.5.5 (/opt/ros/jazzy/share/ament_cmake/cmake)
[0.970s] -- Found rclcpp: 28.1.16 (/opt/ros/jazzy/share/rclcpp/cmake)
[1.029s] -- Found rosidl_generator_c: 4.6.7 (/opt/ros/jazzy/share/rosidl_generator_c/cmake)
[1.052s] -- Found rosidl_generator_cpp: 4.6.7 (/opt/ros/jazzy/share/rosidl_generator_cpp/cmake)
[1.077s] -- Using all available rosidl_typesupport_c: rosidl_typesupport_fastrtps_c;rosidl_typesupport_introspection_c
[1.105s] -- Using all available rosidl_typesupport_cpp: rosidl_typesupport_fastrtps_cpp;rosidl_typesupport_introspection_cpp
[1.256s] -- Found rmw_implementation_cmake: 7.3.3 (/opt/ros/jazzy/share/rmw_implementation_cmake/cmake)
[1.259s] -- Found rmw_fastrtps_cpp: 8.4.3 (/opt/ros/jazzy/share/rmw_fastrtps_cpp/cmake)
[1.412s] -- Using RMW implementation 'rmw_fastrtps_cpp' as default
[1.536s] -- Found tf2: 0.36.19 (/opt/ros/jazzy/share/tf2/cmake)
[1.608s] -- Found tf2_ros: 0.36.19 (/opt/ros/jazzy/share/tf2_ros/cmake)
[1.836s] -- Found nav_msgs: 5.3.6 (/opt/ros/jazzy/share/nav_msgs/cmake)
[1.895s] -- Found visualization_msgs: 5.3.6 (/opt/ros/jazzy/share/visualization_msgs/cmake)
[2.014s] -- Found base_msgs: 0.0.0 (/home/lh/planning_with_ROS2_course/install/base_msgs/share/base_msgs/cmake)
[2.059s] -- Found ament_lint_auto: 0.17.4 (/opt/ros/jazzy/share/ament_lint_auto/cmake)
[2.268s] -- Added test 'cppcheck' to perform static code analysis on C / C++ code
[2.272s] -- Configured cppcheck include dirs: /home/lh/planning_with_ROS2_course/src/planning/src/common/config_reader;/home/lh/planning_with_ROS2_course/src/planning/src/common/math;/home/lh/planning_with_ROS2_course/src/planning/src/decision_center;/home/lh/planning_with_ROS2_course/src/planning/src/global_planner;/home/lh/planning_with_ROS2_course/src/planning/src/global_planner/global_planner_normal;/home/lh/planning_with_ROS2_course/src/planning/src/local_planner;/home/lh/planning_with_ROS2_course/src/planning/src/local_planner/local_path;/home/lh/planning_with_ROS2_course/src/planning/src/local_planner/local_speeds;/home/lh/planning_with_ROS2_course/src/planning/src/move_cmd;/home/lh/planning_with_ROS2_course/src/planning/src/planning_process;/home/lh/planning_with_ROS2_course/src/planning/src/pnc_map_creator;/home/lh/planning_with_ROS2_course/src/planning/src/pnc_map_creator/pnc_map_crossroad;/home/lh/planning_with_ROS2_course/src/planning/src/pnc_map_creator/pnc_map_roundabout;/home/lh/planning_with_ROS2_course/src/planning/src/pnc_map_creator/pnc_map_straight;/home/lh/planning_with_ROS2_course/src/planning/src/pnc_map_creator/pnc_map_sturn;/home/lh/planning_with_ROS2_course/src/planning/src/pnc_map_creator/pnc_map_tjunction;/home/lh/planning_with_ROS2_course/src/planning/src/reference_line;/home/lh/planning_with_ROS2_course/src/planning/src/vehicle_info;/home/lh/planning_with_ROS2_course/src/planning/src/vehicle_info/main_car;/home/lh/planning_with_ROS2_course/src/planning/src/vehicle_info/obs_car;/home/lh/planning_with_ROS2_course/src/planning/src/vehicle_info/obs_ebike;/home/lh/planning_with_ROS2_course/src/planning/src/vehicle_info/obs_people
[2.272s] -- Configured cppcheck exclude dirs and/or files: 
[2.278s] -- Added test 'lint_cmake' to check CMake code style
[2.290s] -- Added test 'uncrustify' to check C / C++ code style
[2.291s] -- Configured uncrustify additional arguments: 
[2.293s] -- Added test 'xmllint' to check XML markup files
[2.298s] -- Configuring done (1.8s)
[2.456s] -- Generating done (0.1s)
[2.498s] -- Build files have been written to: /home/lh/planning_with_ROS2_course/build/planning
[2.607s] [  7%] [32mBuilding CXX object src/global_planner/CMakeFiles/global_planner.dir/global_planner_normal/global_planner_normal.cpp.o[0m
[2.631s] [ 21%] Built target config_reader
[2.632s] [ 42%] Built target mathlibs
[2.647s] [ 57%] Built target decision_center
[2.661s] [ 78%] Built target planning_node
[8.166s] [ 85%] [32m[1mLinking CXX shared library libglobal_planner.so[0m
[8.548s] [ 85%] Built target global_planner
[8.605s] [ 92%] [32mBuilding CXX object src/global_planner/CMakeFiles/global_path_server.dir/global_path_server.cpp.o[0m
[14.099s] [100%] [32m[1mLinking CXX executable global_path_server[0m
[14.413s] [100%] Built target global_path_server
[14.442s] Invoked command in '/home/lh/planning_with_ROS2_course/build/planning' returned '0': CMAKE_PREFIX_PATH=/home/lh/planning_with_ROS2_course/install/base_msgs:/home/lh/planning_with_ROS2_course/install/planning:/opt/ros/jazzy/opt/gz_math_vendor:/opt/ros/jazzy/opt/gz_utils_vendor:/opt/ros/jazzy/opt/gz_cmake_vendor:/home/lh/planning_with_ROS2_course/install/data_plot:/opt/ros/jazzy DEBUGINFOD_URLS=https://debuginfod.ubuntu.com /usr/bin/cmake --build /home/lh/planning_with_ROS2_course/build/planning -- -j8 -l8
[14.445s] Invoking command in '/home/lh/planning_with_ROS2_course/build/planning': CMAKE_PREFIX_PATH=/home/lh/planning_with_ROS2_course/install/base_msgs:/home/lh/planning_with_ROS2_course/install/planning:/opt/ros/jazzy/opt/gz_math_vendor:/opt/ros/jazzy/opt/gz_utils_vendor:/opt/ros/jazzy/opt/gz_cmake_vendor:/home/lh/planning_with_ROS2_course/install/data_plot:/opt/ros/jazzy DEBUGINFOD_URLS=https://debuginfod.ubuntu.com /usr/bin/cmake --install /home/lh/planning_with_ROS2_course/build/planning
[14.463s] -- Install configuration: ""
[14.464s] -- Up-to-date: /home/lh/planning_with_ROS2_course/install/planning/lib/libconfig_reader.so
[14.466s] -- Up-to-date: /home/lh/planning_with_ROS2_course/install/planning/lib/libmathlibs.so
[14.467s] -- Installing: /home/lh/planning_with_ROS2_course/install/planning/lib/libglobal_planner.so
[14.467s] -- Set non-toolchain portion of runtime path of "/home/lh/planning_with_ROS2_course/install/planning/lib/libglobal_planner.so" to ""
[14.468s] -- Installing: /home/lh/planning_with_ROS2_course/install/planning/lib/planning/global_path_server
[14.469s] -- Set non-toolchain portion of runtime path of "/home/lh/planning_with_ROS2_course/install/planning/lib/planning/global_path_server" to ""
[14.470s] -- Up-to-date: /home/lh/planning_with_ROS2_course/install/planning/lib/planning/planning_node
[14.471s] -- Up-to-date: /home/lh/planning_with_ROS2_course/install/planning/share/planning/config
[14.472s] -- Up-to-date: /home/lh/planning_with_ROS2_course/install/planning/share/planning/launch
[14.472s] -- Up-to-date: /home/lh/planning_with_ROS2_course/install/planning/share/planning/urdf
[14.472s] -- Up-to-date: /home/lh/planning_with_ROS2_course/install/planning/share/planning/urdf/main_car
[14.473s] -- Up-to-date: /home/lh/planning_with_ROS2_course/install/planning/share/planning/urdf/obs_person
[14.473s] -- Up-to-date: /home/lh/planning_with_ROS2_course/install/planning/share/planning/urdf/obs_car
[14.473s] -- Up-to-date: /home/lh/planning_with_ROS2_course/install/planning/share/planning/urdf/obs_ebike
[14.473s] -- Up-to-date: /home/lh/planning_with_ROS2_course/install/planning/share/planning/rviz
[14.474s] -- Up-to-date: /home/lh/planning_with_ROS2_course/install/planning/share/ament_index/resource_index/package_run_dependencies/planning
[14.474s] -- Up-to-date: /home/lh/planning_with_ROS2_course/install/planning/share/ament_index/resource_index/parent_prefix_path/planning
[14.474s] -- Up-to-date: /home/lh/planning_with_ROS2_course/install/planning/share/planning/environment/ament_prefix_path.sh
[14.475s] -- Up-to-date: /home/lh/planning_with_ROS2_course/install/planning/share/planning/environment/ament_prefix_path.dsv
[14.475s] -- Up-to-date: /home/lh/planning_with_ROS2_course/install/planning/share/planning/environment/path.sh
[14.475s] -- Up-to-date: /home/lh/planning_with_ROS2_course/install/planning/share/planning/environment/path.dsv
[14.475s] -- Up-to-date: /home/lh/planning_with_ROS2_course/install/planning/share/planning/local_setup.bash
[14.475s] -- Up-to-date: /home/lh/planning_with_ROS2_course/install/planning/share/planning/local_setup.sh
[14.475s] -- Up-to-date: /home/lh/planning_with_ROS2_course/install/planning/share/planning/local_setup.zsh
[14.476s] -- Up-to-date: /home/lh/planning_with_ROS2_course/install/planning/share/planning/local_setup.dsv
[14.476s] -- Installing: /home/lh/planning_with_ROS2_course/install/planning/share/planning/package.dsv
[14.476s] -- Up-to-date: /home/lh/planning_with_ROS2_course/install/planning/share/ament_index/resource_index/packages/planning
[14.476s] -- Up-to-date: /home/lh/planning_with_ROS2_course/install/planning/share/planning/cmake/planningConfig.cmake
[14.476s] -- Up-to-date: /home/lh/planning_with_ROS2_course/install/planning/share/planning/cmake/planningConfig-version.cmake
[14.476s] -- Up-to-date: /home/lh/planning_with_ROS2_course/install/planning/share/planning/package.xml
[14.481s] Invoked command in '/home/lh/planning_with_ROS2_course/build/planning' returned '0': CMAKE_PREFIX_PATH=/home/lh/planning_with_ROS2_course/install/base_msgs:/home/lh/planning_with_ROS2_course/install/planning:/opt/ros/jazzy/opt/gz_math_vendor:/opt/ros/jazzy/opt/gz_utils_vendor:/opt/ros/jazzy/opt/gz_cmake_vendor:/home/lh/planning_with_ROS2_course/install/data_plot:/opt/ros/jazzy DEBUGINFOD_URLS=https://debuginfod.ubuntu.com /usr/bin/cmake --install /home/lh/planning_with_ROS2_course/build/planning
