[  5%] Built target config_reader
[ 14%] Built target mathlibs
[ 17%] [32mBuilding CXX object src/global_planner/CMakeFiles/global_planner.dir/global_planner_normal/global_planner_normal.cpp.o[0m
[ 25%] Built target pnc_map_creator
[ 31%] Built target pnc_map_server
[ 40%] Built target vehicle_info
[ 48%] Built target reference_line
[ 60%] Built target car_move_cmd
[ 60%] Built target decision_center
[ 65%] Built target obs_move_cmd
[ 82%] Built target local_planner
[ 91%] Built target planning_process
[ 94%] [32m[1mLinking CXX shared library libglobal_planner.so[0m
[ 94%] Built target global_planner
[ 97%] [32m[1mLinking CXX executable global_path_server[0m
[100%] Built target global_path_server
-- Install configuration: ""
-- Up-to-date: /home/lh/planning_with_ROS2_course/install/planning/lib/libconfig_reader.so
-- Up-to-date: /home/lh/planning_with_ROS2_course/install/planning/lib/libmathlibs.so
-- Up-to-date: /home/lh/planning_with_ROS2_course/install/planning/lib/libdecision_center.so
-- Installing: /home/lh/planning_with_ROS2_course/install/planning/lib/libglobal_planner.so
-- Set non-toolchain portion of runtime path of "/home/lh/planning_with_ROS2_course/install/planning/lib/libglobal_planner.so" to ""
-- Installing: /home/lh/planning_with_ROS2_course/install/planning/lib/planning/global_path_server
-- Set non-toolchain portion of runtime path of "/home/lh/planning_with_ROS2_course/install/planning/lib/planning/global_path_server" to ""
-- Up-to-date: /home/lh/planning_with_ROS2_course/install/planning/lib/liblocal_planner.so
-- Up-to-date: /home/lh/planning_with_ROS2_course/install/planning/lib/planning/car_move_cmd
-- Up-to-date: /home/lh/planning_with_ROS2_course/install/planning/lib/planning/obs_move_cmd
-- Up-to-date: /home/lh/planning_with_ROS2_course/install/planning/lib/planning/planning_process
-- Up-to-date: /home/lh/planning_with_ROS2_course/install/planning/lib/libpnc_map_creator.so
-- Up-to-date: /home/lh/planning_with_ROS2_course/install/planning/lib/planning/pnc_map_server
-- Up-to-date: /home/lh/planning_with_ROS2_course/install/planning/lib/libreference_line.so
-- Up-to-date: /home/lh/planning_with_ROS2_course/install/planning/lib/libvehicle_info.so
-- Up-to-date: /home/lh/planning_with_ROS2_course/install/planning/share/planning/config
-- Up-to-date: /home/lh/planning_with_ROS2_course/install/planning/share/planning/config/planning_static_obs_config.yaml
-- Up-to-date: /home/lh/planning_with_ROS2_course/install/planning/share/planning/launch
-- Up-to-date: /home/lh/planning_with_ROS2_course/install/planning/share/planning/launch/planning_launch.py
-- Up-to-date: /home/lh/planning_with_ROS2_course/install/planning/share/planning/urdf
-- Up-to-date: /home/lh/planning_with_ROS2_course/install/planning/share/planning/urdf/main_car
-- Up-to-date: /home/lh/planning_with_ROS2_course/install/planning/share/planning/urdf/main_car/car_wheels.xacro
-- Up-to-date: /home/lh/planning_with_ROS2_course/install/planning/share/planning/urdf/main_car/car_base.xacro
-- Up-to-date: /home/lh/planning_with_ROS2_course/install/planning/share/planning/urdf/main_car/car_camera.xacro
-- Up-to-date: /home/lh/planning_with_ROS2_course/install/planning/share/planning/urdf/main_car/car_radar.xacro
-- Up-to-date: /home/lh/planning_with_ROS2_course/install/planning/share/planning/urdf/main_car/car.xacro
-- Up-to-date: /home/lh/planning_with_ROS2_course/install/planning/share/planning/urdf/obs_person
-- Up-to-date: /home/lh/planning_with_ROS2_course/install/planning/share/planning/urdf/obs_person/obs_person.xacro
-- Up-to-date: /home/lh/planning_with_ROS2_course/install/planning/share/planning/urdf/obs_car
-- Up-to-date: /home/lh/planning_with_ROS2_course/install/planning/share/planning/urdf/obs_car/obs_car.xacro
-- Up-to-date: /home/lh/planning_with_ROS2_course/install/planning/share/planning/urdf/obs_ebike
-- Up-to-date: /home/lh/planning_with_ROS2_course/install/planning/share/planning/urdf/obs_ebike/obs_ebike.xacro
-- Up-to-date: /home/lh/planning_with_ROS2_course/install/planning/share/planning/rviz
-- Up-to-date: /home/lh/planning_with_ROS2_course/install/planning/share/planning/rviz/planning.rviz
-- Up-to-date: /home/lh/planning_with_ROS2_course/install/planning/share/ament_index/resource_index/package_run_dependencies/planning
-- Up-to-date: /home/lh/planning_with_ROS2_course/install/planning/share/ament_index/resource_index/parent_prefix_path/planning
-- Up-to-date: /home/lh/planning_with_ROS2_course/install/planning/share/planning/environment/ament_prefix_path.sh
-- Up-to-date: /home/lh/planning_with_ROS2_course/install/planning/share/planning/environment/ament_prefix_path.dsv
-- Up-to-date: /home/lh/planning_with_ROS2_course/install/planning/share/planning/environment/path.sh
-- Up-to-date: /home/lh/planning_with_ROS2_course/install/planning/share/planning/environment/path.dsv
-- Up-to-date: /home/lh/planning_with_ROS2_course/install/planning/share/planning/local_setup.bash
-- Up-to-date: /home/lh/planning_with_ROS2_course/install/planning/share/planning/local_setup.sh
-- Up-to-date: /home/lh/planning_with_ROS2_course/install/planning/share/planning/local_setup.zsh
-- Up-to-date: /home/lh/planning_with_ROS2_course/install/planning/share/planning/local_setup.dsv
-- Installing: /home/lh/planning_with_ROS2_course/install/planning/share/planning/package.dsv
-- Up-to-date: /home/lh/planning_with_ROS2_course/install/planning/share/ament_index/resource_index/packages/planning
-- Up-to-date: /home/lh/planning_with_ROS2_course/install/planning/share/planning/cmake/planningConfig.cmake
-- Up-to-date: /home/lh/planning_with_ROS2_course/install/planning/share/planning/cmake/planningConfig-version.cmake
-- Up-to-date: /home/lh/planning_with_ROS2_course/install/planning/share/planning/package.xml
