[ 50%] [32mBuilding CXX object src/planning_process/CMakeFiles/planning_node.dir/planning_node.cpp.o[0m
[100%] [32m[1mLinking CXX executable planning_node[0m
[100%] Built target planning_node
-- Install configuration: ""
-- Installing: /home/lh/planning_with_ROS2_course/install/planning/lib/planning_node
-- Set non-toolchain portion of runtime path of "/home/lh/planning_with_ROS2_course/install/planning/lib/planning_node" to ""
-- Installing: /home/lh/planning_with_ROS2_course/install/planning/share/planning/config
-- Installing: /home/lh/planning_with_ROS2_course/install/planning/share/planning/launch
-- Installing: /home/lh/planning_with_ROS2_course/install/planning/share/planning/urdf
-- Installing: /home/lh/planning_with_ROS2_course/install/planning/share/planning/urdf/main_car
-- Installing: /home/lh/planning_with_ROS2_course/install/planning/share/planning/urdf/obs_person
-- Installing: /home/lh/planning_with_ROS2_course/install/planning/share/planning/urdf/obs_car
-- Installing: /home/lh/planning_with_ROS2_course/install/planning/share/planning/urdf/obs_ebike
-- Installing: /home/lh/planning_with_ROS2_course/install/planning/share/planning/rviz
-- Installing: /home/lh/planning_with_ROS2_course/install/planning/share/ament_index/resource_index/package_run_dependencies/planning
-- Installing: /home/lh/planning_with_ROS2_course/install/planning/share/ament_index/resource_index/parent_prefix_path/planning
-- Up-to-date: /home/lh/planning_with_ROS2_course/install/planning/share/planning/environment/ament_prefix_path.sh
-- Up-to-date: /home/lh/planning_with_ROS2_course/install/planning/share/planning/environment/ament_prefix_path.dsv
-- Up-to-date: /home/lh/planning_with_ROS2_course/install/planning/share/planning/environment/path.sh
-- Up-to-date: /home/lh/planning_with_ROS2_course/install/planning/share/planning/environment/path.dsv
-- Up-to-date: /home/lh/planning_with_ROS2_course/install/planning/share/planning/local_setup.bash
-- Up-to-date: /home/lh/planning_with_ROS2_course/install/planning/share/planning/local_setup.sh
-- Up-to-date: /home/lh/planning_with_ROS2_course/install/planning/share/planning/local_setup.zsh
-- Up-to-date: /home/lh/planning_with_ROS2_course/install/planning/share/planning/local_setup.dsv
-- Installing: /home/lh/planning_with_ROS2_course/install/planning/share/planning/package.dsv
-- Up-to-date: /home/lh/planning_with_ROS2_course/install/planning/share/ament_index/resource_index/packages/planning
-- Up-to-date: /home/lh/planning_with_ROS2_course/install/planning/share/planning/cmake/planningConfig.cmake
-- Up-to-date: /home/lh/planning_with_ROS2_course/install/planning/share/planning/cmake/planningConfig-version.cmake
-- Installing: /home/lh/planning_with_ROS2_course/install/planning/share/planning/package.xml
