[0.451s] Invoking command in '/home/lh/planning_with_ROS2_course/build/planning': CMAKE_PREFIX_PATH=/home/lh/planning_with_ROS2_course/install/base_msgs:/home/lh/planning_with_ROS2_course/install/planning:/opt/ros/jazzy/opt/gz_math_vendor:/opt/ros/jazzy/opt/gz_utils_vendor:/opt/ros/jazzy/opt/gz_cmake_vendor:/home/lh/planning_with_ROS2_course/install/data_plot:/opt/ros/jazzy DEBUGINFOD_URLS=https://debuginfod.ubuntu.com /usr/bin/cmake --build /home/lh/planning_with_ROS2_course/build/planning -- -j8 -l8
[0.503s] -- Found ament_cmake: 2.5.5 (/opt/ros/jazzy/share/ament_cmake/cmake)
[0.931s] -- Found rclcpp: 28.1.16 (/opt/ros/jazzy/share/rclcpp/cmake)
[0.979s] -- Found rosidl_generator_c: 4.6.7 (/opt/ros/jazzy/share/rosidl_generator_c/cmake)
[0.997s] -- Found rosidl_generator_cpp: 4.6.7 (/opt/ros/jazzy/share/rosidl_generator_cpp/cmake)
[1.020s] -- Using all available rosidl_typesupport_c: rosidl_typesupport_fastrtps_c;rosidl_typesupport_introspection_c
[1.045s] -- Using all available rosidl_typesupport_cpp: rosidl_typesupport_fastrtps_cpp;rosidl_typesupport_introspection_cpp
[1.164s] -- Found rmw_implementation_cmake: 7.3.3 (/opt/ros/jazzy/share/rmw_implementation_cmake/cmake)
[1.167s] -- Found rmw_fastrtps_cpp: 8.4.3 (/opt/ros/jazzy/share/rmw_fastrtps_cpp/cmake)
[1.309s] -- Using RMW implementation 'rmw_fastrtps_cpp' as default
[1.430s] -- Found tf2: 0.36.19 (/opt/ros/jazzy/share/tf2/cmake)
[1.499s] -- Found tf2_ros: 0.36.19 (/opt/ros/jazzy/share/tf2_ros/cmake)
[1.715s] -- Found nav_msgs: 5.3.6 (/opt/ros/jazzy/share/nav_msgs/cmake)
[1.782s] -- Found visualization_msgs: 5.3.6 (/opt/ros/jazzy/share/visualization_msgs/cmake)
[1.923s] -- Found base_msgs: 0.0.0 (/home/lh/planning_with_ROS2_course/install/base_msgs/share/base_msgs/cmake)
[1.978s] -- Found ament_lint_auto: 0.17.4 (/opt/ros/jazzy/share/ament_lint_auto/cmake)
[2.197s] -- Added test 'cppcheck' to perform static code analysis on C / C++ code
[2.199s] -- Configured cppcheck include dirs: /home/lh/planning_with_ROS2_course/src/planning/src/common/config_reader;/home/lh/planning_with_ROS2_course/src/planning/src/common/math;/home/lh/planning_with_ROS2_course/src/planning/src/decision_center;/home/lh/planning_with_ROS2_course/src/planning/src/global_planner;/home/lh/planning_with_ROS2_course/src/planning/src/global_planner/global_planner_normal;/home/lh/planning_with_ROS2_course/src/planning/src/local_planner;/home/lh/planning_with_ROS2_course/src/planning/src/local_planner/local_path;/home/lh/planning_with_ROS2_course/src/planning/src/local_planner/local_speeds;/home/lh/planning_with_ROS2_course/src/planning/src/move_cmd;/home/lh/planning_with_ROS2_course/src/planning/src/planning_process;/home/lh/planning_with_ROS2_course/src/planning/src/pnc_map_creator;/home/lh/planning_with_ROS2_course/src/planning/src/pnc_map_creator/pnc_map_crossroad;/home/lh/planning_with_ROS2_course/src/planning/src/pnc_map_creator/pnc_map_roundabout;/home/lh/planning_with_ROS2_course/src/planning/src/pnc_map_creator/pnc_map_straight;/home/lh/planning_with_ROS2_course/src/planning/src/pnc_map_creator/pnc_map_sturn;/home/lh/planning_with_ROS2_course/src/planning/src/pnc_map_creator/pnc_map_tjunction;/home/lh/planning_with_ROS2_course/src/planning/src/reference_line;/home/lh/planning_with_ROS2_course/src/planning/src/vehicle_info;/home/lh/planning_with_ROS2_course/src/planning/src/vehicle_info/main_car;/home/lh/planning_with_ROS2_course/src/planning/src/vehicle_info/obs_car;/home/lh/planning_with_ROS2_course/src/planning/src/vehicle_info/obs_ebike;/home/lh/planning_with_ROS2_course/src/planning/src/vehicle_info/obs_people
[2.199s] -- Configured cppcheck exclude dirs and/or files: 
[2.204s] -- Added test 'lint_cmake' to check CMake code style
[2.218s] -- Added test 'uncrustify' to check C / C++ code style
[2.219s] -- Configured uncrustify additional arguments: 
[2.223s] -- Added test 'xmllint' to check XML markup files
[2.226s] -- Configuring done (1.7s)
[2.396s] -- Generating done (0.1s)
[2.451s] -- Build files have been written to: /home/lh/planning_with_ROS2_course/build/planning
[2.586s] [  4%] [32mBuilding CXX object src/move_cmd/CMakeFiles/car_move_cmd.dir/car_move_cmd.cpp.o[0m
[2.607s] [  8%] [32mBuilding CXX object src/move_cmd/CMakeFiles/obs_move_cmd.dir/obs_move_cmd.cpp.o[0m
[2.612s] [ 20%] Built target mathlibs
[2.613s] [ 29%] Built target decision_center
[2.621s] [ 37%] Built target config_reader
[2.629s] [ 45%] Built target global_planner
[2.640s] [ 70%] Built target local_planner
[2.644s] [ 83%] Built target planning_node
[2.712s] [ 91%] Built target global_path_server
[8.310s] [ 95%] [32m[1mLinking CXX executable car_move_cmd[0m
[8.399s] [100%] [32m[1mLinking CXX executable obs_move_cmd[0m
[8.645s] /usr/bin/ld: /usr/lib/gcc/x86_64-linux-gnu/13/../../../x86_64-linux-gnu/Scrt1.o: in function `_start':
[8.645s] (.text+0x1b): undefined reference to `main'
[8.665s] collect2: error: ld returned 1 exit status
[8.670s] gmake[2]: *** [src/move_cmd/CMakeFiles/car_move_cmd.dir/build.make:208：src/move_cmd/car_move_cmd] 错误 1
[8.673s] gmake[1]: *** [CMakeFiles/Makefile2:459：src/move_cmd/CMakeFiles/car_move_cmd.dir/all] 错误 2
[8.673s] gmake[1]: *** 正在等待未完成的任务....
[8.681s] /usr/bin/ld: /usr/lib/gcc/x86_64-linux-gnu/13/../../../x86_64-linux-gnu/Scrt1.o: in function `_start':
[8.681s] (.text+0x1b): undefined reference to `main'
[8.698s] collect2: error: ld returned 1 exit status
[8.704s] gmake[2]: *** [src/move_cmd/CMakeFiles/obs_move_cmd.dir/build.make:208：src/move_cmd/obs_move_cmd] 错误 1
[8.705s] gmake[1]: *** [CMakeFiles/Makefile2:485：src/move_cmd/CMakeFiles/obs_move_cmd.dir/all] 错误 2
[8.705s] gmake: *** [Makefile:146：all] 错误 2
[8.710s] Invoked command in '/home/lh/planning_with_ROS2_course/build/planning' returned '2': CMAKE_PREFIX_PATH=/home/lh/planning_with_ROS2_course/install/base_msgs:/home/lh/planning_with_ROS2_course/install/planning:/opt/ros/jazzy/opt/gz_math_vendor:/opt/ros/jazzy/opt/gz_utils_vendor:/opt/ros/jazzy/opt/gz_cmake_vendor:/home/lh/planning_with_ROS2_course/install/data_plot:/opt/ros/jazzy DEBUGINFOD_URLS=https://debuginfod.ubuntu.com /usr/bin/cmake --build /home/lh/planning_with_ROS2_course/build/planning -- -j8 -l8
