[0.062s] Invoking command in '/home/lh/planning_with_ROS2_course/build/base_msgs': CMAKE_PREFIX_PATH=${CMAKE_PREFIX_PATH}:/home/lh/planning_with_ROS2_course/install/data_plot:/opt/ros/jazzy DEBUGINFOD_URLS=https://debuginfod.ubuntu.com /usr/bin/cmake --build /home/lh/planning_with_ROS2_course/build/base_msgs -- -j16 -l16
[0.714s] [  0%] Built target base_msgs__rosidl_generator_type_description
[0.803s] [  0%] Built target ament_cmake_python_copy_base_msgs
[0.819s] [  0%] Built target base_msgs__cpp
[0.921s] [ 26%] Built target base_msgs__rosidl_generator_c
[1.067s] [ 36%] Built target base_msgs__rosidl_typesupport_c
[1.084s] [ 46%] Built target base_msgs__rosidl_typesupport_cpp
[1.092s] [ 56%] Built target base_msgs__rosidl_typesupport_introspection_c
[1.108s] [ 65%] Built target base_msgs__rosidl_typesupport_fastrtps_c
[1.132s] [ 84%] Built target base_msgs__rosidl_typesupport_introspection_cpp
[1.132s] [ 85%] Built target base_msgs__rosidl_typesupport_fastrtps_cpp
[1.216s] [ 85%] Built target base_msgs
[1.297s] [ 86%] Built target base_msgs__py
[1.427s] [ 96%] Built target base_msgs__rosidl_generator_py
[1.518s] [ 98%] Built target base_msgs_s__rosidl_typesupport_fastrtps_c
[1.519s] [ 99%] Built target base_msgs_s__rosidl_typesupport_introspection_c
[1.552s] [100%] Built target base_msgs_s__rosidl_typesupport_c
[1.557s] running egg_info
[1.613s] writing base_msgs.egg-info/PKG-INFO
[1.615s] writing dependency_links to base_msgs.egg-info/dependency_links.txt
[1.615s] writing top-level names to base_msgs.egg-info/top_level.txt
[1.790s] reading manifest file 'base_msgs.egg-info/SOURCES.txt'
[1.794s] writing manifest file 'base_msgs.egg-info/SOURCES.txt'
[1.978s] [100%] Built target ament_cmake_python_build_base_msgs_egg
[2.023s] Invoked command in '/home/lh/planning_with_ROS2_course/build/base_msgs' returned '0': CMAKE_PREFIX_PATH=${CMAKE_PREFIX_PATH}:/home/lh/planning_with_ROS2_course/install/data_plot:/opt/ros/jazzy DEBUGINFOD_URLS=https://debuginfod.ubuntu.com /usr/bin/cmake --build /home/lh/planning_with_ROS2_course/build/base_msgs -- -j16 -l16
[2.062s] Invoking command in '/home/lh/planning_with_ROS2_course/build/base_msgs': CMAKE_PREFIX_PATH=${CMAKE_PREFIX_PATH}:/home/lh/planning_with_ROS2_course/install/data_plot:/opt/ros/jazzy DEBUGINFOD_URLS=https://debuginfod.ubuntu.com /usr/bin/cmake --install /home/lh/planning_with_ROS2_course/build/base_msgs
[2.105s] -- Install configuration: ""
[2.113s] -- Up-to-date: /home/lh/planning_with_ROS2_course/install/base_msgs/share/ament_index/resource_index/rosidl_interfaces/base_msgs
[2.115s] -- Up-to-date: /home/lh/planning_with_ROS2_course/install/base_msgs/share/base_msgs/srv/GlobalPathService.json
[2.115s] -- Up-to-date: /home/lh/planning_with_ROS2_course/install/base_msgs/share/base_msgs/srv/PNCMapService.json
[2.116s] -- Up-to-date: /home/lh/planning_with_ROS2_course/install/base_msgs/share/base_msgs/msg/LocalPath.json
[2.117s] -- Up-to-date: /home/lh/planning_with_ROS2_course/install/base_msgs/share/base_msgs/msg/LocalSpeedsPoint.json
[2.117s] -- Up-to-date: /home/lh/planning_with_ROS2_course/install/base_msgs/share/base_msgs/msg/LocalPathPoint.json
[2.118s] -- Up-to-date: /home/lh/planning_with_ROS2_course/install/base_msgs/share/base_msgs/msg/LocalSpeeds.json
[2.118s] -- Up-to-date: /home/lh/planning_with_ROS2_course/install/base_msgs/share/base_msgs/msg/LocalTrajectory.json
[2.118s] -- Up-to-date: /home/lh/planning_with_ROS2_course/install/base_msgs/share/base_msgs/msg/LocalTrajectoryPoint.json
[2.118s] -- Up-to-date: /home/lh/planning_with_ROS2_course/install/base_msgs/share/base_msgs/msg/ObsInfo.json
[2.119s] -- Up-to-date: /home/lh/planning_with_ROS2_course/install/base_msgs/share/base_msgs/msg/PlotInfo.json
[2.119s] -- Up-to-date: /home/lh/planning_with_ROS2_course/install/base_msgs/share/base_msgs/msg/PNCMap.json
[2.120s] -- Up-to-date: /home/lh/planning_with_ROS2_course/install/base_msgs/share/base_msgs/msg/Referline.json
[2.120s] -- Up-to-date: /home/lh/planning_with_ROS2_course/install/base_msgs/share/base_msgs/msg/ReferlinePoint.json
[2.121s] -- Up-to-date: /home/lh/planning_with_ROS2_course/install/base_msgs/include/base_msgs/base_msgs
[2.121s] -- Up-to-date: /home/lh/planning_with_ROS2_course/install/base_msgs/include/base_msgs/base_msgs/msg
[2.121s] -- Up-to-date: /home/lh/planning_with_ROS2_course/install/base_msgs/include/base_msgs/base_msgs/msg/pnc_map.h
[2.121s] -- Up-to-date: /home/lh/planning_with_ROS2_course/install/base_msgs/include/base_msgs/base_msgs/msg/detail
[2.121s] -- Up-to-date: /home/lh/planning_with_ROS2_course/install/base_msgs/include/base_msgs/base_msgs/msg/detail/local_speeds_point__functions.c
[2.122s] -- Installing: /home/lh/planning_with_ROS2_course/install/base_msgs/include/base_msgs/base_msgs/msg/detail/referline__type_support.c
[2.123s] -- Up-to-date: /home/lh/planning_with_ROS2_course/install/base_msgs/include/base_msgs/base_msgs/msg/detail/obs_info__type_support.h
[2.123s] -- Up-to-date: /home/lh/planning_with_ROS2_course/install/base_msgs/include/base_msgs/base_msgs/msg/detail/plot_info__functions.c
[2.123s] -- Up-to-date: /home/lh/planning_with_ROS2_course/install/base_msgs/include/base_msgs/base_msgs/msg/detail/pnc_map__description.c
[2.124s] -- Up-to-date: /home/lh/planning_with_ROS2_course/install/base_msgs/include/base_msgs/base_msgs/msg/detail/plot_info__functions.h
[2.124s] -- Up-to-date: /home/lh/planning_with_ROS2_course/install/base_msgs/include/base_msgs/base_msgs/msg/detail/plot_info__struct.h
[2.124s] -- Up-to-date: /home/lh/planning_with_ROS2_course/install/base_msgs/include/base_msgs/base_msgs/msg/detail/local_trajectory_point__type_support.h
[2.124s] -- Up-to-date: /home/lh/planning_with_ROS2_course/install/base_msgs/include/base_msgs/base_msgs/msg/detail/local_trajectory_point__functions.h
[2.124s] -- Up-to-date: /home/lh/planning_with_ROS2_course/install/base_msgs/include/base_msgs/base_msgs/msg/detail/pnc_map__functions.c
[2.125s] -- Installing: /home/lh/planning_with_ROS2_course/install/base_msgs/include/base_msgs/base_msgs/msg/detail/local_path_point__type_support.c
[2.126s] -- Up-to-date: /home/lh/planning_with_ROS2_course/install/base_msgs/include/base_msgs/base_msgs/msg/detail/obs_info__description.c
[2.126s] -- Up-to-date: /home/lh/planning_with_ROS2_course/install/base_msgs/include/base_msgs/base_msgs/msg/detail/pnc_map__functions.h
[2.126s] -- Up-to-date: /home/lh/planning_with_ROS2_course/install/base_msgs/include/base_msgs/base_msgs/msg/detail/obs_info__functions.c
[2.126s] -- Up-to-date: /home/lh/planning_with_ROS2_course/install/base_msgs/include/base_msgs/base_msgs/msg/detail/referline__functions.h
[2.126s] -- Up-to-date: /home/lh/planning_with_ROS2_course/install/base_msgs/include/base_msgs/base_msgs/msg/detail/local_path__functions.h
[2.127s] -- Up-to-date: /home/lh/planning_with_ROS2_course/install/base_msgs/include/base_msgs/base_msgs/msg/detail/local_path__type_support.h
[2.127s] -- Installing: /home/lh/planning_with_ROS2_course/install/base_msgs/include/base_msgs/base_msgs/msg/detail/local_speeds__type_support.c
[2.128s] -- Up-to-date: /home/lh/planning_with_ROS2_course/install/base_msgs/include/base_msgs/base_msgs/msg/detail/pnc_map__struct.h
[2.128s] -- Installing: /home/lh/planning_with_ROS2_course/install/base_msgs/include/base_msgs/base_msgs/msg/detail/local_trajectory_point__type_support.c
[2.130s] -- Up-to-date: /home/lh/planning_with_ROS2_course/install/base_msgs/include/base_msgs/base_msgs/msg/detail/local_trajectory__struct.h
[2.130s] -- Up-to-date: /home/lh/planning_with_ROS2_course/install/base_msgs/include/base_msgs/base_msgs/msg/detail/local_path__functions.c
[2.131s] -- Up-to-date: /home/lh/planning_with_ROS2_course/install/base_msgs/include/base_msgs/base_msgs/msg/detail/referline_point__struct.h
[2.131s] -- Up-to-date: /home/lh/planning_with_ROS2_course/install/base_msgs/include/base_msgs/base_msgs/msg/detail/local_speeds__struct.h
[2.131s] -- Up-to-date: /home/lh/planning_with_ROS2_course/install/base_msgs/include/base_msgs/base_msgs/msg/detail/referline_point__type_support.h
[2.132s] -- Up-to-date: /home/lh/planning_with_ROS2_course/install/base_msgs/include/base_msgs/base_msgs/msg/detail/local_speeds_point__struct.h
[2.132s] -- Up-to-date: /home/lh/planning_with_ROS2_course/install/base_msgs/include/base_msgs/base_msgs/msg/detail/local_trajectory__type_support.h
[2.132s] -- Up-to-date: /home/lh/planning_with_ROS2_course/install/base_msgs/include/base_msgs/base_msgs/msg/detail/local_path__description.c
[2.132s] -- Up-to-date: /home/lh/planning_with_ROS2_course/install/base_msgs/include/base_msgs/base_msgs/msg/detail/local_speeds__type_support.h
[2.133s] -- Up-to-date: /home/lh/planning_with_ROS2_course/install/base_msgs/include/base_msgs/base_msgs/msg/detail/plot_info__type_support.h
[2.133s] -- Up-to-date: /home/lh/planning_with_ROS2_course/install/base_msgs/include/base_msgs/base_msgs/msg/detail/local_speeds__functions.c
[2.133s] -- Up-to-date: /home/lh/planning_with_ROS2_course/install/base_msgs/include/base_msgs/base_msgs/msg/detail/local_speeds__description.c
[2.133s] -- Up-to-date: /home/lh/planning_with_ROS2_course/install/base_msgs/include/base_msgs/base_msgs/msg/detail/local_trajectory_point__struct.h
[2.134s] -- Installing: /home/lh/planning_with_ROS2_course/install/base_msgs/include/base_msgs/base_msgs/msg/detail/plot_info__type_support.c
[2.134s] -- Installing: /home/lh/planning_with_ROS2_course/install/base_msgs/include/base_msgs/base_msgs/msg/detail/referline_point__type_support.c
[2.135s] -- Up-to-date: /home/lh/planning_with_ROS2_course/install/base_msgs/include/base_msgs/base_msgs/msg/detail/local_trajectory_point__description.c
[2.136s] -- Up-to-date: /home/lh/planning_with_ROS2_course/install/base_msgs/include/base_msgs/base_msgs/msg/detail/referline_point__functions.h
[2.136s] -- Installing: /home/lh/planning_with_ROS2_course/install/base_msgs/include/base_msgs/base_msgs/msg/detail/pnc_map__type_support.c
[2.138s] -- Up-to-date: /home/lh/planning_with_ROS2_course/install/base_msgs/include/base_msgs/base_msgs/msg/detail/local_speeds__functions.h
[2.138s] -- Up-to-date: /home/lh/planning_with_ROS2_course/install/base_msgs/include/base_msgs/base_msgs/msg/detail/local_path_point__struct.h
[2.138s] -- Installing: /home/lh/planning_with_ROS2_course/install/base_msgs/include/base_msgs/base_msgs/msg/detail/obs_info__type_support.c
[2.140s] -- Up-to-date: /home/lh/planning_with_ROS2_course/install/base_msgs/include/base_msgs/base_msgs/msg/detail/local_trajectory_point__functions.c
[2.140s] -- Up-to-date: /home/lh/planning_with_ROS2_course/install/base_msgs/include/base_msgs/base_msgs/msg/detail/local_path_point__functions.c
[2.141s] -- Up-to-date: /home/lh/planning_with_ROS2_course/install/base_msgs/include/base_msgs/base_msgs/msg/detail/referline__struct.h
[2.141s] -- Up-to-date: /home/lh/planning_with_ROS2_course/install/base_msgs/include/base_msgs/base_msgs/msg/detail/local_path_point__functions.h
[2.141s] -- Up-to-date: /home/lh/planning_with_ROS2_course/install/base_msgs/include/base_msgs/base_msgs/msg/detail/referline_point__functions.c
[2.141s] -- Installing: /home/lh/planning_with_ROS2_course/install/base_msgs/include/base_msgs/base_msgs/msg/detail/local_trajectory__type_support.c
[2.142s] -- Up-to-date: /home/lh/planning_with_ROS2_course/install/base_msgs/include/base_msgs/base_msgs/msg/detail/referline__functions.c
[2.142s] -- Up-to-date: /home/lh/planning_with_ROS2_course/install/base_msgs/include/base_msgs/base_msgs/msg/detail/local_trajectory__functions.h
[2.143s] -- Up-to-date: /home/lh/planning_with_ROS2_course/install/base_msgs/include/base_msgs/base_msgs/msg/detail/referline_point__description.c
[2.143s] -- Up-to-date: /home/lh/planning_with_ROS2_course/install/base_msgs/include/base_msgs/base_msgs/msg/detail/pnc_map__type_support.h
[2.143s] -- Installing: /home/lh/planning_with_ROS2_course/install/base_msgs/include/base_msgs/base_msgs/msg/detail/local_speeds_point__type_support.c
[2.145s] -- Up-to-date: /home/lh/planning_with_ROS2_course/install/base_msgs/include/base_msgs/base_msgs/msg/detail/local_trajectory__description.c
[2.145s] -- Up-to-date: /home/lh/planning_with_ROS2_course/install/base_msgs/include/base_msgs/base_msgs/msg/detail/local_path__struct.h
[2.145s] -- Up-to-date: /home/lh/planning_with_ROS2_course/install/base_msgs/include/base_msgs/base_msgs/msg/detail/local_path_point__description.c
[2.146s] -- Up-to-date: /home/lh/planning_with_ROS2_course/install/base_msgs/include/base_msgs/base_msgs/msg/detail/local_trajectory__functions.c
[2.146s] -- Up-to-date: /home/lh/planning_with_ROS2_course/install/base_msgs/include/base_msgs/base_msgs/msg/detail/local_speeds_point__description.c
[2.146s] -- Up-to-date: /home/lh/planning_with_ROS2_course/install/base_msgs/include/base_msgs/base_msgs/msg/detail/plot_info__description.c
[2.146s] -- Up-to-date: /home/lh/planning_with_ROS2_course/install/base_msgs/include/base_msgs/base_msgs/msg/detail/local_speeds_point__functions.h
[2.146s] -- Up-to-date: /home/lh/planning_with_ROS2_course/install/base_msgs/include/base_msgs/base_msgs/msg/detail/local_speeds_point__type_support.h
[2.146s] -- Installing: /home/lh/planning_with_ROS2_course/install/base_msgs/include/base_msgs/base_msgs/msg/detail/local_path__type_support.c
[2.147s] -- Up-to-date: /home/lh/planning_with_ROS2_course/install/base_msgs/include/base_msgs/base_msgs/msg/detail/obs_info__functions.h
[2.148s] -- Up-to-date: /home/lh/planning_with_ROS2_course/install/base_msgs/include/base_msgs/base_msgs/msg/detail/local_path_point__type_support.h
[2.149s] -- Up-to-date: /home/lh/planning_with_ROS2_course/install/base_msgs/include/base_msgs/base_msgs/msg/detail/referline__description.c
[2.149s] -- Up-to-date: /home/lh/planning_with_ROS2_course/install/base_msgs/include/base_msgs/base_msgs/msg/detail/referline__type_support.h
[2.149s] -- Up-to-date: /home/lh/planning_with_ROS2_course/install/base_msgs/include/base_msgs/base_msgs/msg/detail/obs_info__struct.h
[2.149s] -- Up-to-date: /home/lh/planning_with_ROS2_course/install/base_msgs/include/base_msgs/base_msgs/msg/local_path.h
[2.149s] -- Up-to-date: /home/lh/planning_with_ROS2_course/install/base_msgs/include/base_msgs/base_msgs/msg/local_trajectory.h
[2.150s] -- Up-to-date: /home/lh/planning_with_ROS2_course/install/base_msgs/include/base_msgs/base_msgs/msg/plot_info.h
[2.150s] -- Up-to-date: /home/lh/planning_with_ROS2_course/install/base_msgs/include/base_msgs/base_msgs/msg/referline.h
[2.151s] -- Up-to-date: /home/lh/planning_with_ROS2_course/install/base_msgs/include/base_msgs/base_msgs/msg/local_path_point.h
[2.151s] -- Up-to-date: /home/lh/planning_with_ROS2_course/install/base_msgs/include/base_msgs/base_msgs/msg/local_speeds_point.h
[2.153s] -- Up-to-date: /home/lh/planning_with_ROS2_course/install/base_msgs/include/base_msgs/base_msgs/msg/local_trajectory_point.h
[2.153s] -- Up-to-date: /home/lh/planning_with_ROS2_course/install/base_msgs/include/base_msgs/base_msgs/msg/referline_point.h
[2.153s] -- Up-to-date: /home/lh/planning_with_ROS2_course/install/base_msgs/include/base_msgs/base_msgs/msg/rosidl_generator_c__visibility_control.h
[2.153s] -- Up-to-date: /home/lh/planning_with_ROS2_course/install/base_msgs/include/base_msgs/base_msgs/msg/local_speeds.h
[2.154s] -- Up-to-date: /home/lh/planning_with_ROS2_course/install/base_msgs/include/base_msgs/base_msgs/msg/obs_info.h
[2.154s] -- Up-to-date: /home/lh/planning_with_ROS2_course/install/base_msgs/include/base_msgs/base_msgs/srv
[2.154s] -- Up-to-date: /home/lh/planning_with_ROS2_course/install/base_msgs/include/base_msgs/base_msgs/srv/detail
[2.154s] -- Up-to-date: /home/lh/planning_with_ROS2_course/install/base_msgs/include/base_msgs/base_msgs/srv/detail/pnc_map_service__description.c
[2.154s] -- Up-to-date: /home/lh/planning_with_ROS2_course/install/base_msgs/include/base_msgs/base_msgs/srv/detail/pnc_map_service__type_support.h
[2.154s] -- Up-to-date: /home/lh/planning_with_ROS2_course/install/base_msgs/include/base_msgs/base_msgs/srv/detail/global_path_service__functions.c
[2.155s] -- Up-to-date: /home/lh/planning_with_ROS2_course/install/base_msgs/include/base_msgs/base_msgs/srv/detail/pnc_map_service__functions.h
[2.155s] -- Up-to-date: /home/lh/planning_with_ROS2_course/install/base_msgs/include/base_msgs/base_msgs/srv/detail/global_path_service__functions.h
[2.155s] -- Up-to-date: /home/lh/planning_with_ROS2_course/install/base_msgs/include/base_msgs/base_msgs/srv/detail/global_path_service__type_support.h
[2.155s] -- Installing: /home/lh/planning_with_ROS2_course/install/base_msgs/include/base_msgs/base_msgs/srv/detail/global_path_service__type_support.c
[2.156s] -- Up-to-date: /home/lh/planning_with_ROS2_course/install/base_msgs/include/base_msgs/base_msgs/srv/detail/pnc_map_service__struct.h
[2.156s] -- Up-to-date: /home/lh/planning_with_ROS2_course/install/base_msgs/include/base_msgs/base_msgs/srv/detail/global_path_service__struct.h
[2.156s] -- Installing: /home/lh/planning_with_ROS2_course/install/base_msgs/include/base_msgs/base_msgs/srv/detail/pnc_map_service__type_support.c
[2.158s] -- Up-to-date: /home/lh/planning_with_ROS2_course/install/base_msgs/include/base_msgs/base_msgs/srv/detail/pnc_map_service__functions.c
[2.158s] -- Up-to-date: /home/lh/planning_with_ROS2_course/install/base_msgs/include/base_msgs/base_msgs/srv/detail/global_path_service__description.c
[2.159s] -- Up-to-date: /home/lh/planning_with_ROS2_course/install/base_msgs/include/base_msgs/base_msgs/srv/global_path_service.h
[2.159s] -- Up-to-date: /home/lh/planning_with_ROS2_course/install/base_msgs/include/base_msgs/base_msgs/srv/pnc_map_service.h
[2.161s] -- Up-to-date: /home/lh/planning_with_ROS2_course/install/base_msgs/share/base_msgs/environment/library_path.sh
[2.162s] -- Up-to-date: /home/lh/planning_with_ROS2_course/install/base_msgs/share/base_msgs/environment/library_path.dsv
[2.165s] -- Up-to-date: /home/lh/planning_with_ROS2_course/install/base_msgs/lib/libbase_msgs__rosidl_generator_c.so
[2.165s] -- Up-to-date: /home/lh/planning_with_ROS2_course/install/base_msgs/include/base_msgs/base_msgs
[2.166s] -- Up-to-date: /home/lh/planning_with_ROS2_course/install/base_msgs/include/base_msgs/base_msgs/msg
[2.166s] -- Up-to-date: /home/lh/planning_with_ROS2_course/install/base_msgs/include/base_msgs/base_msgs/msg/detail
[2.167s] -- Up-to-date: /home/lh/planning_with_ROS2_course/install/base_msgs/include/base_msgs/base_msgs/msg/detail/local_trajectory_point__rosidl_typesupport_fastrtps_c.h
[2.167s] -- Up-to-date: /home/lh/planning_with_ROS2_course/install/base_msgs/include/base_msgs/base_msgs/msg/detail/local_trajectory__rosidl_typesupport_fastrtps_c.h
[2.167s] -- Up-to-date: /home/lh/planning_with_ROS2_course/install/base_msgs/include/base_msgs/base_msgs/msg/detail/referline__rosidl_typesupport_fastrtps_c.h
[2.167s] -- Up-to-date: /home/lh/planning_with_ROS2_course/install/base_msgs/include/base_msgs/base_msgs/msg/detail/obs_info__rosidl_typesupport_fastrtps_c.h
[2.168s] -- Up-to-date: /home/lh/planning_with_ROS2_course/install/base_msgs/include/base_msgs/base_msgs/msg/detail/pnc_map__rosidl_typesupport_fastrtps_c.h
[2.168s] -- Up-to-date: /home/lh/planning_with_ROS2_course/install/base_msgs/include/base_msgs/base_msgs/msg/detail/local_path__rosidl_typesupport_fastrtps_c.h
[2.169s] -- Up-to-date: /home/lh/planning_with_ROS2_course/install/base_msgs/include/base_msgs/base_msgs/msg/detail/local_speeds_point__rosidl_typesupport_fastrtps_c.h
[2.169s] -- Up-to-date: /home/lh/planning_with_ROS2_course/install/base_msgs/include/base_msgs/base_msgs/msg/detail/referline_point__rosidl_typesupport_fastrtps_c.h
[2.169s] -- Up-to-date: /home/lh/planning_with_ROS2_course/install/base_msgs/include/base_msgs/base_msgs/msg/detail/plot_info__rosidl_typesupport_fastrtps_c.h
[2.169s] -- Up-to-date: /home/lh/planning_with_ROS2_course/install/base_msgs/include/base_msgs/base_msgs/msg/detail/local_speeds__rosidl_typesupport_fastrtps_c.h
[2.170s] -- Up-to-date: /home/lh/planning_with_ROS2_course/install/base_msgs/include/base_msgs/base_msgs/msg/detail/local_path_point__rosidl_typesupport_fastrtps_c.h
[2.170s] -- Up-to-date: /home/lh/planning_with_ROS2_course/install/base_msgs/include/base_msgs/base_msgs/msg/rosidl_typesupport_fastrtps_c__visibility_control.h
[2.170s] -- Up-to-date: /home/lh/planning_with_ROS2_course/install/base_msgs/include/base_msgs/base_msgs/srv
[2.170s] -- Up-to-date: /home/lh/planning_with_ROS2_course/install/base_msgs/include/base_msgs/base_msgs/srv/detail
[2.170s] -- Up-to-date: /home/lh/planning_with_ROS2_course/install/base_msgs/include/base_msgs/base_msgs/srv/detail/global_path_service__rosidl_typesupport_fastrtps_c.h
[2.170s] -- Up-to-date: /home/lh/planning_with_ROS2_course/install/base_msgs/include/base_msgs/base_msgs/srv/detail/pnc_map_service__rosidl_typesupport_fastrtps_c.h
[2.177s] -- Up-to-date: /home/lh/planning_with_ROS2_course/install/base_msgs/lib/libbase_msgs__rosidl_typesupport_fastrtps_c.so
[2.178s] -- Up-to-date: /home/lh/planning_with_ROS2_course/install/base_msgs/include/base_msgs/base_msgs
[2.178s] -- Up-to-date: /home/lh/planning_with_ROS2_course/install/base_msgs/include/base_msgs/base_msgs/msg
[2.178s] -- Up-to-date: /home/lh/planning_with_ROS2_course/install/base_msgs/include/base_msgs/base_msgs/msg/detail
[2.178s] -- Up-to-date: /home/lh/planning_with_ROS2_course/install/base_msgs/include/base_msgs/base_msgs/msg/detail/referline__rosidl_typesupport_introspection_c.h
[2.179s] -- Installing: /home/lh/planning_with_ROS2_course/install/base_msgs/include/base_msgs/base_msgs/msg/detail/referline__type_support.c
[2.180s] -- Up-to-date: /home/lh/planning_with_ROS2_course/install/base_msgs/include/base_msgs/base_msgs/msg/detail/local_path_point__rosidl_typesupport_introspection_c.h
[2.181s] -- Installing: /home/lh/planning_with_ROS2_course/install/base_msgs/include/base_msgs/base_msgs/msg/detail/local_path_point__type_support.c
[2.182s] -- Up-to-date: /home/lh/planning_with_ROS2_course/install/base_msgs/include/base_msgs/base_msgs/msg/detail/local_speeds__rosidl_typesupport_introspection_c.h
[2.182s] -- Up-to-date: /home/lh/planning_with_ROS2_course/install/base_msgs/include/base_msgs/base_msgs/msg/detail/local_trajectory__rosidl_typesupport_introspection_c.h
[2.182s] -- Installing: /home/lh/planning_with_ROS2_course/install/base_msgs/include/base_msgs/base_msgs/msg/detail/local_speeds__type_support.c
[2.183s] -- Installing: /home/lh/planning_with_ROS2_course/install/base_msgs/include/base_msgs/base_msgs/msg/detail/local_trajectory_point__type_support.c
[2.188s] -- Up-to-date: /home/lh/planning_with_ROS2_course/install/base_msgs/include/base_msgs/base_msgs/msg/detail/obs_info__rosidl_typesupport_introspection_c.h
[2.189s] -- Up-to-date: /home/lh/planning_with_ROS2_course/install/base_msgs/include/base_msgs/base_msgs/msg/detail/local_speeds_point__rosidl_typesupport_introspection_c.h
[2.189s] -- Up-to-date: /home/lh/planning_with_ROS2_course/install/base_msgs/include/base_msgs/base_msgs/msg/detail/plot_info__rosidl_typesupport_introspection_c.h
[2.190s] -- Up-to-date: /home/lh/planning_with_ROS2_course/install/base_msgs/include/base_msgs/base_msgs/msg/detail/local_path__rosidl_typesupport_introspection_c.h
[2.190s] -- Installing: /home/lh/planning_with_ROS2_course/install/base_msgs/include/base_msgs/base_msgs/msg/detail/plot_info__type_support.c
[2.190s] -- Installing: /home/lh/planning_with_ROS2_course/install/base_msgs/include/base_msgs/base_msgs/msg/detail/referline_point__type_support.c
[2.192s] -- Installing: /home/lh/planning_with_ROS2_course/install/base_msgs/include/base_msgs/base_msgs/msg/detail/pnc_map__type_support.c
[2.193s] -- Installing: /home/lh/planning_with_ROS2_course/install/base_msgs/include/base_msgs/base_msgs/msg/detail/obs_info__type_support.c
[2.194s] -- Up-to-date: /home/lh/planning_with_ROS2_course/install/base_msgs/include/base_msgs/base_msgs/msg/detail/local_trajectory_point__rosidl_typesupport_introspection_c.h
[2.194s] -- Installing: /home/lh/planning_with_ROS2_course/install/base_msgs/include/base_msgs/base_msgs/msg/detail/local_trajectory__type_support.c
[2.196s] -- Installing: /home/lh/planning_with_ROS2_course/install/base_msgs/include/base_msgs/base_msgs/msg/detail/local_speeds_point__type_support.c
[2.198s] -- Up-to-date: /home/lh/planning_with_ROS2_course/install/base_msgs/include/base_msgs/base_msgs/msg/detail/referline_point__rosidl_typesupport_introspection_c.h
[2.198s] -- Up-to-date: /home/lh/planning_with_ROS2_course/install/base_msgs/include/base_msgs/base_msgs/msg/detail/pnc_map__rosidl_typesupport_introspection_c.h
[2.198s] -- Installing: /home/lh/planning_with_ROS2_course/install/base_msgs/include/base_msgs/base_msgs/msg/detail/local_path__type_support.c
[2.200s] -- Up-to-date: /home/lh/planning_with_ROS2_course/install/base_msgs/include/base_msgs/base_msgs/msg/rosidl_typesupport_introspection_c__visibility_control.h
[2.200s] -- Up-to-date: /home/lh/planning_with_ROS2_course/install/base_msgs/include/base_msgs/base_msgs/srv
[2.200s] -- Up-to-date: /home/lh/planning_with_ROS2_course/install/base_msgs/include/base_msgs/base_msgs/srv/detail
[2.201s] -- Up-to-date: /home/lh/planning_with_ROS2_course/install/base_msgs/include/base_msgs/base_msgs/srv/detail/pnc_map_service__rosidl_typesupport_introspection_c.h
[2.201s] -- Installing: /home/lh/planning_with_ROS2_course/install/base_msgs/include/base_msgs/base_msgs/srv/detail/global_path_service__type_support.c
[2.202s] -- Up-to-date: /home/lh/planning_with_ROS2_course/install/base_msgs/include/base_msgs/base_msgs/srv/detail/global_path_service__rosidl_typesupport_introspection_c.h
[2.203s] -- Installing: /home/lh/planning_with_ROS2_course/install/base_msgs/include/base_msgs/base_msgs/srv/detail/pnc_map_service__type_support.c
[2.207s] -- Up-to-date: /home/lh/planning_with_ROS2_course/install/base_msgs/lib/libbase_msgs__rosidl_typesupport_introspection_c.so
[2.212s] -- Up-to-date: /home/lh/planning_with_ROS2_course/install/base_msgs/lib/libbase_msgs__rosidl_typesupport_c.so
[2.213s] -- Up-to-date: /home/lh/planning_with_ROS2_course/install/base_msgs/include/base_msgs/base_msgs
[2.213s] -- Up-to-date: /home/lh/planning_with_ROS2_course/install/base_msgs/include/base_msgs/base_msgs/msg
[2.213s] -- Up-to-date: /home/lh/planning_with_ROS2_course/install/base_msgs/include/base_msgs/base_msgs/msg/detail
[2.214s] -- Up-to-date: /home/lh/planning_with_ROS2_course/install/base_msgs/include/base_msgs/base_msgs/msg/detail/local_trajectory__struct.hpp
[2.214s] -- Up-to-date: /home/lh/planning_with_ROS2_course/install/base_msgs/include/base_msgs/base_msgs/msg/detail/pnc_map__traits.hpp
[2.214s] -- Up-to-date: /home/lh/planning_with_ROS2_course/install/base_msgs/include/base_msgs/base_msgs/msg/detail/plot_info__traits.hpp
[2.214s] -- Up-to-date: /home/lh/planning_with_ROS2_course/install/base_msgs/include/base_msgs/base_msgs/msg/detail/local_trajectory_point__builder.hpp
[2.215s] -- Up-to-date: /home/lh/planning_with_ROS2_course/install/base_msgs/include/base_msgs/base_msgs/msg/detail/local_trajectory_point__type_support.hpp
[2.215s] -- Up-to-date: /home/lh/planning_with_ROS2_course/install/base_msgs/include/base_msgs/base_msgs/msg/detail/local_trajectory__type_support.hpp
[2.215s] -- Up-to-date: /home/lh/planning_with_ROS2_course/install/base_msgs/include/base_msgs/base_msgs/msg/detail/plot_info__type_support.hpp
[2.216s] -- Up-to-date: /home/lh/planning_with_ROS2_course/install/base_msgs/include/base_msgs/base_msgs/msg/detail/local_trajectory__traits.hpp
[2.216s] -- Up-to-date: /home/lh/planning_with_ROS2_course/install/base_msgs/include/base_msgs/base_msgs/msg/detail/referline_point__struct.hpp
[2.216s] -- Up-to-date: /home/lh/planning_with_ROS2_course/install/base_msgs/include/base_msgs/base_msgs/msg/detail/referline_point__builder.hpp
[2.216s] -- Up-to-date: /home/lh/planning_with_ROS2_course/install/base_msgs/include/base_msgs/base_msgs/msg/detail/local_path_point__builder.hpp
[2.217s] -- Up-to-date: /home/lh/planning_with_ROS2_course/install/base_msgs/include/base_msgs/base_msgs/msg/detail/obs_info__struct.hpp
[2.217s] -- Up-to-date: /home/lh/planning_with_ROS2_course/install/base_msgs/include/base_msgs/base_msgs/msg/detail/local_path__builder.hpp
[2.218s] -- Up-to-date: /home/lh/planning_with_ROS2_course/install/base_msgs/include/base_msgs/base_msgs/msg/detail/referline__type_support.hpp
[2.218s] -- Up-to-date: /home/lh/planning_with_ROS2_course/install/base_msgs/include/base_msgs/base_msgs/msg/detail/local_speeds__type_support.hpp
[2.218s] -- Up-to-date: /home/lh/planning_with_ROS2_course/install/base_msgs/include/base_msgs/base_msgs/msg/detail/pnc_map__type_support.hpp
[2.218s] -- Up-to-date: /home/lh/planning_with_ROS2_course/install/base_msgs/include/base_msgs/base_msgs/msg/detail/local_trajectory__builder.hpp
[2.219s] -- Up-to-date: /home/lh/planning_with_ROS2_course/install/base_msgs/include/base_msgs/base_msgs/msg/detail/local_speeds__builder.hpp
[2.219s] -- Up-to-date: /home/lh/planning_with_ROS2_course/install/base_msgs/include/base_msgs/base_msgs/msg/detail/referline__struct.hpp
[2.219s] -- Up-to-date: /home/lh/planning_with_ROS2_course/install/base_msgs/include/base_msgs/base_msgs/msg/detail/local_path_point__traits.hpp
[2.220s] -- Up-to-date: /home/lh/planning_with_ROS2_course/install/base_msgs/include/base_msgs/base_msgs/msg/detail/referline__builder.hpp
[2.220s] -- Up-to-date: /home/lh/planning_with_ROS2_course/install/base_msgs/include/base_msgs/base_msgs/msg/detail/local_trajectory_point__traits.hpp
[2.221s] -- Up-to-date: /home/lh/planning_with_ROS2_course/install/base_msgs/include/base_msgs/base_msgs/msg/detail/obs_info__type_support.hpp
[2.221s] -- Up-to-date: /home/lh/planning_with_ROS2_course/install/base_msgs/include/base_msgs/base_msgs/msg/detail/local_speeds_point__type_support.hpp
[2.221s] -- Up-to-date: /home/lh/planning_with_ROS2_course/install/base_msgs/include/base_msgs/base_msgs/msg/detail/local_path__traits.hpp
[2.221s] -- Up-to-date: /home/lh/planning_with_ROS2_course/install/base_msgs/include/base_msgs/base_msgs/msg/detail/local_speeds__traits.hpp
[2.222s] -- Up-to-date: /home/lh/planning_with_ROS2_course/install/base_msgs/include/base_msgs/base_msgs/msg/detail/local_path__struct.hpp
[2.222s] -- Up-to-date: /home/lh/planning_with_ROS2_course/install/base_msgs/include/base_msgs/base_msgs/msg/detail/obs_info__builder.hpp
[2.222s] -- Up-to-date: /home/lh/planning_with_ROS2_course/install/base_msgs/include/base_msgs/base_msgs/msg/detail/local_speeds_point__traits.hpp
[2.222s] -- Up-to-date: /home/lh/planning_with_ROS2_course/install/base_msgs/include/base_msgs/base_msgs/msg/detail/local_path_point__type_support.hpp
[2.222s] -- Up-to-date: /home/lh/planning_with_ROS2_course/install/base_msgs/include/base_msgs/base_msgs/msg/detail/plot_info__builder.hpp
[2.223s] -- Up-to-date: /home/lh/planning_with_ROS2_course/install/base_msgs/include/base_msgs/base_msgs/msg/detail/referline_point__traits.hpp
[2.223s] -- Up-to-date: /home/lh/planning_with_ROS2_course/install/base_msgs/include/base_msgs/base_msgs/msg/detail/referline_point__type_support.hpp
[2.223s] -- Up-to-date: /home/lh/planning_with_ROS2_course/install/base_msgs/include/base_msgs/base_msgs/msg/detail/local_speeds_point__builder.hpp
[2.223s] -- Up-to-date: /home/lh/planning_with_ROS2_course/install/base_msgs/include/base_msgs/base_msgs/msg/detail/pnc_map__builder.hpp
[2.224s] -- Up-to-date: /home/lh/planning_with_ROS2_course/install/base_msgs/include/base_msgs/base_msgs/msg/detail/local_speeds__struct.hpp
[2.227s] -- Up-to-date: /home/lh/planning_with_ROS2_course/install/base_msgs/include/base_msgs/base_msgs/msg/detail/obs_info__traits.hpp
[2.229s] -- Up-to-date: /home/lh/planning_with_ROS2_course/install/base_msgs/include/base_msgs/base_msgs/msg/detail/referline__traits.hpp
[2.229s] -- Up-to-date: /home/lh/planning_with_ROS2_course/install/base_msgs/include/base_msgs/base_msgs/msg/detail/local_speeds_point__struct.hpp
[2.230s] -- Up-to-date: /home/lh/planning_with_ROS2_course/install/base_msgs/include/base_msgs/base_msgs/msg/detail/plot_info__struct.hpp
[2.230s] -- Up-to-date: /home/lh/planning_with_ROS2_course/install/base_msgs/include/base_msgs/base_msgs/msg/detail/local_trajectory_point__struct.hpp
[2.230s] -- Up-to-date: /home/lh/planning_with_ROS2_course/install/base_msgs/include/base_msgs/base_msgs/msg/detail/local_path__type_support.hpp
[2.230s] -- Up-to-date: /home/lh/planning_with_ROS2_course/install/base_msgs/include/base_msgs/base_msgs/msg/detail/local_path_point__struct.hpp
[2.230s] -- Up-to-date: /home/lh/planning_with_ROS2_course/install/base_msgs/include/base_msgs/base_msgs/msg/detail/pnc_map__struct.hpp
[2.231s] -- Up-to-date: /home/lh/planning_with_ROS2_course/install/base_msgs/include/base_msgs/base_msgs/msg/referline_point.hpp
[2.232s] -- Up-to-date: /home/lh/planning_with_ROS2_course/install/base_msgs/include/base_msgs/base_msgs/msg/local_speeds.hpp
[2.233s] -- Up-to-date: /home/lh/planning_with_ROS2_course/install/base_msgs/include/base_msgs/base_msgs/msg/pnc_map.hpp
[2.234s] -- Up-to-date: /home/lh/planning_with_ROS2_course/install/base_msgs/include/base_msgs/base_msgs/msg/local_trajectory.hpp
[2.234s] -- Up-to-date: /home/lh/planning_with_ROS2_course/install/base_msgs/include/base_msgs/base_msgs/msg/referline.hpp
[2.234s] -- Up-to-date: /home/lh/planning_with_ROS2_course/install/base_msgs/include/base_msgs/base_msgs/msg/rosidl_generator_cpp__visibility_control.hpp
[2.234s] -- Up-to-date: /home/lh/planning_with_ROS2_course/install/base_msgs/include/base_msgs/base_msgs/msg/local_trajectory_point.hpp
[2.234s] -- Up-to-date: /home/lh/planning_with_ROS2_course/install/base_msgs/include/base_msgs/base_msgs/msg/local_speeds_point.hpp
[2.235s] -- Up-to-date: /home/lh/planning_with_ROS2_course/install/base_msgs/include/base_msgs/base_msgs/msg/local_path_point.hpp
[2.235s] -- Up-to-date: /home/lh/planning_with_ROS2_course/install/base_msgs/include/base_msgs/base_msgs/msg/obs_info.hpp
[2.235s] -- Up-to-date: /home/lh/planning_with_ROS2_course/install/base_msgs/include/base_msgs/base_msgs/msg/local_path.hpp
[2.235s] -- Up-to-date: /home/lh/planning_with_ROS2_course/install/base_msgs/include/base_msgs/base_msgs/msg/plot_info.hpp
[2.235s] -- Up-to-date: /home/lh/planning_with_ROS2_course/install/base_msgs/include/base_msgs/base_msgs/srv
[2.236s] -- Up-to-date: /home/lh/planning_with_ROS2_course/install/base_msgs/include/base_msgs/base_msgs/srv/detail
[2.236s] -- Up-to-date: /home/lh/planning_with_ROS2_course/install/base_msgs/include/base_msgs/base_msgs/srv/detail/pnc_map_service__type_support.hpp
[2.236s] -- Up-to-date: /home/lh/planning_with_ROS2_course/install/base_msgs/include/base_msgs/base_msgs/srv/detail/pnc_map_service__struct.hpp
[2.236s] -- Up-to-date: /home/lh/planning_with_ROS2_course/install/base_msgs/include/base_msgs/base_msgs/srv/detail/global_path_service__traits.hpp
[2.237s] -- Up-to-date: /home/lh/planning_with_ROS2_course/install/base_msgs/include/base_msgs/base_msgs/srv/detail/pnc_map_service__builder.hpp
[2.237s] -- Up-to-date: /home/lh/planning_with_ROS2_course/install/base_msgs/include/base_msgs/base_msgs/srv/detail/pnc_map_service__traits.hpp
[2.237s] -- Up-to-date: /home/lh/planning_with_ROS2_course/install/base_msgs/include/base_msgs/base_msgs/srv/detail/global_path_service__builder.hpp
[2.237s] -- Up-to-date: /home/lh/planning_with_ROS2_course/install/base_msgs/include/base_msgs/base_msgs/srv/detail/global_path_service__type_support.hpp
[2.238s] -- Up-to-date: /home/lh/planning_with_ROS2_course/install/base_msgs/include/base_msgs/base_msgs/srv/detail/global_path_service__struct.hpp
[2.238s] -- Up-to-date: /home/lh/planning_with_ROS2_course/install/base_msgs/include/base_msgs/base_msgs/srv/global_path_service.hpp
[2.239s] -- Up-to-date: /home/lh/planning_with_ROS2_course/install/base_msgs/include/base_msgs/base_msgs/srv/pnc_map_service.hpp
[2.239s] -- Up-to-date: /home/lh/planning_with_ROS2_course/install/base_msgs/include/base_msgs/base_msgs
[2.239s] -- Up-to-date: /home/lh/planning_with_ROS2_course/install/base_msgs/include/base_msgs/base_msgs/msg
[2.240s] -- Up-to-date: /home/lh/planning_with_ROS2_course/install/base_msgs/include/base_msgs/base_msgs/msg/detail
[2.240s] -- Up-to-date: /home/lh/planning_with_ROS2_course/install/base_msgs/include/base_msgs/base_msgs/msg/detail/plot_info__rosidl_typesupport_fastrtps_cpp.hpp
[2.240s] -- Up-to-date: /home/lh/planning_with_ROS2_course/install/base_msgs/include/base_msgs/base_msgs/msg/detail/referline__rosidl_typesupport_fastrtps_cpp.hpp
[2.241s] -- Up-to-date: /home/lh/planning_with_ROS2_course/install/base_msgs/include/base_msgs/base_msgs/msg/detail/local_speeds__rosidl_typesupport_fastrtps_cpp.hpp
[2.242s] -- Up-to-date: /home/lh/planning_with_ROS2_course/install/base_msgs/include/base_msgs/base_msgs/msg/detail/obs_info__rosidl_typesupport_fastrtps_cpp.hpp
[2.242s] -- Up-to-date: /home/lh/planning_with_ROS2_course/install/base_msgs/include/base_msgs/base_msgs/msg/detail/pnc_map__rosidl_typesupport_fastrtps_cpp.hpp
[2.242s] -- Up-to-date: /home/lh/planning_with_ROS2_course/install/base_msgs/include/base_msgs/base_msgs/msg/detail/local_trajectory__rosidl_typesupport_fastrtps_cpp.hpp
[2.243s] -- Up-to-date: /home/lh/planning_with_ROS2_course/install/base_msgs/include/base_msgs/base_msgs/msg/detail/local_path__rosidl_typesupport_fastrtps_cpp.hpp
[2.243s] -- Up-to-date: /home/lh/planning_with_ROS2_course/install/base_msgs/include/base_msgs/base_msgs/msg/detail/local_trajectory_point__rosidl_typesupport_fastrtps_cpp.hpp
[2.244s] -- Up-to-date: /home/lh/planning_with_ROS2_course/install/base_msgs/include/base_msgs/base_msgs/msg/detail/referline_point__rosidl_typesupport_fastrtps_cpp.hpp
[2.244s] -- Up-to-date: /home/lh/planning_with_ROS2_course/install/base_msgs/include/base_msgs/base_msgs/msg/detail/dds_fastrtps
[2.246s] -- Up-to-date: /home/lh/planning_with_ROS2_course/install/base_msgs/include/base_msgs/base_msgs/msg/detail/local_path_point__rosidl_typesupport_fastrtps_cpp.hpp
[2.246s] -- Up-to-date: /home/lh/planning_with_ROS2_course/install/base_msgs/include/base_msgs/base_msgs/msg/detail/local_speeds_point__rosidl_typesupport_fastrtps_cpp.hpp
[2.246s] -- Up-to-date: /home/lh/planning_with_ROS2_course/install/base_msgs/include/base_msgs/base_msgs/msg/rosidl_typesupport_fastrtps_cpp__visibility_control.h
[2.246s] -- Up-to-date: /home/lh/planning_with_ROS2_course/install/base_msgs/include/base_msgs/base_msgs/srv
[2.246s] -- Up-to-date: /home/lh/planning_with_ROS2_course/install/base_msgs/include/base_msgs/base_msgs/srv/detail
[2.247s] -- Up-to-date: /home/lh/planning_with_ROS2_course/install/base_msgs/include/base_msgs/base_msgs/srv/detail/global_path_service__rosidl_typesupport_fastrtps_cpp.hpp
[2.247s] -- Up-to-date: /home/lh/planning_with_ROS2_course/install/base_msgs/include/base_msgs/base_msgs/srv/detail/dds_fastrtps
[2.248s] -- Up-to-date: /home/lh/planning_with_ROS2_course/install/base_msgs/include/base_msgs/base_msgs/srv/detail/pnc_map_service__rosidl_typesupport_fastrtps_cpp.hpp
[2.248s] -- Up-to-date: /home/lh/planning_with_ROS2_course/install/base_msgs/lib/libbase_msgs__rosidl_typesupport_fastrtps_cpp.so
[2.248s] -- Up-to-date: /home/lh/planning_with_ROS2_course/install/base_msgs/include/base_msgs/base_msgs
[2.249s] -- Up-to-date: /home/lh/planning_with_ROS2_course/install/base_msgs/include/base_msgs/base_msgs/msg
[2.249s] -- Up-to-date: /home/lh/planning_with_ROS2_course/install/base_msgs/include/base_msgs/base_msgs/msg/detail
[2.250s] -- Up-to-date: /home/lh/planning_with_ROS2_course/install/base_msgs/include/base_msgs/base_msgs/msg/detail/plot_info__rosidl_typesupport_introspection_cpp.hpp
[2.250s] -- Up-to-date: /home/lh/planning_with_ROS2_course/install/base_msgs/include/base_msgs/base_msgs/msg/detail/local_speeds_point__rosidl_typesupport_introspection_cpp.hpp
[2.250s] -- Up-to-date: /home/lh/planning_with_ROS2_course/install/base_msgs/include/base_msgs/base_msgs/msg/detail/referline__rosidl_typesupport_introspection_cpp.hpp
[2.251s] -- Up-to-date: /home/lh/planning_with_ROS2_course/install/base_msgs/include/base_msgs/base_msgs/msg/detail/local_speeds__rosidl_typesupport_introspection_cpp.hpp
[2.251s] -- Up-to-date: /home/lh/planning_with_ROS2_course/install/base_msgs/include/base_msgs/base_msgs/msg/detail/referline_point__rosidl_typesupport_introspection_cpp.hpp
[2.252s] -- Up-to-date: /home/lh/planning_with_ROS2_course/install/base_msgs/include/base_msgs/base_msgs/msg/detail/local_trajectory_point__type_support.cpp
[2.252s] -- Up-to-date: /home/lh/planning_with_ROS2_course/install/base_msgs/include/base_msgs/base_msgs/msg/detail/local_path__type_support.cpp
[2.253s] -- Up-to-date: /home/lh/planning_with_ROS2_course/install/base_msgs/include/base_msgs/base_msgs/msg/detail/pnc_map__rosidl_typesupport_introspection_cpp.hpp
[2.253s] -- Up-to-date: /home/lh/planning_with_ROS2_course/install/base_msgs/include/base_msgs/base_msgs/msg/detail/local_speeds__type_support.cpp
[2.253s] -- Up-to-date: /home/lh/planning_with_ROS2_course/install/base_msgs/include/base_msgs/base_msgs/msg/detail/local_path_point__type_support.cpp
[2.254s] -- Up-to-date: /home/lh/planning_with_ROS2_course/install/base_msgs/include/base_msgs/base_msgs/msg/detail/obs_info__rosidl_typesupport_introspection_cpp.hpp
[2.254s] -- Up-to-date: /home/lh/planning_with_ROS2_course/install/base_msgs/include/base_msgs/base_msgs/msg/detail/referline__type_support.cpp
[2.254s] -- Up-to-date: /home/lh/planning_with_ROS2_course/install/base_msgs/include/base_msgs/base_msgs/msg/detail/local_trajectory__type_support.cpp
[2.254s] -- Up-to-date: /home/lh/planning_with_ROS2_course/install/base_msgs/include/base_msgs/base_msgs/msg/detail/local_trajectory_point__rosidl_typesupport_introspection_cpp.hpp
[2.255s] -- Up-to-date: /home/lh/planning_with_ROS2_course/install/base_msgs/include/base_msgs/base_msgs/msg/detail/local_trajectory__rosidl_typesupport_introspection_cpp.hpp
[2.256s] -- Up-to-date: /home/lh/planning_with_ROS2_course/install/base_msgs/include/base_msgs/base_msgs/msg/detail/local_speeds_point__type_support.cpp
[2.256s] -- Up-to-date: /home/lh/planning_with_ROS2_course/install/base_msgs/include/base_msgs/base_msgs/msg/detail/obs_info__type_support.cpp
[2.256s] -- Up-to-date: /home/lh/planning_with_ROS2_course/install/base_msgs/include/base_msgs/base_msgs/msg/detail/referline_point__type_support.cpp
[2.256s] -- Up-to-date: /home/lh/planning_with_ROS2_course/install/base_msgs/include/base_msgs/base_msgs/msg/detail/plot_info__type_support.cpp
[2.257s] -- Up-to-date: /home/lh/planning_with_ROS2_course/install/base_msgs/include/base_msgs/base_msgs/msg/detail/pnc_map__type_support.cpp
[2.257s] -- Up-to-date: /home/lh/planning_with_ROS2_course/install/base_msgs/include/base_msgs/base_msgs/msg/detail/local_path__rosidl_typesupport_introspection_cpp.hpp
[2.257s] -- Up-to-date: /home/lh/planning_with_ROS2_course/install/base_msgs/include/base_msgs/base_msgs/msg/detail/local_path_point__rosidl_typesupport_introspection_cpp.hpp
[2.257s] -- Up-to-date: /home/lh/planning_with_ROS2_course/install/base_msgs/include/base_msgs/base_msgs/srv
[2.258s] -- Up-to-date: /home/lh/planning_with_ROS2_course/install/base_msgs/include/base_msgs/base_msgs/srv/detail
[2.259s] -- Up-to-date: /home/lh/planning_with_ROS2_course/install/base_msgs/include/base_msgs/base_msgs/srv/detail/pnc_map_service__type_support.cpp
[2.259s] -- Up-to-date: /home/lh/planning_with_ROS2_course/install/base_msgs/include/base_msgs/base_msgs/srv/detail/pnc_map_service__rosidl_typesupport_introspection_cpp.hpp
[2.259s] -- Up-to-date: /home/lh/planning_with_ROS2_course/install/base_msgs/include/base_msgs/base_msgs/srv/detail/global_path_service__rosidl_typesupport_introspection_cpp.hpp
[2.260s] -- Up-to-date: /home/lh/planning_with_ROS2_course/install/base_msgs/include/base_msgs/base_msgs/srv/detail/global_path_service__type_support.cpp
[2.260s] -- Up-to-date: /home/lh/planning_with_ROS2_course/install/base_msgs/lib/libbase_msgs__rosidl_typesupport_introspection_cpp.so
[2.260s] -- Up-to-date: /home/lh/planning_with_ROS2_course/install/base_msgs/lib/libbase_msgs__rosidl_typesupport_cpp.so
[2.261s] -- Up-to-date: /home/lh/planning_with_ROS2_course/install/base_msgs/share/base_msgs/environment/pythonpath.sh
[2.261s] -- Up-to-date: /home/lh/planning_with_ROS2_course/install/base_msgs/share/base_msgs/environment/pythonpath.dsv
[2.261s] -- Up-to-date: /home/lh/planning_with_ROS2_course/install/base_msgs/lib/python3.12/site-packages/base_msgs-0.0.0-py3.12.egg-info
[2.261s] -- Installing: /home/lh/planning_with_ROS2_course/install/base_msgs/lib/python3.12/site-packages/base_msgs-0.0.0-py3.12.egg-info/top_level.txt
[2.262s] -- Installing: /home/lh/planning_with_ROS2_course/install/base_msgs/lib/python3.12/site-packages/base_msgs-0.0.0-py3.12.egg-info/PKG-INFO
[2.262s] -- Installing: /home/lh/planning_with_ROS2_course/install/base_msgs/lib/python3.12/site-packages/base_msgs-0.0.0-py3.12.egg-info/SOURCES.txt
[2.263s] -- Installing: /home/lh/planning_with_ROS2_course/install/base_msgs/lib/python3.12/site-packages/base_msgs-0.0.0-py3.12.egg-info/dependency_links.txt
[2.263s] -- Up-to-date: /home/lh/planning_with_ROS2_course/install/base_msgs/lib/python3.12/site-packages/base_msgs
[2.264s] -- Up-to-date: /home/lh/planning_with_ROS2_course/install/base_msgs/lib/python3.12/site-packages/base_msgs/base_msgs_s__rosidl_typesupport_fastrtps_c.so
[2.264s] -- Up-to-date: /home/lh/planning_with_ROS2_course/install/base_msgs/lib/python3.12/site-packages/base_msgs/_base_msgs_s.ep.rosidl_typesupport_fastrtps_c.c
[2.264s] -- Up-to-date: /home/lh/planning_with_ROS2_course/install/base_msgs/lib/python3.12/site-packages/base_msgs/base_msgs_s__rosidl_typesupport_c.so
[2.264s] -- Up-to-date: /home/lh/planning_with_ROS2_course/install/base_msgs/lib/python3.12/site-packages/base_msgs/_base_msgs_s.ep.rosidl_typesupport_introspection_c.c
[2.265s] -- Up-to-date: /home/lh/planning_with_ROS2_course/install/base_msgs/lib/python3.12/site-packages/base_msgs/__init__.py
[2.265s] -- Up-to-date: /home/lh/planning_with_ROS2_course/install/base_msgs/lib/python3.12/site-packages/base_msgs/base_msgs_s__rosidl_typesupport_introspection_c.so
[2.265s] -- Up-to-date: /home/lh/planning_with_ROS2_course/install/base_msgs/lib/python3.12/site-packages/base_msgs/msg
[2.265s] -- Up-to-date: /home/lh/planning_with_ROS2_course/install/base_msgs/lib/python3.12/site-packages/base_msgs/msg/_referline_point.py
[2.266s] -- Up-to-date: /home/lh/planning_with_ROS2_course/install/base_msgs/lib/python3.12/site-packages/base_msgs/msg/_obs_info.py
[2.266s] -- Up-to-date: /home/lh/planning_with_ROS2_course/install/base_msgs/lib/python3.12/site-packages/base_msgs/msg/_local_path_point_s.c
[2.266s] -- Up-to-date: /home/lh/planning_with_ROS2_course/install/base_msgs/lib/python3.12/site-packages/base_msgs/msg/_obs_info_s.c
[2.266s] -- Up-to-date: /home/lh/planning_with_ROS2_course/install/base_msgs/lib/python3.12/site-packages/base_msgs/msg/_plot_info.py
[2.266s] -- Up-to-date: /home/lh/planning_with_ROS2_course/install/base_msgs/lib/python3.12/site-packages/base_msgs/msg/_local_path_s.c
[2.267s] -- Up-to-date: /home/lh/planning_with_ROS2_course/install/base_msgs/lib/python3.12/site-packages/base_msgs/msg/_local_speeds_s.c
[2.267s] -- Up-to-date: /home/lh/planning_with_ROS2_course/install/base_msgs/lib/python3.12/site-packages/base_msgs/msg/_pnc_map_s.c
[2.267s] -- Up-to-date: /home/lh/planning_with_ROS2_course/install/base_msgs/lib/python3.12/site-packages/base_msgs/msg/_local_path.py
[2.268s] -- Up-to-date: /home/lh/planning_with_ROS2_course/install/base_msgs/lib/python3.12/site-packages/base_msgs/msg/_local_trajectory_point_s.c
[2.268s] -- Up-to-date: /home/lh/planning_with_ROS2_course/install/base_msgs/lib/python3.12/site-packages/base_msgs/msg/_local_path_point.py
[2.269s] -- Up-to-date: /home/lh/planning_with_ROS2_course/install/base_msgs/lib/python3.12/site-packages/base_msgs/msg/_local_speeds_point_s.c
[2.269s] -- Up-to-date: /home/lh/planning_with_ROS2_course/install/base_msgs/lib/python3.12/site-packages/base_msgs/msg/__init__.py
[2.269s] -- Up-to-date: /home/lh/planning_with_ROS2_course/install/base_msgs/lib/python3.12/site-packages/base_msgs/msg/_local_trajectory_s.c
[2.269s] -- Up-to-date: /home/lh/planning_with_ROS2_course/install/base_msgs/lib/python3.12/site-packages/base_msgs/msg/_local_speeds.py
[2.269s] -- Up-to-date: /home/lh/planning_with_ROS2_course/install/base_msgs/lib/python3.12/site-packages/base_msgs/msg/_local_trajectory_point.py
[2.270s] -- Up-to-date: /home/lh/planning_with_ROS2_course/install/base_msgs/lib/python3.12/site-packages/base_msgs/msg/_referline_s.c
[2.270s] -- Up-to-date: /home/lh/planning_with_ROS2_course/install/base_msgs/lib/python3.12/site-packages/base_msgs/msg/_pnc_map.py
[2.270s] -- Up-to-date: /home/lh/planning_with_ROS2_course/install/base_msgs/lib/python3.12/site-packages/base_msgs/msg/_local_speeds_point.py
[2.270s] -- Up-to-date: /home/lh/planning_with_ROS2_course/install/base_msgs/lib/python3.12/site-packages/base_msgs/msg/_plot_info_s.c
[2.270s] -- Up-to-date: /home/lh/planning_with_ROS2_course/install/base_msgs/lib/python3.12/site-packages/base_msgs/msg/_referline_point_s.c
[2.271s] -- Up-to-date: /home/lh/planning_with_ROS2_course/install/base_msgs/lib/python3.12/site-packages/base_msgs/msg/_local_trajectory.py
[2.271s] -- Up-to-date: /home/lh/planning_with_ROS2_course/install/base_msgs/lib/python3.12/site-packages/base_msgs/msg/_referline.py
[2.271s] -- Up-to-date: /home/lh/planning_with_ROS2_course/install/base_msgs/lib/python3.12/site-packages/base_msgs/_base_msgs_s.ep.rosidl_typesupport_c.c
[2.271s] -- Up-to-date: /home/lh/planning_with_ROS2_course/install/base_msgs/lib/python3.12/site-packages/base_msgs/srv
[2.271s] -- Up-to-date: /home/lh/planning_with_ROS2_course/install/base_msgs/lib/python3.12/site-packages/base_msgs/srv/_pnc_map_service.py
[2.271s] -- Up-to-date: /home/lh/planning_with_ROS2_course/install/base_msgs/lib/python3.12/site-packages/base_msgs/srv/_global_path_service.py
[2.272s] -- Up-to-date: /home/lh/planning_with_ROS2_course/install/base_msgs/lib/python3.12/site-packages/base_msgs/srv/_pnc_map_service_s.c
[2.272s] -- Up-to-date: /home/lh/planning_with_ROS2_course/install/base_msgs/lib/python3.12/site-packages/base_msgs/srv/__init__.py
[2.272s] -- Up-to-date: /home/lh/planning_with_ROS2_course/install/base_msgs/lib/python3.12/site-packages/base_msgs/srv/_global_path_service_s.c
[2.382s] Listing '/home/lh/planning_with_ROS2_course/install/base_msgs/lib/python3.12/site-packages/base_msgs'...
[2.382s] Listing '/home/lh/planning_with_ROS2_course/install/base_msgs/lib/python3.12/site-packages/base_msgs/msg'...
[2.382s] Listing '/home/lh/planning_with_ROS2_course/install/base_msgs/lib/python3.12/site-packages/base_msgs/srv'...
[2.411s] -- Up-to-date: /home/lh/planning_with_ROS2_course/install/base_msgs/lib/python3.12/site-packages/base_msgs/base_msgs_s__rosidl_typesupport_fastrtps_c.so
[2.418s] -- Up-to-date: /home/lh/planning_with_ROS2_course/install/base_msgs/lib/python3.12/site-packages/base_msgs/base_msgs_s__rosidl_typesupport_introspection_c.so
[2.424s] -- Up-to-date: /home/lh/planning_with_ROS2_course/install/base_msgs/lib/python3.12/site-packages/base_msgs/base_msgs_s__rosidl_typesupport_c.so
[2.431s] -- Up-to-date: /home/lh/planning_with_ROS2_course/install/base_msgs/lib/libbase_msgs__rosidl_generator_py.so
[2.434s] -- Up-to-date: /home/lh/planning_with_ROS2_course/install/base_msgs/share/base_msgs/srv/GlobalPathService.idl
[2.434s] -- Up-to-date: /home/lh/planning_with_ROS2_course/install/base_msgs/share/base_msgs/srv/PNCMapService.idl
[2.434s] -- Up-to-date: /home/lh/planning_with_ROS2_course/install/base_msgs/share/base_msgs/msg/LocalPath.idl
[2.435s] -- Up-to-date: /home/lh/planning_with_ROS2_course/install/base_msgs/share/base_msgs/msg/LocalSpeedsPoint.idl
[2.436s] -- Up-to-date: /home/lh/planning_with_ROS2_course/install/base_msgs/share/base_msgs/msg/LocalPathPoint.idl
[2.439s] -- Up-to-date: /home/lh/planning_with_ROS2_course/install/base_msgs/share/base_msgs/msg/LocalSpeeds.idl
[2.440s] -- Up-to-date: /home/lh/planning_with_ROS2_course/install/base_msgs/share/base_msgs/msg/LocalTrajectory.idl
[2.440s] -- Up-to-date: /home/lh/planning_with_ROS2_course/install/base_msgs/share/base_msgs/msg/LocalTrajectoryPoint.idl
[2.441s] -- Up-to-date: /home/lh/planning_with_ROS2_course/install/base_msgs/share/base_msgs/msg/ObsInfo.idl
[2.442s] -- Up-to-date: /home/lh/planning_with_ROS2_course/install/base_msgs/share/base_msgs/msg/PlotInfo.idl
[2.444s] -- Up-to-date: /home/lh/planning_with_ROS2_course/install/base_msgs/share/base_msgs/msg/PNCMap.idl
[2.445s] -- Up-to-date: /home/lh/planning_with_ROS2_course/install/base_msgs/share/base_msgs/msg/Referline.idl
[2.446s] -- Up-to-date: /home/lh/planning_with_ROS2_course/install/base_msgs/share/base_msgs/msg/ReferlinePoint.idl
[2.447s] -- Up-to-date: /home/lh/planning_with_ROS2_course/install/base_msgs/share/base_msgs/srv/GlobalPathService.srv
[2.447s] -- Up-to-date: /home/lh/planning_with_ROS2_course/install/base_msgs/share/base_msgs/srv/PNCMapService.srv
[2.448s] -- Up-to-date: /home/lh/planning_with_ROS2_course/install/base_msgs/share/base_msgs/msg/LocalPath.msg
[2.449s] -- Up-to-date: /home/lh/planning_with_ROS2_course/install/base_msgs/share/base_msgs/msg/LocalSpeedsPoint.msg
[2.451s] -- Up-to-date: /home/lh/planning_with_ROS2_course/install/base_msgs/share/base_msgs/msg/LocalPathPoint.msg
[2.451s] -- Up-to-date: /home/lh/planning_with_ROS2_course/install/base_msgs/share/base_msgs/msg/LocalSpeeds.msg
[2.454s] -- Up-to-date: /home/lh/planning_with_ROS2_course/install/base_msgs/share/base_msgs/msg/LocalTrajectory.msg
[2.455s] -- Up-to-date: /home/lh/planning_with_ROS2_course/install/base_msgs/share/base_msgs/msg/LocalTrajectoryPoint.msg
[2.456s] -- Up-to-date: /home/lh/planning_with_ROS2_course/install/base_msgs/share/base_msgs/msg/ObsInfo.msg
[2.457s] -- Up-to-date: /home/lh/planning_with_ROS2_course/install/base_msgs/share/base_msgs/msg/PlotInfo.msg
[2.458s] -- Up-to-date: /home/lh/planning_with_ROS2_course/install/base_msgs/share/base_msgs/msg/PNCMap.msg
[2.459s] -- Up-to-date: /home/lh/planning_with_ROS2_course/install/base_msgs/share/base_msgs/msg/Referline.msg
[2.460s] -- Up-to-date: /home/lh/planning_with_ROS2_course/install/base_msgs/share/base_msgs/msg/ReferlinePoint.msg
[2.461s] -- Up-to-date: /home/lh/planning_with_ROS2_course/install/base_msgs/share/ament_index/resource_index/package_run_dependencies/base_msgs
[2.465s] -- Up-to-date: /home/lh/planning_with_ROS2_course/install/base_msgs/share/ament_index/resource_index/parent_prefix_path/base_msgs
[2.466s] -- Up-to-date: /home/lh/planning_with_ROS2_course/install/base_msgs/share/base_msgs/environment/ament_prefix_path.sh
[2.467s] -- Up-to-date: /home/lh/planning_with_ROS2_course/install/base_msgs/share/base_msgs/environment/ament_prefix_path.dsv
[2.467s] -- Up-to-date: /home/lh/planning_with_ROS2_course/install/base_msgs/share/base_msgs/environment/path.sh
[2.469s] -- Up-to-date: /home/lh/planning_with_ROS2_course/install/base_msgs/share/base_msgs/environment/path.dsv
[2.470s] -- Up-to-date: /home/lh/planning_with_ROS2_course/install/base_msgs/share/base_msgs/local_setup.bash
[2.470s] -- Up-to-date: /home/lh/planning_with_ROS2_course/install/base_msgs/share/base_msgs/local_setup.sh
[2.471s] -- Up-to-date: /home/lh/planning_with_ROS2_course/install/base_msgs/share/base_msgs/local_setup.zsh
[2.471s] -- Up-to-date: /home/lh/planning_with_ROS2_course/install/base_msgs/share/base_msgs/local_setup.dsv
[2.471s] -- Installing: /home/lh/planning_with_ROS2_course/install/base_msgs/share/base_msgs/package.dsv
[2.474s] -- Up-to-date: /home/lh/planning_with_ROS2_course/install/base_msgs/share/ament_index/resource_index/packages/base_msgs
[2.479s] -- Up-to-date: /home/lh/planning_with_ROS2_course/install/base_msgs/share/base_msgs/cmake/export_base_msgs__rosidl_generator_cExport.cmake
[2.480s] -- Up-to-date: /home/lh/planning_with_ROS2_course/install/base_msgs/share/base_msgs/cmake/export_base_msgs__rosidl_generator_cExport-noconfig.cmake
[2.483s] -- Up-to-date: /home/lh/planning_with_ROS2_course/install/base_msgs/share/base_msgs/cmake/export_base_msgs__rosidl_typesupport_fastrtps_cExport.cmake
[2.483s] -- Up-to-date: /home/lh/planning_with_ROS2_course/install/base_msgs/share/base_msgs/cmake/export_base_msgs__rosidl_typesupport_fastrtps_cExport-noconfig.cmake
[2.485s] -- Up-to-date: /home/lh/planning_with_ROS2_course/install/base_msgs/share/base_msgs/cmake/base_msgs__rosidl_typesupport_introspection_cExport.cmake
[2.486s] -- Up-to-date: /home/lh/planning_with_ROS2_course/install/base_msgs/share/base_msgs/cmake/base_msgs__rosidl_typesupport_introspection_cExport-noconfig.cmake
[2.488s] -- Up-to-date: /home/lh/planning_with_ROS2_course/install/base_msgs/share/base_msgs/cmake/base_msgs__rosidl_typesupport_cExport.cmake
[2.489s] -- Up-to-date: /home/lh/planning_with_ROS2_course/install/base_msgs/share/base_msgs/cmake/base_msgs__rosidl_typesupport_cExport-noconfig.cmake
[2.491s] -- Up-to-date: /home/lh/planning_with_ROS2_course/install/base_msgs/share/base_msgs/cmake/export_base_msgs__rosidl_generator_cppExport.cmake
[2.494s] -- Up-to-date: /home/lh/planning_with_ROS2_course/install/base_msgs/share/base_msgs/cmake/export_base_msgs__rosidl_typesupport_fastrtps_cppExport.cmake
[2.494s] -- Up-to-date: /home/lh/planning_with_ROS2_course/install/base_msgs/share/base_msgs/cmake/export_base_msgs__rosidl_typesupport_fastrtps_cppExport-noconfig.cmake
[2.496s] -- Up-to-date: /home/lh/planning_with_ROS2_course/install/base_msgs/share/base_msgs/cmake/base_msgs__rosidl_typesupport_introspection_cppExport.cmake
[2.497s] -- Up-to-date: /home/lh/planning_with_ROS2_course/install/base_msgs/share/base_msgs/cmake/base_msgs__rosidl_typesupport_introspection_cppExport-noconfig.cmake
[2.500s] -- Up-to-date: /home/lh/planning_with_ROS2_course/install/base_msgs/share/base_msgs/cmake/base_msgs__rosidl_typesupport_cppExport.cmake
[2.500s] -- Up-to-date: /home/lh/planning_with_ROS2_course/install/base_msgs/share/base_msgs/cmake/base_msgs__rosidl_typesupport_cppExport-noconfig.cmake
[2.502s] -- Up-to-date: /home/lh/planning_with_ROS2_course/install/base_msgs/share/base_msgs/cmake/export_base_msgs__rosidl_generator_pyExport.cmake
[2.503s] -- Up-to-date: /home/lh/planning_with_ROS2_course/install/base_msgs/share/base_msgs/cmake/export_base_msgs__rosidl_generator_pyExport-noconfig.cmake
[2.503s] -- Up-to-date: /home/lh/planning_with_ROS2_course/install/base_msgs/share/base_msgs/cmake/rosidl_cmake-extras.cmake
[2.506s] -- Up-to-date: /home/lh/planning_with_ROS2_course/install/base_msgs/share/base_msgs/cmake/ament_cmake_export_dependencies-extras.cmake
[2.506s] -- Up-to-date: /home/lh/planning_with_ROS2_course/install/base_msgs/share/base_msgs/cmake/ament_cmake_export_include_directories-extras.cmake
[2.507s] -- Up-to-date: /home/lh/planning_with_ROS2_course/install/base_msgs/share/base_msgs/cmake/ament_cmake_export_libraries-extras.cmake
[2.508s] -- Up-to-date: /home/lh/planning_with_ROS2_course/install/base_msgs/share/base_msgs/cmake/ament_cmake_export_targets-extras.cmake
[2.509s] -- Up-to-date: /home/lh/planning_with_ROS2_course/install/base_msgs/share/base_msgs/cmake/rosidl_cmake_export_typesupport_targets-extras.cmake
[2.509s] -- Up-to-date: /home/lh/planning_with_ROS2_course/install/base_msgs/share/base_msgs/cmake/rosidl_cmake_export_typesupport_libraries-extras.cmake
[2.509s] -- Up-to-date: /home/lh/planning_with_ROS2_course/install/base_msgs/share/base_msgs/cmake/base_msgsConfig.cmake
[2.511s] -- Up-to-date: /home/lh/planning_with_ROS2_course/install/base_msgs/share/base_msgs/cmake/base_msgsConfig-version.cmake
[2.512s] -- Up-to-date: /home/lh/planning_with_ROS2_course/install/base_msgs/share/base_msgs/package.xml
[2.521s] Invoked command in '/home/lh/planning_with_ROS2_course/build/base_msgs' returned '0': CMAKE_PREFIX_PATH=${CMAKE_PREFIX_PATH}:/home/lh/planning_with_ROS2_course/install/data_plot:/opt/ros/jazzy DEBUGINFOD_URLS=https://debuginfod.ubuntu.com /usr/bin/cmake --install /home/lh/planning_with_ROS2_course/build/base_msgs
