[0.078s] Invoking command in '/home/lh/planning_with_ROS2_course/build/base_msgs': CMAKE_PREFIX_PATH=${CMAKE_PREFIX_PATH}:/home/lh/planning_with_ROS2_course/install/data_plot:/opt/ros/jazzy DEBUGINFOD_URLS=https://debuginfod.ubuntu.com /usr/bin/cmake --build /home/lh/planning_with_ROS2_course/build/base_msgs -- -j16 -l16
[0.538s] [  0%] Built target base_msgs__rosidl_generator_type_description
[0.620s] [  0%] Built target ament_cmake_python_copy_base_msgs
[0.643s] [  0%] Built target base_msgs__cpp
[0.704s] [ 26%] Built target base_msgs__rosidl_generator_c
[0.827s] [ 36%] Built target base_msgs__rosidl_typesupport_c
[0.832s] [ 51%] Built target base_msgs__rosidl_typesupport_cpp
[0.834s] [ 56%] Built target base_msgs__rosidl_typesupport_introspection_c
[0.850s] [ 65%] Built target base_msgs__rosidl_typesupport_fastrtps_c
[0.857s] [ 75%] Built target base_msgs__rosidl_typesupport_fastrtps_cpp
[0.869s] [ 85%] Built target base_msgs__rosidl_typesupport_introspection_cpp
[0.947s] [ 85%] Built target base_msgs
[1.038s] [ 86%] Built target base_msgs__py
[1.142s] [ 96%] Built target base_msgs__rosidl_generator_py
[1.225s] [ 98%] Built target base_msgs_s__rosidl_typesupport_fastrtps_c
[1.226s] [ 99%] Built target base_msgs_s__rosidl_typesupport_introspection_c
[1.229s] [100%] Built target base_msgs_s__rosidl_typesupport_c
[1.311s] running egg_info
[1.370s] writing base_msgs.egg-info/PKG-INFO
[1.371s] writing dependency_links to base_msgs.egg-info/dependency_links.txt
[1.372s] writing top-level names to base_msgs.egg-info/top_level.txt
[1.528s] reading manifest file 'base_msgs.egg-info/SOURCES.txt'
[1.531s] writing manifest file 'base_msgs.egg-info/SOURCES.txt'
[1.635s] [100%] Built target ament_cmake_python_build_base_msgs_egg
[1.676s] Invoked command in '/home/lh/planning_with_ROS2_course/build/base_msgs' returned '0': CMAKE_PREFIX_PATH=${CMAKE_PREFIX_PATH}:/home/lh/planning_with_ROS2_course/install/data_plot:/opt/ros/jazzy DEBUGINFOD_URLS=https://debuginfod.ubuntu.com /usr/bin/cmake --build /home/lh/planning_with_ROS2_course/build/base_msgs -- -j16 -l16
[1.710s] Invoking command in '/home/lh/planning_with_ROS2_course/build/base_msgs': CMAKE_PREFIX_PATH=${CMAKE_PREFIX_PATH}:/home/lh/planning_with_ROS2_course/install/data_plot:/opt/ros/jazzy DEBUGINFOD_URLS=https://debuginfod.ubuntu.com /usr/bin/cmake --install /home/lh/planning_with_ROS2_course/build/base_msgs
[1.734s] -- Install configuration: ""
[1.734s] -- Up-to-date: /home/lh/planning_with_ROS2_course/install/base_msgs/share/ament_index/resource_index/rosidl_interfaces/base_msgs
[1.734s] -- Up-to-date: /home/lh/planning_with_ROS2_course/install/base_msgs/share/base_msgs/srv/GlobalPathService.json
[1.735s] -- Up-to-date: /home/lh/planning_with_ROS2_course/install/base_msgs/share/base_msgs/srv/PNCMapService.json
[1.736s] -- Up-to-date: /home/lh/planning_with_ROS2_course/install/base_msgs/share/base_msgs/msg/LocalPath.json
[1.736s] -- Up-to-date: /home/lh/planning_with_ROS2_course/install/base_msgs/share/base_msgs/msg/LocalSpeedsPoint.json
[1.736s] -- Up-to-date: /home/lh/planning_with_ROS2_course/install/base_msgs/share/base_msgs/msg/LocalPathPoint.json
[1.737s] -- Up-to-date: /home/lh/planning_with_ROS2_course/install/base_msgs/share/base_msgs/msg/LocalSpeeds.json
[1.737s] -- Up-to-date: /home/lh/planning_with_ROS2_course/install/base_msgs/share/base_msgs/msg/LocalTrajectory.json
[1.739s] -- Up-to-date: /home/lh/planning_with_ROS2_course/install/base_msgs/share/base_msgs/msg/LocalTrajectoryPoint.json
[1.739s] -- Up-to-date: /home/lh/planning_with_ROS2_course/install/base_msgs/share/base_msgs/msg/ObsInfo.json
[1.739s] -- Up-to-date: /home/lh/planning_with_ROS2_course/install/base_msgs/share/base_msgs/msg/PlotInfo.json
[1.740s] -- Up-to-date: /home/lh/planning_with_ROS2_course/install/base_msgs/share/base_msgs/msg/PNCMap.json
[1.740s] -- Up-to-date: /home/lh/planning_with_ROS2_course/install/base_msgs/share/base_msgs/msg/Referline.json
[1.740s] -- Up-to-date: /home/lh/planning_with_ROS2_course/install/base_msgs/share/base_msgs/msg/ReferlinePoint.json
[1.740s] -- Up-to-date: /home/lh/planning_with_ROS2_course/install/base_msgs/include/base_msgs/base_msgs
[1.743s] -- Up-to-date: /home/lh/planning_with_ROS2_course/install/base_msgs/include/base_msgs/base_msgs/msg
[1.744s] -- Up-to-date: /home/lh/planning_with_ROS2_course/install/base_msgs/include/base_msgs/base_msgs/msg/pnc_map.h
[1.744s] -- Up-to-date: /home/lh/planning_with_ROS2_course/install/base_msgs/include/base_msgs/base_msgs/msg/detail
[1.745s] -- Up-to-date: /home/lh/planning_with_ROS2_course/install/base_msgs/include/base_msgs/base_msgs/msg/detail/local_speeds_point__functions.c
[1.745s] -- Installing: /home/lh/planning_with_ROS2_course/install/base_msgs/include/base_msgs/base_msgs/msg/detail/referline__type_support.c
[1.746s] -- Up-to-date: /home/lh/planning_with_ROS2_course/install/base_msgs/include/base_msgs/base_msgs/msg/detail/obs_info__type_support.h
[1.746s] -- Up-to-date: /home/lh/planning_with_ROS2_course/install/base_msgs/include/base_msgs/base_msgs/msg/detail/plot_info__functions.c
[1.747s] -- Up-to-date: /home/lh/planning_with_ROS2_course/install/base_msgs/include/base_msgs/base_msgs/msg/detail/pnc_map__description.c
[1.748s] -- Up-to-date: /home/lh/planning_with_ROS2_course/install/base_msgs/include/base_msgs/base_msgs/msg/detail/plot_info__functions.h
[1.749s] -- Up-to-date: /home/lh/planning_with_ROS2_course/install/base_msgs/include/base_msgs/base_msgs/msg/detail/plot_info__struct.h
[1.749s] -- Up-to-date: /home/lh/planning_with_ROS2_course/install/base_msgs/include/base_msgs/base_msgs/msg/detail/local_trajectory_point__type_support.h
[1.749s] -- Up-to-date: /home/lh/planning_with_ROS2_course/install/base_msgs/include/base_msgs/base_msgs/msg/detail/local_trajectory_point__functions.h
[1.750s] -- Up-to-date: /home/lh/planning_with_ROS2_course/install/base_msgs/include/base_msgs/base_msgs/msg/detail/pnc_map__functions.c
[1.750s] -- Installing: /home/lh/planning_with_ROS2_course/install/base_msgs/include/base_msgs/base_msgs/msg/detail/local_path_point__type_support.c
[1.750s] -- Up-to-date: /home/lh/planning_with_ROS2_course/install/base_msgs/include/base_msgs/base_msgs/msg/detail/obs_info__description.c
[1.751s] -- Up-to-date: /home/lh/planning_with_ROS2_course/install/base_msgs/include/base_msgs/base_msgs/msg/detail/pnc_map__functions.h
[1.751s] -- Up-to-date: /home/lh/planning_with_ROS2_course/install/base_msgs/include/base_msgs/base_msgs/msg/detail/obs_info__functions.c
[1.751s] -- Up-to-date: /home/lh/planning_with_ROS2_course/install/base_msgs/include/base_msgs/base_msgs/msg/detail/referline__functions.h
[1.752s] -- Up-to-date: /home/lh/planning_with_ROS2_course/install/base_msgs/include/base_msgs/base_msgs/msg/detail/local_path__functions.h
[1.752s] -- Up-to-date: /home/lh/planning_with_ROS2_course/install/base_msgs/include/base_msgs/base_msgs/msg/detail/local_path__type_support.h
[1.752s] -- Installing: /home/lh/planning_with_ROS2_course/install/base_msgs/include/base_msgs/base_msgs/msg/detail/local_speeds__type_support.c
[1.753s] -- Up-to-date: /home/lh/planning_with_ROS2_course/install/base_msgs/include/base_msgs/base_msgs/msg/detail/pnc_map__struct.h
[1.753s] -- Installing: /home/lh/planning_with_ROS2_course/install/base_msgs/include/base_msgs/base_msgs/msg/detail/local_trajectory_point__type_support.c
[1.753s] -- Up-to-date: /home/lh/planning_with_ROS2_course/install/base_msgs/include/base_msgs/base_msgs/msg/detail/local_trajectory__struct.h
[1.754s] -- Up-to-date: /home/lh/planning_with_ROS2_course/install/base_msgs/include/base_msgs/base_msgs/msg/detail/local_path__functions.c
[1.754s] -- Up-to-date: /home/lh/planning_with_ROS2_course/install/base_msgs/include/base_msgs/base_msgs/msg/detail/referline_point__struct.h
[1.754s] -- Up-to-date: /home/lh/planning_with_ROS2_course/install/base_msgs/include/base_msgs/base_msgs/msg/detail/local_speeds__struct.h
[1.755s] -- Up-to-date: /home/lh/planning_with_ROS2_course/install/base_msgs/include/base_msgs/base_msgs/msg/detail/referline_point__type_support.h
[1.755s] -- Up-to-date: /home/lh/planning_with_ROS2_course/install/base_msgs/include/base_msgs/base_msgs/msg/detail/local_speeds_point__struct.h
[1.755s] -- Up-to-date: /home/lh/planning_with_ROS2_course/install/base_msgs/include/base_msgs/base_msgs/msg/detail/local_trajectory__type_support.h
[1.755s] -- Up-to-date: /home/lh/planning_with_ROS2_course/install/base_msgs/include/base_msgs/base_msgs/msg/detail/local_path__description.c
[1.755s] -- Up-to-date: /home/lh/planning_with_ROS2_course/install/base_msgs/include/base_msgs/base_msgs/msg/detail/local_speeds__type_support.h
[1.756s] -- Up-to-date: /home/lh/planning_with_ROS2_course/install/base_msgs/include/base_msgs/base_msgs/msg/detail/plot_info__type_support.h
[1.756s] -- Up-to-date: /home/lh/planning_with_ROS2_course/install/base_msgs/include/base_msgs/base_msgs/msg/detail/local_speeds__functions.c
[1.756s] -- Up-to-date: /home/lh/planning_with_ROS2_course/install/base_msgs/include/base_msgs/base_msgs/msg/detail/local_speeds__description.c
[1.756s] -- Up-to-date: /home/lh/planning_with_ROS2_course/install/base_msgs/include/base_msgs/base_msgs/msg/detail/local_trajectory_point__struct.h
[1.756s] -- Installing: /home/lh/planning_with_ROS2_course/install/base_msgs/include/base_msgs/base_msgs/msg/detail/plot_info__type_support.c
[1.757s] -- Installing: /home/lh/planning_with_ROS2_course/install/base_msgs/include/base_msgs/base_msgs/msg/detail/referline_point__type_support.c
[1.757s] -- Up-to-date: /home/lh/planning_with_ROS2_course/install/base_msgs/include/base_msgs/base_msgs/msg/detail/local_trajectory_point__description.c
[1.757s] -- Up-to-date: /home/lh/planning_with_ROS2_course/install/base_msgs/include/base_msgs/base_msgs/msg/detail/referline_point__functions.h
[1.757s] -- Installing: /home/lh/planning_with_ROS2_course/install/base_msgs/include/base_msgs/base_msgs/msg/detail/pnc_map__type_support.c
[1.757s] -- Up-to-date: /home/lh/planning_with_ROS2_course/install/base_msgs/include/base_msgs/base_msgs/msg/detail/local_speeds__functions.h
[1.757s] -- Up-to-date: /home/lh/planning_with_ROS2_course/install/base_msgs/include/base_msgs/base_msgs/msg/detail/local_path_point__struct.h
[1.757s] -- Installing: /home/lh/planning_with_ROS2_course/install/base_msgs/include/base_msgs/base_msgs/msg/detail/obs_info__type_support.c
[1.758s] -- Up-to-date: /home/lh/planning_with_ROS2_course/install/base_msgs/include/base_msgs/base_msgs/msg/detail/local_trajectory_point__functions.c
[1.758s] -- Up-to-date: /home/lh/planning_with_ROS2_course/install/base_msgs/include/base_msgs/base_msgs/msg/detail/local_path_point__functions.c
[1.758s] -- Up-to-date: /home/lh/planning_with_ROS2_course/install/base_msgs/include/base_msgs/base_msgs/msg/detail/referline__struct.h
[1.758s] -- Up-to-date: /home/lh/planning_with_ROS2_course/install/base_msgs/include/base_msgs/base_msgs/msg/detail/local_path_point__functions.h
[1.758s] -- Up-to-date: /home/lh/planning_with_ROS2_course/install/base_msgs/include/base_msgs/base_msgs/msg/detail/referline_point__functions.c
[1.758s] -- Installing: /home/lh/planning_with_ROS2_course/install/base_msgs/include/base_msgs/base_msgs/msg/detail/local_trajectory__type_support.c
[1.758s] -- Up-to-date: /home/lh/planning_with_ROS2_course/install/base_msgs/include/base_msgs/base_msgs/msg/detail/referline__functions.c
[1.759s] -- Up-to-date: /home/lh/planning_with_ROS2_course/install/base_msgs/include/base_msgs/base_msgs/msg/detail/local_trajectory__functions.h
[1.759s] -- Up-to-date: /home/lh/planning_with_ROS2_course/install/base_msgs/include/base_msgs/base_msgs/msg/detail/referline_point__description.c
[1.759s] -- Up-to-date: /home/lh/planning_with_ROS2_course/install/base_msgs/include/base_msgs/base_msgs/msg/detail/pnc_map__type_support.h
[1.759s] -- Installing: /home/lh/planning_with_ROS2_course/install/base_msgs/include/base_msgs/base_msgs/msg/detail/local_speeds_point__type_support.c
[1.759s] -- Up-to-date: /home/lh/planning_with_ROS2_course/install/base_msgs/include/base_msgs/base_msgs/msg/detail/local_trajectory__description.c
[1.760s] -- Up-to-date: /home/lh/planning_with_ROS2_course/install/base_msgs/include/base_msgs/base_msgs/msg/detail/local_path__struct.h
[1.760s] -- Up-to-date: /home/lh/planning_with_ROS2_course/install/base_msgs/include/base_msgs/base_msgs/msg/detail/local_path_point__description.c
[1.760s] -- Up-to-date: /home/lh/planning_with_ROS2_course/install/base_msgs/include/base_msgs/base_msgs/msg/detail/local_trajectory__functions.c
[1.760s] -- Up-to-date: /home/lh/planning_with_ROS2_course/install/base_msgs/include/base_msgs/base_msgs/msg/detail/local_speeds_point__description.c
[1.761s] -- Up-to-date: /home/lh/planning_with_ROS2_course/install/base_msgs/include/base_msgs/base_msgs/msg/detail/plot_info__description.c
[1.761s] -- Up-to-date: /home/lh/planning_with_ROS2_course/install/base_msgs/include/base_msgs/base_msgs/msg/detail/local_speeds_point__functions.h
[1.761s] -- Up-to-date: /home/lh/planning_with_ROS2_course/install/base_msgs/include/base_msgs/base_msgs/msg/detail/local_speeds_point__type_support.h
[1.761s] -- Installing: /home/lh/planning_with_ROS2_course/install/base_msgs/include/base_msgs/base_msgs/msg/detail/local_path__type_support.c
[1.761s] -- Up-to-date: /home/lh/planning_with_ROS2_course/install/base_msgs/include/base_msgs/base_msgs/msg/detail/obs_info__functions.h
[1.761s] -- Up-to-date: /home/lh/planning_with_ROS2_course/install/base_msgs/include/base_msgs/base_msgs/msg/detail/local_path_point__type_support.h
[1.761s] -- Up-to-date: /home/lh/planning_with_ROS2_course/install/base_msgs/include/base_msgs/base_msgs/msg/detail/referline__description.c
[1.762s] -- Up-to-date: /home/lh/planning_with_ROS2_course/install/base_msgs/include/base_msgs/base_msgs/msg/detail/referline__type_support.h
[1.762s] -- Up-to-date: /home/lh/planning_with_ROS2_course/install/base_msgs/include/base_msgs/base_msgs/msg/detail/obs_info__struct.h
[1.762s] -- Up-to-date: /home/lh/planning_with_ROS2_course/install/base_msgs/include/base_msgs/base_msgs/msg/local_path.h
[1.762s] -- Up-to-date: /home/lh/planning_with_ROS2_course/install/base_msgs/include/base_msgs/base_msgs/msg/local_trajectory.h
[1.762s] -- Up-to-date: /home/lh/planning_with_ROS2_course/install/base_msgs/include/base_msgs/base_msgs/msg/plot_info.h
[1.763s] -- Up-to-date: /home/lh/planning_with_ROS2_course/install/base_msgs/include/base_msgs/base_msgs/msg/referline.h
[1.763s] -- Up-to-date: /home/lh/planning_with_ROS2_course/install/base_msgs/include/base_msgs/base_msgs/msg/local_path_point.h
[1.763s] -- Up-to-date: /home/lh/planning_with_ROS2_course/install/base_msgs/include/base_msgs/base_msgs/msg/local_speeds_point.h
[1.763s] -- Up-to-date: /home/lh/planning_with_ROS2_course/install/base_msgs/include/base_msgs/base_msgs/msg/local_trajectory_point.h
[1.763s] -- Up-to-date: /home/lh/planning_with_ROS2_course/install/base_msgs/include/base_msgs/base_msgs/msg/referline_point.h
[1.764s] -- Up-to-date: /home/lh/planning_with_ROS2_course/install/base_msgs/include/base_msgs/base_msgs/msg/rosidl_generator_c__visibility_control.h
[1.764s] -- Up-to-date: /home/lh/planning_with_ROS2_course/install/base_msgs/include/base_msgs/base_msgs/msg/local_speeds.h
[1.764s] -- Up-to-date: /home/lh/planning_with_ROS2_course/install/base_msgs/include/base_msgs/base_msgs/msg/obs_info.h
[1.764s] -- Up-to-date: /home/lh/planning_with_ROS2_course/install/base_msgs/include/base_msgs/base_msgs/srv
[1.765s] -- Up-to-date: /home/lh/planning_with_ROS2_course/install/base_msgs/include/base_msgs/base_msgs/srv/detail
[1.765s] -- Up-to-date: /home/lh/planning_with_ROS2_course/install/base_msgs/include/base_msgs/base_msgs/srv/detail/pnc_map_service__description.c
[1.765s] -- Up-to-date: /home/lh/planning_with_ROS2_course/install/base_msgs/include/base_msgs/base_msgs/srv/detail/pnc_map_service__type_support.h
[1.765s] -- Up-to-date: /home/lh/planning_with_ROS2_course/install/base_msgs/include/base_msgs/base_msgs/srv/detail/global_path_service__functions.c
[1.765s] -- Up-to-date: /home/lh/planning_with_ROS2_course/install/base_msgs/include/base_msgs/base_msgs/srv/detail/pnc_map_service__functions.h
[1.765s] -- Up-to-date: /home/lh/planning_with_ROS2_course/install/base_msgs/include/base_msgs/base_msgs/srv/detail/global_path_service__functions.h
[1.766s] -- Up-to-date: /home/lh/planning_with_ROS2_course/install/base_msgs/include/base_msgs/base_msgs/srv/detail/global_path_service__type_support.h
[1.766s] -- Installing: /home/lh/planning_with_ROS2_course/install/base_msgs/include/base_msgs/base_msgs/srv/detail/global_path_service__type_support.c
[1.767s] -- Up-to-date: /home/lh/planning_with_ROS2_course/install/base_msgs/include/base_msgs/base_msgs/srv/detail/pnc_map_service__struct.h
[1.767s] -- Up-to-date: /home/lh/planning_with_ROS2_course/install/base_msgs/include/base_msgs/base_msgs/srv/detail/global_path_service__struct.h
[1.767s] -- Installing: /home/lh/planning_with_ROS2_course/install/base_msgs/include/base_msgs/base_msgs/srv/detail/pnc_map_service__type_support.c
[1.767s] -- Up-to-date: /home/lh/planning_with_ROS2_course/install/base_msgs/include/base_msgs/base_msgs/srv/detail/pnc_map_service__functions.c
[1.769s] -- Up-to-date: /home/lh/planning_with_ROS2_course/install/base_msgs/include/base_msgs/base_msgs/srv/detail/global_path_service__description.c
[1.771s] -- Up-to-date: /home/lh/planning_with_ROS2_course/install/base_msgs/include/base_msgs/base_msgs/srv/global_path_service.h
[1.772s] -- Up-to-date: /home/lh/planning_with_ROS2_course/install/base_msgs/include/base_msgs/base_msgs/srv/pnc_map_service.h
[1.772s] -- Up-to-date: /home/lh/planning_with_ROS2_course/install/base_msgs/share/base_msgs/environment/library_path.sh
[1.772s] -- Up-to-date: /home/lh/planning_with_ROS2_course/install/base_msgs/share/base_msgs/environment/library_path.dsv
[1.772s] -- Up-to-date: /home/lh/planning_with_ROS2_course/install/base_msgs/lib/libbase_msgs__rosidl_generator_c.so
[1.772s] -- Up-to-date: /home/lh/planning_with_ROS2_course/install/base_msgs/include/base_msgs/base_msgs
[1.772s] -- Up-to-date: /home/lh/planning_with_ROS2_course/install/base_msgs/include/base_msgs/base_msgs/msg
[1.772s] -- Up-to-date: /home/lh/planning_with_ROS2_course/install/base_msgs/include/base_msgs/base_msgs/msg/detail
[1.773s] -- Up-to-date: /home/lh/planning_with_ROS2_course/install/base_msgs/include/base_msgs/base_msgs/msg/detail/local_trajectory_point__rosidl_typesupport_fastrtps_c.h
[1.775s] -- Up-to-date: /home/lh/planning_with_ROS2_course/install/base_msgs/include/base_msgs/base_msgs/msg/detail/local_trajectory__rosidl_typesupport_fastrtps_c.h
[1.775s] -- Up-to-date: /home/lh/planning_with_ROS2_course/install/base_msgs/include/base_msgs/base_msgs/msg/detail/referline__rosidl_typesupport_fastrtps_c.h
[1.776s] -- Up-to-date: /home/lh/planning_with_ROS2_course/install/base_msgs/include/base_msgs/base_msgs/msg/detail/obs_info__rosidl_typesupport_fastrtps_c.h
[1.776s] -- Up-to-date: /home/lh/planning_with_ROS2_course/install/base_msgs/include/base_msgs/base_msgs/msg/detail/pnc_map__rosidl_typesupport_fastrtps_c.h
[1.776s] -- Up-to-date: /home/lh/planning_with_ROS2_course/install/base_msgs/include/base_msgs/base_msgs/msg/detail/local_path__rosidl_typesupport_fastrtps_c.h
[1.777s] -- Up-to-date: /home/lh/planning_with_ROS2_course/install/base_msgs/include/base_msgs/base_msgs/msg/detail/local_speeds_point__rosidl_typesupport_fastrtps_c.h
[1.777s] -- Up-to-date: /home/lh/planning_with_ROS2_course/install/base_msgs/include/base_msgs/base_msgs/msg/detail/referline_point__rosidl_typesupport_fastrtps_c.h
[1.777s] -- Up-to-date: /home/lh/planning_with_ROS2_course/install/base_msgs/include/base_msgs/base_msgs/msg/detail/plot_info__rosidl_typesupport_fastrtps_c.h
[1.777s] -- Up-to-date: /home/lh/planning_with_ROS2_course/install/base_msgs/include/base_msgs/base_msgs/msg/detail/local_speeds__rosidl_typesupport_fastrtps_c.h
[1.778s] -- Up-to-date: /home/lh/planning_with_ROS2_course/install/base_msgs/include/base_msgs/base_msgs/msg/detail/local_path_point__rosidl_typesupport_fastrtps_c.h
[1.778s] -- Up-to-date: /home/lh/planning_with_ROS2_course/install/base_msgs/include/base_msgs/base_msgs/msg/rosidl_typesupport_fastrtps_c__visibility_control.h
[1.778s] -- Up-to-date: /home/lh/planning_with_ROS2_course/install/base_msgs/include/base_msgs/base_msgs/srv
[1.778s] -- Up-to-date: /home/lh/planning_with_ROS2_course/install/base_msgs/include/base_msgs/base_msgs/srv/detail
[1.778s] -- Up-to-date: /home/lh/planning_with_ROS2_course/install/base_msgs/include/base_msgs/base_msgs/srv/detail/global_path_service__rosidl_typesupport_fastrtps_c.h
[1.778s] -- Up-to-date: /home/lh/planning_with_ROS2_course/install/base_msgs/include/base_msgs/base_msgs/srv/detail/pnc_map_service__rosidl_typesupport_fastrtps_c.h
[1.779s] -- Up-to-date: /home/lh/planning_with_ROS2_course/install/base_msgs/lib/libbase_msgs__rosidl_typesupport_fastrtps_c.so
[1.779s] -- Up-to-date: /home/lh/planning_with_ROS2_course/install/base_msgs/include/base_msgs/base_msgs
[1.779s] -- Up-to-date: /home/lh/planning_with_ROS2_course/install/base_msgs/include/base_msgs/base_msgs/msg
[1.779s] -- Up-to-date: /home/lh/planning_with_ROS2_course/install/base_msgs/include/base_msgs/base_msgs/msg/detail
[1.780s] -- Up-to-date: /home/lh/planning_with_ROS2_course/install/base_msgs/include/base_msgs/base_msgs/msg/detail/referline__rosidl_typesupport_introspection_c.h
[1.780s] -- Installing: /home/lh/planning_with_ROS2_course/install/base_msgs/include/base_msgs/base_msgs/msg/detail/referline__type_support.c
[1.780s] -- Up-to-date: /home/lh/planning_with_ROS2_course/install/base_msgs/include/base_msgs/base_msgs/msg/detail/local_path_point__rosidl_typesupport_introspection_c.h
[1.780s] -- Installing: /home/lh/planning_with_ROS2_course/install/base_msgs/include/base_msgs/base_msgs/msg/detail/local_path_point__type_support.c
[1.780s] -- Up-to-date: /home/lh/planning_with_ROS2_course/install/base_msgs/include/base_msgs/base_msgs/msg/detail/local_speeds__rosidl_typesupport_introspection_c.h
[1.781s] -- Up-to-date: /home/lh/planning_with_ROS2_course/install/base_msgs/include/base_msgs/base_msgs/msg/detail/local_trajectory__rosidl_typesupport_introspection_c.h
[1.781s] -- Installing: /home/lh/planning_with_ROS2_course/install/base_msgs/include/base_msgs/base_msgs/msg/detail/local_speeds__type_support.c
[1.781s] -- Installing: /home/lh/planning_with_ROS2_course/install/base_msgs/include/base_msgs/base_msgs/msg/detail/local_trajectory_point__type_support.c
[1.782s] -- Up-to-date: /home/lh/planning_with_ROS2_course/install/base_msgs/include/base_msgs/base_msgs/msg/detail/obs_info__rosidl_typesupport_introspection_c.h
[1.782s] -- Up-to-date: /home/lh/planning_with_ROS2_course/install/base_msgs/include/base_msgs/base_msgs/msg/detail/local_speeds_point__rosidl_typesupport_introspection_c.h
[1.782s] -- Up-to-date: /home/lh/planning_with_ROS2_course/install/base_msgs/include/base_msgs/base_msgs/msg/detail/plot_info__rosidl_typesupport_introspection_c.h
[1.782s] -- Up-to-date: /home/lh/planning_with_ROS2_course/install/base_msgs/include/base_msgs/base_msgs/msg/detail/local_path__rosidl_typesupport_introspection_c.h
[1.782s] -- Installing: /home/lh/planning_with_ROS2_course/install/base_msgs/include/base_msgs/base_msgs/msg/detail/plot_info__type_support.c
[1.782s] -- Installing: /home/lh/planning_with_ROS2_course/install/base_msgs/include/base_msgs/base_msgs/msg/detail/referline_point__type_support.c
[1.783s] -- Installing: /home/lh/planning_with_ROS2_course/install/base_msgs/include/base_msgs/base_msgs/msg/detail/pnc_map__type_support.c
[1.783s] -- Installing: /home/lh/planning_with_ROS2_course/install/base_msgs/include/base_msgs/base_msgs/msg/detail/obs_info__type_support.c
[1.786s] -- Up-to-date: /home/lh/planning_with_ROS2_course/install/base_msgs/include/base_msgs/base_msgs/msg/detail/local_trajectory_point__rosidl_typesupport_introspection_c.h
[1.786s] -- Installing: /home/lh/planning_with_ROS2_course/install/base_msgs/include/base_msgs/base_msgs/msg/detail/local_trajectory__type_support.c
[1.786s] -- Installing: /home/lh/planning_with_ROS2_course/install/base_msgs/include/base_msgs/base_msgs/msg/detail/local_speeds_point__type_support.c
[1.787s] -- Up-to-date: /home/lh/planning_with_ROS2_course/install/base_msgs/include/base_msgs/base_msgs/msg/detail/referline_point__rosidl_typesupport_introspection_c.h
[1.787s] -- Up-to-date: /home/lh/planning_with_ROS2_course/install/base_msgs/include/base_msgs/base_msgs/msg/detail/pnc_map__rosidl_typesupport_introspection_c.h
[1.787s] -- Installing: /home/lh/planning_with_ROS2_course/install/base_msgs/include/base_msgs/base_msgs/msg/detail/local_path__type_support.c
[1.788s] -- Up-to-date: /home/lh/planning_with_ROS2_course/install/base_msgs/include/base_msgs/base_msgs/msg/rosidl_typesupport_introspection_c__visibility_control.h
[1.788s] -- Up-to-date: /home/lh/planning_with_ROS2_course/install/base_msgs/include/base_msgs/base_msgs/srv
[1.789s] -- Up-to-date: /home/lh/planning_with_ROS2_course/install/base_msgs/include/base_msgs/base_msgs/srv/detail
[1.789s] -- Up-to-date: /home/lh/planning_with_ROS2_course/install/base_msgs/include/base_msgs/base_msgs/srv/detail/pnc_map_service__rosidl_typesupport_introspection_c.h
[1.789s] -- Installing: /home/lh/planning_with_ROS2_course/install/base_msgs/include/base_msgs/base_msgs/srv/detail/global_path_service__type_support.c
[1.790s] -- Up-to-date: /home/lh/planning_with_ROS2_course/install/base_msgs/include/base_msgs/base_msgs/srv/detail/global_path_service__rosidl_typesupport_introspection_c.h
[1.791s] -- Installing: /home/lh/planning_with_ROS2_course/install/base_msgs/include/base_msgs/base_msgs/srv/detail/pnc_map_service__type_support.c
[1.793s] -- Up-to-date: /home/lh/planning_with_ROS2_course/install/base_msgs/lib/libbase_msgs__rosidl_typesupport_introspection_c.so
[1.796s] -- Up-to-date: /home/lh/planning_with_ROS2_course/install/base_msgs/lib/libbase_msgs__rosidl_typesupport_c.so
[1.796s] -- Up-to-date: /home/lh/planning_with_ROS2_course/install/base_msgs/include/base_msgs/base_msgs
[1.797s] -- Up-to-date: /home/lh/planning_with_ROS2_course/install/base_msgs/include/base_msgs/base_msgs/msg
[1.797s] -- Up-to-date: /home/lh/planning_with_ROS2_course/install/base_msgs/include/base_msgs/base_msgs/msg/detail
[1.798s] -- Up-to-date: /home/lh/planning_with_ROS2_course/install/base_msgs/include/base_msgs/base_msgs/msg/detail/local_trajectory__struct.hpp
[1.798s] -- Up-to-date: /home/lh/planning_with_ROS2_course/install/base_msgs/include/base_msgs/base_msgs/msg/detail/pnc_map__traits.hpp
[1.799s] -- Up-to-date: /home/lh/planning_with_ROS2_course/install/base_msgs/include/base_msgs/base_msgs/msg/detail/plot_info__traits.hpp
[1.799s] -- Up-to-date: /home/lh/planning_with_ROS2_course/install/base_msgs/include/base_msgs/base_msgs/msg/detail/local_trajectory_point__builder.hpp
[1.799s] -- Up-to-date: /home/lh/planning_with_ROS2_course/install/base_msgs/include/base_msgs/base_msgs/msg/detail/local_trajectory_point__type_support.hpp
[1.800s] -- Up-to-date: /home/lh/planning_with_ROS2_course/install/base_msgs/include/base_msgs/base_msgs/msg/detail/local_trajectory__type_support.hpp
[1.801s] -- Up-to-date: /home/lh/planning_with_ROS2_course/install/base_msgs/include/base_msgs/base_msgs/msg/detail/plot_info__type_support.hpp
[1.802s] -- Up-to-date: /home/lh/planning_with_ROS2_course/install/base_msgs/include/base_msgs/base_msgs/msg/detail/local_trajectory__traits.hpp
[1.803s] -- Up-to-date: /home/lh/planning_with_ROS2_course/install/base_msgs/include/base_msgs/base_msgs/msg/detail/referline_point__struct.hpp
[1.803s] -- Up-to-date: /home/lh/planning_with_ROS2_course/install/base_msgs/include/base_msgs/base_msgs/msg/detail/referline_point__builder.hpp
[1.803s] -- Up-to-date: /home/lh/planning_with_ROS2_course/install/base_msgs/include/base_msgs/base_msgs/msg/detail/local_path_point__builder.hpp
[1.804s] -- Up-to-date: /home/lh/planning_with_ROS2_course/install/base_msgs/include/base_msgs/base_msgs/msg/detail/obs_info__struct.hpp
[1.804s] -- Up-to-date: /home/lh/planning_with_ROS2_course/install/base_msgs/include/base_msgs/base_msgs/msg/detail/local_path__builder.hpp
[1.804s] -- Up-to-date: /home/lh/planning_with_ROS2_course/install/base_msgs/include/base_msgs/base_msgs/msg/detail/referline__type_support.hpp
[1.805s] -- Up-to-date: /home/lh/planning_with_ROS2_course/install/base_msgs/include/base_msgs/base_msgs/msg/detail/local_speeds__type_support.hpp
[1.805s] -- Up-to-date: /home/lh/planning_with_ROS2_course/install/base_msgs/include/base_msgs/base_msgs/msg/detail/pnc_map__type_support.hpp
[1.805s] -- Up-to-date: /home/lh/planning_with_ROS2_course/install/base_msgs/include/base_msgs/base_msgs/msg/detail/local_trajectory__builder.hpp
[1.806s] -- Up-to-date: /home/lh/planning_with_ROS2_course/install/base_msgs/include/base_msgs/base_msgs/msg/detail/local_speeds__builder.hpp
[1.807s] -- Up-to-date: /home/lh/planning_with_ROS2_course/install/base_msgs/include/base_msgs/base_msgs/msg/detail/referline__struct.hpp
[1.809s] -- Up-to-date: /home/lh/planning_with_ROS2_course/install/base_msgs/include/base_msgs/base_msgs/msg/detail/local_path_point__traits.hpp
[1.810s] -- Up-to-date: /home/lh/planning_with_ROS2_course/install/base_msgs/include/base_msgs/base_msgs/msg/detail/referline__builder.hpp
[1.811s] -- Up-to-date: /home/lh/planning_with_ROS2_course/install/base_msgs/include/base_msgs/base_msgs/msg/detail/local_trajectory_point__traits.hpp
[1.811s] -- Up-to-date: /home/lh/planning_with_ROS2_course/install/base_msgs/include/base_msgs/base_msgs/msg/detail/obs_info__type_support.hpp
[1.811s] -- Up-to-date: /home/lh/planning_with_ROS2_course/install/base_msgs/include/base_msgs/base_msgs/msg/detail/local_speeds_point__type_support.hpp
[1.811s] -- Up-to-date: /home/lh/planning_with_ROS2_course/install/base_msgs/include/base_msgs/base_msgs/msg/detail/local_path__traits.hpp
[1.811s] -- Up-to-date: /home/lh/planning_with_ROS2_course/install/base_msgs/include/base_msgs/base_msgs/msg/detail/local_speeds__traits.hpp
[1.812s] -- Up-to-date: /home/lh/planning_with_ROS2_course/install/base_msgs/include/base_msgs/base_msgs/msg/detail/local_path__struct.hpp
[1.812s] -- Up-to-date: /home/lh/planning_with_ROS2_course/install/base_msgs/include/base_msgs/base_msgs/msg/detail/obs_info__builder.hpp
[1.812s] -- Up-to-date: /home/lh/planning_with_ROS2_course/install/base_msgs/include/base_msgs/base_msgs/msg/detail/local_speeds_point__traits.hpp
[1.813s] -- Up-to-date: /home/lh/planning_with_ROS2_course/install/base_msgs/include/base_msgs/base_msgs/msg/detail/local_path_point__type_support.hpp
[1.813s] -- Up-to-date: /home/lh/planning_with_ROS2_course/install/base_msgs/include/base_msgs/base_msgs/msg/detail/plot_info__builder.hpp
[1.813s] -- Up-to-date: /home/lh/planning_with_ROS2_course/install/base_msgs/include/base_msgs/base_msgs/msg/detail/referline_point__traits.hpp
[1.814s] -- Up-to-date: /home/lh/planning_with_ROS2_course/install/base_msgs/include/base_msgs/base_msgs/msg/detail/referline_point__type_support.hpp
[1.814s] -- Up-to-date: /home/lh/planning_with_ROS2_course/install/base_msgs/include/base_msgs/base_msgs/msg/detail/local_speeds_point__builder.hpp
[1.815s] -- Up-to-date: /home/lh/planning_with_ROS2_course/install/base_msgs/include/base_msgs/base_msgs/msg/detail/pnc_map__builder.hpp
[1.815s] -- Up-to-date: /home/lh/planning_with_ROS2_course/install/base_msgs/include/base_msgs/base_msgs/msg/detail/local_speeds__struct.hpp
[1.815s] -- Up-to-date: /home/lh/planning_with_ROS2_course/install/base_msgs/include/base_msgs/base_msgs/msg/detail/obs_info__traits.hpp
[1.816s] -- Up-to-date: /home/lh/planning_with_ROS2_course/install/base_msgs/include/base_msgs/base_msgs/msg/detail/referline__traits.hpp
[1.816s] -- Up-to-date: /home/lh/planning_with_ROS2_course/install/base_msgs/include/base_msgs/base_msgs/msg/detail/local_speeds_point__struct.hpp
[1.816s] -- Up-to-date: /home/lh/planning_with_ROS2_course/install/base_msgs/include/base_msgs/base_msgs/msg/detail/plot_info__struct.hpp
[1.817s] -- Up-to-date: /home/lh/planning_with_ROS2_course/install/base_msgs/include/base_msgs/base_msgs/msg/detail/local_trajectory_point__struct.hpp
[1.817s] -- Up-to-date: /home/lh/planning_with_ROS2_course/install/base_msgs/include/base_msgs/base_msgs/msg/detail/local_path__type_support.hpp
[1.817s] -- Up-to-date: /home/lh/planning_with_ROS2_course/install/base_msgs/include/base_msgs/base_msgs/msg/detail/local_path_point__struct.hpp
[1.818s] -- Up-to-date: /home/lh/planning_with_ROS2_course/install/base_msgs/include/base_msgs/base_msgs/msg/detail/pnc_map__struct.hpp
[1.818s] -- Up-to-date: /home/lh/planning_with_ROS2_course/install/base_msgs/include/base_msgs/base_msgs/msg/referline_point.hpp
[1.819s] -- Up-to-date: /home/lh/planning_with_ROS2_course/install/base_msgs/include/base_msgs/base_msgs/msg/local_speeds.hpp
[1.819s] -- Up-to-date: /home/lh/planning_with_ROS2_course/install/base_msgs/include/base_msgs/base_msgs/msg/pnc_map.hpp
[1.820s] -- Up-to-date: /home/lh/planning_with_ROS2_course/install/base_msgs/include/base_msgs/base_msgs/msg/local_trajectory.hpp
[1.820s] -- Up-to-date: /home/lh/planning_with_ROS2_course/install/base_msgs/include/base_msgs/base_msgs/msg/referline.hpp
[1.820s] -- Up-to-date: /home/lh/planning_with_ROS2_course/install/base_msgs/include/base_msgs/base_msgs/msg/rosidl_generator_cpp__visibility_control.hpp
[1.821s] -- Up-to-date: /home/lh/planning_with_ROS2_course/install/base_msgs/include/base_msgs/base_msgs/msg/local_trajectory_point.hpp
[1.821s] -- Up-to-date: /home/lh/planning_with_ROS2_course/install/base_msgs/include/base_msgs/base_msgs/msg/local_speeds_point.hpp
[1.822s] -- Up-to-date: /home/lh/planning_with_ROS2_course/install/base_msgs/include/base_msgs/base_msgs/msg/local_path_point.hpp
[1.822s] -- Up-to-date: /home/lh/planning_with_ROS2_course/install/base_msgs/include/base_msgs/base_msgs/msg/obs_info.hpp
[1.822s] -- Up-to-date: /home/lh/planning_with_ROS2_course/install/base_msgs/include/base_msgs/base_msgs/msg/local_path.hpp
[1.822s] -- Up-to-date: /home/lh/planning_with_ROS2_course/install/base_msgs/include/base_msgs/base_msgs/msg/plot_info.hpp
[1.822s] -- Up-to-date: /home/lh/planning_with_ROS2_course/install/base_msgs/include/base_msgs/base_msgs/srv
[1.823s] -- Up-to-date: /home/lh/planning_with_ROS2_course/install/base_msgs/include/base_msgs/base_msgs/srv/detail
[1.823s] -- Up-to-date: /home/lh/planning_with_ROS2_course/install/base_msgs/include/base_msgs/base_msgs/srv/detail/pnc_map_service__type_support.hpp
[1.823s] -- Up-to-date: /home/lh/planning_with_ROS2_course/install/base_msgs/include/base_msgs/base_msgs/srv/detail/pnc_map_service__struct.hpp
[1.823s] -- Up-to-date: /home/lh/planning_with_ROS2_course/install/base_msgs/include/base_msgs/base_msgs/srv/detail/global_path_service__traits.hpp
[1.824s] -- Up-to-date: /home/lh/planning_with_ROS2_course/install/base_msgs/include/base_msgs/base_msgs/srv/detail/pnc_map_service__builder.hpp
[1.824s] -- Up-to-date: /home/lh/planning_with_ROS2_course/install/base_msgs/include/base_msgs/base_msgs/srv/detail/pnc_map_service__traits.hpp
[1.824s] -- Up-to-date: /home/lh/planning_with_ROS2_course/install/base_msgs/include/base_msgs/base_msgs/srv/detail/global_path_service__builder.hpp
[1.824s] -- Up-to-date: /home/lh/planning_with_ROS2_course/install/base_msgs/include/base_msgs/base_msgs/srv/detail/global_path_service__type_support.hpp
[1.824s] -- Up-to-date: /home/lh/planning_with_ROS2_course/install/base_msgs/include/base_msgs/base_msgs/srv/detail/global_path_service__struct.hpp
[1.825s] -- Up-to-date: /home/lh/planning_with_ROS2_course/install/base_msgs/include/base_msgs/base_msgs/srv/global_path_service.hpp
[1.825s] -- Up-to-date: /home/lh/planning_with_ROS2_course/install/base_msgs/include/base_msgs/base_msgs/srv/pnc_map_service.hpp
[1.825s] -- Up-to-date: /home/lh/planning_with_ROS2_course/install/base_msgs/include/base_msgs/base_msgs
[1.825s] -- Up-to-date: /home/lh/planning_with_ROS2_course/install/base_msgs/include/base_msgs/base_msgs/msg
[1.825s] -- Up-to-date: /home/lh/planning_with_ROS2_course/install/base_msgs/include/base_msgs/base_msgs/msg/detail
[1.826s] -- Up-to-date: /home/lh/planning_with_ROS2_course/install/base_msgs/include/base_msgs/base_msgs/msg/detail/plot_info__rosidl_typesupport_fastrtps_cpp.hpp
[1.826s] -- Up-to-date: /home/lh/planning_with_ROS2_course/install/base_msgs/include/base_msgs/base_msgs/msg/detail/referline__rosidl_typesupport_fastrtps_cpp.hpp
[1.826s] -- Up-to-date: /home/lh/planning_with_ROS2_course/install/base_msgs/include/base_msgs/base_msgs/msg/detail/local_speeds__rosidl_typesupport_fastrtps_cpp.hpp
[1.826s] -- Up-to-date: /home/lh/planning_with_ROS2_course/install/base_msgs/include/base_msgs/base_msgs/msg/detail/obs_info__rosidl_typesupport_fastrtps_cpp.hpp
[1.826s] -- Up-to-date: /home/lh/planning_with_ROS2_course/install/base_msgs/include/base_msgs/base_msgs/msg/detail/pnc_map__rosidl_typesupport_fastrtps_cpp.hpp
[1.826s] -- Up-to-date: /home/lh/planning_with_ROS2_course/install/base_msgs/include/base_msgs/base_msgs/msg/detail/local_trajectory__rosidl_typesupport_fastrtps_cpp.hpp
[1.827s] -- Up-to-date: /home/lh/planning_with_ROS2_course/install/base_msgs/include/base_msgs/base_msgs/msg/detail/local_path__rosidl_typesupport_fastrtps_cpp.hpp
[1.827s] -- Up-to-date: /home/lh/planning_with_ROS2_course/install/base_msgs/include/base_msgs/base_msgs/msg/detail/local_trajectory_point__rosidl_typesupport_fastrtps_cpp.hpp
[1.827s] -- Up-to-date: /home/lh/planning_with_ROS2_course/install/base_msgs/include/base_msgs/base_msgs/msg/detail/referline_point__rosidl_typesupport_fastrtps_cpp.hpp
[1.827s] -- Up-to-date: /home/lh/planning_with_ROS2_course/install/base_msgs/include/base_msgs/base_msgs/msg/detail/dds_fastrtps
[1.828s] -- Up-to-date: /home/lh/planning_with_ROS2_course/install/base_msgs/include/base_msgs/base_msgs/msg/detail/local_path_point__rosidl_typesupport_fastrtps_cpp.hpp
[1.828s] -- Up-to-date: /home/lh/planning_with_ROS2_course/install/base_msgs/include/base_msgs/base_msgs/msg/detail/local_speeds_point__rosidl_typesupport_fastrtps_cpp.hpp
[1.829s] -- Up-to-date: /home/lh/planning_with_ROS2_course/install/base_msgs/include/base_msgs/base_msgs/msg/rosidl_typesupport_fastrtps_cpp__visibility_control.h
[1.829s] -- Up-to-date: /home/lh/planning_with_ROS2_course/install/base_msgs/include/base_msgs/base_msgs/srv
[1.829s] -- Up-to-date: /home/lh/planning_with_ROS2_course/install/base_msgs/include/base_msgs/base_msgs/srv/detail
[1.829s] -- Up-to-date: /home/lh/planning_with_ROS2_course/install/base_msgs/include/base_msgs/base_msgs/srv/detail/global_path_service__rosidl_typesupport_fastrtps_cpp.hpp
[1.829s] -- Up-to-date: /home/lh/planning_with_ROS2_course/install/base_msgs/include/base_msgs/base_msgs/srv/detail/dds_fastrtps
[1.829s] -- Up-to-date: /home/lh/planning_with_ROS2_course/install/base_msgs/include/base_msgs/base_msgs/srv/detail/pnc_map_service__rosidl_typesupport_fastrtps_cpp.hpp
[1.830s] -- Up-to-date: /home/lh/planning_with_ROS2_course/install/base_msgs/lib/libbase_msgs__rosidl_typesupport_fastrtps_cpp.so
[1.830s] -- Up-to-date: /home/lh/planning_with_ROS2_course/install/base_msgs/include/base_msgs/base_msgs
[1.830s] -- Up-to-date: /home/lh/planning_with_ROS2_course/install/base_msgs/include/base_msgs/base_msgs/msg
[1.830s] -- Up-to-date: /home/lh/planning_with_ROS2_course/install/base_msgs/include/base_msgs/base_msgs/msg/detail
[1.830s] -- Up-to-date: /home/lh/planning_with_ROS2_course/install/base_msgs/include/base_msgs/base_msgs/msg/detail/plot_info__rosidl_typesupport_introspection_cpp.hpp
[1.831s] -- Up-to-date: /home/lh/planning_with_ROS2_course/install/base_msgs/include/base_msgs/base_msgs/msg/detail/local_speeds_point__rosidl_typesupport_introspection_cpp.hpp
[1.831s] -- Up-to-date: /home/lh/planning_with_ROS2_course/install/base_msgs/include/base_msgs/base_msgs/msg/detail/referline__rosidl_typesupport_introspection_cpp.hpp
[1.831s] -- Up-to-date: /home/lh/planning_with_ROS2_course/install/base_msgs/include/base_msgs/base_msgs/msg/detail/local_speeds__rosidl_typesupport_introspection_cpp.hpp
[1.831s] -- Up-to-date: /home/lh/planning_with_ROS2_course/install/base_msgs/include/base_msgs/base_msgs/msg/detail/referline_point__rosidl_typesupport_introspection_cpp.hpp
[1.832s] -- Up-to-date: /home/lh/planning_with_ROS2_course/install/base_msgs/include/base_msgs/base_msgs/msg/detail/local_trajectory_point__type_support.cpp
[1.832s] -- Up-to-date: /home/lh/planning_with_ROS2_course/install/base_msgs/include/base_msgs/base_msgs/msg/detail/local_path__type_support.cpp
[1.832s] -- Up-to-date: /home/lh/planning_with_ROS2_course/install/base_msgs/include/base_msgs/base_msgs/msg/detail/pnc_map__rosidl_typesupport_introspection_cpp.hpp
[1.832s] -- Up-to-date: /home/lh/planning_with_ROS2_course/install/base_msgs/include/base_msgs/base_msgs/msg/detail/local_speeds__type_support.cpp
[1.832s] -- Up-to-date: /home/lh/planning_with_ROS2_course/install/base_msgs/include/base_msgs/base_msgs/msg/detail/local_path_point__type_support.cpp
[1.832s] -- Up-to-date: /home/lh/planning_with_ROS2_course/install/base_msgs/include/base_msgs/base_msgs/msg/detail/obs_info__rosidl_typesupport_introspection_cpp.hpp
[1.833s] -- Up-to-date: /home/lh/planning_with_ROS2_course/install/base_msgs/include/base_msgs/base_msgs/msg/detail/referline__type_support.cpp
[1.833s] -- Up-to-date: /home/lh/planning_with_ROS2_course/install/base_msgs/include/base_msgs/base_msgs/msg/detail/local_trajectory__type_support.cpp
[1.833s] -- Up-to-date: /home/lh/planning_with_ROS2_course/install/base_msgs/include/base_msgs/base_msgs/msg/detail/local_trajectory_point__rosidl_typesupport_introspection_cpp.hpp
[1.834s] -- Up-to-date: /home/lh/planning_with_ROS2_course/install/base_msgs/include/base_msgs/base_msgs/msg/detail/local_trajectory__rosidl_typesupport_introspection_cpp.hpp
[1.834s] -- Up-to-date: /home/lh/planning_with_ROS2_course/install/base_msgs/include/base_msgs/base_msgs/msg/detail/local_speeds_point__type_support.cpp
[1.834s] -- Up-to-date: /home/lh/planning_with_ROS2_course/install/base_msgs/include/base_msgs/base_msgs/msg/detail/obs_info__type_support.cpp
[1.834s] -- Up-to-date: /home/lh/planning_with_ROS2_course/install/base_msgs/include/base_msgs/base_msgs/msg/detail/referline_point__type_support.cpp
[1.834s] -- Up-to-date: /home/lh/planning_with_ROS2_course/install/base_msgs/include/base_msgs/base_msgs/msg/detail/plot_info__type_support.cpp
[1.835s] -- Up-to-date: /home/lh/planning_with_ROS2_course/install/base_msgs/include/base_msgs/base_msgs/msg/detail/pnc_map__type_support.cpp
[1.835s] -- Up-to-date: /home/lh/planning_with_ROS2_course/install/base_msgs/include/base_msgs/base_msgs/msg/detail/local_path__rosidl_typesupport_introspection_cpp.hpp
[1.835s] -- Up-to-date: /home/lh/planning_with_ROS2_course/install/base_msgs/include/base_msgs/base_msgs/msg/detail/local_path_point__rosidl_typesupport_introspection_cpp.hpp
[1.835s] -- Up-to-date: /home/lh/planning_with_ROS2_course/install/base_msgs/include/base_msgs/base_msgs/srv
[1.836s] -- Up-to-date: /home/lh/planning_with_ROS2_course/install/base_msgs/include/base_msgs/base_msgs/srv/detail
[1.836s] -- Up-to-date: /home/lh/planning_with_ROS2_course/install/base_msgs/include/base_msgs/base_msgs/srv/detail/pnc_map_service__type_support.cpp
[1.836s] -- Up-to-date: /home/lh/planning_with_ROS2_course/install/base_msgs/include/base_msgs/base_msgs/srv/detail/pnc_map_service__rosidl_typesupport_introspection_cpp.hpp
[1.836s] -- Up-to-date: /home/lh/planning_with_ROS2_course/install/base_msgs/include/base_msgs/base_msgs/srv/detail/global_path_service__rosidl_typesupport_introspection_cpp.hpp
[1.836s] -- Up-to-date: /home/lh/planning_with_ROS2_course/install/base_msgs/include/base_msgs/base_msgs/srv/detail/global_path_service__type_support.cpp
[1.837s] -- Up-to-date: /home/lh/planning_with_ROS2_course/install/base_msgs/lib/libbase_msgs__rosidl_typesupport_introspection_cpp.so
[1.837s] -- Up-to-date: /home/lh/planning_with_ROS2_course/install/base_msgs/lib/libbase_msgs__rosidl_typesupport_cpp.so
[1.837s] -- Up-to-date: /home/lh/planning_with_ROS2_course/install/base_msgs/share/base_msgs/environment/pythonpath.sh
[1.837s] -- Up-to-date: /home/lh/planning_with_ROS2_course/install/base_msgs/share/base_msgs/environment/pythonpath.dsv
[1.837s] -- Up-to-date: /home/lh/planning_with_ROS2_course/install/base_msgs/lib/python3.12/site-packages/base_msgs-0.0.0-py3.12.egg-info
[1.837s] -- Installing: /home/lh/planning_with_ROS2_course/install/base_msgs/lib/python3.12/site-packages/base_msgs-0.0.0-py3.12.egg-info/top_level.txt
[1.838s] -- Installing: /home/lh/planning_with_ROS2_course/install/base_msgs/lib/python3.12/site-packages/base_msgs-0.0.0-py3.12.egg-info/PKG-INFO
[1.838s] -- Installing: /home/lh/planning_with_ROS2_course/install/base_msgs/lib/python3.12/site-packages/base_msgs-0.0.0-py3.12.egg-info/SOURCES.txt
[1.838s] -- Installing: /home/lh/planning_with_ROS2_course/install/base_msgs/lib/python3.12/site-packages/base_msgs-0.0.0-py3.12.egg-info/dependency_links.txt
[1.838s] -- Up-to-date: /home/lh/planning_with_ROS2_course/install/base_msgs/lib/python3.12/site-packages/base_msgs
[1.839s] -- Up-to-date: /home/lh/planning_with_ROS2_course/install/base_msgs/lib/python3.12/site-packages/base_msgs/base_msgs_s__rosidl_typesupport_fastrtps_c.so
[1.842s] -- Up-to-date: /home/lh/planning_with_ROS2_course/install/base_msgs/lib/python3.12/site-packages/base_msgs/_base_msgs_s.ep.rosidl_typesupport_fastrtps_c.c
[1.842s] -- Up-to-date: /home/lh/planning_with_ROS2_course/install/base_msgs/lib/python3.12/site-packages/base_msgs/base_msgs_s__rosidl_typesupport_c.so
[1.843s] -- Up-to-date: /home/lh/planning_with_ROS2_course/install/base_msgs/lib/python3.12/site-packages/base_msgs/_base_msgs_s.ep.rosidl_typesupport_introspection_c.c
[1.844s] -- Up-to-date: /home/lh/planning_with_ROS2_course/install/base_msgs/lib/python3.12/site-packages/base_msgs/__init__.py
[1.844s] -- Up-to-date: /home/lh/planning_with_ROS2_course/install/base_msgs/lib/python3.12/site-packages/base_msgs/base_msgs_s__rosidl_typesupport_introspection_c.so
[1.844s] -- Up-to-date: /home/lh/planning_with_ROS2_course/install/base_msgs/lib/python3.12/site-packages/base_msgs/msg
[1.844s] -- Up-to-date: /home/lh/planning_with_ROS2_course/install/base_msgs/lib/python3.12/site-packages/base_msgs/msg/_referline_point.py
[1.845s] -- Up-to-date: /home/lh/planning_with_ROS2_course/install/base_msgs/lib/python3.12/site-packages/base_msgs/msg/_obs_info.py
[1.845s] -- Up-to-date: /home/lh/planning_with_ROS2_course/install/base_msgs/lib/python3.12/site-packages/base_msgs/msg/_local_path_point_s.c
[1.845s] -- Up-to-date: /home/lh/planning_with_ROS2_course/install/base_msgs/lib/python3.12/site-packages/base_msgs/msg/_obs_info_s.c
[1.845s] -- Up-to-date: /home/lh/planning_with_ROS2_course/install/base_msgs/lib/python3.12/site-packages/base_msgs/msg/_plot_info.py
[1.845s] -- Up-to-date: /home/lh/planning_with_ROS2_course/install/base_msgs/lib/python3.12/site-packages/base_msgs/msg/_local_path_s.c
[1.846s] -- Up-to-date: /home/lh/planning_with_ROS2_course/install/base_msgs/lib/python3.12/site-packages/base_msgs/msg/_local_speeds_s.c
[1.846s] -- Up-to-date: /home/lh/planning_with_ROS2_course/install/base_msgs/lib/python3.12/site-packages/base_msgs/msg/_pnc_map_s.c
[1.846s] -- Up-to-date: /home/lh/planning_with_ROS2_course/install/base_msgs/lib/python3.12/site-packages/base_msgs/msg/_local_path.py
[1.846s] -- Up-to-date: /home/lh/planning_with_ROS2_course/install/base_msgs/lib/python3.12/site-packages/base_msgs/msg/_local_trajectory_point_s.c
[1.847s] -- Up-to-date: /home/lh/planning_with_ROS2_course/install/base_msgs/lib/python3.12/site-packages/base_msgs/msg/_local_path_point.py
[1.847s] -- Up-to-date: /home/lh/planning_with_ROS2_course/install/base_msgs/lib/python3.12/site-packages/base_msgs/msg/_local_speeds_point_s.c
[1.847s] -- Up-to-date: /home/lh/planning_with_ROS2_course/install/base_msgs/lib/python3.12/site-packages/base_msgs/msg/__init__.py
[1.847s] -- Up-to-date: /home/lh/planning_with_ROS2_course/install/base_msgs/lib/python3.12/site-packages/base_msgs/msg/_local_trajectory_s.c
[1.847s] -- Up-to-date: /home/lh/planning_with_ROS2_course/install/base_msgs/lib/python3.12/site-packages/base_msgs/msg/_local_speeds.py
[1.848s] -- Up-to-date: /home/lh/planning_with_ROS2_course/install/base_msgs/lib/python3.12/site-packages/base_msgs/msg/_local_trajectory_point.py
[1.848s] -- Up-to-date: /home/lh/planning_with_ROS2_course/install/base_msgs/lib/python3.12/site-packages/base_msgs/msg/_referline_s.c
[1.849s] -- Up-to-date: /home/lh/planning_with_ROS2_course/install/base_msgs/lib/python3.12/site-packages/base_msgs/msg/_pnc_map.py
[1.849s] -- Up-to-date: /home/lh/planning_with_ROS2_course/install/base_msgs/lib/python3.12/site-packages/base_msgs/msg/_local_speeds_point.py
[1.849s] -- Up-to-date: /home/lh/planning_with_ROS2_course/install/base_msgs/lib/python3.12/site-packages/base_msgs/msg/_plot_info_s.c
[1.849s] -- Up-to-date: /home/lh/planning_with_ROS2_course/install/base_msgs/lib/python3.12/site-packages/base_msgs/msg/_referline_point_s.c
[1.850s] -- Up-to-date: /home/lh/planning_with_ROS2_course/install/base_msgs/lib/python3.12/site-packages/base_msgs/msg/_local_trajectory.py
[1.850s] -- Up-to-date: /home/lh/planning_with_ROS2_course/install/base_msgs/lib/python3.12/site-packages/base_msgs/msg/_referline.py
[1.850s] -- Up-to-date: /home/lh/planning_with_ROS2_course/install/base_msgs/lib/python3.12/site-packages/base_msgs/_base_msgs_s.ep.rosidl_typesupport_c.c
[1.850s] -- Up-to-date: /home/lh/planning_with_ROS2_course/install/base_msgs/lib/python3.12/site-packages/base_msgs/srv
[1.850s] -- Up-to-date: /home/lh/planning_with_ROS2_course/install/base_msgs/lib/python3.12/site-packages/base_msgs/srv/_pnc_map_service.py
[1.850s] -- Up-to-date: /home/lh/planning_with_ROS2_course/install/base_msgs/lib/python3.12/site-packages/base_msgs/srv/_global_path_service.py
[1.850s] -- Up-to-date: /home/lh/planning_with_ROS2_course/install/base_msgs/lib/python3.12/site-packages/base_msgs/srv/_pnc_map_service_s.c
[1.851s] -- Up-to-date: /home/lh/planning_with_ROS2_course/install/base_msgs/lib/python3.12/site-packages/base_msgs/srv/__init__.py
[1.851s] -- Up-to-date: /home/lh/planning_with_ROS2_course/install/base_msgs/lib/python3.12/site-packages/base_msgs/srv/_global_path_service_s.c
[1.939s] Listing '/home/lh/planning_with_ROS2_course/install/base_msgs/lib/python3.12/site-packages/base_msgs'...
[1.939s] Listing '/home/lh/planning_with_ROS2_course/install/base_msgs/lib/python3.12/site-packages/base_msgs/msg'...
[1.939s] Listing '/home/lh/planning_with_ROS2_course/install/base_msgs/lib/python3.12/site-packages/base_msgs/srv'...
[1.959s] -- Up-to-date: /home/lh/planning_with_ROS2_course/install/base_msgs/lib/python3.12/site-packages/base_msgs/base_msgs_s__rosidl_typesupport_fastrtps_c.so
[1.961s] -- Up-to-date: /home/lh/planning_with_ROS2_course/install/base_msgs/lib/python3.12/site-packages/base_msgs/base_msgs_s__rosidl_typesupport_introspection_c.so
[1.965s] -- Up-to-date: /home/lh/planning_with_ROS2_course/install/base_msgs/lib/python3.12/site-packages/base_msgs/base_msgs_s__rosidl_typesupport_c.so
[1.969s] -- Up-to-date: /home/lh/planning_with_ROS2_course/install/base_msgs/lib/libbase_msgs__rosidl_generator_py.so
[1.972s] -- Up-to-date: /home/lh/planning_with_ROS2_course/install/base_msgs/share/base_msgs/srv/GlobalPathService.idl
[1.973s] -- Up-to-date: /home/lh/planning_with_ROS2_course/install/base_msgs/share/base_msgs/srv/PNCMapService.idl
[1.975s] -- Up-to-date: /home/lh/planning_with_ROS2_course/install/base_msgs/share/base_msgs/msg/LocalPath.idl
[1.976s] -- Up-to-date: /home/lh/planning_with_ROS2_course/install/base_msgs/share/base_msgs/msg/LocalSpeedsPoint.idl
[1.976s] -- Up-to-date: /home/lh/planning_with_ROS2_course/install/base_msgs/share/base_msgs/msg/LocalPathPoint.idl
[1.977s] -- Up-to-date: /home/lh/planning_with_ROS2_course/install/base_msgs/share/base_msgs/msg/LocalSpeeds.idl
[1.977s] -- Up-to-date: /home/lh/planning_with_ROS2_course/install/base_msgs/share/base_msgs/msg/LocalTrajectory.idl
[1.977s] -- Up-to-date: /home/lh/planning_with_ROS2_course/install/base_msgs/share/base_msgs/msg/LocalTrajectoryPoint.idl
[1.977s] -- Up-to-date: /home/lh/planning_with_ROS2_course/install/base_msgs/share/base_msgs/msg/ObsInfo.idl
[1.978s] -- Up-to-date: /home/lh/planning_with_ROS2_course/install/base_msgs/share/base_msgs/msg/PlotInfo.idl
[1.978s] -- Up-to-date: /home/lh/planning_with_ROS2_course/install/base_msgs/share/base_msgs/msg/PNCMap.idl
[1.979s] -- Up-to-date: /home/lh/planning_with_ROS2_course/install/base_msgs/share/base_msgs/msg/Referline.idl
[1.979s] -- Up-to-date: /home/lh/planning_with_ROS2_course/install/base_msgs/share/base_msgs/msg/ReferlinePoint.idl
[1.979s] -- Up-to-date: /home/lh/planning_with_ROS2_course/install/base_msgs/share/base_msgs/srv/GlobalPathService.srv
[1.980s] -- Up-to-date: /home/lh/planning_with_ROS2_course/install/base_msgs/share/base_msgs/srv/PNCMapService.srv
[1.980s] -- Up-to-date: /home/lh/planning_with_ROS2_course/install/base_msgs/share/base_msgs/msg/LocalPath.msg
[1.980s] -- Up-to-date: /home/lh/planning_with_ROS2_course/install/base_msgs/share/base_msgs/msg/LocalSpeedsPoint.msg
[1.980s] -- Up-to-date: /home/lh/planning_with_ROS2_course/install/base_msgs/share/base_msgs/msg/LocalPathPoint.msg
[1.981s] -- Up-to-date: /home/lh/planning_with_ROS2_course/install/base_msgs/share/base_msgs/msg/LocalSpeeds.msg
[1.981s] -- Up-to-date: /home/lh/planning_with_ROS2_course/install/base_msgs/share/base_msgs/msg/LocalTrajectory.msg
[1.981s] -- Up-to-date: /home/lh/planning_with_ROS2_course/install/base_msgs/share/base_msgs/msg/LocalTrajectoryPoint.msg
[1.982s] -- Up-to-date: /home/lh/planning_with_ROS2_course/install/base_msgs/share/base_msgs/msg/ObsInfo.msg
[1.982s] -- Up-to-date: /home/lh/planning_with_ROS2_course/install/base_msgs/share/base_msgs/msg/PlotInfo.msg
[1.982s] -- Up-to-date: /home/lh/planning_with_ROS2_course/install/base_msgs/share/base_msgs/msg/PNCMap.msg
[1.982s] -- Up-to-date: /home/lh/planning_with_ROS2_course/install/base_msgs/share/base_msgs/msg/Referline.msg
[1.983s] -- Up-to-date: /home/lh/planning_with_ROS2_course/install/base_msgs/share/base_msgs/msg/ReferlinePoint.msg
[1.983s] -- Up-to-date: /home/lh/planning_with_ROS2_course/install/base_msgs/share/ament_index/resource_index/package_run_dependencies/base_msgs
[1.983s] -- Up-to-date: /home/lh/planning_with_ROS2_course/install/base_msgs/share/ament_index/resource_index/parent_prefix_path/base_msgs
[1.983s] -- Up-to-date: /home/lh/planning_with_ROS2_course/install/base_msgs/share/base_msgs/environment/ament_prefix_path.sh
[1.983s] -- Up-to-date: /home/lh/planning_with_ROS2_course/install/base_msgs/share/base_msgs/environment/ament_prefix_path.dsv
[1.984s] -- Up-to-date: /home/lh/planning_with_ROS2_course/install/base_msgs/share/base_msgs/environment/path.sh
[1.987s] -- Up-to-date: /home/lh/planning_with_ROS2_course/install/base_msgs/share/base_msgs/environment/path.dsv
[1.987s] -- Up-to-date: /home/lh/planning_with_ROS2_course/install/base_msgs/share/base_msgs/local_setup.bash
[1.987s] -- Up-to-date: /home/lh/planning_with_ROS2_course/install/base_msgs/share/base_msgs/local_setup.sh
[1.987s] -- Up-to-date: /home/lh/planning_with_ROS2_course/install/base_msgs/share/base_msgs/local_setup.zsh
[1.988s] -- Up-to-date: /home/lh/planning_with_ROS2_course/install/base_msgs/share/base_msgs/local_setup.dsv
[1.988s] -- Installing: /home/lh/planning_with_ROS2_course/install/base_msgs/share/base_msgs/package.dsv
[1.988s] -- Up-to-date: /home/lh/planning_with_ROS2_course/install/base_msgs/share/ament_index/resource_index/packages/base_msgs
[1.988s] -- Up-to-date: /home/lh/planning_with_ROS2_course/install/base_msgs/share/base_msgs/cmake/export_base_msgs__rosidl_generator_cExport.cmake
[1.989s] -- Up-to-date: /home/lh/planning_with_ROS2_course/install/base_msgs/share/base_msgs/cmake/export_base_msgs__rosidl_generator_cExport-noconfig.cmake
[1.989s] -- Up-to-date: /home/lh/planning_with_ROS2_course/install/base_msgs/share/base_msgs/cmake/export_base_msgs__rosidl_typesupport_fastrtps_cExport.cmake
[1.989s] -- Up-to-date: /home/lh/planning_with_ROS2_course/install/base_msgs/share/base_msgs/cmake/export_base_msgs__rosidl_typesupport_fastrtps_cExport-noconfig.cmake
[1.989s] -- Up-to-date: /home/lh/planning_with_ROS2_course/install/base_msgs/share/base_msgs/cmake/base_msgs__rosidl_typesupport_introspection_cExport.cmake
[1.989s] -- Up-to-date: /home/lh/planning_with_ROS2_course/install/base_msgs/share/base_msgs/cmake/base_msgs__rosidl_typesupport_introspection_cExport-noconfig.cmake
[1.989s] -- Up-to-date: /home/lh/planning_with_ROS2_course/install/base_msgs/share/base_msgs/cmake/base_msgs__rosidl_typesupport_cExport.cmake
[1.990s] -- Up-to-date: /home/lh/planning_with_ROS2_course/install/base_msgs/share/base_msgs/cmake/base_msgs__rosidl_typesupport_cExport-noconfig.cmake
[1.990s] -- Up-to-date: /home/lh/planning_with_ROS2_course/install/base_msgs/share/base_msgs/cmake/export_base_msgs__rosidl_generator_cppExport.cmake
[1.990s] -- Up-to-date: /home/lh/planning_with_ROS2_course/install/base_msgs/share/base_msgs/cmake/export_base_msgs__rosidl_typesupport_fastrtps_cppExport.cmake
[1.991s] -- Up-to-date: /home/lh/planning_with_ROS2_course/install/base_msgs/share/base_msgs/cmake/export_base_msgs__rosidl_typesupport_fastrtps_cppExport-noconfig.cmake
[1.993s] -- Up-to-date: /home/lh/planning_with_ROS2_course/install/base_msgs/share/base_msgs/cmake/base_msgs__rosidl_typesupport_introspection_cppExport.cmake
[1.993s] -- Up-to-date: /home/lh/planning_with_ROS2_course/install/base_msgs/share/base_msgs/cmake/base_msgs__rosidl_typesupport_introspection_cppExport-noconfig.cmake
[1.994s] -- Up-to-date: /home/lh/planning_with_ROS2_course/install/base_msgs/share/base_msgs/cmake/base_msgs__rosidl_typesupport_cppExport.cmake
[1.995s] -- Up-to-date: /home/lh/planning_with_ROS2_course/install/base_msgs/share/base_msgs/cmake/base_msgs__rosidl_typesupport_cppExport-noconfig.cmake
[2.001s] -- Up-to-date: /home/lh/planning_with_ROS2_course/install/base_msgs/share/base_msgs/cmake/export_base_msgs__rosidl_generator_pyExport.cmake
[2.001s] -- Up-to-date: /home/lh/planning_with_ROS2_course/install/base_msgs/share/base_msgs/cmake/export_base_msgs__rosidl_generator_pyExport-noconfig.cmake
[2.002s] -- Up-to-date: /home/lh/planning_with_ROS2_course/install/base_msgs/share/base_msgs/cmake/rosidl_cmake-extras.cmake
[2.004s] -- Up-to-date: /home/lh/planning_with_ROS2_course/install/base_msgs/share/base_msgs/cmake/ament_cmake_export_dependencies-extras.cmake
[2.005s] -- Up-to-date: /home/lh/planning_with_ROS2_course/install/base_msgs/share/base_msgs/cmake/ament_cmake_export_include_directories-extras.cmake
[2.005s] -- Up-to-date: /home/lh/planning_with_ROS2_course/install/base_msgs/share/base_msgs/cmake/ament_cmake_export_libraries-extras.cmake
[2.008s] -- Up-to-date: /home/lh/planning_with_ROS2_course/install/base_msgs/share/base_msgs/cmake/ament_cmake_export_targets-extras.cmake
[2.009s] -- Up-to-date: /home/lh/planning_with_ROS2_course/install/base_msgs/share/base_msgs/cmake/rosidl_cmake_export_typesupport_targets-extras.cmake
[2.009s] -- Up-to-date: /home/lh/planning_with_ROS2_course/install/base_msgs/share/base_msgs/cmake/rosidl_cmake_export_typesupport_libraries-extras.cmake
[2.011s] -- Up-to-date: /home/lh/planning_with_ROS2_course/install/base_msgs/share/base_msgs/cmake/base_msgsConfig.cmake
[2.011s] -- Up-to-date: /home/lh/planning_with_ROS2_course/install/base_msgs/share/base_msgs/cmake/base_msgsConfig-version.cmake
[2.013s] -- Up-to-date: /home/lh/planning_with_ROS2_course/install/base_msgs/share/base_msgs/package.xml
[2.013s] Invoked command in '/home/lh/planning_with_ROS2_course/build/base_msgs' returned '0': CMAKE_PREFIX_PATH=${CMAKE_PREFIX_PATH}:/home/lh/planning_with_ROS2_course/install/data_plot:/opt/ros/jazzy DEBUGINFOD_URLS=https://debuginfod.ubuntu.com /usr/bin/cmake --install /home/lh/planning_with_ROS2_course/build/base_msgs
