[0.483s] Invoking command in '/home/lh/planning_with_ROS2_course/build/planning': CMAKE_PREFIX_PATH=/home/lh/planning_with_ROS2_course/install/base_msgs:/home/lh/planning_with_ROS2_course/install/planning:/opt/ros/jazzy/opt/gz_math_vendor:/opt/ros/jazzy/opt/gz_utils_vendor:/opt/ros/jazzy/opt/gz_cmake_vendor:/home/lh/planning_with_ROS2_course/install/data_plot:/opt/ros/jazzy DEBUGINFOD_URLS=https://debuginfod.ubuntu.com /usr/bin/cmake --build /home/lh/planning_with_ROS2_course/build/planning -- -j8 -l8
[0.693s] [  8%] Built target mathlibs
[0.695s] [ 11%] [32mBuilding CXX object src/common/CMakeFiles/config_reader.dir/config_reader/config_reader.cpp.o[0m
[7.631s] [ 14%] [32m[1mLinking CXX shared library libconfig_reader.so[0m
[8.059s] [ 14%] Built target config_reader
[8.146s] [ 17%] [32mBuilding CXX object src/global_planner/CMakeFiles/global_planner.dir/global_planner_normal/global_planner_normal.cpp.o[0m
[8.147s] [ 20%] [32mBuilding CXX object src/pnc_map_creator/CMakeFiles/pnc_map_creator.dir/pnc_map_straight/pnc_map_creator_straight.cpp.o[0m
[8.149s] [ 22%] [32mBuilding CXX object src/reference_line/CMakeFiles/reference_line.dir/reference_line_creator.cpp.o[0m
[8.160s] [ 25%] [32mBuilding CXX object src/reference_line/CMakeFiles/reference_line.dir/reference_line_smoother.cpp.o[0m
[8.166s] [ 28%] [32mBuilding CXX object src/pnc_map_creator/CMakeFiles/pnc_map_creator.dir/pnc_map_sturn/pnc_map_creator_sturn.cpp.o[0m
[8.166s] [ 31%] [32mBuilding CXX object src/vehicle_info/CMakeFiles/vehicle_info.dir/main_car/main_car_info.cpp.o[0m
[8.181s] [ 34%] [32mBuilding CXX object src/vehicle_info/CMakeFiles/vehicle_info.dir/obs_car/obs_car_info.cpp.o[0m
[34.867s] [ 37%] [32m[1mLinking CXX shared library libglobal_planner.so[0m
[34.868s] [ 40%] [32m[1mLinking CXX shared library libpnc_map_creator.so[0m
[34.941s] [ 42%] [32m[1mLinking CXX shared library libvehicle_info.so[0m
[35.736s] [ 42%] Built target vehicle_info
[35.835s] [ 42%] Built target global_planner
[35.928s] [ 42%] Built target pnc_map_creator
[35.981s] [ 45%] [32mBuilding CXX object src/move_cmd/CMakeFiles/obs_move_cmd.dir/obs_move_cmd.cpp.o[0m
[36.083s] [ 48%] [32mBuilding CXX object src/global_planner/CMakeFiles/global_path_server.dir/global_path_server.cpp.o[0m
[36.100s] [ 51%] [32mBuilding CXX object src/move_cmd/CMakeFiles/car_move_cmd.dir/car_move_cmd.cpp.o[0m
[36.134s] [ 54%] [32mBuilding CXX object src/decision_center/CMakeFiles/decision_center.dir/decision_center.cpp.o[0m
[36.137s] [ 57%] [32mBuilding CXX object src/pnc_map_creator/CMakeFiles/pnc_map_server.dir/pnc_map_server.cpp.o[0m
[39.428s] [ 60%] [32m[1mLinking CXX shared library libreference_line.so[0m
[39.796s] [ 60%] Built target reference_line
[44.882s] [ 62%] [32m[1mLinking CXX executable obs_move_cmd[0m
[44.944s] [ 65%] [32m[1mLinking CXX shared library libdecision_center.so[0m
[45.254s] [ 68%] [32m[1mLinking CXX executable global_path_server[0m
[45.274s] [ 71%] [32m[1mLinking CXX executable pnc_map_server[0m
[45.362s] [ 71%] Built target decision_center
[45.522s] [ 74%] [32m[1mLinking CXX executable car_move_cmd[0m
[45.528s] [ 74%] Built target obs_move_cmd
[45.569s] [ 77%] [32mBuilding CXX object src/local_planner/CMakeFiles/local_planner.dir/local_path/local_path_planner.cpp.o[0m
[45.573s] [ 80%] [32mBuilding CXX object src/local_planner/CMakeFiles/local_planner.dir/local_speeds/local_speeds_planner.cpp.o[0m
[45.573s] [ 82%] [32mBuilding CXX object src/local_planner/CMakeFiles/local_planner.dir/local_path/local_path_smoother.cpp.o[0m
[45.582s] [ 85%] [32mBuilding CXX object src/local_planner/CMakeFiles/local_planner.dir/local_speeds/local_speeds_smoother.cpp.o[0m
[45.714s] [ 85%] Built target pnc_map_server
[45.729s] [ 85%] Built target global_path_server
[46.022s] [ 85%] Built target car_move_cmd
[55.227s] [ 88%] [32m[1mLinking CXX shared library liblocal_planner.so[0m
[55.500s] [ 91%] Built target local_planner
[55.611s] [ 97%] [32mBuilding CXX object src/planning_process/CMakeFiles/planning_node.dir/planning_process.cpp.o[0m
[55.612s] [ 97%] [32mBuilding CXX object src/planning_process/CMakeFiles/planning_node.dir/planning_node.cpp.o[0m
[63.364s] [100%] [32m[1mLinking CXX executable planning_node[0m
[63.717s] [100%] Built target planning_node
[63.757s] Invoked command in '/home/lh/planning_with_ROS2_course/build/planning' returned '0': CMAKE_PREFIX_PATH=/home/lh/planning_with_ROS2_course/install/base_msgs:/home/lh/planning_with_ROS2_course/install/planning:/opt/ros/jazzy/opt/gz_math_vendor:/opt/ros/jazzy/opt/gz_utils_vendor:/opt/ros/jazzy/opt/gz_cmake_vendor:/home/lh/planning_with_ROS2_course/install/data_plot:/opt/ros/jazzy DEBUGINFOD_URLS=https://debuginfod.ubuntu.com /usr/bin/cmake --build /home/lh/planning_with_ROS2_course/build/planning -- -j8 -l8
[63.764s] Invoking command in '/home/lh/planning_with_ROS2_course/build/planning': CMAKE_PREFIX_PATH=/home/lh/planning_with_ROS2_course/install/base_msgs:/home/lh/planning_with_ROS2_course/install/planning:/opt/ros/jazzy/opt/gz_math_vendor:/opt/ros/jazzy/opt/gz_utils_vendor:/opt/ros/jazzy/opt/gz_cmake_vendor:/home/lh/planning_with_ROS2_course/install/data_plot:/opt/ros/jazzy DEBUGINFOD_URLS=https://debuginfod.ubuntu.com /usr/bin/cmake --install /home/lh/planning_with_ROS2_course/build/planning
[63.784s] -- Install configuration: ""
[63.788s] -- Installing: /home/lh/planning_with_ROS2_course/install/planning/lib/libconfig_reader.so
[63.789s] -- Set non-toolchain portion of runtime path of "/home/lh/planning_with_ROS2_course/install/planning/lib/libconfig_reader.so" to ""
[63.790s] -- Up-to-date: /home/lh/planning_with_ROS2_course/install/planning/lib/libmathlibs.so
[63.793s] -- Installing: /home/lh/planning_with_ROS2_course/install/planning/lib/libdecision_center.so
[63.794s] -- Set non-toolchain portion of runtime path of "/home/lh/planning_with_ROS2_course/install/planning/lib/libdecision_center.so" to ""
[63.797s] -- Installing: /home/lh/planning_with_ROS2_course/install/planning/lib/libglobal_planner.so
[63.797s] -- Set non-toolchain portion of runtime path of "/home/lh/planning_with_ROS2_course/install/planning/lib/libglobal_planner.so" to ""
[63.800s] -- Installing: /home/lh/planning_with_ROS2_course/install/planning/lib/planning/global_path_server
[63.801s] -- Set non-toolchain portion of runtime path of "/home/lh/planning_with_ROS2_course/install/planning/lib/planning/global_path_server" to ""
[63.804s] -- Installing: /home/lh/planning_with_ROS2_course/install/planning/lib/liblocal_planner.so
[63.805s] -- Set non-toolchain portion of runtime path of "/home/lh/planning_with_ROS2_course/install/planning/lib/liblocal_planner.so" to ""
[63.809s] -- Installing: /home/lh/planning_with_ROS2_course/install/planning/lib/{PLANNING_PACKAGE_NAME}/car_move_cmd
[63.810s] -- Set non-toolchain portion of runtime path of "/home/lh/planning_with_ROS2_course/install/planning/lib/{PLANNING_PACKAGE_NAME}/car_move_cmd" to ""
[63.812s] -- Installing: /home/lh/planning_with_ROS2_course/install/planning/lib/{PLANNING_PACKAGE_NAME}/obs_move_cmd
[63.813s] -- Set non-toolchain portion of runtime path of "/home/lh/planning_with_ROS2_course/install/planning/lib/{PLANNING_PACKAGE_NAME}/obs_move_cmd" to ""
[63.816s] -- Installing: /home/lh/planning_with_ROS2_course/install/planning/lib/planning/planning_node
[63.817s] -- Set non-toolchain portion of runtime path of "/home/lh/planning_with_ROS2_course/install/planning/lib/planning/planning_node" to ""
[63.820s] -- Installing: /home/lh/planning_with_ROS2_course/install/planning/lib/libpnc_map_creator.so
[63.821s] -- Set non-toolchain portion of runtime path of "/home/lh/planning_with_ROS2_course/install/planning/lib/libpnc_map_creator.so" to ""
[63.823s] -- Installing: /home/lh/planning_with_ROS2_course/install/planning/lib/planning/libpnc_map_creator.so
[63.825s] -- Set non-toolchain portion of runtime path of "/home/lh/planning_with_ROS2_course/install/planning/lib/planning/libpnc_map_creator.so" to ""
[63.827s] -- Installing: /home/lh/planning_with_ROS2_course/install/planning/lib/libreference_line.so
[63.827s] -- Set non-toolchain portion of runtime path of "/home/lh/planning_with_ROS2_course/install/planning/lib/libreference_line.so" to ""
[63.830s] -- Installing: /home/lh/planning_with_ROS2_course/install/planning/lib/libvehicle_info.so
[63.831s] -- Set non-toolchain portion of runtime path of "/home/lh/planning_with_ROS2_course/install/planning/lib/libvehicle_info.so" to ""
[63.832s] -- Up-to-date: /home/lh/planning_with_ROS2_course/install/planning/share/planning/config
[63.833s] -- Installing: /home/lh/planning_with_ROS2_course/install/planning/share/planning/config/planning_static_obs_config.yaml
[63.835s] -- Up-to-date: /home/lh/planning_with_ROS2_course/install/planning/share/planning/launch
[63.836s] -- Up-to-date: /home/lh/planning_with_ROS2_course/install/planning/share/planning/urdf
[63.837s] -- Up-to-date: /home/lh/planning_with_ROS2_course/install/planning/share/planning/urdf/main_car
[63.838s] -- Up-to-date: /home/lh/planning_with_ROS2_course/install/planning/share/planning/urdf/obs_person
[63.839s] -- Up-to-date: /home/lh/planning_with_ROS2_course/install/planning/share/planning/urdf/obs_car
[63.840s] -- Up-to-date: /home/lh/planning_with_ROS2_course/install/planning/share/planning/urdf/obs_ebike
[63.840s] -- Up-to-date: /home/lh/planning_with_ROS2_course/install/planning/share/planning/rviz
[63.841s] -- Up-to-date: /home/lh/planning_with_ROS2_course/install/planning/share/ament_index/resource_index/package_run_dependencies/planning
[63.843s] -- Up-to-date: /home/lh/planning_with_ROS2_course/install/planning/share/ament_index/resource_index/parent_prefix_path/planning
[63.844s] -- Up-to-date: /home/lh/planning_with_ROS2_course/install/planning/share/planning/environment/ament_prefix_path.sh
[63.844s] -- Up-to-date: /home/lh/planning_with_ROS2_course/install/planning/share/planning/environment/ament_prefix_path.dsv
[63.845s] -- Up-to-date: /home/lh/planning_with_ROS2_course/install/planning/share/planning/environment/path.sh
[63.845s] -- Up-to-date: /home/lh/planning_with_ROS2_course/install/planning/share/planning/environment/path.dsv
[63.845s] -- Up-to-date: /home/lh/planning_with_ROS2_course/install/planning/share/planning/local_setup.bash
[63.846s] -- Up-to-date: /home/lh/planning_with_ROS2_course/install/planning/share/planning/local_setup.sh
[63.848s] -- Up-to-date: /home/lh/planning_with_ROS2_course/install/planning/share/planning/local_setup.zsh
[63.848s] -- Up-to-date: /home/lh/planning_with_ROS2_course/install/planning/share/planning/local_setup.dsv
[63.849s] -- Installing: /home/lh/planning_with_ROS2_course/install/planning/share/planning/package.dsv
[63.849s] -- Up-to-date: /home/lh/planning_with_ROS2_course/install/planning/share/ament_index/resource_index/packages/planning
[63.849s] -- Up-to-date: /home/lh/planning_with_ROS2_course/install/planning/share/planning/cmake/planningConfig.cmake
[63.849s] -- Up-to-date: /home/lh/planning_with_ROS2_course/install/planning/share/planning/cmake/planningConfig-version.cmake
[63.849s] -- Up-to-date: /home/lh/planning_with_ROS2_course/install/planning/share/planning/package.xml
[63.855s] Invoked command in '/home/lh/planning_with_ROS2_course/build/planning' returned '0': CMAKE_PREFIX_PATH=/home/lh/planning_with_ROS2_course/install/base_msgs:/home/lh/planning_with_ROS2_course/install/planning:/opt/ros/jazzy/opt/gz_math_vendor:/opt/ros/jazzy/opt/gz_utils_vendor:/opt/ros/jazzy/opt/gz_cmake_vendor:/home/lh/planning_with_ROS2_course/install/data_plot:/opt/ros/jazzy DEBUGINFOD_URLS=https://debuginfod.ubuntu.com /usr/bin/cmake --install /home/lh/planning_with_ROS2_course/build/planning
