[0.221s] DEBUG:colcon:Command line arguments: ['/usr/bin/colcon', 'build']
[0.221s] DEBUG:colcon:Parsed command line arguments: Namespace(log_base=None, log_level=None, verb_name='build', build_base='build', install_base='install', merge_install=False, symlink_install=False, test_result_base=None, continue_on_error=False, executor='parallel', parallel_workers=16, event_handlers=None, ignore_user_meta=False, metas=['./colcon.meta'], base_paths=['.'], packages_ignore=None, packages_ignore_regex=None, paths=None, packages_up_to=None, packages_up_to_regex=None, packages_above=None, packages_above_and_dependencies=None, packages_above_depth=None, packages_select_by_dep=None, packages_skip_by_dep=None, packages_skip_up_to=None, packages_select_build_failed=False, packages_skip_build_finished=False, packages_select_test_failures=False, packages_skip_test_passed=False, packages_select=None, packages_skip=None, packages_select_regex=None, packages_skip_regex=None, packages_start=None, packages_end=None, allow_overriding=[], cmake_args=None, cmake_target=None, cmake_target_skip_unavailable=False, cmake_clean_cache=False, cmake_clean_first=False, cmake_force_configure=False, ament_cmake_args=None, catkin_cmake_args=None, catkin_skip_building_tests=False, verb_parser=<colcon_defaults.argument_parser.defaults.DefaultArgumentsDecorator object at 0x79ee95959970>, verb_extension=<colcon_core.verb.build.BuildVerb object at 0x79ee959596d0>, main=<bound method BuildVerb.main of <colcon_core.verb.build.BuildVerb object at 0x79ee959596d0>>)
[0.300s] Level 1:colcon.colcon_core.package_discovery:discover_packages(colcon_meta) check parameters
[0.301s] Level 1:colcon.colcon_core.package_discovery:discover_packages(recursive) check parameters
[0.301s] Level 1:colcon.colcon_core.package_discovery:discover_packages(ignore) check parameters
[0.301s] Level 1:colcon.colcon_core.package_discovery:discover_packages(path) check parameters
[0.301s] Level 1:colcon.colcon_core.package_discovery:discover_packages(colcon_meta) discover
[0.301s] Level 1:colcon.colcon_core.package_discovery:discover_packages(recursive) discover
[0.301s] INFO:colcon.colcon_core.package_discovery:Crawling recursively for packages in '/home/lh/planning_with_ROS2_course'
[0.301s] Level 1:colcon.colcon_core.package_identification:_identify(.) by extensions ['ignore', 'ignore_ament_install']
[0.302s] Level 1:colcon.colcon_core.package_identification:_identify(.) by extension 'ignore'
[0.302s] Level 1:colcon.colcon_core.package_identification:_identify(.) by extension 'ignore_ament_install'
[0.302s] Level 1:colcon.colcon_core.package_identification:_identify(.) by extensions ['colcon_pkg']
[0.302s] Level 1:colcon.colcon_core.package_identification:_identify(.) by extension 'colcon_pkg'
[0.302s] Level 1:colcon.colcon_core.package_identification:_identify(.) by extensions ['colcon_meta']
[0.302s] Level 1:colcon.colcon_core.package_identification:_identify(.) by extension 'colcon_meta'
[0.302s] Level 1:colcon.colcon_core.package_identification:_identify(.) by extensions ['ros']
[0.302s] Level 1:colcon.colcon_core.package_identification:_identify(.) by extension 'ros'
[0.351s] Level 1:colcon.colcon_core.package_identification:_identify(.) by extensions ['cmake', 'python']
[0.351s] Level 1:colcon.colcon_core.package_identification:_identify(.) by extension 'cmake'
[0.351s] Level 1:colcon.colcon_core.package_identification:_identify(.) by extension 'python'
[0.351s] Level 1:colcon.colcon_core.package_identification:_identify(.) by extensions ['python_setup_py']
[0.352s] Level 1:colcon.colcon_core.package_identification:_identify(.) by extension 'python_setup_py'
[0.352s] Level 1:colcon.colcon_core.package_identification:_identify(build) by extensions ['ignore', 'ignore_ament_install']
[0.352s] Level 1:colcon.colcon_core.package_identification:_identify(build) by extension 'ignore'
[0.352s] Level 1:colcon.colcon_core.package_identification:_identify(build) ignored
[0.353s] Level 1:colcon.colcon_core.package_identification:_identify(doc) by extensions ['ignore', 'ignore_ament_install']
[0.353s] Level 1:colcon.colcon_core.package_identification:_identify(doc) by extension 'ignore'
[0.353s] Level 1:colcon.colcon_core.package_identification:_identify(doc) by extension 'ignore_ament_install'
[0.353s] Level 1:colcon.colcon_core.package_identification:_identify(doc) by extensions ['colcon_pkg']
[0.353s] Level 1:colcon.colcon_core.package_identification:_identify(doc) by extension 'colcon_pkg'
[0.353s] Level 1:colcon.colcon_core.package_identification:_identify(doc) by extensions ['colcon_meta']
[0.353s] Level 1:colcon.colcon_core.package_identification:_identify(doc) by extension 'colcon_meta'
[0.353s] Level 1:colcon.colcon_core.package_identification:_identify(doc) by extensions ['ros']
[0.354s] Level 1:colcon.colcon_core.package_identification:_identify(doc) by extension 'ros'
[0.354s] Level 1:colcon.colcon_core.package_identification:_identify(doc) by extensions ['cmake', 'python']
[0.354s] Level 1:colcon.colcon_core.package_identification:_identify(doc) by extension 'cmake'
[0.354s] Level 1:colcon.colcon_core.package_identification:_identify(doc) by extension 'python'
[0.354s] Level 1:colcon.colcon_core.package_identification:_identify(doc) by extensions ['python_setup_py']
[0.354s] Level 1:colcon.colcon_core.package_identification:_identify(doc) by extension 'python_setup_py'
[0.354s] Level 1:colcon.colcon_core.package_identification:_identify(install) by extensions ['ignore', 'ignore_ament_install']
[0.355s] Level 1:colcon.colcon_core.package_identification:_identify(install) by extension 'ignore'
[0.355s] Level 1:colcon.colcon_core.package_identification:_identify(install) ignored
[0.355s] Level 1:colcon.colcon_core.package_identification:_identify(log) by extensions ['ignore', 'ignore_ament_install']
[0.356s] Level 1:colcon.colcon_core.package_identification:_identify(log) by extension 'ignore'
[0.356s] Level 1:colcon.colcon_core.package_identification:_identify(log) ignored
[0.356s] Level 1:colcon.colcon_core.package_identification:_identify(src) by extensions ['ignore', 'ignore_ament_install']
[0.356s] Level 1:colcon.colcon_core.package_identification:_identify(src) by extension 'ignore'
[0.356s] Level 1:colcon.colcon_core.package_identification:_identify(src) by extension 'ignore_ament_install'
[0.356s] Level 1:colcon.colcon_core.package_identification:_identify(src) by extensions ['colcon_pkg']
[0.356s] Level 1:colcon.colcon_core.package_identification:_identify(src) by extension 'colcon_pkg'
[0.356s] Level 1:colcon.colcon_core.package_identification:_identify(src) by extensions ['colcon_meta']
[0.356s] Level 1:colcon.colcon_core.package_identification:_identify(src) by extension 'colcon_meta'
[0.356s] Level 1:colcon.colcon_core.package_identification:_identify(src) by extensions ['ros']
[0.357s] Level 1:colcon.colcon_core.package_identification:_identify(src) by extension 'ros'
[0.357s] Level 1:colcon.colcon_core.package_identification:_identify(src) by extensions ['cmake', 'python']
[0.357s] Level 1:colcon.colcon_core.package_identification:_identify(src) by extension 'cmake'
[0.357s] Level 1:colcon.colcon_core.package_identification:_identify(src) by extension 'python'
[0.357s] Level 1:colcon.colcon_core.package_identification:_identify(src) by extensions ['python_setup_py']
[0.357s] Level 1:colcon.colcon_core.package_identification:_identify(src) by extension 'python_setup_py'
[0.357s] Level 1:colcon.colcon_core.package_identification:_identify(src/base_msgs) by extensions ['ignore', 'ignore_ament_install']
[0.357s] Level 1:colcon.colcon_core.package_identification:_identify(src/base_msgs) by extension 'ignore'
[0.358s] Level 1:colcon.colcon_core.package_identification:_identify(src/base_msgs) by extension 'ignore_ament_install'
[0.358s] Level 1:colcon.colcon_core.package_identification:_identify(src/base_msgs) by extensions ['colcon_pkg']
[0.358s] Level 1:colcon.colcon_core.package_identification:_identify(src/base_msgs) by extension 'colcon_pkg'
[0.358s] Level 1:colcon.colcon_core.package_identification:_identify(src/base_msgs) by extensions ['colcon_meta']
[0.358s] Level 1:colcon.colcon_core.package_identification:_identify(src/base_msgs) by extension 'colcon_meta'
[0.358s] Level 1:colcon.colcon_core.package_identification:_identify(src/base_msgs) by extensions ['ros']
[0.358s] Level 1:colcon.colcon_core.package_identification:_identify(src/base_msgs) by extension 'ros'
[0.364s] DEBUG:colcon.colcon_core.package_identification:Package 'src/base_msgs' with type 'ros.ament_cmake' and name 'base_msgs'
[0.364s] Level 1:colcon.colcon_core.package_identification:_identify(src/data_plot) by extensions ['ignore', 'ignore_ament_install']
[0.364s] Level 1:colcon.colcon_core.package_identification:_identify(src/data_plot) by extension 'ignore'
[0.364s] Level 1:colcon.colcon_core.package_identification:_identify(src/data_plot) by extension 'ignore_ament_install'
[0.364s] Level 1:colcon.colcon_core.package_identification:_identify(src/data_plot) by extensions ['colcon_pkg']
[0.365s] Level 1:colcon.colcon_core.package_identification:_identify(src/data_plot) by extension 'colcon_pkg'
[0.365s] Level 1:colcon.colcon_core.package_identification:_identify(src/data_plot) by extensions ['colcon_meta']
[0.365s] Level 1:colcon.colcon_core.package_identification:_identify(src/data_plot) by extension 'colcon_meta'
[0.365s] Level 1:colcon.colcon_core.package_identification:_identify(src/data_plot) by extensions ['ros']
[0.365s] Level 1:colcon.colcon_core.package_identification:_identify(src/data_plot) by extension 'ros'
[0.366s] DEBUG:colcon.colcon_core.package_identification:Package 'src/data_plot' with type 'ros.ament_python' and name 'data_plot'
[0.366s] Level 1:colcon.colcon_core.package_identification:_identify(src/planning) by extensions ['ignore', 'ignore_ament_install']
[0.366s] Level 1:colcon.colcon_core.package_identification:_identify(src/planning) by extension 'ignore'
[0.367s] Level 1:colcon.colcon_core.package_identification:_identify(src/planning) by extension 'ignore_ament_install'
[0.367s] Level 1:colcon.colcon_core.package_identification:_identify(src/planning) by extensions ['colcon_pkg']
[0.367s] Level 1:colcon.colcon_core.package_identification:_identify(src/planning) by extension 'colcon_pkg'
[0.367s] Level 1:colcon.colcon_core.package_identification:_identify(src/planning) by extensions ['colcon_meta']
[0.367s] Level 1:colcon.colcon_core.package_identification:_identify(src/planning) by extension 'colcon_meta'
[0.367s] Level 1:colcon.colcon_core.package_identification:_identify(src/planning) by extensions ['ros']
[0.367s] Level 1:colcon.colcon_core.package_identification:_identify(src/planning) by extension 'ros'
[0.369s] DEBUG:colcon.colcon_core.package_identification:Package 'src/planning' with type 'ros.ament_cmake' and name 'planning'
[0.369s] Level 1:colcon.colcon_core.package_discovery:discover_packages(recursive) using defaults
[0.369s] Level 1:colcon.colcon_core.package_discovery:discover_packages(ignore) discover
[0.369s] Level 1:colcon.colcon_core.package_discovery:discover_packages(ignore) using defaults
[0.369s] Level 1:colcon.colcon_core.package_discovery:discover_packages(path) discover
[0.369s] Level 1:colcon.colcon_core.package_discovery:discover_packages(path) using defaults
[0.405s] Level 1:colcon.colcon_core.package_discovery:discover_packages(prefix_path) check parameters
[0.405s] Level 1:colcon.colcon_core.package_discovery:discover_packages(prefix_path) discover
[0.409s] DEBUG:colcon.colcon_installed_package_information.package_discovery:Found 3 installed packages in /home/lh/planning_with_ROS2_course/install
[0.412s] DEBUG:colcon.colcon_installed_package_information.package_discovery:Found 290 installed packages in /opt/ros/jazzy
[0.413s] Level 1:colcon.colcon_core.package_discovery:discover_packages(prefix_path) using defaults
[0.491s] Level 5:colcon.colcon_core.verb:set package 'base_msgs' build argument 'cmake_args' from command line to 'None'
[0.491s] Level 5:colcon.colcon_core.verb:set package 'base_msgs' build argument 'cmake_target' from command line to 'None'
[0.491s] Level 5:colcon.colcon_core.verb:set package 'base_msgs' build argument 'cmake_target_skip_unavailable' from command line to 'False'
[0.491s] Level 5:colcon.colcon_core.verb:set package 'base_msgs' build argument 'cmake_clean_cache' from command line to 'False'
[0.492s] Level 5:colcon.colcon_core.verb:set package 'base_msgs' build argument 'cmake_clean_first' from command line to 'False'
[0.492s] Level 5:colcon.colcon_core.verb:set package 'base_msgs' build argument 'cmake_force_configure' from command line to 'False'
[0.492s] Level 5:colcon.colcon_core.verb:set package 'base_msgs' build argument 'ament_cmake_args' from command line to 'None'
[0.492s] Level 5:colcon.colcon_core.verb:set package 'base_msgs' build argument 'catkin_cmake_args' from command line to 'None'
[0.492s] Level 5:colcon.colcon_core.verb:set package 'base_msgs' build argument 'catkin_skip_building_tests' from command line to 'False'
[0.492s] DEBUG:colcon.colcon_core.verb:Building package 'base_msgs' with the following arguments: {'ament_cmake_args': None, 'build_base': '/home/lh/planning_with_ROS2_course/build/base_msgs', 'catkin_cmake_args': None, 'catkin_skip_building_tests': False, 'cmake_args': None, 'cmake_clean_cache': False, 'cmake_clean_first': False, 'cmake_force_configure': False, 'cmake_target': None, 'cmake_target_skip_unavailable': False, 'install_base': '/home/lh/planning_with_ROS2_course/install/base_msgs', 'merge_install': False, 'path': '/home/lh/planning_with_ROS2_course/src/base_msgs', 'symlink_install': False, 'test_result_base': None}
[0.492s] Level 5:colcon.colcon_core.verb:set package 'data_plot' build argument 'cmake_args' from command line to 'None'
[0.492s] Level 5:colcon.colcon_core.verb:set package 'data_plot' build argument 'cmake_target' from command line to 'None'
[0.492s] Level 5:colcon.colcon_core.verb:set package 'data_plot' build argument 'cmake_target_skip_unavailable' from command line to 'False'
[0.492s] Level 5:colcon.colcon_core.verb:set package 'data_plot' build argument 'cmake_clean_cache' from command line to 'False'
[0.492s] Level 5:colcon.colcon_core.verb:set package 'data_plot' build argument 'cmake_clean_first' from command line to 'False'
[0.492s] Level 5:colcon.colcon_core.verb:set package 'data_plot' build argument 'cmake_force_configure' from command line to 'False'
[0.493s] Level 5:colcon.colcon_core.verb:set package 'data_plot' build argument 'ament_cmake_args' from command line to 'None'
[0.493s] Level 5:colcon.colcon_core.verb:set package 'data_plot' build argument 'catkin_cmake_args' from command line to 'None'
[0.493s] Level 5:colcon.colcon_core.verb:set package 'data_plot' build argument 'catkin_skip_building_tests' from command line to 'False'
[0.493s] DEBUG:colcon.colcon_core.verb:Building package 'data_plot' with the following arguments: {'ament_cmake_args': None, 'build_base': '/home/lh/planning_with_ROS2_course/build/data_plot', 'catkin_cmake_args': None, 'catkin_skip_building_tests': False, 'cmake_args': None, 'cmake_clean_cache': False, 'cmake_clean_first': False, 'cmake_force_configure': False, 'cmake_target': None, 'cmake_target_skip_unavailable': False, 'install_base': '/home/lh/planning_with_ROS2_course/install/data_plot', 'merge_install': False, 'path': '/home/lh/planning_with_ROS2_course/src/data_plot', 'symlink_install': False, 'test_result_base': None}
[0.493s] Level 5:colcon.colcon_core.verb:set package 'planning' build argument 'cmake_args' from command line to 'None'
[0.493s] Level 5:colcon.colcon_core.verb:set package 'planning' build argument 'cmake_target' from command line to 'None'
[0.493s] Level 5:colcon.colcon_core.verb:set package 'planning' build argument 'cmake_target_skip_unavailable' from command line to 'False'
[0.493s] Level 5:colcon.colcon_core.verb:set package 'planning' build argument 'cmake_clean_cache' from command line to 'False'
[0.494s] Level 5:colcon.colcon_core.verb:set package 'planning' build argument 'cmake_clean_first' from command line to 'False'
[0.494s] Level 5:colcon.colcon_core.verb:set package 'planning' build argument 'cmake_force_configure' from command line to 'False'
[0.494s] Level 5:colcon.colcon_core.verb:set package 'planning' build argument 'ament_cmake_args' from command line to 'None'
[0.494s] Level 5:colcon.colcon_core.verb:set package 'planning' build argument 'catkin_cmake_args' from command line to 'None'
[0.494s] Level 5:colcon.colcon_core.verb:set package 'planning' build argument 'catkin_skip_building_tests' from command line to 'False'
[0.494s] DEBUG:colcon.colcon_core.verb:Building package 'planning' with the following arguments: {'ament_cmake_args': None, 'build_base': '/home/lh/planning_with_ROS2_course/build/planning', 'catkin_cmake_args': None, 'catkin_skip_building_tests': False, 'cmake_args': None, 'cmake_clean_cache': False, 'cmake_clean_first': False, 'cmake_force_configure': False, 'cmake_target': None, 'cmake_target_skip_unavailable': False, 'install_base': '/home/lh/planning_with_ROS2_course/install/planning', 'merge_install': False, 'path': '/home/lh/planning_with_ROS2_course/src/planning', 'symlink_install': False, 'test_result_base': None}
[0.494s] INFO:colcon.colcon_core.executor:Executing jobs using 'parallel' executor
[0.496s] DEBUG:colcon.colcon_parallel_executor.executor.parallel:run_until_complete
[0.496s] INFO:colcon.colcon_ros.task.ament_cmake.build:Building ROS package in '/home/lh/planning_with_ROS2_course/src/base_msgs' with build type 'ament_cmake'
[0.497s] INFO:colcon.colcon_cmake.task.cmake.build:Building CMake package in '/home/lh/planning_with_ROS2_course/src/base_msgs'
[0.502s] INFO:colcon.colcon_core.plugin_system:Skipping extension 'colcon_core.shell.bat': Not used on non-Windows systems
[0.503s] INFO:colcon.colcon_core.shell:Skip shell extension 'powershell' for command environment: Not usable outside of PowerShell
[0.503s] DEBUG:colcon.colcon_core.shell:Skip shell extension 'dsv' for command environment
[0.527s] DEBUG:colcon.colcon_core.event_handler.log_command:Invoking command in '/home/lh/planning_with_ROS2_course/build/base_msgs': CMAKE_PREFIX_PATH=${CMAKE_PREFIX_PATH}:/home/lh/planning_with_ROS2_course/install/data_plot:/opt/ros/jazzy DEBUGINFOD_URLS=https://debuginfod.ubuntu.com /usr/bin/cmake --build /home/lh/planning_with_ROS2_course/build/base_msgs -- -j16 -l16
[1.562s] DEBUG:colcon.colcon_core.event_handler.log_command:Invoked command in '/home/lh/planning_with_ROS2_course/build/base_msgs' returned '0': CMAKE_PREFIX_PATH=${CMAKE_PREFIX_PATH}:/home/lh/planning_with_ROS2_course/install/data_plot:/opt/ros/jazzy DEBUGINFOD_URLS=https://debuginfod.ubuntu.com /usr/bin/cmake --build /home/lh/planning_with_ROS2_course/build/base_msgs -- -j16 -l16
[1.590s] DEBUG:colcon.colcon_core.event_handler.log_command:Invoking command in '/home/lh/planning_with_ROS2_course/build/base_msgs': CMAKE_PREFIX_PATH=${CMAKE_PREFIX_PATH}:/home/lh/planning_with_ROS2_course/install/data_plot:/opt/ros/jazzy DEBUGINFOD_URLS=https://debuginfod.ubuntu.com /usr/bin/cmake --install /home/lh/planning_with_ROS2_course/build/base_msgs
[1.792s] Level 1:colcon.colcon_core.environment:create_environment_scripts_only(base_msgs)
[1.795s] DEBUG:colcon.colcon_core.event_handler.log_command:Invoked command in '/home/lh/planning_with_ROS2_course/build/base_msgs' returned '0': CMAKE_PREFIX_PATH=${CMAKE_PREFIX_PATH}:/home/lh/planning_with_ROS2_course/install/data_plot:/opt/ros/jazzy DEBUGINFOD_URLS=https://debuginfod.ubuntu.com /usr/bin/cmake --install /home/lh/planning_with_ROS2_course/build/base_msgs
[1.799s] Level 1:colcon.colcon_core.environment:checking '/home/lh/planning_with_ROS2_course/install/base_msgs' for CMake module files
[1.800s] Level 1:colcon.colcon_core.environment:checking '/home/lh/planning_with_ROS2_course/install/base_msgs' for CMake config files
[1.801s] Level 1:colcon.colcon_core.shell:create_environment_hook('base_msgs', 'cmake_prefix_path')
[1.801s] INFO:colcon.colcon_core.shell:Creating environment hook '/home/lh/planning_with_ROS2_course/install/base_msgs/share/base_msgs/hook/cmake_prefix_path.ps1'
[1.803s] INFO:colcon.colcon_core.shell:Creating environment descriptor '/home/lh/planning_with_ROS2_course/install/base_msgs/share/base_msgs/hook/cmake_prefix_path.dsv'
[1.804s] INFO:colcon.colcon_core.shell:Creating environment hook '/home/lh/planning_with_ROS2_course/install/base_msgs/share/base_msgs/hook/cmake_prefix_path.sh'
[1.806s] Level 1:colcon.colcon_core.environment:checking '/home/lh/planning_with_ROS2_course/install/base_msgs/lib'
[1.807s] Level 1:colcon.colcon_core.shell:create_environment_hook('base_msgs', 'ld_library_path_lib')
[1.807s] INFO:colcon.colcon_core.shell:Creating environment hook '/home/lh/planning_with_ROS2_course/install/base_msgs/share/base_msgs/hook/ld_library_path_lib.ps1'
[1.808s] INFO:colcon.colcon_core.shell:Creating environment descriptor '/home/lh/planning_with_ROS2_course/install/base_msgs/share/base_msgs/hook/ld_library_path_lib.dsv'
[1.809s] INFO:colcon.colcon_core.shell:Creating environment hook '/home/lh/planning_with_ROS2_course/install/base_msgs/share/base_msgs/hook/ld_library_path_lib.sh'
[1.811s] Level 1:colcon.colcon_core.environment:checking '/home/lh/planning_with_ROS2_course/install/base_msgs/bin'
[1.811s] Level 1:colcon.colcon_core.environment:checking '/home/lh/planning_with_ROS2_course/install/base_msgs/lib/pkgconfig/base_msgs.pc'
[1.811s] Level 1:colcon.colcon_core.environment:checking '/home/lh/planning_with_ROS2_course/install/base_msgs/lib/python3.12/site-packages'
[1.812s] Level 1:colcon.colcon_core.shell:create_environment_hook('base_msgs', 'pythonpath')
[1.812s] INFO:colcon.colcon_core.shell:Creating environment hook '/home/lh/planning_with_ROS2_course/install/base_msgs/share/base_msgs/hook/pythonpath.ps1'
[1.813s] INFO:colcon.colcon_core.shell:Creating environment descriptor '/home/lh/planning_with_ROS2_course/install/base_msgs/share/base_msgs/hook/pythonpath.dsv'
[1.814s] INFO:colcon.colcon_core.shell:Creating environment hook '/home/lh/planning_with_ROS2_course/install/base_msgs/share/base_msgs/hook/pythonpath.sh'
[1.816s] Level 1:colcon.colcon_core.environment:checking '/home/lh/planning_with_ROS2_course/install/base_msgs/bin'
[1.817s] INFO:colcon.colcon_core.shell:Creating package script '/home/lh/planning_with_ROS2_course/install/base_msgs/share/base_msgs/package.ps1'
[1.819s] INFO:colcon.colcon_core.shell:Creating package descriptor '/home/lh/planning_with_ROS2_course/install/base_msgs/share/base_msgs/package.dsv'
[1.820s] INFO:colcon.colcon_core.shell:Creating package script '/home/lh/planning_with_ROS2_course/install/base_msgs/share/base_msgs/package.sh'
[1.822s] INFO:colcon.colcon_core.shell:Creating package script '/home/lh/planning_with_ROS2_course/install/base_msgs/share/base_msgs/package.bash'
[1.824s] INFO:colcon.colcon_core.shell:Creating package script '/home/lh/planning_with_ROS2_course/install/base_msgs/share/base_msgs/package.zsh'
[1.825s] Level 1:colcon.colcon_core.environment:create_file_with_runtime_dependencies(/home/lh/planning_with_ROS2_course/install/base_msgs/share/colcon-core/packages/base_msgs)
[1.827s] Level 1:colcon.colcon_core.environment:create_environment_scripts_only(base_msgs)
[1.827s] Level 1:colcon.colcon_core.environment:checking '/home/lh/planning_with_ROS2_course/install/base_msgs' for CMake module files
[1.829s] Level 1:colcon.colcon_core.environment:checking '/home/lh/planning_with_ROS2_course/install/base_msgs' for CMake config files
[1.829s] Level 1:colcon.colcon_core.shell:create_environment_hook('base_msgs', 'cmake_prefix_path')
[1.830s] INFO:colcon.colcon_core.shell:Creating environment hook '/home/lh/planning_with_ROS2_course/install/base_msgs/share/base_msgs/hook/cmake_prefix_path.ps1'
[1.831s] INFO:colcon.colcon_core.shell:Creating environment descriptor '/home/lh/planning_with_ROS2_course/install/base_msgs/share/base_msgs/hook/cmake_prefix_path.dsv'
[1.832s] INFO:colcon.colcon_core.shell:Creating environment hook '/home/lh/planning_with_ROS2_course/install/base_msgs/share/base_msgs/hook/cmake_prefix_path.sh'
[1.834s] Level 1:colcon.colcon_core.environment:checking '/home/lh/planning_with_ROS2_course/install/base_msgs/lib'
[1.834s] Level 1:colcon.colcon_core.shell:create_environment_hook('base_msgs', 'ld_library_path_lib')
[1.834s] INFO:colcon.colcon_core.shell:Creating environment hook '/home/lh/planning_with_ROS2_course/install/base_msgs/share/base_msgs/hook/ld_library_path_lib.ps1'
[1.835s] INFO:colcon.colcon_core.shell:Creating environment descriptor '/home/lh/planning_with_ROS2_course/install/base_msgs/share/base_msgs/hook/ld_library_path_lib.dsv'
[1.836s] INFO:colcon.colcon_core.shell:Creating environment hook '/home/lh/planning_with_ROS2_course/install/base_msgs/share/base_msgs/hook/ld_library_path_lib.sh'
[1.838s] Level 1:colcon.colcon_core.environment:checking '/home/lh/planning_with_ROS2_course/install/base_msgs/bin'
[1.838s] Level 1:colcon.colcon_core.environment:checking '/home/lh/planning_with_ROS2_course/install/base_msgs/lib/pkgconfig/base_msgs.pc'
[1.838s] Level 1:colcon.colcon_core.environment:checking '/home/lh/planning_with_ROS2_course/install/base_msgs/lib/python3.12/site-packages'
[1.838s] Level 1:colcon.colcon_core.shell:create_environment_hook('base_msgs', 'pythonpath')
[1.839s] INFO:colcon.colcon_core.shell:Creating environment hook '/home/lh/planning_with_ROS2_course/install/base_msgs/share/base_msgs/hook/pythonpath.ps1'
[1.840s] INFO:colcon.colcon_core.shell:Creating environment descriptor '/home/lh/planning_with_ROS2_course/install/base_msgs/share/base_msgs/hook/pythonpath.dsv'
[1.841s] INFO:colcon.colcon_core.shell:Creating environment hook '/home/lh/planning_with_ROS2_course/install/base_msgs/share/base_msgs/hook/pythonpath.sh'
[1.843s] Level 1:colcon.colcon_core.environment:checking '/home/lh/planning_with_ROS2_course/install/base_msgs/bin'
[1.843s] INFO:colcon.colcon_core.shell:Creating package script '/home/lh/planning_with_ROS2_course/install/base_msgs/share/base_msgs/package.ps1'
[1.845s] INFO:colcon.colcon_core.shell:Creating package descriptor '/home/lh/planning_with_ROS2_course/install/base_msgs/share/base_msgs/package.dsv'
[1.847s] INFO:colcon.colcon_core.shell:Creating package script '/home/lh/planning_with_ROS2_course/install/base_msgs/share/base_msgs/package.sh'
[1.848s] INFO:colcon.colcon_core.shell:Creating package script '/home/lh/planning_with_ROS2_course/install/base_msgs/share/base_msgs/package.bash'
[1.849s] INFO:colcon.colcon_core.shell:Creating package script '/home/lh/planning_with_ROS2_course/install/base_msgs/share/base_msgs/package.zsh'
[1.850s] Level 1:colcon.colcon_core.environment:create_file_with_runtime_dependencies(/home/lh/planning_with_ROS2_course/install/base_msgs/share/colcon-core/packages/base_msgs)
[1.852s] INFO:colcon.colcon_ros.task.ament_python.build:Building ROS package in '/home/lh/planning_with_ROS2_course/src/data_plot' with build type 'ament_python'
[1.852s] Level 1:colcon.colcon_core.shell:create_environment_hook('data_plot', 'ament_prefix_path')
[1.853s] INFO:colcon.colcon_core.shell:Creating environment hook '/home/lh/planning_with_ROS2_course/install/data_plot/share/data_plot/hook/ament_prefix_path.ps1'
[1.853s] INFO:colcon.colcon_core.shell:Creating environment descriptor '/home/lh/planning_with_ROS2_course/install/data_plot/share/data_plot/hook/ament_prefix_path.dsv'
[1.855s] INFO:colcon.colcon_core.shell:Creating environment hook '/home/lh/planning_with_ROS2_course/install/data_plot/share/data_plot/hook/ament_prefix_path.sh'
[1.856s] INFO:colcon.colcon_core.shell:Skip shell extension 'powershell' for command environment: Not usable outside of PowerShell
[1.856s] DEBUG:colcon.colcon_core.shell:Skip shell extension 'dsv' for command environment
[1.865s] INFO:colcon.colcon_ros.task.ament_cmake.build:Building ROS package in '/home/lh/planning_with_ROS2_course/src/planning' with build type 'ament_cmake'
[1.865s] INFO:colcon.colcon_cmake.task.cmake.build:Building CMake package in '/home/lh/planning_with_ROS2_course/src/planning'
[1.865s] INFO:colcon.colcon_core.shell:Skip shell extension 'powershell' for command environment: Not usable outside of PowerShell
[1.866s] DEBUG:colcon.colcon_core.shell:Skip shell extension 'dsv' for command environment
[2.401s] INFO:colcon.colcon_core.task.python.build:Building Python package in '/home/lh/planning_with_ROS2_course/src/data_plot'
[2.402s] INFO:colcon.colcon_core.shell:Skip shell extension 'powershell' for command environment: Not usable outside of PowerShell
[2.402s] DEBUG:colcon.colcon_core.shell:Skip shell extension 'dsv' for command environment
[2.418s] DEBUG:colcon.colcon_core.event_handler.log_command:Invoking command in '/home/lh/planning_with_ROS2_course/build/planning': CMAKE_PREFIX_PATH=/home/lh/planning_with_ROS2_course/install/base_msgs:/home/lh/planning_with_ROS2_course/install/planning:/opt/ros/jazzy/opt/gz_math_vendor:/opt/ros/jazzy/opt/gz_utils_vendor:/opt/ros/jazzy/opt/gz_cmake_vendor:/home/lh/planning_with_ROS2_course/install/data_plot:/opt/ros/jazzy DEBUGINFOD_URLS=https://debuginfod.ubuntu.com LD_LIBRARY_PATH=/home/lh/planning_with_ROS2_course/install/base_msgs/lib:/home/lh/planning_with_ROS2_course/install/planning/lib:/home/lh/planning_with_ROS2_course/install/planning/lib:/home/lh/planning_with_ROS2_course/install/planning/lib:/opt/ros/jazzy/opt/rviz_ogre_vendor/lib:/opt/ros/jazzy/lib/x86_64-linux-gnu:/opt/ros/jazzy/opt/gz_math_vendor/lib:/opt/ros/jazzy/opt/gz_utils_vendor/lib:/opt/ros/jazzy/opt/gz_cmake_vendor/lib:/opt/ros/jazzy/lib PYTHONPATH=/home/lh/planning_with_ROS2_course/install/base_msgs/lib/python3.12/site-packages:/home/lh/planning_with_ROS2_course/install/data_plot/lib/python3.12/site-packages:/opt/ros/jazzy/lib/python3.12/site-packages /usr/bin/cmake --build /home/lh/planning_with_ROS2_course/build/planning -- -j16 -l16
[3.837s] DEBUG:colcon.colcon_core.event_handler.log_command:Invoking command in '/home/lh/planning_with_ROS2_course/src/data_plot': CMAKE_PREFIX_PATH=/home/lh/planning_with_ROS2_course/install/base_msgs:/home/lh/planning_with_ROS2_course/install/planning:/opt/ros/jazzy/opt/gz_math_vendor:/opt/ros/jazzy/opt/gz_utils_vendor:/opt/ros/jazzy/opt/gz_cmake_vendor DEBUGINFOD_URLS=https://debuginfod.ubuntu.com LD_LIBRARY_PATH=/home/lh/planning_with_ROS2_course/install/base_msgs/lib:/home/lh/planning_with_ROS2_course/install/planning/lib:/home/lh/planning_with_ROS2_course/install/planning/lib:/home/lh/planning_with_ROS2_course/install/planning/lib:/opt/ros/jazzy/opt/rviz_ogre_vendor/lib:/opt/ros/jazzy/lib/x86_64-linux-gnu:/opt/ros/jazzy/opt/gz_math_vendor/lib:/opt/ros/jazzy/opt/gz_utils_vendor/lib:/opt/ros/jazzy/opt/gz_cmake_vendor/lib:/opt/ros/jazzy/lib PYTHONPATH=/home/lh/planning_with_ROS2_course/build/data_plot/prefix_override:/usr/lib/python3/dist-packages/colcon_core/task/python/colcon_distutils_commands:/home/lh/planning_with_ROS2_course/install/data_plot/lib/python3.12/site-packages:/home/lh/planning_with_ROS2_course/install/base_msgs/lib/python3.12/site-packages:/home/lh/planning_with_ROS2_course/install/data_plot/lib/python3.12/site-packages:/opt/ros/jazzy/lib/python3.12/site-packages /usr/bin/python3 -W ignore:setup.py install is deprecated -W ignore:easy_install command is deprecated setup.py egg_info --egg-base ../../build/data_plot build --build-base /home/lh/planning_with_ROS2_course/build/data_plot/build install --record /home/lh/planning_with_ROS2_course/build/data_plot/install.log --single-version-externally-managed install_data
[5.135s] Level 1:colcon.colcon_core.environment:checking '/home/lh/planning_with_ROS2_course/install/data_plot' for CMake module files
[5.137s] DEBUG:colcon.colcon_core.event_handler.log_command:Invoked command in '/home/lh/planning_with_ROS2_course/src/data_plot' returned '0': CMAKE_PREFIX_PATH=/home/lh/planning_with_ROS2_course/install/base_msgs:/home/lh/planning_with_ROS2_course/install/planning:/opt/ros/jazzy/opt/gz_math_vendor:/opt/ros/jazzy/opt/gz_utils_vendor:/opt/ros/jazzy/opt/gz_cmake_vendor DEBUGINFOD_URLS=https://debuginfod.ubuntu.com LD_LIBRARY_PATH=/home/lh/planning_with_ROS2_course/install/base_msgs/lib:/home/lh/planning_with_ROS2_course/install/planning/lib:/home/lh/planning_with_ROS2_course/install/planning/lib:/home/lh/planning_with_ROS2_course/install/planning/lib:/opt/ros/jazzy/opt/rviz_ogre_vendor/lib:/opt/ros/jazzy/lib/x86_64-linux-gnu:/opt/ros/jazzy/opt/gz_math_vendor/lib:/opt/ros/jazzy/opt/gz_utils_vendor/lib:/opt/ros/jazzy/opt/gz_cmake_vendor/lib:/opt/ros/jazzy/lib PYTHONPATH=/home/lh/planning_with_ROS2_course/build/data_plot/prefix_override:/usr/lib/python3/dist-packages/colcon_core/task/python/colcon_distutils_commands:/home/lh/planning_with_ROS2_course/install/data_plot/lib/python3.12/site-packages:/home/lh/planning_with_ROS2_course/install/base_msgs/lib/python3.12/site-packages:/home/lh/planning_with_ROS2_course/install/data_plot/lib/python3.12/site-packages:/opt/ros/jazzy/lib/python3.12/site-packages /usr/bin/python3 -W ignore:setup.py install is deprecated -W ignore:easy_install command is deprecated setup.py egg_info --egg-base ../../build/data_plot build --build-base /home/lh/planning_with_ROS2_course/build/data_plot/build install --record /home/lh/planning_with_ROS2_course/build/data_plot/install.log --single-version-externally-managed install_data
[5.138s] Level 1:colcon.colcon_core.environment:checking '/home/lh/planning_with_ROS2_course/install/data_plot' for CMake config files
[5.139s] Level 1:colcon.colcon_core.environment:checking '/home/lh/planning_with_ROS2_course/install/data_plot/lib'
[5.139s] Level 1:colcon.colcon_core.environment:checking '/home/lh/planning_with_ROS2_course/install/data_plot/bin'
[5.139s] Level 1:colcon.colcon_core.environment:checking '/home/lh/planning_with_ROS2_course/install/data_plot/lib/pkgconfig/data_plot.pc'
[5.140s] Level 1:colcon.colcon_core.environment:checking '/home/lh/planning_with_ROS2_course/install/data_plot/lib/python3.12/site-packages'
[5.140s] Level 1:colcon.colcon_core.shell:create_environment_hook('data_plot', 'pythonpath')
[5.141s] INFO:colcon.colcon_core.shell:Creating environment hook '/home/lh/planning_with_ROS2_course/install/data_plot/share/data_plot/hook/pythonpath.ps1'
[5.142s] INFO:colcon.colcon_core.shell:Creating environment descriptor '/home/lh/planning_with_ROS2_course/install/data_plot/share/data_plot/hook/pythonpath.dsv'
[5.143s] INFO:colcon.colcon_core.shell:Creating environment hook '/home/lh/planning_with_ROS2_course/install/data_plot/share/data_plot/hook/pythonpath.sh'
[5.146s] Level 1:colcon.colcon_core.environment:checking '/home/lh/planning_with_ROS2_course/install/data_plot/bin'
[5.146s] Level 1:colcon.colcon_core.environment:create_environment_scripts_only(data_plot)
[5.146s] INFO:colcon.colcon_core.shell:Creating package script '/home/lh/planning_with_ROS2_course/install/data_plot/share/data_plot/package.ps1'
[5.148s] INFO:colcon.colcon_core.shell:Creating package descriptor '/home/lh/planning_with_ROS2_course/install/data_plot/share/data_plot/package.dsv'
[5.149s] INFO:colcon.colcon_core.shell:Creating package script '/home/lh/planning_with_ROS2_course/install/data_plot/share/data_plot/package.sh'
[5.151s] INFO:colcon.colcon_core.shell:Creating package script '/home/lh/planning_with_ROS2_course/install/data_plot/share/data_plot/package.bash'
[5.152s] INFO:colcon.colcon_core.shell:Creating package script '/home/lh/planning_with_ROS2_course/install/data_plot/share/data_plot/package.zsh'
[5.153s] Level 1:colcon.colcon_core.environment:create_file_with_runtime_dependencies(/home/lh/planning_with_ROS2_course/install/data_plot/share/colcon-core/packages/data_plot)
[11.423s] DEBUG:colcon.colcon_core.event_handler.log_command:Invoked command in '/home/lh/planning_with_ROS2_course/build/planning' returned '0': CMAKE_PREFIX_PATH=/home/lh/planning_with_ROS2_course/install/base_msgs:/home/lh/planning_with_ROS2_course/install/planning:/opt/ros/jazzy/opt/gz_math_vendor:/opt/ros/jazzy/opt/gz_utils_vendor:/opt/ros/jazzy/opt/gz_cmake_vendor:/home/lh/planning_with_ROS2_course/install/data_plot:/opt/ros/jazzy DEBUGINFOD_URLS=https://debuginfod.ubuntu.com LD_LIBRARY_PATH=/home/lh/planning_with_ROS2_course/install/base_msgs/lib:/home/lh/planning_with_ROS2_course/install/planning/lib:/home/lh/planning_with_ROS2_course/install/planning/lib:/home/lh/planning_with_ROS2_course/install/planning/lib:/opt/ros/jazzy/opt/rviz_ogre_vendor/lib:/opt/ros/jazzy/lib/x86_64-linux-gnu:/opt/ros/jazzy/opt/gz_math_vendor/lib:/opt/ros/jazzy/opt/gz_utils_vendor/lib:/opt/ros/jazzy/opt/gz_cmake_vendor/lib:/opt/ros/jazzy/lib PYTHONPATH=/home/lh/planning_with_ROS2_course/install/base_msgs/lib/python3.12/site-packages:/home/lh/planning_with_ROS2_course/install/data_plot/lib/python3.12/site-packages:/opt/ros/jazzy/lib/python3.12/site-packages /usr/bin/cmake --build /home/lh/planning_with_ROS2_course/build/planning -- -j16 -l16
[11.424s] DEBUG:colcon.colcon_core.event_handler.log_command:Invoking command in '/home/lh/planning_with_ROS2_course/build/planning': CMAKE_PREFIX_PATH=/home/lh/planning_with_ROS2_course/install/base_msgs:/home/lh/planning_with_ROS2_course/install/planning:/opt/ros/jazzy/opt/gz_math_vendor:/opt/ros/jazzy/opt/gz_utils_vendor:/opt/ros/jazzy/opt/gz_cmake_vendor:/home/lh/planning_with_ROS2_course/install/data_plot:/opt/ros/jazzy DEBUGINFOD_URLS=https://debuginfod.ubuntu.com LD_LIBRARY_PATH=/home/lh/planning_with_ROS2_course/install/base_msgs/lib:/home/lh/planning_with_ROS2_course/install/planning/lib:/home/lh/planning_with_ROS2_course/install/planning/lib:/home/lh/planning_with_ROS2_course/install/planning/lib:/opt/ros/jazzy/opt/rviz_ogre_vendor/lib:/opt/ros/jazzy/lib/x86_64-linux-gnu:/opt/ros/jazzy/opt/gz_math_vendor/lib:/opt/ros/jazzy/opt/gz_utils_vendor/lib:/opt/ros/jazzy/opt/gz_cmake_vendor/lib:/opt/ros/jazzy/lib PYTHONPATH=/home/lh/planning_with_ROS2_course/install/base_msgs/lib/python3.12/site-packages:/home/lh/planning_with_ROS2_course/install/data_plot/lib/python3.12/site-packages:/opt/ros/jazzy/lib/python3.12/site-packages /usr/bin/cmake --install /home/lh/planning_with_ROS2_course/build/planning
[11.477s] Level 1:colcon.colcon_core.environment:create_environment_scripts_only(planning)
[11.478s] Level 1:colcon.colcon_core.environment:checking '/home/lh/planning_with_ROS2_course/install/planning' for CMake module files
[11.478s] DEBUG:colcon.colcon_core.event_handler.log_command:Invoked command in '/home/lh/planning_with_ROS2_course/build/planning' returned '0': CMAKE_PREFIX_PATH=/home/lh/planning_with_ROS2_course/install/base_msgs:/home/lh/planning_with_ROS2_course/install/planning:/opt/ros/jazzy/opt/gz_math_vendor:/opt/ros/jazzy/opt/gz_utils_vendor:/opt/ros/jazzy/opt/gz_cmake_vendor:/home/lh/planning_with_ROS2_course/install/data_plot:/opt/ros/jazzy DEBUGINFOD_URLS=https://debuginfod.ubuntu.com LD_LIBRARY_PATH=/home/lh/planning_with_ROS2_course/install/base_msgs/lib:/home/lh/planning_with_ROS2_course/install/planning/lib:/home/lh/planning_with_ROS2_course/install/planning/lib:/home/lh/planning_with_ROS2_course/install/planning/lib:/opt/ros/jazzy/opt/rviz_ogre_vendor/lib:/opt/ros/jazzy/lib/x86_64-linux-gnu:/opt/ros/jazzy/opt/gz_math_vendor/lib:/opt/ros/jazzy/opt/gz_utils_vendor/lib:/opt/ros/jazzy/opt/gz_cmake_vendor/lib:/opt/ros/jazzy/lib PYTHONPATH=/home/lh/planning_with_ROS2_course/install/base_msgs/lib/python3.12/site-packages:/home/lh/planning_with_ROS2_course/install/data_plot/lib/python3.12/site-packages:/opt/ros/jazzy/lib/python3.12/site-packages /usr/bin/cmake --install /home/lh/planning_with_ROS2_course/build/planning
[11.480s] Level 1:colcon.colcon_core.environment:checking '/home/lh/planning_with_ROS2_course/install/planning' for CMake config files
[11.480s] Level 1:colcon.colcon_core.shell:create_environment_hook('planning', 'cmake_prefix_path')
[11.480s] INFO:colcon.colcon_core.shell:Creating environment hook '/home/lh/planning_with_ROS2_course/install/planning/share/planning/hook/cmake_prefix_path.ps1'
[11.481s] INFO:colcon.colcon_core.shell:Creating environment descriptor '/home/lh/planning_with_ROS2_course/install/planning/share/planning/hook/cmake_prefix_path.dsv'
[11.482s] INFO:colcon.colcon_core.shell:Creating environment hook '/home/lh/planning_with_ROS2_course/install/planning/share/planning/hook/cmake_prefix_path.sh'
[11.483s] Level 1:colcon.colcon_core.environment:checking '/home/lh/planning_with_ROS2_course/install/planning/lib'
[11.483s] Level 1:colcon.colcon_core.shell:create_environment_hook('planning', 'ld_library_path_lib')
[11.483s] INFO:colcon.colcon_core.shell:Creating environment hook '/home/lh/planning_with_ROS2_course/install/planning/share/planning/hook/ld_library_path_lib.ps1'
[11.484s] INFO:colcon.colcon_core.shell:Creating environment descriptor '/home/lh/planning_with_ROS2_course/install/planning/share/planning/hook/ld_library_path_lib.dsv'
[11.485s] INFO:colcon.colcon_core.shell:Creating environment hook '/home/lh/planning_with_ROS2_course/install/planning/share/planning/hook/ld_library_path_lib.sh'
[11.487s] Level 1:colcon.colcon_core.environment:checking '/home/lh/planning_with_ROS2_course/install/planning/bin'
[11.487s] Level 1:colcon.colcon_core.environment:checking '/home/lh/planning_with_ROS2_course/install/planning/lib/pkgconfig/planning.pc'
[11.487s] Level 1:colcon.colcon_core.environment:checking '/home/lh/planning_with_ROS2_course/install/planning/lib/python3.12/site-packages'
[11.488s] Level 1:colcon.colcon_core.environment:checking '/home/lh/planning_with_ROS2_course/install/planning/bin'
[11.488s] INFO:colcon.colcon_core.shell:Creating package script '/home/lh/planning_with_ROS2_course/install/planning/share/planning/package.ps1'
[11.490s] INFO:colcon.colcon_core.shell:Creating package descriptor '/home/lh/planning_with_ROS2_course/install/planning/share/planning/package.dsv'
[11.491s] INFO:colcon.colcon_core.shell:Creating package script '/home/lh/planning_with_ROS2_course/install/planning/share/planning/package.sh'
[11.492s] INFO:colcon.colcon_core.shell:Creating package script '/home/lh/planning_with_ROS2_course/install/planning/share/planning/package.bash'
[11.493s] INFO:colcon.colcon_core.shell:Creating package script '/home/lh/planning_with_ROS2_course/install/planning/share/planning/package.zsh'
[11.494s] Level 1:colcon.colcon_core.environment:create_file_with_runtime_dependencies(/home/lh/planning_with_ROS2_course/install/planning/share/colcon-core/packages/planning)
[11.496s] Level 1:colcon.colcon_core.environment:create_environment_scripts_only(planning)
[11.496s] Level 1:colcon.colcon_core.environment:checking '/home/lh/planning_with_ROS2_course/install/planning' for CMake module files
[11.497s] Level 1:colcon.colcon_core.environment:checking '/home/lh/planning_with_ROS2_course/install/planning' for CMake config files
[11.497s] Level 1:colcon.colcon_core.shell:create_environment_hook('planning', 'cmake_prefix_path')
[11.498s] INFO:colcon.colcon_core.shell:Creating environment hook '/home/lh/planning_with_ROS2_course/install/planning/share/planning/hook/cmake_prefix_path.ps1'
[11.499s] INFO:colcon.colcon_core.shell:Creating environment descriptor '/home/lh/planning_with_ROS2_course/install/planning/share/planning/hook/cmake_prefix_path.dsv'
[11.500s] INFO:colcon.colcon_core.shell:Creating environment hook '/home/lh/planning_with_ROS2_course/install/planning/share/planning/hook/cmake_prefix_path.sh'
[11.501s] Level 1:colcon.colcon_core.environment:checking '/home/lh/planning_with_ROS2_course/install/planning/lib'
[11.501s] Level 1:colcon.colcon_core.shell:create_environment_hook('planning', 'ld_library_path_lib')
[11.501s] INFO:colcon.colcon_core.shell:Creating environment hook '/home/lh/planning_with_ROS2_course/install/planning/share/planning/hook/ld_library_path_lib.ps1'
[11.503s] INFO:colcon.colcon_core.shell:Creating environment descriptor '/home/lh/planning_with_ROS2_course/install/planning/share/planning/hook/ld_library_path_lib.dsv'
[11.503s] INFO:colcon.colcon_core.shell:Creating environment hook '/home/lh/planning_with_ROS2_course/install/planning/share/planning/hook/ld_library_path_lib.sh'
[11.505s] Level 1:colcon.colcon_core.environment:checking '/home/lh/planning_with_ROS2_course/install/planning/bin'
[11.505s] Level 1:colcon.colcon_core.environment:checking '/home/lh/planning_with_ROS2_course/install/planning/lib/pkgconfig/planning.pc'
[11.505s] Level 1:colcon.colcon_core.environment:checking '/home/lh/planning_with_ROS2_course/install/planning/lib/python3.12/site-packages'
[11.506s] Level 1:colcon.colcon_core.environment:checking '/home/lh/planning_with_ROS2_course/install/planning/bin'
[11.506s] INFO:colcon.colcon_core.shell:Creating package script '/home/lh/planning_with_ROS2_course/install/planning/share/planning/package.ps1'
[11.508s] INFO:colcon.colcon_core.shell:Creating package descriptor '/home/lh/planning_with_ROS2_course/install/planning/share/planning/package.dsv'
[11.509s] INFO:colcon.colcon_core.shell:Creating package script '/home/lh/planning_with_ROS2_course/install/planning/share/planning/package.sh'
[11.510s] INFO:colcon.colcon_core.shell:Creating package script '/home/lh/planning_with_ROS2_course/install/planning/share/planning/package.bash'
[11.511s] INFO:colcon.colcon_core.shell:Creating package script '/home/lh/planning_with_ROS2_course/install/planning/share/planning/package.zsh'
[11.512s] Level 1:colcon.colcon_core.environment:create_file_with_runtime_dependencies(/home/lh/planning_with_ROS2_course/install/planning/share/colcon-core/packages/planning)
[11.513s] DEBUG:colcon.colcon_parallel_executor.executor.parallel:closing loop
[11.514s] DEBUG:colcon.colcon_parallel_executor.executor.parallel:loop closed
[11.516s] DEBUG:colcon.colcon_parallel_executor.executor.parallel:run_until_complete finished with '0'
[11.516s] DEBUG:colcon.colcon_core.event_reactor:joining thread
[11.528s] INFO:colcon.colcon_core.plugin_system:Skipping extension 'colcon_notification.desktop_notification.terminal_notifier': Not used on non-Darwin systems
[11.529s] INFO:colcon.colcon_core.plugin_system:Skipping extension 'colcon_notification.desktop_notification.win32': Not used on non-Windows systems
[11.529s] INFO:colcon.colcon_notification.desktop_notification:Sending desktop notification using 'notify2'
[11.561s] DEBUG:colcon.colcon_core.event_reactor:joined thread
[11.562s] INFO:colcon.colcon_core.shell:Creating prefix script '/home/lh/planning_with_ROS2_course/install/local_setup.ps1'
[11.564s] INFO:colcon.colcon_core.shell:Creating prefix util module '/home/lh/planning_with_ROS2_course/install/_local_setup_util_ps1.py'
[11.567s] INFO:colcon.colcon_core.shell:Creating prefix chain script '/home/lh/planning_with_ROS2_course/install/setup.ps1'
[11.569s] INFO:colcon.colcon_core.shell:Creating prefix script '/home/lh/planning_with_ROS2_course/install/local_setup.sh'
[11.571s] INFO:colcon.colcon_core.shell:Creating prefix util module '/home/lh/planning_with_ROS2_course/install/_local_setup_util_sh.py'
[11.572s] INFO:colcon.colcon_core.shell:Creating prefix chain script '/home/lh/planning_with_ROS2_course/install/setup.sh'
[11.575s] INFO:colcon.colcon_core.shell:Creating prefix script '/home/lh/planning_with_ROS2_course/install/local_setup.bash'
[11.577s] INFO:colcon.colcon_core.shell:Creating prefix chain script '/home/lh/planning_with_ROS2_course/install/setup.bash'
[11.579s] INFO:colcon.colcon_core.shell:Creating prefix script '/home/lh/planning_with_ROS2_course/install/local_setup.zsh'
[11.581s] INFO:colcon.colcon_core.shell:Creating prefix chain script '/home/lh/planning_with_ROS2_course/install/setup.zsh'
