[0.123s] DEBUG:colcon:Command line arguments: ['/usr/bin/colcon', 'build']
[0.123s] DEBUG:colcon:Parsed command line arguments: Namespace(log_base=None, log_level=None, verb_name='build', build_base='build', install_base='install', merge_install=False, symlink_install=False, test_result_base=None, continue_on_error=False, executor='parallel', parallel_workers=8, event_handlers=None, ignore_user_meta=False, metas=['./colcon.meta'], base_paths=['.'], packages_ignore=None, packages_ignore_regex=None, paths=None, packages_up_to=None, packages_up_to_regex=None, packages_above=None, packages_above_and_dependencies=None, packages_above_depth=None, packages_select_by_dep=None, packages_skip_by_dep=None, packages_skip_up_to=None, packages_select_build_failed=False, packages_skip_build_finished=False, packages_select_test_failures=False, packages_skip_test_passed=False, packages_select=None, packages_skip=None, packages_select_regex=None, packages_skip_regex=None, packages_start=None, packages_end=None, allow_overriding=[], cmake_args=None, cmake_target=None, cmake_target_skip_unavailable=False, cmake_clean_cache=False, cmake_clean_first=False, cmake_force_configure=False, ament_cmake_args=None, catkin_cmake_args=None, catkin_skip_building_tests=False, verb_parser=<colcon_defaults.argument_parser.defaults.DefaultArgumentsDecorator object at 0x7d8ae2b758b0>, verb_extension=<colcon_core.verb.build.BuildVerb object at 0x7d8ae2b75610>, main=<bound method BuildVerb.main of <colcon_core.verb.build.BuildVerb object at 0x7d8ae2b75610>>)
[0.170s] Level 1:colcon.colcon_core.package_discovery:discover_packages(colcon_meta) check parameters
[0.171s] Level 1:colcon.colcon_core.package_discovery:discover_packages(recursive) check parameters
[0.171s] Level 1:colcon.colcon_core.package_discovery:discover_packages(ignore) check parameters
[0.171s] Level 1:colcon.colcon_core.package_discovery:discover_packages(path) check parameters
[0.171s] Level 1:colcon.colcon_core.package_discovery:discover_packages(colcon_meta) discover
[0.171s] Level 1:colcon.colcon_core.package_discovery:discover_packages(recursive) discover
[0.171s] INFO:colcon.colcon_core.package_discovery:Crawling recursively for packages in '/home/lh/planning_with_ROS2_course'
[0.171s] Level 1:colcon.colcon_core.package_identification:_identify(.) by extensions ['ignore', 'ignore_ament_install']
[0.171s] Level 1:colcon.colcon_core.package_identification:_identify(.) by extension 'ignore'
[0.171s] Level 1:colcon.colcon_core.package_identification:_identify(.) by extension 'ignore_ament_install'
[0.171s] Level 1:colcon.colcon_core.package_identification:_identify(.) by extensions ['colcon_pkg']
[0.171s] Level 1:colcon.colcon_core.package_identification:_identify(.) by extension 'colcon_pkg'
[0.171s] Level 1:colcon.colcon_core.package_identification:_identify(.) by extensions ['colcon_meta']
[0.171s] Level 1:colcon.colcon_core.package_identification:_identify(.) by extension 'colcon_meta'
[0.171s] Level 1:colcon.colcon_core.package_identification:_identify(.) by extensions ['ros']
[0.171s] Level 1:colcon.colcon_core.package_identification:_identify(.) by extension 'ros'
[0.200s] Level 1:colcon.colcon_core.package_identification:_identify(.) by extensions ['cmake', 'python']
[0.200s] Level 1:colcon.colcon_core.package_identification:_identify(.) by extension 'cmake'
[0.200s] Level 1:colcon.colcon_core.package_identification:_identify(.) by extension 'python'
[0.200s] Level 1:colcon.colcon_core.package_identification:_identify(.) by extensions ['python_setup_py']
[0.200s] Level 1:colcon.colcon_core.package_identification:_identify(.) by extension 'python_setup_py'
[0.201s] Level 1:colcon.colcon_core.package_identification:_identify(build) by extensions ['ignore', 'ignore_ament_install']
[0.201s] Level 1:colcon.colcon_core.package_identification:_identify(build) by extension 'ignore'
[0.201s] Level 1:colcon.colcon_core.package_identification:_identify(build) ignored
[0.201s] Level 1:colcon.colcon_core.package_identification:_identify(doc) by extensions ['ignore', 'ignore_ament_install']
[0.201s] Level 1:colcon.colcon_core.package_identification:_identify(doc) by extension 'ignore'
[0.201s] Level 1:colcon.colcon_core.package_identification:_identify(doc) by extension 'ignore_ament_install'
[0.201s] Level 1:colcon.colcon_core.package_identification:_identify(doc) by extensions ['colcon_pkg']
[0.201s] Level 1:colcon.colcon_core.package_identification:_identify(doc) by extension 'colcon_pkg'
[0.201s] Level 1:colcon.colcon_core.package_identification:_identify(doc) by extensions ['colcon_meta']
[0.201s] Level 1:colcon.colcon_core.package_identification:_identify(doc) by extension 'colcon_meta'
[0.201s] Level 1:colcon.colcon_core.package_identification:_identify(doc) by extensions ['ros']
[0.202s] Level 1:colcon.colcon_core.package_identification:_identify(doc) by extension 'ros'
[0.202s] Level 1:colcon.colcon_core.package_identification:_identify(doc) by extensions ['cmake', 'python']
[0.202s] Level 1:colcon.colcon_core.package_identification:_identify(doc) by extension 'cmake'
[0.202s] Level 1:colcon.colcon_core.package_identification:_identify(doc) by extension 'python'
[0.202s] Level 1:colcon.colcon_core.package_identification:_identify(doc) by extensions ['python_setup_py']
[0.202s] Level 1:colcon.colcon_core.package_identification:_identify(doc) by extension 'python_setup_py'
[0.202s] Level 1:colcon.colcon_core.package_identification:_identify(install) by extensions ['ignore', 'ignore_ament_install']
[0.202s] Level 1:colcon.colcon_core.package_identification:_identify(install) by extension 'ignore'
[0.202s] Level 1:colcon.colcon_core.package_identification:_identify(install) ignored
[0.202s] Level 1:colcon.colcon_core.package_identification:_identify(log) by extensions ['ignore', 'ignore_ament_install']
[0.202s] Level 1:colcon.colcon_core.package_identification:_identify(log) by extension 'ignore'
[0.202s] Level 1:colcon.colcon_core.package_identification:_identify(log) ignored
[0.202s] Level 1:colcon.colcon_core.package_identification:_identify(src) by extensions ['ignore', 'ignore_ament_install']
[0.203s] Level 1:colcon.colcon_core.package_identification:_identify(src) by extension 'ignore'
[0.203s] Level 1:colcon.colcon_core.package_identification:_identify(src) by extension 'ignore_ament_install'
[0.203s] Level 1:colcon.colcon_core.package_identification:_identify(src) by extensions ['colcon_pkg']
[0.203s] Level 1:colcon.colcon_core.package_identification:_identify(src) by extension 'colcon_pkg'
[0.203s] Level 1:colcon.colcon_core.package_identification:_identify(src) by extensions ['colcon_meta']
[0.203s] Level 1:colcon.colcon_core.package_identification:_identify(src) by extension 'colcon_meta'
[0.203s] Level 1:colcon.colcon_core.package_identification:_identify(src) by extensions ['ros']
[0.203s] Level 1:colcon.colcon_core.package_identification:_identify(src) by extension 'ros'
[0.203s] Level 1:colcon.colcon_core.package_identification:_identify(src) by extensions ['cmake', 'python']
[0.203s] Level 1:colcon.colcon_core.package_identification:_identify(src) by extension 'cmake'
[0.203s] Level 1:colcon.colcon_core.package_identification:_identify(src) by extension 'python'
[0.203s] Level 1:colcon.colcon_core.package_identification:_identify(src) by extensions ['python_setup_py']
[0.203s] Level 1:colcon.colcon_core.package_identification:_identify(src) by extension 'python_setup_py'
[0.203s] Level 1:colcon.colcon_core.package_identification:_identify(src/base_msgs) by extensions ['ignore', 'ignore_ament_install']
[0.203s] Level 1:colcon.colcon_core.package_identification:_identify(src/base_msgs) by extension 'ignore'
[0.203s] Level 1:colcon.colcon_core.package_identification:_identify(src/base_msgs) by extension 'ignore_ament_install'
[0.203s] Level 1:colcon.colcon_core.package_identification:_identify(src/base_msgs) by extensions ['colcon_pkg']
[0.203s] Level 1:colcon.colcon_core.package_identification:_identify(src/base_msgs) by extension 'colcon_pkg'
[0.204s] Level 1:colcon.colcon_core.package_identification:_identify(src/base_msgs) by extensions ['colcon_meta']
[0.204s] Level 1:colcon.colcon_core.package_identification:_identify(src/base_msgs) by extension 'colcon_meta'
[0.204s] Level 1:colcon.colcon_core.package_identification:_identify(src/base_msgs) by extensions ['ros']
[0.204s] Level 1:colcon.colcon_core.package_identification:_identify(src/base_msgs) by extension 'ros'
[0.208s] DEBUG:colcon.colcon_core.package_identification:Package 'src/base_msgs' with type 'ros.ament_cmake' and name 'base_msgs'
[0.208s] Level 1:colcon.colcon_core.package_identification:_identify(src/data_plot) by extensions ['ignore', 'ignore_ament_install']
[0.209s] Level 1:colcon.colcon_core.package_identification:_identify(src/data_plot) by extension 'ignore'
[0.209s] Level 1:colcon.colcon_core.package_identification:_identify(src/data_plot) by extension 'ignore_ament_install'
[0.209s] Level 1:colcon.colcon_core.package_identification:_identify(src/data_plot) by extensions ['colcon_pkg']
[0.209s] Level 1:colcon.colcon_core.package_identification:_identify(src/data_plot) by extension 'colcon_pkg'
[0.209s] Level 1:colcon.colcon_core.package_identification:_identify(src/data_plot) by extensions ['colcon_meta']
[0.209s] Level 1:colcon.colcon_core.package_identification:_identify(src/data_plot) by extension 'colcon_meta'
[0.209s] Level 1:colcon.colcon_core.package_identification:_identify(src/data_plot) by extensions ['ros']
[0.209s] Level 1:colcon.colcon_core.package_identification:_identify(src/data_plot) by extension 'ros'
[0.210s] DEBUG:colcon.colcon_core.package_identification:Package 'src/data_plot' with type 'ros.ament_python' and name 'data_plot'
[0.210s] Level 1:colcon.colcon_core.package_identification:_identify(src/planning) by extensions ['ignore', 'ignore_ament_install']
[0.210s] Level 1:colcon.colcon_core.package_identification:_identify(src/planning) by extension 'ignore'
[0.210s] Level 1:colcon.colcon_core.package_identification:_identify(src/planning) by extension 'ignore_ament_install'
[0.210s] Level 1:colcon.colcon_core.package_identification:_identify(src/planning) by extensions ['colcon_pkg']
[0.210s] Level 1:colcon.colcon_core.package_identification:_identify(src/planning) by extension 'colcon_pkg'
[0.210s] Level 1:colcon.colcon_core.package_identification:_identify(src/planning) by extensions ['colcon_meta']
[0.210s] Level 1:colcon.colcon_core.package_identification:_identify(src/planning) by extension 'colcon_meta'
[0.210s] Level 1:colcon.colcon_core.package_identification:_identify(src/planning) by extensions ['ros']
[0.210s] Level 1:colcon.colcon_core.package_identification:_identify(src/planning) by extension 'ros'
[0.211s] DEBUG:colcon.colcon_core.package_identification:Package 'src/planning' with type 'ros.ament_cmake' and name 'planning'
[0.212s] Level 1:colcon.colcon_core.package_discovery:discover_packages(recursive) using defaults
[0.212s] Level 1:colcon.colcon_core.package_discovery:discover_packages(ignore) discover
[0.212s] Level 1:colcon.colcon_core.package_discovery:discover_packages(ignore) using defaults
[0.212s] Level 1:colcon.colcon_core.package_discovery:discover_packages(path) discover
[0.212s] Level 1:colcon.colcon_core.package_discovery:discover_packages(path) using defaults
[0.232s] Level 1:colcon.colcon_core.package_discovery:discover_packages(prefix_path) check parameters
[0.232s] Level 1:colcon.colcon_core.package_discovery:discover_packages(prefix_path) discover
[0.236s] DEBUG:colcon.colcon_installed_package_information.package_discovery:Found 3 installed packages in /home/lh/planning_with_ROS2_course/install
[0.237s] DEBUG:colcon.colcon_installed_package_information.package_discovery:Found 289 installed packages in /opt/ros/jazzy
[0.238s] Level 1:colcon.colcon_core.package_discovery:discover_packages(prefix_path) using defaults
[0.286s] Level 5:colcon.colcon_core.verb:set package 'base_msgs' build argument 'cmake_args' from command line to 'None'
[0.286s] Level 5:colcon.colcon_core.verb:set package 'base_msgs' build argument 'cmake_target' from command line to 'None'
[0.286s] Level 5:colcon.colcon_core.verb:set package 'base_msgs' build argument 'cmake_target_skip_unavailable' from command line to 'False'
[0.287s] Level 5:colcon.colcon_core.verb:set package 'base_msgs' build argument 'cmake_clean_cache' from command line to 'False'
[0.287s] Level 5:colcon.colcon_core.verb:set package 'base_msgs' build argument 'cmake_clean_first' from command line to 'False'
[0.287s] Level 5:colcon.colcon_core.verb:set package 'base_msgs' build argument 'cmake_force_configure' from command line to 'False'
[0.287s] Level 5:colcon.colcon_core.verb:set package 'base_msgs' build argument 'ament_cmake_args' from command line to 'None'
[0.287s] Level 5:colcon.colcon_core.verb:set package 'base_msgs' build argument 'catkin_cmake_args' from command line to 'None'
[0.287s] Level 5:colcon.colcon_core.verb:set package 'base_msgs' build argument 'catkin_skip_building_tests' from command line to 'False'
[0.287s] DEBUG:colcon.colcon_core.verb:Building package 'base_msgs' with the following arguments: {'ament_cmake_args': None, 'build_base': '/home/lh/planning_with_ROS2_course/build/base_msgs', 'catkin_cmake_args': None, 'catkin_skip_building_tests': False, 'cmake_args': None, 'cmake_clean_cache': False, 'cmake_clean_first': False, 'cmake_force_configure': False, 'cmake_target': None, 'cmake_target_skip_unavailable': False, 'install_base': '/home/lh/planning_with_ROS2_course/install/base_msgs', 'merge_install': False, 'path': '/home/lh/planning_with_ROS2_course/src/base_msgs', 'symlink_install': False, 'test_result_base': None}
[0.287s] Level 5:colcon.colcon_core.verb:set package 'data_plot' build argument 'cmake_args' from command line to 'None'
[0.287s] Level 5:colcon.colcon_core.verb:set package 'data_plot' build argument 'cmake_target' from command line to 'None'
[0.287s] Level 5:colcon.colcon_core.verb:set package 'data_plot' build argument 'cmake_target_skip_unavailable' from command line to 'False'
[0.287s] Level 5:colcon.colcon_core.verb:set package 'data_plot' build argument 'cmake_clean_cache' from command line to 'False'
[0.287s] Level 5:colcon.colcon_core.verb:set package 'data_plot' build argument 'cmake_clean_first' from command line to 'False'
[0.287s] Level 5:colcon.colcon_core.verb:set package 'data_plot' build argument 'cmake_force_configure' from command line to 'False'
[0.287s] Level 5:colcon.colcon_core.verb:set package 'data_plot' build argument 'ament_cmake_args' from command line to 'None'
[0.287s] Level 5:colcon.colcon_core.verb:set package 'data_plot' build argument 'catkin_cmake_args' from command line to 'None'
[0.287s] Level 5:colcon.colcon_core.verb:set package 'data_plot' build argument 'catkin_skip_building_tests' from command line to 'False'
[0.287s] DEBUG:colcon.colcon_core.verb:Building package 'data_plot' with the following arguments: {'ament_cmake_args': None, 'build_base': '/home/lh/planning_with_ROS2_course/build/data_plot', 'catkin_cmake_args': None, 'catkin_skip_building_tests': False, 'cmake_args': None, 'cmake_clean_cache': False, 'cmake_clean_first': False, 'cmake_force_configure': False, 'cmake_target': None, 'cmake_target_skip_unavailable': False, 'install_base': '/home/lh/planning_with_ROS2_course/install/data_plot', 'merge_install': False, 'path': '/home/lh/planning_with_ROS2_course/src/data_plot', 'symlink_install': False, 'test_result_base': None}
[0.287s] Level 5:colcon.colcon_core.verb:set package 'planning' build argument 'cmake_args' from command line to 'None'
[0.288s] Level 5:colcon.colcon_core.verb:set package 'planning' build argument 'cmake_target' from command line to 'None'
[0.288s] Level 5:colcon.colcon_core.verb:set package 'planning' build argument 'cmake_target_skip_unavailable' from command line to 'False'
[0.288s] Level 5:colcon.colcon_core.verb:set package 'planning' build argument 'cmake_clean_cache' from command line to 'False'
[0.288s] Level 5:colcon.colcon_core.verb:set package 'planning' build argument 'cmake_clean_first' from command line to 'False'
[0.288s] Level 5:colcon.colcon_core.verb:set package 'planning' build argument 'cmake_force_configure' from command line to 'False'
[0.288s] Level 5:colcon.colcon_core.verb:set package 'planning' build argument 'ament_cmake_args' from command line to 'None'
[0.288s] Level 5:colcon.colcon_core.verb:set package 'planning' build argument 'catkin_cmake_args' from command line to 'None'
[0.288s] Level 5:colcon.colcon_core.verb:set package 'planning' build argument 'catkin_skip_building_tests' from command line to 'False'
[0.288s] DEBUG:colcon.colcon_core.verb:Building package 'planning' with the following arguments: {'ament_cmake_args': None, 'build_base': '/home/lh/planning_with_ROS2_course/build/planning', 'catkin_cmake_args': None, 'catkin_skip_building_tests': False, 'cmake_args': None, 'cmake_clean_cache': False, 'cmake_clean_first': False, 'cmake_force_configure': False, 'cmake_target': None, 'cmake_target_skip_unavailable': False, 'install_base': '/home/lh/planning_with_ROS2_course/install/planning', 'merge_install': False, 'path': '/home/lh/planning_with_ROS2_course/src/planning', 'symlink_install': False, 'test_result_base': None}
[0.288s] INFO:colcon.colcon_core.executor:Executing jobs using 'parallel' executor
[0.289s] DEBUG:colcon.colcon_parallel_executor.executor.parallel:run_until_complete
[0.289s] INFO:colcon.colcon_ros.task.ament_cmake.build:Building ROS package in '/home/lh/planning_with_ROS2_course/src/base_msgs' with build type 'ament_cmake'
[0.289s] INFO:colcon.colcon_cmake.task.cmake.build:Building CMake package in '/home/lh/planning_with_ROS2_course/src/base_msgs'
[0.292s] INFO:colcon.colcon_core.plugin_system:Skipping extension 'colcon_core.shell.bat': Not used on non-Windows systems
[0.293s] INFO:colcon.colcon_core.shell:Skip shell extension 'powershell' for command environment: Not usable outside of PowerShell
[0.293s] DEBUG:colcon.colcon_core.shell:Skip shell extension 'dsv' for command environment
[0.297s] INFO:colcon.colcon_ros.task.ament_python.build:Building ROS package in '/home/lh/planning_with_ROS2_course/src/data_plot' with build type 'ament_python'
[0.297s] Level 1:colcon.colcon_core.shell:create_environment_hook('data_plot', 'ament_prefix_path')
[0.298s] INFO:colcon.colcon_core.shell:Creating environment hook '/home/lh/planning_with_ROS2_course/install/data_plot/share/data_plot/hook/ament_prefix_path.ps1'
[0.299s] INFO:colcon.colcon_core.shell:Creating environment descriptor '/home/lh/planning_with_ROS2_course/install/data_plot/share/data_plot/hook/ament_prefix_path.dsv'
[0.299s] INFO:colcon.colcon_core.shell:Creating environment hook '/home/lh/planning_with_ROS2_course/install/data_plot/share/data_plot/hook/ament_prefix_path.sh'
[0.300s] INFO:colcon.colcon_core.shell:Skip shell extension 'powershell' for command environment: Not usable outside of PowerShell
[0.300s] DEBUG:colcon.colcon_core.shell:Skip shell extension 'dsv' for command environment
[0.305s] INFO:colcon.colcon_ros.task.ament_cmake.build:Building ROS package in '/home/lh/planning_with_ROS2_course/src/planning' with build type 'ament_cmake'
[0.305s] INFO:colcon.colcon_cmake.task.cmake.build:Building CMake package in '/home/lh/planning_with_ROS2_course/src/planning'
[0.306s] INFO:colcon.colcon_core.shell:Skip shell extension 'powershell' for command environment: Not usable outside of PowerShell
[0.306s] DEBUG:colcon.colcon_core.shell:Skip shell extension 'dsv' for command environment
[0.320s] DEBUG:colcon.colcon_core.event_handler.log_command:Invoking command in '/home/lh/planning_with_ROS2_course/build/base_msgs': CMAKE_PREFIX_PATH=${CMAKE_PREFIX_PATH}:/home/lh/planning_with_ROS2_course/install/data_plot:/opt/ros/jazzy DEBUGINFOD_URLS=https://debuginfod.ubuntu.com /usr/bin/cmake --build /home/lh/planning_with_ROS2_course/build/base_msgs -- -j8 -l8
[0.559s] INFO:colcon.colcon_core.task.python.build:Building Python package in '/home/lh/planning_with_ROS2_course/src/data_plot'
[0.559s] INFO:colcon.colcon_core.shell:Skip shell extension 'powershell' for command environment: Not usable outside of PowerShell
[0.559s] DEBUG:colcon.colcon_core.shell:Skip shell extension 'dsv' for command environment
[0.572s] DEBUG:colcon.colcon_core.event_handler.log_command:Invoking command in '/home/lh/planning_with_ROS2_course/build/planning': CMAKE_PREFIX_PATH=${CMAKE_PREFIX_PATH}:/home/lh/planning_with_ROS2_course/install/data_plot:/opt/ros/jazzy DEBUGINFOD_URLS=https://debuginfod.ubuntu.com /usr/bin/cmake --build /home/lh/planning_with_ROS2_course/build/planning -- -j8 -l8
[0.686s] DEBUG:colcon.colcon_core.event_handler.log_command:Invoked command in '/home/lh/planning_with_ROS2_course/build/planning' returned '0': CMAKE_PREFIX_PATH=${CMAKE_PREFIX_PATH}:/home/lh/planning_with_ROS2_course/install/data_plot:/opt/ros/jazzy DEBUGINFOD_URLS=https://debuginfod.ubuntu.com /usr/bin/cmake --build /home/lh/planning_with_ROS2_course/build/planning -- -j8 -l8
[0.709s] DEBUG:colcon.colcon_core.event_handler.log_command:Invoking command in '/home/lh/planning_with_ROS2_course/build/planning': CMAKE_PREFIX_PATH=${CMAKE_PREFIX_PATH}:/home/lh/planning_with_ROS2_course/install/data_plot:/opt/ros/jazzy DEBUGINFOD_URLS=https://debuginfod.ubuntu.com /usr/bin/cmake --install /home/lh/planning_with_ROS2_course/build/planning
[0.735s] Level 1:colcon.colcon_core.environment:create_environment_scripts_only(planning)
[0.736s] DEBUG:colcon.colcon_core.event_handler.log_command:Invoked command in '/home/lh/planning_with_ROS2_course/build/planning' returned '0': CMAKE_PREFIX_PATH=${CMAKE_PREFIX_PATH}:/home/lh/planning_with_ROS2_course/install/data_plot:/opt/ros/jazzy DEBUGINFOD_URLS=https://debuginfod.ubuntu.com /usr/bin/cmake --install /home/lh/planning_with_ROS2_course/build/planning
[0.739s] Level 1:colcon.colcon_core.environment:checking '/home/lh/planning_with_ROS2_course/install/planning' for CMake module files
[0.741s] Level 1:colcon.colcon_core.environment:checking '/home/lh/planning_with_ROS2_course/install/planning' for CMake config files
[0.741s] Level 1:colcon.colcon_core.shell:create_environment_hook('planning', 'cmake_prefix_path')
[0.741s] INFO:colcon.colcon_core.shell:Creating environment hook '/home/lh/planning_with_ROS2_course/install/planning/share/planning/hook/cmake_prefix_path.ps1'
[0.742s] INFO:colcon.colcon_core.shell:Creating environment descriptor '/home/lh/planning_with_ROS2_course/install/planning/share/planning/hook/cmake_prefix_path.dsv'
[0.742s] INFO:colcon.colcon_core.shell:Creating environment hook '/home/lh/planning_with_ROS2_course/install/planning/share/planning/hook/cmake_prefix_path.sh'
[0.743s] Level 1:colcon.colcon_core.environment:checking '/home/lh/planning_with_ROS2_course/install/planning/lib'
[0.744s] Level 1:colcon.colcon_core.environment:checking '/home/lh/planning_with_ROS2_course/install/planning/bin'
[0.744s] Level 1:colcon.colcon_core.environment:checking '/home/lh/planning_with_ROS2_course/install/planning/lib/pkgconfig/planning.pc'
[0.744s] Level 1:colcon.colcon_core.environment:checking '/home/lh/planning_with_ROS2_course/install/planning/lib/python3.12/site-packages'
[0.744s] Level 1:colcon.colcon_core.environment:checking '/home/lh/planning_with_ROS2_course/install/planning/bin'
[0.744s] INFO:colcon.colcon_core.shell:Creating package script '/home/lh/planning_with_ROS2_course/install/planning/share/planning/package.ps1'
[0.745s] INFO:colcon.colcon_core.shell:Creating package descriptor '/home/lh/planning_with_ROS2_course/install/planning/share/planning/package.dsv'
[0.746s] INFO:colcon.colcon_core.shell:Creating package script '/home/lh/planning_with_ROS2_course/install/planning/share/planning/package.sh'
[0.747s] INFO:colcon.colcon_core.shell:Creating package script '/home/lh/planning_with_ROS2_course/install/planning/share/planning/package.bash'
[0.748s] INFO:colcon.colcon_core.shell:Creating package script '/home/lh/planning_with_ROS2_course/install/planning/share/planning/package.zsh'
[0.749s] Level 1:colcon.colcon_core.environment:create_file_with_runtime_dependencies(/home/lh/planning_with_ROS2_course/install/planning/share/colcon-core/packages/planning)
[0.750s] Level 1:colcon.colcon_core.environment:create_environment_scripts_only(planning)
[0.750s] Level 1:colcon.colcon_core.environment:checking '/home/lh/planning_with_ROS2_course/install/planning' for CMake module files
[0.750s] Level 1:colcon.colcon_core.environment:checking '/home/lh/planning_with_ROS2_course/install/planning' for CMake config files
[0.751s] Level 1:colcon.colcon_core.shell:create_environment_hook('planning', 'cmake_prefix_path')
[0.751s] INFO:colcon.colcon_core.shell:Creating environment hook '/home/lh/planning_with_ROS2_course/install/planning/share/planning/hook/cmake_prefix_path.ps1'
[0.751s] INFO:colcon.colcon_core.shell:Creating environment descriptor '/home/lh/planning_with_ROS2_course/install/planning/share/planning/hook/cmake_prefix_path.dsv'
[0.752s] INFO:colcon.colcon_core.shell:Creating environment hook '/home/lh/planning_with_ROS2_course/install/planning/share/planning/hook/cmake_prefix_path.sh'
[0.753s] Level 1:colcon.colcon_core.environment:checking '/home/lh/planning_with_ROS2_course/install/planning/lib'
[0.753s] Level 1:colcon.colcon_core.environment:checking '/home/lh/planning_with_ROS2_course/install/planning/bin'
[0.753s] Level 1:colcon.colcon_core.environment:checking '/home/lh/planning_with_ROS2_course/install/planning/lib/pkgconfig/planning.pc'
[0.754s] Level 1:colcon.colcon_core.environment:checking '/home/lh/planning_with_ROS2_course/install/planning/lib/python3.12/site-packages'
[0.754s] Level 1:colcon.colcon_core.environment:checking '/home/lh/planning_with_ROS2_course/install/planning/bin'
[0.754s] INFO:colcon.colcon_core.shell:Creating package script '/home/lh/planning_with_ROS2_course/install/planning/share/planning/package.ps1'
[0.755s] INFO:colcon.colcon_core.shell:Creating package descriptor '/home/lh/planning_with_ROS2_course/install/planning/share/planning/package.dsv'
[0.755s] INFO:colcon.colcon_core.shell:Creating package script '/home/lh/planning_with_ROS2_course/install/planning/share/planning/package.sh'
[0.756s] INFO:colcon.colcon_core.shell:Creating package script '/home/lh/planning_with_ROS2_course/install/planning/share/planning/package.bash'
[0.756s] INFO:colcon.colcon_core.shell:Creating package script '/home/lh/planning_with_ROS2_course/install/planning/share/planning/package.zsh'
[0.757s] Level 1:colcon.colcon_core.environment:create_file_with_runtime_dependencies(/home/lh/planning_with_ROS2_course/install/planning/share/colcon-core/packages/planning)
[1.237s] DEBUG:colcon.colcon_core.event_handler.log_command:Invoked command in '/home/lh/planning_with_ROS2_course/build/base_msgs' returned '0': CMAKE_PREFIX_PATH=${CMAKE_PREFIX_PATH}:/home/lh/planning_with_ROS2_course/install/data_plot:/opt/ros/jazzy DEBUGINFOD_URLS=https://debuginfod.ubuntu.com /usr/bin/cmake --build /home/lh/planning_with_ROS2_course/build/base_msgs -- -j8 -l8
[1.238s] DEBUG:colcon.colcon_core.event_handler.log_command:Invoking command in '/home/lh/planning_with_ROS2_course/build/base_msgs': CMAKE_PREFIX_PATH=${CMAKE_PREFIX_PATH}:/home/lh/planning_with_ROS2_course/install/data_plot:/opt/ros/jazzy DEBUGINFOD_URLS=https://debuginfod.ubuntu.com /usr/bin/cmake --install /home/lh/planning_with_ROS2_course/build/base_msgs
[1.257s] Level 1:colcon.colcon_core.environment:create_environment_scripts_only(base_msgs)
[1.258s] Level 1:colcon.colcon_core.environment:checking '/home/lh/planning_with_ROS2_course/install/base_msgs' for CMake module files
[1.259s] DEBUG:colcon.colcon_core.event_handler.log_command:Invoked command in '/home/lh/planning_with_ROS2_course/build/base_msgs' returned '0': CMAKE_PREFIX_PATH=${CMAKE_PREFIX_PATH}:/home/lh/planning_with_ROS2_course/install/data_plot:/opt/ros/jazzy DEBUGINFOD_URLS=https://debuginfod.ubuntu.com /usr/bin/cmake --install /home/lh/planning_with_ROS2_course/build/base_msgs
[1.260s] Level 1:colcon.colcon_core.environment:checking '/home/lh/planning_with_ROS2_course/install/base_msgs' for CMake config files
[1.260s] Level 1:colcon.colcon_core.shell:create_environment_hook('base_msgs', 'cmake_prefix_path')
[1.260s] INFO:colcon.colcon_core.shell:Creating environment hook '/home/lh/planning_with_ROS2_course/install/base_msgs/share/base_msgs/hook/cmake_prefix_path.ps1'
[1.261s] INFO:colcon.colcon_core.shell:Creating environment descriptor '/home/lh/planning_with_ROS2_course/install/base_msgs/share/base_msgs/hook/cmake_prefix_path.dsv'
[1.262s] INFO:colcon.colcon_core.shell:Creating environment hook '/home/lh/planning_with_ROS2_course/install/base_msgs/share/base_msgs/hook/cmake_prefix_path.sh'
[1.263s] Level 1:colcon.colcon_core.environment:checking '/home/lh/planning_with_ROS2_course/install/base_msgs/bin'
[1.263s] Level 1:colcon.colcon_core.environment:checking '/home/lh/planning_with_ROS2_course/install/base_msgs/lib/pkgconfig/base_msgs.pc'
[1.263s] Level 1:colcon.colcon_core.environment:checking '/home/lh/planning_with_ROS2_course/install/base_msgs/lib/python3.12/site-packages'
[1.263s] Level 1:colcon.colcon_core.environment:checking '/home/lh/planning_with_ROS2_course/install/base_msgs/bin'
[1.263s] INFO:colcon.colcon_core.shell:Creating package script '/home/lh/planning_with_ROS2_course/install/base_msgs/share/base_msgs/package.ps1'
[1.264s] INFO:colcon.colcon_core.shell:Creating package descriptor '/home/lh/planning_with_ROS2_course/install/base_msgs/share/base_msgs/package.dsv'
[1.265s] INFO:colcon.colcon_core.shell:Creating package script '/home/lh/planning_with_ROS2_course/install/base_msgs/share/base_msgs/package.sh'
[1.266s] INFO:colcon.colcon_core.shell:Creating package script '/home/lh/planning_with_ROS2_course/install/base_msgs/share/base_msgs/package.bash'
[1.266s] INFO:colcon.colcon_core.shell:Creating package script '/home/lh/planning_with_ROS2_course/install/base_msgs/share/base_msgs/package.zsh'
[1.267s] Level 1:colcon.colcon_core.environment:create_file_with_runtime_dependencies(/home/lh/planning_with_ROS2_course/install/base_msgs/share/colcon-core/packages/base_msgs)
[1.268s] Level 1:colcon.colcon_core.environment:create_environment_scripts_only(base_msgs)
[1.268s] Level 1:colcon.colcon_core.environment:checking '/home/lh/planning_with_ROS2_course/install/base_msgs' for CMake module files
[1.268s] Level 1:colcon.colcon_core.environment:checking '/home/lh/planning_with_ROS2_course/install/base_msgs' for CMake config files
[1.269s] Level 1:colcon.colcon_core.shell:create_environment_hook('base_msgs', 'cmake_prefix_path')
[1.269s] INFO:colcon.colcon_core.shell:Creating environment hook '/home/lh/planning_with_ROS2_course/install/base_msgs/share/base_msgs/hook/cmake_prefix_path.ps1'
[1.269s] INFO:colcon.colcon_core.shell:Creating environment descriptor '/home/lh/planning_with_ROS2_course/install/base_msgs/share/base_msgs/hook/cmake_prefix_path.dsv'
[1.270s] INFO:colcon.colcon_core.shell:Creating environment hook '/home/lh/planning_with_ROS2_course/install/base_msgs/share/base_msgs/hook/cmake_prefix_path.sh'
[1.271s] Level 1:colcon.colcon_core.environment:checking '/home/lh/planning_with_ROS2_course/install/base_msgs/bin'
[1.271s] Level 1:colcon.colcon_core.environment:checking '/home/lh/planning_with_ROS2_course/install/base_msgs/lib/pkgconfig/base_msgs.pc'
[1.271s] Level 1:colcon.colcon_core.environment:checking '/home/lh/planning_with_ROS2_course/install/base_msgs/lib/python3.12/site-packages'
[1.271s] Level 1:colcon.colcon_core.environment:checking '/home/lh/planning_with_ROS2_course/install/base_msgs/bin'
[1.272s] INFO:colcon.colcon_core.shell:Creating package script '/home/lh/planning_with_ROS2_course/install/base_msgs/share/base_msgs/package.ps1'
[1.272s] INFO:colcon.colcon_core.shell:Creating package descriptor '/home/lh/planning_with_ROS2_course/install/base_msgs/share/base_msgs/package.dsv'
[1.273s] INFO:colcon.colcon_core.shell:Creating package script '/home/lh/planning_with_ROS2_course/install/base_msgs/share/base_msgs/package.sh'
[1.274s] INFO:colcon.colcon_core.shell:Creating package script '/home/lh/planning_with_ROS2_course/install/base_msgs/share/base_msgs/package.bash'
[1.274s] INFO:colcon.colcon_core.shell:Creating package script '/home/lh/planning_with_ROS2_course/install/base_msgs/share/base_msgs/package.zsh'
[1.275s] Level 1:colcon.colcon_core.environment:create_file_with_runtime_dependencies(/home/lh/planning_with_ROS2_course/install/base_msgs/share/colcon-core/packages/base_msgs)
[1.281s] DEBUG:colcon.colcon_core.event_handler.log_command:Invoking command in '/home/lh/planning_with_ROS2_course/src/data_plot': DEBUGINFOD_URLS=https://debuginfod.ubuntu.com PYTHONPATH=/home/lh/planning_with_ROS2_course/build/data_plot/prefix_override:/usr/lib/python3/dist-packages/colcon_core/task/python/colcon_distutils_commands:/home/lh/planning_with_ROS2_course/install/data_plot/lib/python3.12/site-packages:${PYTHONPATH} /usr/bin/python3 -W ignore:setup.py install is deprecated -W ignore:easy_install command is deprecated setup.py egg_info --egg-base ../../build/data_plot build --build-base /home/lh/planning_with_ROS2_course/build/data_plot/build install --record /home/lh/planning_with_ROS2_course/build/data_plot/install.log --single-version-externally-managed install_data
[1.881s] Level 1:colcon.colcon_core.environment:checking '/home/lh/planning_with_ROS2_course/install/data_plot' for CMake module files
[1.882s] DEBUG:colcon.colcon_core.event_handler.log_command:Invoked command in '/home/lh/planning_with_ROS2_course/src/data_plot' returned '0': DEBUGINFOD_URLS=https://debuginfod.ubuntu.com PYTHONPATH=/home/lh/planning_with_ROS2_course/build/data_plot/prefix_override:/usr/lib/python3/dist-packages/colcon_core/task/python/colcon_distutils_commands:/home/lh/planning_with_ROS2_course/install/data_plot/lib/python3.12/site-packages:${PYTHONPATH} /usr/bin/python3 -W ignore:setup.py install is deprecated -W ignore:easy_install command is deprecated setup.py egg_info --egg-base ../../build/data_plot build --build-base /home/lh/planning_with_ROS2_course/build/data_plot/build install --record /home/lh/planning_with_ROS2_course/build/data_plot/install.log --single-version-externally-managed install_data
[1.884s] Level 1:colcon.colcon_core.environment:checking '/home/lh/planning_with_ROS2_course/install/data_plot' for CMake config files
[1.888s] Level 1:colcon.colcon_core.environment:checking '/home/lh/planning_with_ROS2_course/install/data_plot/lib'
[1.888s] Level 1:colcon.colcon_core.environment:checking '/home/lh/planning_with_ROS2_course/install/data_plot/bin'
[1.888s] Level 1:colcon.colcon_core.environment:checking '/home/lh/planning_with_ROS2_course/install/data_plot/lib/pkgconfig/data_plot.pc'
[1.888s] Level 1:colcon.colcon_core.environment:checking '/home/lh/planning_with_ROS2_course/install/data_plot/lib/python3.12/site-packages'
[1.888s] Level 1:colcon.colcon_core.shell:create_environment_hook('data_plot', 'pythonpath')
[1.889s] INFO:colcon.colcon_core.shell:Creating environment hook '/home/lh/planning_with_ROS2_course/install/data_plot/share/data_plot/hook/pythonpath.ps1'
[1.889s] INFO:colcon.colcon_core.shell:Creating environment descriptor '/home/lh/planning_with_ROS2_course/install/data_plot/share/data_plot/hook/pythonpath.dsv'
[1.890s] INFO:colcon.colcon_core.shell:Creating environment hook '/home/lh/planning_with_ROS2_course/install/data_plot/share/data_plot/hook/pythonpath.sh'
[1.891s] Level 1:colcon.colcon_core.environment:checking '/home/lh/planning_with_ROS2_course/install/data_plot/bin'
[1.891s] Level 1:colcon.colcon_core.environment:create_environment_scripts_only(data_plot)
[1.891s] INFO:colcon.colcon_core.shell:Creating package script '/home/lh/planning_with_ROS2_course/install/data_plot/share/data_plot/package.ps1'
[1.892s] INFO:colcon.colcon_core.shell:Creating package descriptor '/home/lh/planning_with_ROS2_course/install/data_plot/share/data_plot/package.dsv'
[1.893s] INFO:colcon.colcon_core.shell:Creating package script '/home/lh/planning_with_ROS2_course/install/data_plot/share/data_plot/package.sh'
[1.893s] INFO:colcon.colcon_core.shell:Creating package script '/home/lh/planning_with_ROS2_course/install/data_plot/share/data_plot/package.bash'
[1.894s] INFO:colcon.colcon_core.shell:Creating package script '/home/lh/planning_with_ROS2_course/install/data_plot/share/data_plot/package.zsh'
[1.894s] Level 1:colcon.colcon_core.environment:create_file_with_runtime_dependencies(/home/lh/planning_with_ROS2_course/install/data_plot/share/colcon-core/packages/data_plot)
[1.895s] DEBUG:colcon.colcon_parallel_executor.executor.parallel:closing loop
[1.896s] DEBUG:colcon.colcon_parallel_executor.executor.parallel:loop closed
[1.896s] DEBUG:colcon.colcon_parallel_executor.executor.parallel:run_until_complete finished with '0'
[1.896s] DEBUG:colcon.colcon_core.event_reactor:joining thread
[1.903s] INFO:colcon.colcon_core.plugin_system:Skipping extension 'colcon_notification.desktop_notification.terminal_notifier': Not used on non-Darwin systems
[1.903s] INFO:colcon.colcon_core.plugin_system:Skipping extension 'colcon_notification.desktop_notification.win32': Not used on non-Windows systems
[1.903s] INFO:colcon.colcon_notification.desktop_notification:Sending desktop notification using 'notify2'
[1.937s] DEBUG:colcon.colcon_core.event_reactor:joined thread
[1.938s] INFO:colcon.colcon_core.shell:Creating prefix script '/home/lh/planning_with_ROS2_course/install/local_setup.ps1'
[1.939s] INFO:colcon.colcon_core.shell:Creating prefix util module '/home/lh/planning_with_ROS2_course/install/_local_setup_util_ps1.py'
[1.941s] INFO:colcon.colcon_core.shell:Creating prefix chain script '/home/lh/planning_with_ROS2_course/install/setup.ps1'
[1.942s] INFO:colcon.colcon_core.shell:Creating prefix script '/home/lh/planning_with_ROS2_course/install/local_setup.sh'
[1.943s] INFO:colcon.colcon_core.shell:Creating prefix util module '/home/lh/planning_with_ROS2_course/install/_local_setup_util_sh.py'
[1.944s] INFO:colcon.colcon_core.shell:Creating prefix chain script '/home/lh/planning_with_ROS2_course/install/setup.sh'
[1.945s] INFO:colcon.colcon_core.shell:Creating prefix script '/home/lh/planning_with_ROS2_course/install/local_setup.bash'
[1.946s] INFO:colcon.colcon_core.shell:Creating prefix chain script '/home/lh/planning_with_ROS2_course/install/setup.bash'
[1.947s] INFO:colcon.colcon_core.shell:Creating prefix script '/home/lh/planning_with_ROS2_course/install/local_setup.zsh'
[1.948s] INFO:colcon.colcon_core.shell:Creating prefix chain script '/home/lh/planning_with_ROS2_course/install/setup.zsh'
