[  8%] Built target config_reader
[ 20%] Built target mathlibs
[ 29%] Built target decision_center
[ 33%] [32mBuilding CXX object src/move_cmd/CMakeFiles/car_move_cmd.dir/car_move_cmd.cpp.o[0m
[ 45%] [32mBuilding CXX object src/move_cmd/CMakeFiles/obs_move_cmd.dir/obs_move_cmd.cpp.o[0m
[ 45%] Built target global_planner
[ 70%] Built target local_planner
[ 83%] Built target planning_node
[ 91%] Built target global_path_server
[ 95%] [32m[1mLinking CXX executable obs_move_cmd[0m
[100%] [32m[1mLinking CXX executable car_move_cmd[0m
[100%] Built target obs_move_cmd
[100%] Built target car_move_cmd
-- Install configuration: ""
-- Up-to-date: /home/lh/planning_with_ROS2_course/install/planning/lib/libconfig_reader.so
-- Up-to-date: /home/lh/planning_with_ROS2_course/install/planning/lib/libmathlibs.so
-- Up-to-date: /home/lh/planning_with_ROS2_course/install/planning/lib/libdecision_center.so
-- Up-to-date: /home/lh/planning_with_ROS2_course/install/planning/lib/libglobal_planner.so
-- Up-to-date: /home/lh/planning_with_ROS2_course/install/planning/lib/planning/global_path_server
-- Up-to-date: /home/lh/planning_with_ROS2_course/install/planning/lib/liblocal_planner.so
-- Installing: /home/lh/planning_with_ROS2_course/install/planning/lib/{PLANNING_PACKAGE_NAME}/car_move_cmd
-- Set non-toolchain portion of runtime path of "/home/lh/planning_with_ROS2_course/install/planning/lib/{PLANNING_PACKAGE_NAME}/car_move_cmd" to ""
-- Installing: /home/lh/planning_with_ROS2_course/install/planning/lib/{PLANNING_PACKAGE_NAME}/obs_move_cmd
-- Set non-toolchain portion of runtime path of "/home/lh/planning_with_ROS2_course/install/planning/lib/{PLANNING_PACKAGE_NAME}/obs_move_cmd" to ""
-- Up-to-date: /home/lh/planning_with_ROS2_course/install/planning/lib/planning/planning_node
-- Up-to-date: /home/lh/planning_with_ROS2_course/install/planning/share/planning/config
-- Up-to-date: /home/lh/planning_with_ROS2_course/install/planning/share/planning/launch
-- Up-to-date: /home/lh/planning_with_ROS2_course/install/planning/share/planning/urdf
-- Up-to-date: /home/lh/planning_with_ROS2_course/install/planning/share/planning/urdf/main_car
-- Up-to-date: /home/lh/planning_with_ROS2_course/install/planning/share/planning/urdf/obs_person
-- Up-to-date: /home/lh/planning_with_ROS2_course/install/planning/share/planning/urdf/obs_car
-- Up-to-date: /home/lh/planning_with_ROS2_course/install/planning/share/planning/urdf/obs_ebike
-- Up-to-date: /home/lh/planning_with_ROS2_course/install/planning/share/planning/rviz
-- Up-to-date: /home/lh/planning_with_ROS2_course/install/planning/share/ament_index/resource_index/package_run_dependencies/planning
-- Up-to-date: /home/lh/planning_with_ROS2_course/install/planning/share/ament_index/resource_index/parent_prefix_path/planning
-- Up-to-date: /home/lh/planning_with_ROS2_course/install/planning/share/planning/environment/ament_prefix_path.sh
-- Up-to-date: /home/lh/planning_with_ROS2_course/install/planning/share/planning/environment/ament_prefix_path.dsv
-- Up-to-date: /home/lh/planning_with_ROS2_course/install/planning/share/planning/environment/path.sh
-- Up-to-date: /home/lh/planning_with_ROS2_course/install/planning/share/planning/environment/path.dsv
-- Up-to-date: /home/lh/planning_with_ROS2_course/install/planning/share/planning/local_setup.bash
-- Up-to-date: /home/lh/planning_with_ROS2_course/install/planning/share/planning/local_setup.sh
-- Up-to-date: /home/lh/planning_with_ROS2_course/install/planning/share/planning/local_setup.zsh
-- Up-to-date: /home/lh/planning_with_ROS2_course/install/planning/share/planning/local_setup.dsv
-- Installing: /home/lh/planning_with_ROS2_course/install/planning/share/planning/package.dsv
-- Up-to-date: /home/lh/planning_with_ROS2_course/install/planning/share/ament_index/resource_index/packages/planning
-- Up-to-date: /home/lh/planning_with_ROS2_course/install/planning/share/planning/cmake/planningConfig.cmake
-- Up-to-date: /home/lh/planning_with_ROS2_course/install/planning/share/planning/cmake/planningConfig-version.cmake
-- Up-to-date: /home/lh/planning_with_ROS2_course/install/planning/share/planning/package.xml
