[0.564s] Invoking command in '/home/lh/planning_with_ROS2_course/build/planning': CMAKE_PREFIX_PATH=/home/lh/planning_with_ROS2_course/install/base_msgs:/home/lh/planning_with_ROS2_course/install/planning:/opt/ros/jazzy/opt/gz_math_vendor:/opt/ros/jazzy/opt/gz_utils_vendor:/opt/ros/jazzy/opt/gz_cmake_vendor:/home/lh/planning_with_ROS2_course/install/data_plot:/opt/ros/jazzy DEBUGINFOD_URLS=https://debuginfod.ubuntu.com /usr/bin/cmake --build /home/lh/planning_with_ROS2_course/build/planning -- -j8 -l8
[0.631s] -- Found ament_cmake: 2.5.5 (/opt/ros/jazzy/share/ament_cmake/cmake)
[1.154s] -- Found rclcpp: 28.1.16 (/opt/ros/jazzy/share/rclcpp/cmake)
[1.215s] -- Found rosidl_generator_c: 4.6.7 (/opt/ros/jazzy/share/rosidl_generator_c/cmake)
[1.235s] -- Found rosidl_generator_cpp: 4.6.7 (/opt/ros/jazzy/share/rosidl_generator_cpp/cmake)
[1.260s] -- Using all available rosidl_typesupport_c: rosidl_typesupport_fastrtps_c;rosidl_typesupport_introspection_c
[1.290s] -- Using all available rosidl_typesupport_cpp: rosidl_typesupport_fastrtps_cpp;rosidl_typesupport_introspection_cpp
[1.429s] -- Found rmw_implementation_cmake: 7.3.3 (/opt/ros/jazzy/share/rmw_implementation_cmake/cmake)
[1.432s] -- Found rmw_fastrtps_cpp: 8.4.3 (/opt/ros/jazzy/share/rmw_fastrtps_cpp/cmake)
[1.584s] -- Using RMW implementation 'rmw_fastrtps_cpp' as default
[1.728s] -- Found tf2: 0.36.19 (/opt/ros/jazzy/share/tf2/cmake)
[1.810s] -- Found tf2_ros: 0.36.19 (/opt/ros/jazzy/share/tf2_ros/cmake)
[2.042s] -- Found nav_msgs: 5.3.6 (/opt/ros/jazzy/share/nav_msgs/cmake)
[2.097s] -- Found visualization_msgs: 5.3.6 (/opt/ros/jazzy/share/visualization_msgs/cmake)
[2.211s] -- Found base_msgs: 0.0.0 (/home/lh/planning_with_ROS2_course/install/base_msgs/share/base_msgs/cmake)
[2.270s] -- Found ament_lint_auto: 0.17.4 (/opt/ros/jazzy/share/ament_lint_auto/cmake)
[2.474s] -- Added test 'cppcheck' to perform static code analysis on C / C++ code
[2.477s] -- Configured cppcheck include dirs: /home/lh/planning_with_ROS2_course/src/planning/src/common/config_reader;/home/lh/planning_with_ROS2_course/src/planning/src/common/math;/home/lh/planning_with_ROS2_course/src/planning/src/decision_center;/home/lh/planning_with_ROS2_course/src/planning/src/global_planner;/home/lh/planning_with_ROS2_course/src/planning/src/global_planner/global_planner_normal;/home/lh/planning_with_ROS2_course/src/planning/src/local_planner;/home/lh/planning_with_ROS2_course/src/planning/src/local_planner/local_path;/home/lh/planning_with_ROS2_course/src/planning/src/local_planner/local_speeds;/home/lh/planning_with_ROS2_course/src/planning/src/move_cmd;/home/lh/planning_with_ROS2_course/src/planning/src/planning_process;/home/lh/planning_with_ROS2_course/src/planning/src/pnc_map_creator;/home/lh/planning_with_ROS2_course/src/planning/src/pnc_map_creator/pnc_map_crossroad;/home/lh/planning_with_ROS2_course/src/planning/src/pnc_map_creator/pnc_map_roundabout;/home/lh/planning_with_ROS2_course/src/planning/src/pnc_map_creator/pnc_map_straight;/home/lh/planning_with_ROS2_course/src/planning/src/pnc_map_creator/pnc_map_sturn;/home/lh/planning_with_ROS2_course/src/planning/src/pnc_map_creator/pnc_map_tjunction;/home/lh/planning_with_ROS2_course/src/planning/src/reference_line;/home/lh/planning_with_ROS2_course/src/planning/src/vehicle_info;/home/lh/planning_with_ROS2_course/src/planning/src/vehicle_info/main_car;/home/lh/planning_with_ROS2_course/src/planning/src/vehicle_info/obs_car;/home/lh/planning_with_ROS2_course/src/planning/src/vehicle_info/obs_ebike;/home/lh/planning_with_ROS2_course/src/planning/src/vehicle_info/obs_people
[2.478s] -- Configured cppcheck exclude dirs and/or files: 
[2.482s] -- Added test 'lint_cmake' to check CMake code style
[2.495s] -- Added test 'uncrustify' to check C / C++ code style
[2.495s] -- Configured uncrustify additional arguments: 
[2.498s] -- Added test 'xmllint' to check XML markup files
[2.502s] -- Configuring done (1.9s)
[2.687s] -- Generating done (0.1s)
[2.743s] -- Build files have been written to: /home/lh/planning_with_ROS2_course/build/planning
[2.884s] [  6%] Built target decision_center
[2.891s] [ 13%] Built target car_move_cmd
[2.912s] [ 20%] Built target config_reader
[2.924s] [ 27%] Built target obs_move_cmd
[2.925s] [ 37%] Built target mathlibs
[2.928s] [ 58%] Built target local_planner
[2.933s] [ 68%] Built target planning_node
[2.935s] [ 79%] Built target pnc_map_creator
[3.009s] [ 82%] [32mBuilding CXX object src/global_planner/CMakeFiles/global_planner.dir/global_planner_normal/global_planner_normal.cpp.o[0m
[3.015s] [ 89%] Built target pnc_map_server
[8.979s] [ 93%] [32m[1mLinking CXX shared library libglobal_planner.so[0m
[9.275s] [ 93%] Built target global_planner
[9.353s] [ 96%] [32m[1mLinking CXX executable global_path_server[0m
[9.705s] [100%] Built target global_path_server
[9.735s] Invoked command in '/home/lh/planning_with_ROS2_course/build/planning' returned '0': CMAKE_PREFIX_PATH=/home/lh/planning_with_ROS2_course/install/base_msgs:/home/lh/planning_with_ROS2_course/install/planning:/opt/ros/jazzy/opt/gz_math_vendor:/opt/ros/jazzy/opt/gz_utils_vendor:/opt/ros/jazzy/opt/gz_cmake_vendor:/home/lh/planning_with_ROS2_course/install/data_plot:/opt/ros/jazzy DEBUGINFOD_URLS=https://debuginfod.ubuntu.com /usr/bin/cmake --build /home/lh/planning_with_ROS2_course/build/planning -- -j8 -l8
[9.741s] Invoking command in '/home/lh/planning_with_ROS2_course/build/planning': CMAKE_PREFIX_PATH=/home/lh/planning_with_ROS2_course/install/base_msgs:/home/lh/planning_with_ROS2_course/install/planning:/opt/ros/jazzy/opt/gz_math_vendor:/opt/ros/jazzy/opt/gz_utils_vendor:/opt/ros/jazzy/opt/gz_cmake_vendor:/home/lh/planning_with_ROS2_course/install/data_plot:/opt/ros/jazzy DEBUGINFOD_URLS=https://debuginfod.ubuntu.com /usr/bin/cmake --install /home/lh/planning_with_ROS2_course/build/planning
[9.759s] -- Install configuration: ""
[9.760s] -- Up-to-date: /home/lh/planning_with_ROS2_course/install/planning/lib/libconfig_reader.so
[9.761s] -- Up-to-date: /home/lh/planning_with_ROS2_course/install/planning/lib/libmathlibs.so
[9.761s] -- Up-to-date: /home/lh/planning_with_ROS2_course/install/planning/lib/libdecision_center.so
[9.762s] -- Installing: /home/lh/planning_with_ROS2_course/install/planning/lib/libglobal_planner.so
[9.763s] -- Set non-toolchain portion of runtime path of "/home/lh/planning_with_ROS2_course/install/planning/lib/libglobal_planner.so" to ""
[9.764s] -- Installing: /home/lh/planning_with_ROS2_course/install/planning/lib/planning/global_path_server
[9.765s] -- Set non-toolchain portion of runtime path of "/home/lh/planning_with_ROS2_course/install/planning/lib/planning/global_path_server" to ""
[9.766s] -- Up-to-date: /home/lh/planning_with_ROS2_course/install/planning/lib/liblocal_planner.so
[9.767s] -- Up-to-date: /home/lh/planning_with_ROS2_course/install/planning/lib/{PLANNING_PACKAGE_NAME}/car_move_cmd
[9.768s] -- Up-to-date: /home/lh/planning_with_ROS2_course/install/planning/lib/{PLANNING_PACKAGE_NAME}/obs_move_cmd
[9.770s] -- Up-to-date: /home/lh/planning_with_ROS2_course/install/planning/lib/planning/planning_node
[9.771s] -- Up-to-date: /home/lh/planning_with_ROS2_course/install/planning/lib/libpnc_map_creator.so
[9.771s] -- Up-to-date: /home/lh/planning_with_ROS2_course/install/planning/lib/planning/libpnc_map_creator.so
[9.772s] -- Up-to-date: /home/lh/planning_with_ROS2_course/install/planning/share/planning/config
[9.772s] -- Up-to-date: /home/lh/planning_with_ROS2_course/install/planning/share/planning/launch
[9.773s] -- Up-to-date: /home/lh/planning_with_ROS2_course/install/planning/share/planning/urdf
[9.773s] -- Up-to-date: /home/lh/planning_with_ROS2_course/install/planning/share/planning/urdf/main_car
[9.773s] -- Up-to-date: /home/lh/planning_with_ROS2_course/install/planning/share/planning/urdf/obs_person
[9.773s] -- Up-to-date: /home/lh/planning_with_ROS2_course/install/planning/share/planning/urdf/obs_car
[9.774s] -- Up-to-date: /home/lh/planning_with_ROS2_course/install/planning/share/planning/urdf/obs_ebike
[9.774s] -- Up-to-date: /home/lh/planning_with_ROS2_course/install/planning/share/planning/rviz
[9.774s] -- Up-to-date: /home/lh/planning_with_ROS2_course/install/planning/share/ament_index/resource_index/package_run_dependencies/planning
[9.775s] -- Up-to-date: /home/lh/planning_with_ROS2_course/install/planning/share/ament_index/resource_index/parent_prefix_path/planning
[9.775s] -- Up-to-date: /home/lh/planning_with_ROS2_course/install/planning/share/planning/environment/ament_prefix_path.sh
[9.775s] -- Up-to-date: /home/lh/planning_with_ROS2_course/install/planning/share/planning/environment/ament_prefix_path.dsv
[9.776s] -- Up-to-date: /home/lh/planning_with_ROS2_course/install/planning/share/planning/environment/path.sh
[9.776s] -- Up-to-date: /home/lh/planning_with_ROS2_course/install/planning/share/planning/environment/path.dsv
[9.776s] -- Up-to-date: /home/lh/planning_with_ROS2_course/install/planning/share/planning/local_setup.bash
[9.776s] -- Up-to-date: /home/lh/planning_with_ROS2_course/install/planning/share/planning/local_setup.sh
[9.776s] -- Up-to-date: /home/lh/planning_with_ROS2_course/install/planning/share/planning/local_setup.zsh
[9.776s] -- Up-to-date: /home/lh/planning_with_ROS2_course/install/planning/share/planning/local_setup.dsv
[9.777s] -- Installing: /home/lh/planning_with_ROS2_course/install/planning/share/planning/package.dsv
[9.777s] -- Up-to-date: /home/lh/planning_with_ROS2_course/install/planning/share/ament_index/resource_index/packages/planning
[9.777s] -- Up-to-date: /home/lh/planning_with_ROS2_course/install/planning/share/planning/cmake/planningConfig.cmake
[9.777s] -- Up-to-date: /home/lh/planning_with_ROS2_course/install/planning/share/planning/cmake/planningConfig-version.cmake
[9.777s] -- Up-to-date: /home/lh/planning_with_ROS2_course/install/planning/share/planning/package.xml
[9.782s] Invoked command in '/home/lh/planning_with_ROS2_course/build/planning' returned '0': CMAKE_PREFIX_PATH=/home/lh/planning_with_ROS2_course/install/base_msgs:/home/lh/planning_with_ROS2_course/install/planning:/opt/ros/jazzy/opt/gz_math_vendor:/opt/ros/jazzy/opt/gz_utils_vendor:/opt/ros/jazzy/opt/gz_cmake_vendor:/home/lh/planning_with_ROS2_course/install/data_plot:/opt/ros/jazzy DEBUGINFOD_URLS=https://debuginfod.ubuntu.com /usr/bin/cmake --install /home/lh/planning_with_ROS2_course/build/planning
