[0.240s] DEBUG:colcon:Command line arguments: ['/usr/bin/colcon', 'build']
[0.241s] DEBUG:colcon:Parsed command line arguments: Namespace(log_base=None, log_level=None, verb_name='build', build_base='build', install_base='install', merge_install=False, symlink_install=False, test_result_base=None, continue_on_error=False, executor='parallel', parallel_workers=16, event_handlers=None, ignore_user_meta=False, metas=['./colcon.meta'], base_paths=['.'], packages_ignore=None, packages_ignore_regex=None, paths=None, packages_up_to=None, packages_up_to_regex=None, packages_above=None, packages_above_and_dependencies=None, packages_above_depth=None, packages_select_by_dep=None, packages_skip_by_dep=None, packages_skip_up_to=None, packages_select_build_failed=False, packages_skip_build_finished=False, packages_select_test_failures=False, packages_skip_test_passed=False, packages_select=None, packages_skip=None, packages_select_regex=None, packages_skip_regex=None, packages_start=None, packages_end=None, allow_overriding=[], cmake_args=None, cmake_target=None, cmake_target_skip_unavailable=False, cmake_clean_cache=False, cmake_clean_first=False, cmake_force_configure=False, ament_cmake_args=None, catkin_cmake_args=None, catkin_skip_building_tests=False, verb_parser=<colcon_defaults.argument_parser.defaults.DefaultArgumentsDecorator object at 0x71cbcea85790>, verb_extension=<colcon_core.verb.build.BuildVerb object at 0x71cbcea850a0>, main=<bound method BuildVerb.main of <colcon_core.verb.build.BuildVerb object at 0x71cbcea850a0>>)
[0.322s] Level 1:colcon.colcon_core.package_discovery:discover_packages(colcon_meta) check parameters
[0.323s] Level 1:colcon.colcon_core.package_discovery:discover_packages(recursive) check parameters
[0.323s] Level 1:colcon.colcon_core.package_discovery:discover_packages(ignore) check parameters
[0.323s] Level 1:colcon.colcon_core.package_discovery:discover_packages(path) check parameters
[0.323s] Level 1:colcon.colcon_core.package_discovery:discover_packages(colcon_meta) discover
[0.323s] Level 1:colcon.colcon_core.package_discovery:discover_packages(recursive) discover
[0.323s] INFO:colcon.colcon_core.package_discovery:Crawling recursively for packages in '/home/lh/planning_with_ROS2_course'
[0.323s] Level 1:colcon.colcon_core.package_identification:_identify(.) by extensions ['ignore', 'ignore_ament_install']
[0.323s] Level 1:colcon.colcon_core.package_identification:_identify(.) by extension 'ignore'
[0.323s] Level 1:colcon.colcon_core.package_identification:_identify(.) by extension 'ignore_ament_install'
[0.324s] Level 1:colcon.colcon_core.package_identification:_identify(.) by extensions ['colcon_pkg']
[0.324s] Level 1:colcon.colcon_core.package_identification:_identify(.) by extension 'colcon_pkg'
[0.324s] Level 1:colcon.colcon_core.package_identification:_identify(.) by extensions ['colcon_meta']
[0.324s] Level 1:colcon.colcon_core.package_identification:_identify(.) by extension 'colcon_meta'
[0.324s] Level 1:colcon.colcon_core.package_identification:_identify(.) by extensions ['ros']
[0.324s] Level 1:colcon.colcon_core.package_identification:_identify(.) by extension 'ros'
[0.367s] Level 1:colcon.colcon_core.package_identification:_identify(.) by extensions ['cmake', 'python']
[0.367s] Level 1:colcon.colcon_core.package_identification:_identify(.) by extension 'cmake'
[0.367s] Level 1:colcon.colcon_core.package_identification:_identify(.) by extension 'python'
[0.367s] Level 1:colcon.colcon_core.package_identification:_identify(.) by extensions ['python_setup_py']
[0.367s] Level 1:colcon.colcon_core.package_identification:_identify(.) by extension 'python_setup_py'
[0.367s] Level 1:colcon.colcon_core.package_identification:_identify(build) by extensions ['ignore', 'ignore_ament_install']
[0.368s] Level 1:colcon.colcon_core.package_identification:_identify(build) by extension 'ignore'
[0.368s] Level 1:colcon.colcon_core.package_identification:_identify(build) ignored
[0.368s] Level 1:colcon.colcon_core.package_identification:_identify(doc) by extensions ['ignore', 'ignore_ament_install']
[0.368s] Level 1:colcon.colcon_core.package_identification:_identify(doc) by extension 'ignore'
[0.368s] Level 1:colcon.colcon_core.package_identification:_identify(doc) by extension 'ignore_ament_install'
[0.368s] Level 1:colcon.colcon_core.package_identification:_identify(doc) by extensions ['colcon_pkg']
[0.368s] Level 1:colcon.colcon_core.package_identification:_identify(doc) by extension 'colcon_pkg'
[0.368s] Level 1:colcon.colcon_core.package_identification:_identify(doc) by extensions ['colcon_meta']
[0.368s] Level 1:colcon.colcon_core.package_identification:_identify(doc) by extension 'colcon_meta'
[0.369s] Level 1:colcon.colcon_core.package_identification:_identify(doc) by extensions ['ros']
[0.369s] Level 1:colcon.colcon_core.package_identification:_identify(doc) by extension 'ros'
[0.369s] Level 1:colcon.colcon_core.package_identification:_identify(doc) by extensions ['cmake', 'python']
[0.369s] Level 1:colcon.colcon_core.package_identification:_identify(doc) by extension 'cmake'
[0.369s] Level 1:colcon.colcon_core.package_identification:_identify(doc) by extension 'python'
[0.369s] Level 1:colcon.colcon_core.package_identification:_identify(doc) by extensions ['python_setup_py']
[0.369s] Level 1:colcon.colcon_core.package_identification:_identify(doc) by extension 'python_setup_py'
[0.369s] Level 1:colcon.colcon_core.package_identification:_identify(install) by extensions ['ignore', 'ignore_ament_install']
[0.369s] Level 1:colcon.colcon_core.package_identification:_identify(install) by extension 'ignore'
[0.370s] Level 1:colcon.colcon_core.package_identification:_identify(install) ignored
[0.370s] Level 1:colcon.colcon_core.package_identification:_identify(log) by extensions ['ignore', 'ignore_ament_install']
[0.370s] Level 1:colcon.colcon_core.package_identification:_identify(log) by extension 'ignore'
[0.371s] Level 1:colcon.colcon_core.package_identification:_identify(log) ignored
[0.371s] Level 1:colcon.colcon_core.package_identification:_identify(src) by extensions ['ignore', 'ignore_ament_install']
[0.371s] Level 1:colcon.colcon_core.package_identification:_identify(src) by extension 'ignore'
[0.371s] Level 1:colcon.colcon_core.package_identification:_identify(src) by extension 'ignore_ament_install'
[0.371s] Level 1:colcon.colcon_core.package_identification:_identify(src) by extensions ['colcon_pkg']
[0.371s] Level 1:colcon.colcon_core.package_identification:_identify(src) by extension 'colcon_pkg'
[0.371s] Level 1:colcon.colcon_core.package_identification:_identify(src) by extensions ['colcon_meta']
[0.371s] Level 1:colcon.colcon_core.package_identification:_identify(src) by extension 'colcon_meta'
[0.371s] Level 1:colcon.colcon_core.package_identification:_identify(src) by extensions ['ros']
[0.371s] Level 1:colcon.colcon_core.package_identification:_identify(src) by extension 'ros'
[0.372s] Level 1:colcon.colcon_core.package_identification:_identify(src) by extensions ['cmake', 'python']
[0.372s] Level 1:colcon.colcon_core.package_identification:_identify(src) by extension 'cmake'
[0.372s] Level 1:colcon.colcon_core.package_identification:_identify(src) by extension 'python'
[0.372s] Level 1:colcon.colcon_core.package_identification:_identify(src) by extensions ['python_setup_py']
[0.372s] Level 1:colcon.colcon_core.package_identification:_identify(src) by extension 'python_setup_py'
[0.373s] Level 1:colcon.colcon_core.package_identification:_identify(src/base_msgs) by extensions ['ignore', 'ignore_ament_install']
[0.373s] Level 1:colcon.colcon_core.package_identification:_identify(src/base_msgs) by extension 'ignore'
[0.373s] Level 1:colcon.colcon_core.package_identification:_identify(src/base_msgs) by extension 'ignore_ament_install'
[0.373s] Level 1:colcon.colcon_core.package_identification:_identify(src/base_msgs) by extensions ['colcon_pkg']
[0.373s] Level 1:colcon.colcon_core.package_identification:_identify(src/base_msgs) by extension 'colcon_pkg'
[0.373s] Level 1:colcon.colcon_core.package_identification:_identify(src/base_msgs) by extensions ['colcon_meta']
[0.373s] Level 1:colcon.colcon_core.package_identification:_identify(src/base_msgs) by extension 'colcon_meta'
[0.373s] Level 1:colcon.colcon_core.package_identification:_identify(src/base_msgs) by extensions ['ros']
[0.373s] Level 1:colcon.colcon_core.package_identification:_identify(src/base_msgs) by extension 'ros'
[0.379s] DEBUG:colcon.colcon_core.package_identification:Package 'src/base_msgs' with type 'ros.ament_cmake' and name 'base_msgs'
[0.379s] Level 1:colcon.colcon_core.package_identification:_identify(src/data_plot) by extensions ['ignore', 'ignore_ament_install']
[0.379s] Level 1:colcon.colcon_core.package_identification:_identify(src/data_plot) by extension 'ignore'
[0.379s] Level 1:colcon.colcon_core.package_identification:_identify(src/data_plot) by extension 'ignore_ament_install'
[0.380s] Level 1:colcon.colcon_core.package_identification:_identify(src/data_plot) by extensions ['colcon_pkg']
[0.380s] Level 1:colcon.colcon_core.package_identification:_identify(src/data_plot) by extension 'colcon_pkg'
[0.380s] Level 1:colcon.colcon_core.package_identification:_identify(src/data_plot) by extensions ['colcon_meta']
[0.380s] Level 1:colcon.colcon_core.package_identification:_identify(src/data_plot) by extension 'colcon_meta'
[0.380s] Level 1:colcon.colcon_core.package_identification:_identify(src/data_plot) by extensions ['ros']
[0.380s] Level 1:colcon.colcon_core.package_identification:_identify(src/data_plot) by extension 'ros'
[0.381s] DEBUG:colcon.colcon_core.package_identification:Package 'src/data_plot' with type 'ros.ament_python' and name 'data_plot'
[0.381s] Level 1:colcon.colcon_core.package_identification:_identify(src/planning) by extensions ['ignore', 'ignore_ament_install']
[0.381s] Level 1:colcon.colcon_core.package_identification:_identify(src/planning) by extension 'ignore'
[0.382s] Level 1:colcon.colcon_core.package_identification:_identify(src/planning) by extension 'ignore_ament_install'
[0.382s] Level 1:colcon.colcon_core.package_identification:_identify(src/planning) by extensions ['colcon_pkg']
[0.382s] Level 1:colcon.colcon_core.package_identification:_identify(src/planning) by extension 'colcon_pkg'
[0.382s] Level 1:colcon.colcon_core.package_identification:_identify(src/planning) by extensions ['colcon_meta']
[0.382s] Level 1:colcon.colcon_core.package_identification:_identify(src/planning) by extension 'colcon_meta'
[0.382s] Level 1:colcon.colcon_core.package_identification:_identify(src/planning) by extensions ['ros']
[0.382s] Level 1:colcon.colcon_core.package_identification:_identify(src/planning) by extension 'ros'
[0.384s] DEBUG:colcon.colcon_core.package_identification:Package 'src/planning' with type 'ros.ament_cmake' and name 'planning'
[0.384s] Level 1:colcon.colcon_core.package_discovery:discover_packages(recursive) using defaults
[0.385s] Level 1:colcon.colcon_core.package_discovery:discover_packages(ignore) discover
[0.385s] Level 1:colcon.colcon_core.package_discovery:discover_packages(ignore) using defaults
[0.385s] Level 1:colcon.colcon_core.package_discovery:discover_packages(path) discover
[0.385s] Level 1:colcon.colcon_core.package_discovery:discover_packages(path) using defaults
[0.414s] Level 1:colcon.colcon_core.package_discovery:discover_packages(prefix_path) check parameters
[0.414s] Level 1:colcon.colcon_core.package_discovery:discover_packages(prefix_path) discover
[0.417s] DEBUG:colcon.colcon_installed_package_information.package_discovery:Found 3 installed packages in /home/lh/planning_with_ROS2_course/install
[0.420s] DEBUG:colcon.colcon_installed_package_information.package_discovery:Found 290 installed packages in /opt/ros/jazzy
[0.421s] Level 1:colcon.colcon_core.package_discovery:discover_packages(prefix_path) using defaults
[0.501s] Level 5:colcon.colcon_core.verb:set package 'base_msgs' build argument 'cmake_args' from command line to 'None'
[0.502s] Level 5:colcon.colcon_core.verb:set package 'base_msgs' build argument 'cmake_target' from command line to 'None'
[0.502s] Level 5:colcon.colcon_core.verb:set package 'base_msgs' build argument 'cmake_target_skip_unavailable' from command line to 'False'
[0.502s] Level 5:colcon.colcon_core.verb:set package 'base_msgs' build argument 'cmake_clean_cache' from command line to 'False'
[0.502s] Level 5:colcon.colcon_core.verb:set package 'base_msgs' build argument 'cmake_clean_first' from command line to 'False'
[0.502s] Level 5:colcon.colcon_core.verb:set package 'base_msgs' build argument 'cmake_force_configure' from command line to 'False'
[0.502s] Level 5:colcon.colcon_core.verb:set package 'base_msgs' build argument 'ament_cmake_args' from command line to 'None'
[0.502s] Level 5:colcon.colcon_core.verb:set package 'base_msgs' build argument 'catkin_cmake_args' from command line to 'None'
[0.502s] Level 5:colcon.colcon_core.verb:set package 'base_msgs' build argument 'catkin_skip_building_tests' from command line to 'False'
[0.502s] DEBUG:colcon.colcon_core.verb:Building package 'base_msgs' with the following arguments: {'ament_cmake_args': None, 'build_base': '/home/lh/planning_with_ROS2_course/build/base_msgs', 'catkin_cmake_args': None, 'catkin_skip_building_tests': False, 'cmake_args': None, 'cmake_clean_cache': False, 'cmake_clean_first': False, 'cmake_force_configure': False, 'cmake_target': None, 'cmake_target_skip_unavailable': False, 'install_base': '/home/lh/planning_with_ROS2_course/install/base_msgs', 'merge_install': False, 'path': '/home/lh/planning_with_ROS2_course/src/base_msgs', 'symlink_install': False, 'test_result_base': None}
[0.503s] Level 5:colcon.colcon_core.verb:set package 'data_plot' build argument 'cmake_args' from command line to 'None'
[0.503s] Level 5:colcon.colcon_core.verb:set package 'data_plot' build argument 'cmake_target' from command line to 'None'
[0.503s] Level 5:colcon.colcon_core.verb:set package 'data_plot' build argument 'cmake_target_skip_unavailable' from command line to 'False'
[0.503s] Level 5:colcon.colcon_core.verb:set package 'data_plot' build argument 'cmake_clean_cache' from command line to 'False'
[0.503s] Level 5:colcon.colcon_core.verb:set package 'data_plot' build argument 'cmake_clean_first' from command line to 'False'
[0.503s] Level 5:colcon.colcon_core.verb:set package 'data_plot' build argument 'cmake_force_configure' from command line to 'False'
[0.504s] Level 5:colcon.colcon_core.verb:set package 'data_plot' build argument 'ament_cmake_args' from command line to 'None'
[0.504s] Level 5:colcon.colcon_core.verb:set package 'data_plot' build argument 'catkin_cmake_args' from command line to 'None'
[0.504s] Level 5:colcon.colcon_core.verb:set package 'data_plot' build argument 'catkin_skip_building_tests' from command line to 'False'
[0.504s] DEBUG:colcon.colcon_core.verb:Building package 'data_plot' with the following arguments: {'ament_cmake_args': None, 'build_base': '/home/lh/planning_with_ROS2_course/build/data_plot', 'catkin_cmake_args': None, 'catkin_skip_building_tests': False, 'cmake_args': None, 'cmake_clean_cache': False, 'cmake_clean_first': False, 'cmake_force_configure': False, 'cmake_target': None, 'cmake_target_skip_unavailable': False, 'install_base': '/home/lh/planning_with_ROS2_course/install/data_plot', 'merge_install': False, 'path': '/home/lh/planning_with_ROS2_course/src/data_plot', 'symlink_install': False, 'test_result_base': None}
[0.505s] Level 5:colcon.colcon_core.verb:set package 'planning' build argument 'cmake_args' from command line to 'None'
[0.505s] Level 5:colcon.colcon_core.verb:set package 'planning' build argument 'cmake_target' from command line to 'None'
[0.505s] Level 5:colcon.colcon_core.verb:set package 'planning' build argument 'cmake_target_skip_unavailable' from command line to 'False'
[0.505s] Level 5:colcon.colcon_core.verb:set package 'planning' build argument 'cmake_clean_cache' from command line to 'False'
[0.505s] Level 5:colcon.colcon_core.verb:set package 'planning' build argument 'cmake_clean_first' from command line to 'False'
[0.505s] Level 5:colcon.colcon_core.verb:set package 'planning' build argument 'cmake_force_configure' from command line to 'False'
[0.505s] Level 5:colcon.colcon_core.verb:set package 'planning' build argument 'ament_cmake_args' from command line to 'None'
[0.505s] Level 5:colcon.colcon_core.verb:set package 'planning' build argument 'catkin_cmake_args' from command line to 'None'
[0.505s] Level 5:colcon.colcon_core.verb:set package 'planning' build argument 'catkin_skip_building_tests' from command line to 'False'
[0.505s] DEBUG:colcon.colcon_core.verb:Building package 'planning' with the following arguments: {'ament_cmake_args': None, 'build_base': '/home/lh/planning_with_ROS2_course/build/planning', 'catkin_cmake_args': None, 'catkin_skip_building_tests': False, 'cmake_args': None, 'cmake_clean_cache': False, 'cmake_clean_first': False, 'cmake_force_configure': False, 'cmake_target': None, 'cmake_target_skip_unavailable': False, 'install_base': '/home/lh/planning_with_ROS2_course/install/planning', 'merge_install': False, 'path': '/home/lh/planning_with_ROS2_course/src/planning', 'symlink_install': False, 'test_result_base': None}
[0.506s] INFO:colcon.colcon_core.executor:Executing jobs using 'parallel' executor
[0.508s] DEBUG:colcon.colcon_parallel_executor.executor.parallel:run_until_complete
[0.509s] INFO:colcon.colcon_ros.task.ament_cmake.build:Building ROS package in '/home/lh/planning_with_ROS2_course/src/base_msgs' with build type 'ament_cmake'
[0.509s] INFO:colcon.colcon_cmake.task.cmake.build:Building CMake package in '/home/lh/planning_with_ROS2_course/src/base_msgs'
[0.513s] INFO:colcon.colcon_core.plugin_system:Skipping extension 'colcon_core.shell.bat': Not used on non-Windows systems
[0.514s] INFO:colcon.colcon_core.shell:Skip shell extension 'powershell' for command environment: Not usable outside of PowerShell
[0.514s] DEBUG:colcon.colcon_core.shell:Skip shell extension 'dsv' for command environment
[0.537s] DEBUG:colcon.colcon_core.event_handler.log_command:Invoking command in '/home/lh/planning_with_ROS2_course/build/base_msgs': CMAKE_PREFIX_PATH=${CMAKE_PREFIX_PATH}:/home/lh/planning_with_ROS2_course/install/data_plot:/opt/ros/jazzy DEBUGINFOD_URLS=https://debuginfod.ubuntu.com /usr/bin/cmake --build /home/lh/planning_with_ROS2_course/build/base_msgs -- -j16 -l16
[1.666s] DEBUG:colcon.colcon_core.event_handler.log_command:Invoked command in '/home/lh/planning_with_ROS2_course/build/base_msgs' returned '0': CMAKE_PREFIX_PATH=${CMAKE_PREFIX_PATH}:/home/lh/planning_with_ROS2_course/install/data_plot:/opt/ros/jazzy DEBUGINFOD_URLS=https://debuginfod.ubuntu.com /usr/bin/cmake --build /home/lh/planning_with_ROS2_course/build/base_msgs -- -j16 -l16
[1.690s] DEBUG:colcon.colcon_core.event_handler.log_command:Invoking command in '/home/lh/planning_with_ROS2_course/build/base_msgs': CMAKE_PREFIX_PATH=${CMAKE_PREFIX_PATH}:/home/lh/planning_with_ROS2_course/install/data_plot:/opt/ros/jazzy DEBUGINFOD_URLS=https://debuginfod.ubuntu.com /usr/bin/cmake --install /home/lh/planning_with_ROS2_course/build/base_msgs
[1.921s] Level 1:colcon.colcon_core.environment:create_environment_scripts_only(base_msgs)
[1.922s] DEBUG:colcon.colcon_core.event_handler.log_command:Invoked command in '/home/lh/planning_with_ROS2_course/build/base_msgs' returned '0': CMAKE_PREFIX_PATH=${CMAKE_PREFIX_PATH}:/home/lh/planning_with_ROS2_course/install/data_plot:/opt/ros/jazzy DEBUGINFOD_URLS=https://debuginfod.ubuntu.com /usr/bin/cmake --install /home/lh/planning_with_ROS2_course/build/base_msgs
[1.927s] Level 1:colcon.colcon_core.environment:checking '/home/lh/planning_with_ROS2_course/install/base_msgs' for CMake module files
[1.930s] Level 1:colcon.colcon_core.environment:checking '/home/lh/planning_with_ROS2_course/install/base_msgs' for CMake config files
[1.931s] Level 1:colcon.colcon_core.shell:create_environment_hook('base_msgs', 'cmake_prefix_path')
[1.931s] INFO:colcon.colcon_core.shell:Creating environment hook '/home/lh/planning_with_ROS2_course/install/base_msgs/share/base_msgs/hook/cmake_prefix_path.ps1'
[1.933s] INFO:colcon.colcon_core.shell:Creating environment descriptor '/home/lh/planning_with_ROS2_course/install/base_msgs/share/base_msgs/hook/cmake_prefix_path.dsv'
[1.935s] INFO:colcon.colcon_core.shell:Creating environment hook '/home/lh/planning_with_ROS2_course/install/base_msgs/share/base_msgs/hook/cmake_prefix_path.sh'
[1.938s] Level 1:colcon.colcon_core.environment:checking '/home/lh/planning_with_ROS2_course/install/base_msgs/lib'
[1.939s] Level 1:colcon.colcon_core.shell:create_environment_hook('base_msgs', 'ld_library_path_lib')
[1.939s] INFO:colcon.colcon_core.shell:Creating environment hook '/home/lh/planning_with_ROS2_course/install/base_msgs/share/base_msgs/hook/ld_library_path_lib.ps1'
[1.941s] INFO:colcon.colcon_core.shell:Creating environment descriptor '/home/lh/planning_with_ROS2_course/install/base_msgs/share/base_msgs/hook/ld_library_path_lib.dsv'
[1.942s] INFO:colcon.colcon_core.shell:Creating environment hook '/home/lh/planning_with_ROS2_course/install/base_msgs/share/base_msgs/hook/ld_library_path_lib.sh'
[1.943s] Level 1:colcon.colcon_core.environment:checking '/home/lh/planning_with_ROS2_course/install/base_msgs/bin'
[1.943s] Level 1:colcon.colcon_core.environment:checking '/home/lh/planning_with_ROS2_course/install/base_msgs/lib/pkgconfig/base_msgs.pc'
[1.944s] Level 1:colcon.colcon_core.environment:checking '/home/lh/planning_with_ROS2_course/install/base_msgs/lib/python3.12/site-packages'
[1.944s] Level 1:colcon.colcon_core.shell:create_environment_hook('base_msgs', 'pythonpath')
[1.945s] INFO:colcon.colcon_core.shell:Creating environment hook '/home/lh/planning_with_ROS2_course/install/base_msgs/share/base_msgs/hook/pythonpath.ps1'
[1.946s] INFO:colcon.colcon_core.shell:Creating environment descriptor '/home/lh/planning_with_ROS2_course/install/base_msgs/share/base_msgs/hook/pythonpath.dsv'
[1.948s] INFO:colcon.colcon_core.shell:Creating environment hook '/home/lh/planning_with_ROS2_course/install/base_msgs/share/base_msgs/hook/pythonpath.sh'
[1.950s] Level 1:colcon.colcon_core.environment:checking '/home/lh/planning_with_ROS2_course/install/base_msgs/bin'
[1.951s] INFO:colcon.colcon_core.shell:Creating package script '/home/lh/planning_with_ROS2_course/install/base_msgs/share/base_msgs/package.ps1'
[1.953s] INFO:colcon.colcon_core.shell:Creating package descriptor '/home/lh/planning_with_ROS2_course/install/base_msgs/share/base_msgs/package.dsv'
[1.955s] INFO:colcon.colcon_core.shell:Creating package script '/home/lh/planning_with_ROS2_course/install/base_msgs/share/base_msgs/package.sh'
[1.957s] INFO:colcon.colcon_core.shell:Creating package script '/home/lh/planning_with_ROS2_course/install/base_msgs/share/base_msgs/package.bash'
[1.958s] INFO:colcon.colcon_core.shell:Creating package script '/home/lh/planning_with_ROS2_course/install/base_msgs/share/base_msgs/package.zsh'
[1.960s] Level 1:colcon.colcon_core.environment:create_file_with_runtime_dependencies(/home/lh/planning_with_ROS2_course/install/base_msgs/share/colcon-core/packages/base_msgs)
[1.962s] Level 1:colcon.colcon_core.environment:create_environment_scripts_only(base_msgs)
[1.962s] Level 1:colcon.colcon_core.environment:checking '/home/lh/planning_with_ROS2_course/install/base_msgs' for CMake module files
[1.963s] Level 1:colcon.colcon_core.environment:checking '/home/lh/planning_with_ROS2_course/install/base_msgs' for CMake config files
[1.964s] Level 1:colcon.colcon_core.shell:create_environment_hook('base_msgs', 'cmake_prefix_path')
[1.965s] INFO:colcon.colcon_core.shell:Creating environment hook '/home/lh/planning_with_ROS2_course/install/base_msgs/share/base_msgs/hook/cmake_prefix_path.ps1'
[1.966s] INFO:colcon.colcon_core.shell:Creating environment descriptor '/home/lh/planning_with_ROS2_course/install/base_msgs/share/base_msgs/hook/cmake_prefix_path.dsv'
[1.967s] INFO:colcon.colcon_core.shell:Creating environment hook '/home/lh/planning_with_ROS2_course/install/base_msgs/share/base_msgs/hook/cmake_prefix_path.sh'
[1.969s] Level 1:colcon.colcon_core.environment:checking '/home/lh/planning_with_ROS2_course/install/base_msgs/lib'
[1.969s] Level 1:colcon.colcon_core.shell:create_environment_hook('base_msgs', 'ld_library_path_lib')
[1.969s] INFO:colcon.colcon_core.shell:Creating environment hook '/home/lh/planning_with_ROS2_course/install/base_msgs/share/base_msgs/hook/ld_library_path_lib.ps1'
[1.971s] INFO:colcon.colcon_core.shell:Creating environment descriptor '/home/lh/planning_with_ROS2_course/install/base_msgs/share/base_msgs/hook/ld_library_path_lib.dsv'
[1.972s] INFO:colcon.colcon_core.shell:Creating environment hook '/home/lh/planning_with_ROS2_course/install/base_msgs/share/base_msgs/hook/ld_library_path_lib.sh'
[1.973s] Level 1:colcon.colcon_core.environment:checking '/home/lh/planning_with_ROS2_course/install/base_msgs/bin'
[1.973s] Level 1:colcon.colcon_core.environment:checking '/home/lh/planning_with_ROS2_course/install/base_msgs/lib/pkgconfig/base_msgs.pc'
[1.974s] Level 1:colcon.colcon_core.environment:checking '/home/lh/planning_with_ROS2_course/install/base_msgs/lib/python3.12/site-packages'
[1.974s] Level 1:colcon.colcon_core.shell:create_environment_hook('base_msgs', 'pythonpath')
[1.974s] INFO:colcon.colcon_core.shell:Creating environment hook '/home/lh/planning_with_ROS2_course/install/base_msgs/share/base_msgs/hook/pythonpath.ps1'
[1.976s] INFO:colcon.colcon_core.shell:Creating environment descriptor '/home/lh/planning_with_ROS2_course/install/base_msgs/share/base_msgs/hook/pythonpath.dsv'
[1.977s] INFO:colcon.colcon_core.shell:Creating environment hook '/home/lh/planning_with_ROS2_course/install/base_msgs/share/base_msgs/hook/pythonpath.sh'
[1.979s] Level 1:colcon.colcon_core.environment:checking '/home/lh/planning_with_ROS2_course/install/base_msgs/bin'
[1.980s] INFO:colcon.colcon_core.shell:Creating package script '/home/lh/planning_with_ROS2_course/install/base_msgs/share/base_msgs/package.ps1'
[1.981s] INFO:colcon.colcon_core.shell:Creating package descriptor '/home/lh/planning_with_ROS2_course/install/base_msgs/share/base_msgs/package.dsv'
[1.985s] INFO:colcon.colcon_core.shell:Creating package script '/home/lh/planning_with_ROS2_course/install/base_msgs/share/base_msgs/package.sh'
[1.989s] INFO:colcon.colcon_core.shell:Creating package script '/home/lh/planning_with_ROS2_course/install/base_msgs/share/base_msgs/package.bash'
[1.991s] INFO:colcon.colcon_core.shell:Creating package script '/home/lh/planning_with_ROS2_course/install/base_msgs/share/base_msgs/package.zsh'
[1.992s] Level 1:colcon.colcon_core.environment:create_file_with_runtime_dependencies(/home/lh/planning_with_ROS2_course/install/base_msgs/share/colcon-core/packages/base_msgs)
[1.994s] INFO:colcon.colcon_ros.task.ament_python.build:Building ROS package in '/home/lh/planning_with_ROS2_course/src/data_plot' with build type 'ament_python'
[1.995s] Level 1:colcon.colcon_core.shell:create_environment_hook('data_plot', 'ament_prefix_path')
[1.996s] INFO:colcon.colcon_core.shell:Creating environment hook '/home/lh/planning_with_ROS2_course/install/data_plot/share/data_plot/hook/ament_prefix_path.ps1'
[1.997s] INFO:colcon.colcon_core.shell:Creating environment descriptor '/home/lh/planning_with_ROS2_course/install/data_plot/share/data_plot/hook/ament_prefix_path.dsv'
[2.000s] INFO:colcon.colcon_core.shell:Creating environment hook '/home/lh/planning_with_ROS2_course/install/data_plot/share/data_plot/hook/ament_prefix_path.sh'
[2.003s] INFO:colcon.colcon_core.shell:Skip shell extension 'powershell' for command environment: Not usable outside of PowerShell
[2.003s] DEBUG:colcon.colcon_core.shell:Skip shell extension 'dsv' for command environment
[2.012s] INFO:colcon.colcon_ros.task.ament_cmake.build:Building ROS package in '/home/lh/planning_with_ROS2_course/src/planning' with build type 'ament_cmake'
[2.012s] INFO:colcon.colcon_cmake.task.cmake.build:Building CMake package in '/home/lh/planning_with_ROS2_course/src/planning'
[2.013s] INFO:colcon.colcon_core.shell:Skip shell extension 'powershell' for command environment: Not usable outside of PowerShell
[2.013s] DEBUG:colcon.colcon_core.shell:Skip shell extension 'dsv' for command environment
[2.586s] INFO:colcon.colcon_core.task.python.build:Building Python package in '/home/lh/planning_with_ROS2_course/src/data_plot'
[2.587s] INFO:colcon.colcon_core.shell:Skip shell extension 'powershell' for command environment: Not usable outside of PowerShell
[2.587s] DEBUG:colcon.colcon_core.shell:Skip shell extension 'dsv' for command environment
[2.605s] DEBUG:colcon.colcon_core.event_handler.log_command:Invoking command in '/home/lh/planning_with_ROS2_course/build/planning': CMAKE_PREFIX_PATH=/home/lh/planning_with_ROS2_course/install/base_msgs:/home/lh/planning_with_ROS2_course/install/planning:/opt/ros/jazzy/opt/gz_math_vendor:/opt/ros/jazzy/opt/gz_utils_vendor:/opt/ros/jazzy/opt/gz_cmake_vendor:/home/lh/planning_with_ROS2_course/install/data_plot:/opt/ros/jazzy DEBUGINFOD_URLS=https://debuginfod.ubuntu.com LD_LIBRARY_PATH=/home/lh/planning_with_ROS2_course/install/base_msgs/lib:/home/lh/planning_with_ROS2_course/install/planning/lib:/home/lh/planning_with_ROS2_course/install/planning/lib:/home/lh/planning_with_ROS2_course/install/planning/lib:/opt/ros/jazzy/opt/rviz_ogre_vendor/lib:/opt/ros/jazzy/lib/x86_64-linux-gnu:/opt/ros/jazzy/opt/gz_math_vendor/lib:/opt/ros/jazzy/opt/gz_utils_vendor/lib:/opt/ros/jazzy/opt/gz_cmake_vendor/lib:/opt/ros/jazzy/lib PYTHONPATH=/home/lh/planning_with_ROS2_course/install/base_msgs/lib/python3.12/site-packages:/home/lh/planning_with_ROS2_course/install/data_plot/lib/python3.12/site-packages:/opt/ros/jazzy/lib/python3.12/site-packages /usr/bin/cmake --build /home/lh/planning_with_ROS2_course/build/planning -- -j16 -l16
[3.180s] DEBUG:colcon.colcon_core.event_handler.log_command:Invoked command in '/home/lh/planning_with_ROS2_course/build/planning' returned '0': CMAKE_PREFIX_PATH=/home/lh/planning_with_ROS2_course/install/base_msgs:/home/lh/planning_with_ROS2_course/install/planning:/opt/ros/jazzy/opt/gz_math_vendor:/opt/ros/jazzy/opt/gz_utils_vendor:/opt/ros/jazzy/opt/gz_cmake_vendor:/home/lh/planning_with_ROS2_course/install/data_plot:/opt/ros/jazzy DEBUGINFOD_URLS=https://debuginfod.ubuntu.com LD_LIBRARY_PATH=/home/lh/planning_with_ROS2_course/install/base_msgs/lib:/home/lh/planning_with_ROS2_course/install/planning/lib:/home/lh/planning_with_ROS2_course/install/planning/lib:/home/lh/planning_with_ROS2_course/install/planning/lib:/opt/ros/jazzy/opt/rviz_ogre_vendor/lib:/opt/ros/jazzy/lib/x86_64-linux-gnu:/opt/ros/jazzy/opt/gz_math_vendor/lib:/opt/ros/jazzy/opt/gz_utils_vendor/lib:/opt/ros/jazzy/opt/gz_cmake_vendor/lib:/opt/ros/jazzy/lib PYTHONPATH=/home/lh/planning_with_ROS2_course/install/base_msgs/lib/python3.12/site-packages:/home/lh/planning_with_ROS2_course/install/data_plot/lib/python3.12/site-packages:/opt/ros/jazzy/lib/python3.12/site-packages /usr/bin/cmake --build /home/lh/planning_with_ROS2_course/build/planning -- -j16 -l16
[3.183s] DEBUG:colcon.colcon_core.event_handler.log_command:Invoking command in '/home/lh/planning_with_ROS2_course/build/planning': CMAKE_PREFIX_PATH=/home/lh/planning_with_ROS2_course/install/base_msgs:/home/lh/planning_with_ROS2_course/install/planning:/opt/ros/jazzy/opt/gz_math_vendor:/opt/ros/jazzy/opt/gz_utils_vendor:/opt/ros/jazzy/opt/gz_cmake_vendor:/home/lh/planning_with_ROS2_course/install/data_plot:/opt/ros/jazzy DEBUGINFOD_URLS=https://debuginfod.ubuntu.com LD_LIBRARY_PATH=/home/lh/planning_with_ROS2_course/install/base_msgs/lib:/home/lh/planning_with_ROS2_course/install/planning/lib:/home/lh/planning_with_ROS2_course/install/planning/lib:/home/lh/planning_with_ROS2_course/install/planning/lib:/opt/ros/jazzy/opt/rviz_ogre_vendor/lib:/opt/ros/jazzy/lib/x86_64-linux-gnu:/opt/ros/jazzy/opt/gz_math_vendor/lib:/opt/ros/jazzy/opt/gz_utils_vendor/lib:/opt/ros/jazzy/opt/gz_cmake_vendor/lib:/opt/ros/jazzy/lib PYTHONPATH=/home/lh/planning_with_ROS2_course/install/base_msgs/lib/python3.12/site-packages:/home/lh/planning_with_ROS2_course/install/data_plot/lib/python3.12/site-packages:/opt/ros/jazzy/lib/python3.12/site-packages /usr/bin/cmake --install /home/lh/planning_with_ROS2_course/build/planning
[3.238s] Level 1:colcon.colcon_core.environment:create_environment_scripts_only(planning)
[3.239s] Level 1:colcon.colcon_core.environment:checking '/home/lh/planning_with_ROS2_course/install/planning' for CMake module files
[3.241s] DEBUG:colcon.colcon_core.event_handler.log_command:Invoked command in '/home/lh/planning_with_ROS2_course/build/planning' returned '0': CMAKE_PREFIX_PATH=/home/lh/planning_with_ROS2_course/install/base_msgs:/home/lh/planning_with_ROS2_course/install/planning:/opt/ros/jazzy/opt/gz_math_vendor:/opt/ros/jazzy/opt/gz_utils_vendor:/opt/ros/jazzy/opt/gz_cmake_vendor:/home/lh/planning_with_ROS2_course/install/data_plot:/opt/ros/jazzy DEBUGINFOD_URLS=https://debuginfod.ubuntu.com LD_LIBRARY_PATH=/home/lh/planning_with_ROS2_course/install/base_msgs/lib:/home/lh/planning_with_ROS2_course/install/planning/lib:/home/lh/planning_with_ROS2_course/install/planning/lib:/home/lh/planning_with_ROS2_course/install/planning/lib:/opt/ros/jazzy/opt/rviz_ogre_vendor/lib:/opt/ros/jazzy/lib/x86_64-linux-gnu:/opt/ros/jazzy/opt/gz_math_vendor/lib:/opt/ros/jazzy/opt/gz_utils_vendor/lib:/opt/ros/jazzy/opt/gz_cmake_vendor/lib:/opt/ros/jazzy/lib PYTHONPATH=/home/lh/planning_with_ROS2_course/install/base_msgs/lib/python3.12/site-packages:/home/lh/planning_with_ROS2_course/install/data_plot/lib/python3.12/site-packages:/opt/ros/jazzy/lib/python3.12/site-packages /usr/bin/cmake --install /home/lh/planning_with_ROS2_course/build/planning
[3.242s] Level 1:colcon.colcon_core.environment:checking '/home/lh/planning_with_ROS2_course/install/planning' for CMake config files
[3.242s] Level 1:colcon.colcon_core.shell:create_environment_hook('planning', 'cmake_prefix_path')
[3.243s] INFO:colcon.colcon_core.shell:Creating environment hook '/home/lh/planning_with_ROS2_course/install/planning/share/planning/hook/cmake_prefix_path.ps1'
[3.245s] INFO:colcon.colcon_core.shell:Creating environment descriptor '/home/lh/planning_with_ROS2_course/install/planning/share/planning/hook/cmake_prefix_path.dsv'
[3.246s] INFO:colcon.colcon_core.shell:Creating environment hook '/home/lh/planning_with_ROS2_course/install/planning/share/planning/hook/cmake_prefix_path.sh'
[3.247s] Level 1:colcon.colcon_core.environment:checking '/home/lh/planning_with_ROS2_course/install/planning/lib'
[3.247s] Level 1:colcon.colcon_core.shell:create_environment_hook('planning', 'ld_library_path_lib')
[3.248s] INFO:colcon.colcon_core.shell:Creating environment hook '/home/lh/planning_with_ROS2_course/install/planning/share/planning/hook/ld_library_path_lib.ps1'
[3.249s] INFO:colcon.colcon_core.shell:Creating environment descriptor '/home/lh/planning_with_ROS2_course/install/planning/share/planning/hook/ld_library_path_lib.dsv'
[3.250s] INFO:colcon.colcon_core.shell:Creating environment hook '/home/lh/planning_with_ROS2_course/install/planning/share/planning/hook/ld_library_path_lib.sh'
[3.252s] Level 1:colcon.colcon_core.environment:checking '/home/lh/planning_with_ROS2_course/install/planning/bin'
[3.252s] Level 1:colcon.colcon_core.environment:checking '/home/lh/planning_with_ROS2_course/install/planning/lib/pkgconfig/planning.pc'
[3.253s] Level 1:colcon.colcon_core.environment:checking '/home/lh/planning_with_ROS2_course/install/planning/lib/python3.12/site-packages'
[3.255s] Level 1:colcon.colcon_core.environment:checking '/home/lh/planning_with_ROS2_course/install/planning/bin'
[3.256s] INFO:colcon.colcon_core.shell:Creating package script '/home/lh/planning_with_ROS2_course/install/planning/share/planning/package.ps1'
[3.258s] INFO:colcon.colcon_core.shell:Creating package descriptor '/home/lh/planning_with_ROS2_course/install/planning/share/planning/package.dsv'
[3.259s] INFO:colcon.colcon_core.shell:Creating package script '/home/lh/planning_with_ROS2_course/install/planning/share/planning/package.sh'
[3.261s] INFO:colcon.colcon_core.shell:Creating package script '/home/lh/planning_with_ROS2_course/install/planning/share/planning/package.bash'
[3.263s] INFO:colcon.colcon_core.shell:Creating package script '/home/lh/planning_with_ROS2_course/install/planning/share/planning/package.zsh'
[3.264s] Level 1:colcon.colcon_core.environment:create_file_with_runtime_dependencies(/home/lh/planning_with_ROS2_course/install/planning/share/colcon-core/packages/planning)
[3.265s] Level 1:colcon.colcon_core.environment:create_environment_scripts_only(planning)
[3.266s] Level 1:colcon.colcon_core.environment:checking '/home/lh/planning_with_ROS2_course/install/planning' for CMake module files
[3.267s] Level 1:colcon.colcon_core.environment:checking '/home/lh/planning_with_ROS2_course/install/planning' for CMake config files
[3.268s] Level 1:colcon.colcon_core.shell:create_environment_hook('planning', 'cmake_prefix_path')
[3.268s] INFO:colcon.colcon_core.shell:Creating environment hook '/home/lh/planning_with_ROS2_course/install/planning/share/planning/hook/cmake_prefix_path.ps1'
[3.270s] INFO:colcon.colcon_core.shell:Creating environment descriptor '/home/lh/planning_with_ROS2_course/install/planning/share/planning/hook/cmake_prefix_path.dsv'
[3.271s] INFO:colcon.colcon_core.shell:Creating environment hook '/home/lh/planning_with_ROS2_course/install/planning/share/planning/hook/cmake_prefix_path.sh'
[3.273s] Level 1:colcon.colcon_core.environment:checking '/home/lh/planning_with_ROS2_course/install/planning/lib'
[3.274s] Level 1:colcon.colcon_core.shell:create_environment_hook('planning', 'ld_library_path_lib')
[3.274s] INFO:colcon.colcon_core.shell:Creating environment hook '/home/lh/planning_with_ROS2_course/install/planning/share/planning/hook/ld_library_path_lib.ps1'
[3.275s] INFO:colcon.colcon_core.shell:Creating environment descriptor '/home/lh/planning_with_ROS2_course/install/planning/share/planning/hook/ld_library_path_lib.dsv'
[3.277s] INFO:colcon.colcon_core.shell:Creating environment hook '/home/lh/planning_with_ROS2_course/install/planning/share/planning/hook/ld_library_path_lib.sh'
[3.278s] Level 1:colcon.colcon_core.environment:checking '/home/lh/planning_with_ROS2_course/install/planning/bin'
[3.278s] Level 1:colcon.colcon_core.environment:checking '/home/lh/planning_with_ROS2_course/install/planning/lib/pkgconfig/planning.pc'
[3.278s] Level 1:colcon.colcon_core.environment:checking '/home/lh/planning_with_ROS2_course/install/planning/lib/python3.12/site-packages'
[3.280s] Level 1:colcon.colcon_core.environment:checking '/home/lh/planning_with_ROS2_course/install/planning/bin'
[3.282s] INFO:colcon.colcon_core.shell:Creating package script '/home/lh/planning_with_ROS2_course/install/planning/share/planning/package.ps1'
[3.284s] INFO:colcon.colcon_core.shell:Creating package descriptor '/home/lh/planning_with_ROS2_course/install/planning/share/planning/package.dsv'
[3.286s] INFO:colcon.colcon_core.shell:Creating package script '/home/lh/planning_with_ROS2_course/install/planning/share/planning/package.sh'
[3.287s] INFO:colcon.colcon_core.shell:Creating package script '/home/lh/planning_with_ROS2_course/install/planning/share/planning/package.bash'
[3.289s] INFO:colcon.colcon_core.shell:Creating package script '/home/lh/planning_with_ROS2_course/install/planning/share/planning/package.zsh'
[3.290s] Level 1:colcon.colcon_core.environment:create_file_with_runtime_dependencies(/home/lh/planning_with_ROS2_course/install/planning/share/colcon-core/packages/planning)
[4.170s] DEBUG:colcon.colcon_core.event_handler.log_command:Invoking command in '/home/lh/planning_with_ROS2_course/src/data_plot': CMAKE_PREFIX_PATH=/home/lh/planning_with_ROS2_course/install/base_msgs:/home/lh/planning_with_ROS2_course/install/planning:/opt/ros/jazzy/opt/gz_math_vendor:/opt/ros/jazzy/opt/gz_utils_vendor:/opt/ros/jazzy/opt/gz_cmake_vendor DEBUGINFOD_URLS=https://debuginfod.ubuntu.com LD_LIBRARY_PATH=/home/lh/planning_with_ROS2_course/install/base_msgs/lib:/home/lh/planning_with_ROS2_course/install/planning/lib:/home/lh/planning_with_ROS2_course/install/planning/lib:/home/lh/planning_with_ROS2_course/install/planning/lib:/opt/ros/jazzy/opt/rviz_ogre_vendor/lib:/opt/ros/jazzy/lib/x86_64-linux-gnu:/opt/ros/jazzy/opt/gz_math_vendor/lib:/opt/ros/jazzy/opt/gz_utils_vendor/lib:/opt/ros/jazzy/opt/gz_cmake_vendor/lib:/opt/ros/jazzy/lib PYTHONPATH=/home/lh/planning_with_ROS2_course/build/data_plot/prefix_override:/usr/lib/python3/dist-packages/colcon_core/task/python/colcon_distutils_commands:/home/lh/planning_with_ROS2_course/install/data_plot/lib/python3.12/site-packages:/home/lh/planning_with_ROS2_course/install/base_msgs/lib/python3.12/site-packages:/home/lh/planning_with_ROS2_course/install/data_plot/lib/python3.12/site-packages:/opt/ros/jazzy/lib/python3.12/site-packages /usr/bin/python3 -W ignore:setup.py install is deprecated -W ignore:easy_install command is deprecated setup.py egg_info --egg-base ../../build/data_plot build --build-base /home/lh/planning_with_ROS2_course/build/data_plot/build install --record /home/lh/planning_with_ROS2_course/build/data_plot/install.log --single-version-externally-managed install_data
[5.697s] Level 1:colcon.colcon_core.environment:checking '/home/lh/planning_with_ROS2_course/install/data_plot' for CMake module files
[5.699s] DEBUG:colcon.colcon_core.event_handler.log_command:Invoked command in '/home/lh/planning_with_ROS2_course/src/data_plot' returned '0': CMAKE_PREFIX_PATH=/home/lh/planning_with_ROS2_course/install/base_msgs:/home/lh/planning_with_ROS2_course/install/planning:/opt/ros/jazzy/opt/gz_math_vendor:/opt/ros/jazzy/opt/gz_utils_vendor:/opt/ros/jazzy/opt/gz_cmake_vendor DEBUGINFOD_URLS=https://debuginfod.ubuntu.com LD_LIBRARY_PATH=/home/lh/planning_with_ROS2_course/install/base_msgs/lib:/home/lh/planning_with_ROS2_course/install/planning/lib:/home/lh/planning_with_ROS2_course/install/planning/lib:/home/lh/planning_with_ROS2_course/install/planning/lib:/opt/ros/jazzy/opt/rviz_ogre_vendor/lib:/opt/ros/jazzy/lib/x86_64-linux-gnu:/opt/ros/jazzy/opt/gz_math_vendor/lib:/opt/ros/jazzy/opt/gz_utils_vendor/lib:/opt/ros/jazzy/opt/gz_cmake_vendor/lib:/opt/ros/jazzy/lib PYTHONPATH=/home/lh/planning_with_ROS2_course/build/data_plot/prefix_override:/usr/lib/python3/dist-packages/colcon_core/task/python/colcon_distutils_commands:/home/lh/planning_with_ROS2_course/install/data_plot/lib/python3.12/site-packages:/home/lh/planning_with_ROS2_course/install/base_msgs/lib/python3.12/site-packages:/home/lh/planning_with_ROS2_course/install/data_plot/lib/python3.12/site-packages:/opt/ros/jazzy/lib/python3.12/site-packages /usr/bin/python3 -W ignore:setup.py install is deprecated -W ignore:easy_install command is deprecated setup.py egg_info --egg-base ../../build/data_plot build --build-base /home/lh/planning_with_ROS2_course/build/data_plot/build install --record /home/lh/planning_with_ROS2_course/build/data_plot/install.log --single-version-externally-managed install_data
[5.699s] Level 1:colcon.colcon_core.environment:checking '/home/lh/planning_with_ROS2_course/install/data_plot' for CMake config files
[5.701s] Level 1:colcon.colcon_core.environment:checking '/home/lh/planning_with_ROS2_course/install/data_plot/lib'
[5.701s] Level 1:colcon.colcon_core.environment:checking '/home/lh/planning_with_ROS2_course/install/data_plot/bin'
[5.701s] Level 1:colcon.colcon_core.environment:checking '/home/lh/planning_with_ROS2_course/install/data_plot/lib/pkgconfig/data_plot.pc'
[5.702s] Level 1:colcon.colcon_core.environment:checking '/home/lh/planning_with_ROS2_course/install/data_plot/lib/python3.12/site-packages'
[5.702s] Level 1:colcon.colcon_core.shell:create_environment_hook('data_plot', 'pythonpath')
[5.702s] INFO:colcon.colcon_core.shell:Creating environment hook '/home/lh/planning_with_ROS2_course/install/data_plot/share/data_plot/hook/pythonpath.ps1'
[5.703s] INFO:colcon.colcon_core.shell:Creating environment descriptor '/home/lh/planning_with_ROS2_course/install/data_plot/share/data_plot/hook/pythonpath.dsv'
[5.706s] INFO:colcon.colcon_core.shell:Creating environment hook '/home/lh/planning_with_ROS2_course/install/data_plot/share/data_plot/hook/pythonpath.sh'
[5.708s] Level 1:colcon.colcon_core.environment:checking '/home/lh/planning_with_ROS2_course/install/data_plot/bin'
[5.708s] Level 1:colcon.colcon_core.environment:create_environment_scripts_only(data_plot)
[5.709s] INFO:colcon.colcon_core.shell:Creating package script '/home/lh/planning_with_ROS2_course/install/data_plot/share/data_plot/package.ps1'
[5.710s] INFO:colcon.colcon_core.shell:Creating package descriptor '/home/lh/planning_with_ROS2_course/install/data_plot/share/data_plot/package.dsv'
[5.712s] INFO:colcon.colcon_core.shell:Creating package script '/home/lh/planning_with_ROS2_course/install/data_plot/share/data_plot/package.sh'
[5.713s] INFO:colcon.colcon_core.shell:Creating package script '/home/lh/planning_with_ROS2_course/install/data_plot/share/data_plot/package.bash'
[5.714s] INFO:colcon.colcon_core.shell:Creating package script '/home/lh/planning_with_ROS2_course/install/data_plot/share/data_plot/package.zsh'
[5.715s] Level 1:colcon.colcon_core.environment:create_file_with_runtime_dependencies(/home/lh/planning_with_ROS2_course/install/data_plot/share/colcon-core/packages/data_plot)
[5.718s] DEBUG:colcon.colcon_parallel_executor.executor.parallel:closing loop
[5.719s] DEBUG:colcon.colcon_parallel_executor.executor.parallel:loop closed
[5.720s] DEBUG:colcon.colcon_parallel_executor.executor.parallel:run_until_complete finished with '0'
[5.720s] DEBUG:colcon.colcon_core.event_reactor:joining thread
[5.733s] INFO:colcon.colcon_core.plugin_system:Skipping extension 'colcon_notification.desktop_notification.terminal_notifier': Not used on non-Darwin systems
[5.733s] INFO:colcon.colcon_core.plugin_system:Skipping extension 'colcon_notification.desktop_notification.win32': Not used on non-Windows systems
[5.734s] INFO:colcon.colcon_notification.desktop_notification:Sending desktop notification using 'notify2'
[5.767s] DEBUG:colcon.colcon_core.event_reactor:joined thread
[5.767s] INFO:colcon.colcon_core.shell:Creating prefix script '/home/lh/planning_with_ROS2_course/install/local_setup.ps1'
[5.770s] INFO:colcon.colcon_core.shell:Creating prefix util module '/home/lh/planning_with_ROS2_course/install/_local_setup_util_ps1.py'
[5.773s] INFO:colcon.colcon_core.shell:Creating prefix chain script '/home/lh/planning_with_ROS2_course/install/setup.ps1'
[5.775s] INFO:colcon.colcon_core.shell:Creating prefix script '/home/lh/planning_with_ROS2_course/install/local_setup.sh'
[5.777s] INFO:colcon.colcon_core.shell:Creating prefix util module '/home/lh/planning_with_ROS2_course/install/_local_setup_util_sh.py'
[5.778s] INFO:colcon.colcon_core.shell:Creating prefix chain script '/home/lh/planning_with_ROS2_course/install/setup.sh'
[5.781s] INFO:colcon.colcon_core.shell:Creating prefix script '/home/lh/planning_with_ROS2_course/install/local_setup.bash'
[5.782s] INFO:colcon.colcon_core.shell:Creating prefix chain script '/home/lh/planning_with_ROS2_course/install/setup.bash'
[5.785s] INFO:colcon.colcon_core.shell:Creating prefix script '/home/lh/planning_with_ROS2_course/install/local_setup.zsh'
[5.787s] INFO:colcon.colcon_core.shell:Creating prefix chain script '/home/lh/planning_with_ROS2_course/install/setup.zsh'
