[0.543s] Invoking command in '/home/lh/planning_with_ROS2_course/build/planning': CMAKE_PREFIX_PATH=/home/lh/planning_with_ROS2_course/install/base_msgs:/home/lh/planning_with_ROS2_course/install/planning:/opt/ros/jazzy/opt/gz_math_vendor:/opt/ros/jazzy/opt/gz_utils_vendor:/opt/ros/jazzy/opt/gz_cmake_vendor:/home/lh/planning_with_ROS2_course/install/data_plot:/opt/ros/jazzy DEBUGINFOD_URLS=https://debuginfod.ubuntu.com /usr/bin/cmake --build /home/lh/planning_with_ROS2_course/build/planning -- -j16 -l16
[0.716s] [  5%] Built target config_reader
[0.720s] [ 14%] Built target mathlibs
[0.809s] [ 31%] Built target vehicle_info
[0.811s] [ 34%] Built target pnc_map_creator
[0.812s] [ 37%] Built target global_planner
[0.818s] [ 45%] Built target reference_line
[0.895s] [ 51%] Built target car_move_cmd
[0.896s] [ 57%] Built target obs_move_cmd
[0.898s] [ 62%] Built target decision_center
[0.903s] [ 68%] Built target pnc_map_server
[0.907s] [ 74%] Built target global_path_server
[1.004s] [ 91%] Built target local_planner
[1.093s] [100%] Built target planning_node
[1.127s] Invoked command in '/home/lh/planning_with_ROS2_course/build/planning' returned '0': CMAKE_PREFIX_PATH=/home/lh/planning_with_ROS2_course/install/base_msgs:/home/lh/planning_with_ROS2_course/install/planning:/opt/ros/jazzy/opt/gz_math_vendor:/opt/ros/jazzy/opt/gz_utils_vendor:/opt/ros/jazzy/opt/gz_cmake_vendor:/home/lh/planning_with_ROS2_course/install/data_plot:/opt/ros/jazzy DEBUGINFOD_URLS=https://debuginfod.ubuntu.com /usr/bin/cmake --build /home/lh/planning_with_ROS2_course/build/planning -- -j16 -l16
[1.132s] Invoking command in '/home/lh/planning_with_ROS2_course/build/planning': CMAKE_PREFIX_PATH=/home/lh/planning_with_ROS2_course/install/base_msgs:/home/lh/planning_with_ROS2_course/install/planning:/opt/ros/jazzy/opt/gz_math_vendor:/opt/ros/jazzy/opt/gz_utils_vendor:/opt/ros/jazzy/opt/gz_cmake_vendor:/home/lh/planning_with_ROS2_course/install/data_plot:/opt/ros/jazzy DEBUGINFOD_URLS=https://debuginfod.ubuntu.com /usr/bin/cmake --install /home/lh/planning_with_ROS2_course/build/planning
[1.155s] -- Install configuration: ""
[1.155s] -- Up-to-date: /home/lh/planning_with_ROS2_course/install/planning/lib/libconfig_reader.so
[1.156s] -- Up-to-date: /home/lh/planning_with_ROS2_course/install/planning/lib/libmathlibs.so
[1.158s] -- Up-to-date: /home/lh/planning_with_ROS2_course/install/planning/lib/libdecision_center.so
[1.159s] -- Up-to-date: /home/lh/planning_with_ROS2_course/install/planning/lib/libglobal_planner.so
[1.160s] -- Up-to-date: /home/lh/planning_with_ROS2_course/install/planning/lib/planning/global_path_server
[1.162s] -- Up-to-date: /home/lh/planning_with_ROS2_course/install/planning/lib/liblocal_planner.so
[1.163s] -- Up-to-date: /home/lh/planning_with_ROS2_course/install/planning/lib/{PLANNING_PACKAGE_NAME}/car_move_cmd
[1.164s] -- Up-to-date: /home/lh/planning_with_ROS2_course/install/planning/lib/{PLANNING_PACKAGE_NAME}/obs_move_cmd
[1.165s] -- Up-to-date: /home/lh/planning_with_ROS2_course/install/planning/lib/planning/planning_node
[1.167s] -- Up-to-date: /home/lh/planning_with_ROS2_course/install/planning/lib/libpnc_map_creator.so
[1.167s] -- Up-to-date: /home/lh/planning_with_ROS2_course/install/planning/lib/planning/libpnc_map_creator.so
[1.169s] -- Up-to-date: /home/lh/planning_with_ROS2_course/install/planning/lib/libreference_line.so
[1.171s] -- Up-to-date: /home/lh/planning_with_ROS2_course/install/planning/lib/libvehicle_info.so
[1.171s] -- Up-to-date: /home/lh/planning_with_ROS2_course/install/planning/share/planning/config
[1.171s] -- Up-to-date: /home/lh/planning_with_ROS2_course/install/planning/share/planning/config/planning_static_obs_config.yaml
[1.172s] -- Up-to-date: /home/lh/planning_with_ROS2_course/install/planning/share/planning/launch
[1.172s] -- Up-to-date: /home/lh/planning_with_ROS2_course/install/planning/share/planning/launch/planning_launch.py
[1.172s] -- Up-to-date: /home/lh/planning_with_ROS2_course/install/planning/share/planning/urdf
[1.173s] -- Up-to-date: /home/lh/planning_with_ROS2_course/install/planning/share/planning/urdf/main_car
[1.173s] -- Up-to-date: /home/lh/planning_with_ROS2_course/install/planning/share/planning/urdf/main_car/car_wheels.xacro
[1.173s] -- Up-to-date: /home/lh/planning_with_ROS2_course/install/planning/share/planning/urdf/main_car/car_base.xacro
[1.174s] -- Up-to-date: /home/lh/planning_with_ROS2_course/install/planning/share/planning/urdf/main_car/car_camera.xacro
[1.174s] -- Up-to-date: /home/lh/planning_with_ROS2_course/install/planning/share/planning/urdf/main_car/car_radar.xacro
[1.174s] -- Up-to-date: /home/lh/planning_with_ROS2_course/install/planning/share/planning/urdf/main_car/car.xacro
[1.175s] -- Up-to-date: /home/lh/planning_with_ROS2_course/install/planning/share/planning/urdf/obs_person
[1.175s] -- Up-to-date: /home/lh/planning_with_ROS2_course/install/planning/share/planning/urdf/obs_car
[1.175s] -- Up-to-date: /home/lh/planning_with_ROS2_course/install/planning/share/planning/urdf/obs_car/obs_car.xacro
[1.175s] -- Up-to-date: /home/lh/planning_with_ROS2_course/install/planning/share/planning/urdf/obs_ebike
[1.175s] -- Up-to-date: /home/lh/planning_with_ROS2_course/install/planning/share/planning/rviz
[1.175s] -- Installing: /home/lh/planning_with_ROS2_course/install/planning/share/planning/rviz/planning.rviz
[1.175s] -- Up-to-date: /home/lh/planning_with_ROS2_course/install/planning/share/ament_index/resource_index/package_run_dependencies/planning
[1.176s] -- Up-to-date: /home/lh/planning_with_ROS2_course/install/planning/share/ament_index/resource_index/parent_prefix_path/planning
[1.176s] -- Up-to-date: /home/lh/planning_with_ROS2_course/install/planning/share/planning/environment/ament_prefix_path.sh
[1.177s] -- Up-to-date: /home/lh/planning_with_ROS2_course/install/planning/share/planning/environment/ament_prefix_path.dsv
[1.177s] -- Up-to-date: /home/lh/planning_with_ROS2_course/install/planning/share/planning/environment/path.sh
[1.177s] -- Up-to-date: /home/lh/planning_with_ROS2_course/install/planning/share/planning/environment/path.dsv
[1.177s] -- Up-to-date: /home/lh/planning_with_ROS2_course/install/planning/share/planning/local_setup.bash
[1.178s] -- Up-to-date: /home/lh/planning_with_ROS2_course/install/planning/share/planning/local_setup.sh
[1.178s] -- Up-to-date: /home/lh/planning_with_ROS2_course/install/planning/share/planning/local_setup.zsh
[1.178s] -- Up-to-date: /home/lh/planning_with_ROS2_course/install/planning/share/planning/local_setup.dsv
[1.178s] -- Installing: /home/lh/planning_with_ROS2_course/install/planning/share/planning/package.dsv
[1.179s] -- Up-to-date: /home/lh/planning_with_ROS2_course/install/planning/share/ament_index/resource_index/packages/planning
[1.179s] -- Up-to-date: /home/lh/planning_with_ROS2_course/install/planning/share/planning/cmake/planningConfig.cmake
[1.179s] -- Up-to-date: /home/lh/planning_with_ROS2_course/install/planning/share/planning/cmake/planningConfig-version.cmake
[1.180s] -- Up-to-date: /home/lh/planning_with_ROS2_course/install/planning/share/planning/package.xml
[1.183s] Invoked command in '/home/lh/planning_with_ROS2_course/build/planning' returned '0': CMAKE_PREFIX_PATH=/home/lh/planning_with_ROS2_course/install/base_msgs:/home/lh/planning_with_ROS2_course/install/planning:/opt/ros/jazzy/opt/gz_math_vendor:/opt/ros/jazzy/opt/gz_utils_vendor:/opt/ros/jazzy/opt/gz_cmake_vendor:/home/lh/planning_with_ROS2_course/install/data_plot:/opt/ros/jazzy DEBUGINFOD_URLS=https://debuginfod.ubuntu.com /usr/bin/cmake --install /home/lh/planning_with_ROS2_course/build/planning
