[1.256s] Invoking command in '/home/lh/planning_with_ROS2_course/build/planning': CMAKE_PREFIX_PATH=/home/lh/planning_with_ROS2_course/install/base_msgs:/home/lh/planning_with_ROS2_course/install/planning:/opt/ros/jazzy/opt/gz_math_vendor:/opt/ros/jazzy/opt/gz_utils_vendor:/opt/ros/jazzy/opt/gz_cmake_vendor:/home/lh/planning_with_ROS2_course/install/data_plot:/opt/ros/jazzy DEBUGINFOD_URLS=https://debuginfod.ubuntu.com LD_LIBRARY_PATH=/home/lh/planning_with_ROS2_course/install/base_msgs/lib:/home/lh/planning_with_ROS2_course/install/planning/lib:/home/lh/planning_with_ROS2_course/install/planning/lib:/home/lh/planning_with_ROS2_course/install/planning/lib:/opt/ros/jazzy/opt/rviz_ogre_vendor/lib:/opt/ros/jazzy/lib/x86_64-linux-gnu:/opt/ros/jazzy/opt/gz_math_vendor/lib:/opt/ros/jazzy/opt/gz_utils_vendor/lib:/opt/ros/jazzy/opt/gz_cmake_vendor/lib:/opt/ros/jazzy/lib PYTHONPATH=/home/lh/planning_with_ROS2_course/install/base_msgs/lib/python3.12/site-packages:/home/lh/planning_with_ROS2_course/install/data_plot/lib/python3.12/site-packages:/opt/ros/jazzy/lib/python3.12/site-packages /usr/bin/cmake --build /home/lh/planning_with_ROS2_course/build/planning -- -j16 -l16
[1.814s] [  5%] Built target config_reader
[1.822s] [ 14%] Built target mathlibs
[2.074s] [ 20%] Built target global_planner
[2.103s] [ 28%] Built target vehicle_info
[2.106s] [ 37%] Built target reference_line
[2.207s] [ 40%] [32mBuilding CXX object src/pnc_map_creator/CMakeFiles/pnc_map_creator.dir/pnc_map_straight/pnc_map_creator_straight.cpp.o[0m
[2.351s] [ 45%] Built target obs_move_cmd
[2.357s] [ 62%] Built target global_path_server
[2.358s] [ 62%] Built target decision_center
[2.359s] [ 62%] Built target car_move_cmd
[2.659s] [ 80%] Built target local_planner
[2.936s] [ 88%] Built target planning_process
[7.378s] [01m[K/home/lh/planning_with_ROS2_course/src/planning/src/pnc_map_creator/pnc_map_straight/pnc_map_creator_straight.cpp:12:38:[m[K [01;31m[Kerror: [m[Kextended character ： is not valid in an identifier
[7.381s]    12 |         map_type_ = static_cast<int>([01;31m[KP[m[KNCMapType：：STRAIGHT);
[7.382s]       |                                      [01;31m[K^[m[K
[7.383s] [01m[K/home/lh/planning_with_ROS2_course/src/planning/src/pnc_map_creator/pnc_map_straight/pnc_map_creator_straight.cpp:12:38:[m[K [01;31m[Kerror: [m[Kextended character ： is not valid in an identifier
[16.788s] [01m[K/home/lh/planning_with_ROS2_course/src/planning/src/pnc_map_creator/pnc_map_straight/pnc_map_creator_straight.cpp:[m[K In constructor ‘[01m[KPlanning::PNCMapCreatorStraight::[01;32m[KPNCMapCreatorStraight[m[K()[m[K’:
[16.789s] [01m[K/home/lh/planning_with_ROS2_course/src/planning/src/pnc_map_creator/pnc_map_straight/pnc_map_creator_straight.cpp:12:38:[m[K [01;31m[Kerror: [m[K‘[01m[KPNCMapType：：STRAIGHT[m[K’ was not declared in this scope
[16.789s]    12 |         map_type_ = static_cast<int>([01;31m[KPNCMapType：：STRAIGHT[m[K);
[16.794s]       |                                      [01;31m[K^~~~~~~~~~~~~~~~~~~~~~[m[K
[19.837s] gmake[2]: *** [src/pnc_map_creator/CMakeFiles/pnc_map_creator.dir/build.make:76：src/pnc_map_creator/CMakeFiles/pnc_map_creator.dir/pnc_map_straight/pnc_map_creator_straight.cpp.o] 错误 1
[19.840s] gmake[1]: *** [CMakeFiles/Makefile2:553：src/pnc_map_creator/CMakeFiles/pnc_map_creator.dir/all] 错误 2
[19.841s] gmake: *** [Makefile:146：all] 错误 2
[19.858s] Invoked command in '/home/lh/planning_with_ROS2_course/build/planning' returned '2': CMAKE_PREFIX_PATH=/home/lh/planning_with_ROS2_course/install/base_msgs:/home/lh/planning_with_ROS2_course/install/planning:/opt/ros/jazzy/opt/gz_math_vendor:/opt/ros/jazzy/opt/gz_utils_vendor:/opt/ros/jazzy/opt/gz_cmake_vendor:/home/lh/planning_with_ROS2_course/install/data_plot:/opt/ros/jazzy DEBUGINFOD_URLS=https://debuginfod.ubuntu.com LD_LIBRARY_PATH=/home/lh/planning_with_ROS2_course/install/base_msgs/lib:/home/lh/planning_with_ROS2_course/install/planning/lib:/home/lh/planning_with_ROS2_course/install/planning/lib:/home/lh/planning_with_ROS2_course/install/planning/lib:/opt/ros/jazzy/opt/rviz_ogre_vendor/lib:/opt/ros/jazzy/lib/x86_64-linux-gnu:/opt/ros/jazzy/opt/gz_math_vendor/lib:/opt/ros/jazzy/opt/gz_utils_vendor/lib:/opt/ros/jazzy/opt/gz_cmake_vendor/lib:/opt/ros/jazzy/lib PYTHONPATH=/home/lh/planning_with_ROS2_course/install/base_msgs/lib/python3.12/site-packages:/home/lh/planning_with_ROS2_course/install/data_plot/lib/python3.12/site-packages:/opt/ros/jazzy/lib/python3.12/site-packages /usr/bin/cmake --build /home/lh/planning_with_ROS2_course/build/planning -- -j16 -l16
