[0.602s] Invoking command in '/home/lh/planning_with_ROS2_course/build/planning': CMAKE_PREFIX_PATH=/home/lh/planning_with_ROS2_course/install/base_msgs:/home/lh/planning_with_ROS2_course/install/planning:/opt/ros/jazzy/opt/gz_math_vendor:/opt/ros/jazzy/opt/gz_utils_vendor:/opt/ros/jazzy/opt/gz_cmake_vendor:/home/lh/planning_with_ROS2_course/install/data_plot:/opt/ros/jazzy DEBUGINFOD_URLS=https://debuginfod.ubuntu.com LD_LIBRARY_PATH=/home/lh/planning_with_ROS2_course/install/base_msgs/lib:/home/lh/planning_with_ROS2_course/install/planning/lib:/home/lh/planning_with_ROS2_course/install/planning/lib:/home/lh/planning_with_ROS2_course/install/planning/lib:/opt/ros/jazzy/opt/rviz_ogre_vendor/lib:/opt/ros/jazzy/lib/x86_64-linux-gnu:/opt/ros/jazzy/opt/gz_math_vendor/lib:/opt/ros/jazzy/opt/gz_utils_vendor/lib:/opt/ros/jazzy/opt/gz_cmake_vendor/lib:/opt/ros/jazzy/lib PYTHONPATH=/home/lh/planning_with_ROS2_course/install/base_msgs/lib/python3.12/site-packages:/home/lh/planning_with_ROS2_course/install/data_plot/lib/python3.12/site-packages:/opt/ros/jazzy/lib/python3.12/site-packages /usr/bin/cmake --build /home/lh/planning_with_ROS2_course/build/planning -- -j16 -l16
[0.866s] [  5%] Built target config_reader
[0.873s] [ 14%] Built target mathlibs
[0.963s] [ 22%] [32mBuilding CXX object src/pnc_map_creator/CMakeFiles/pnc_map_creator.dir/pnc_map_straight/pnc_map_creator_straight.cpp.o[0m
[0.964s] [ 22%] Built target global_planner
[0.967s] [ 25%] [32mBuilding CXX object src/pnc_map_creator/CMakeFiles/pnc_map_creator.dir/pnc_map_sturn/pnc_map_creator_sturn.cpp.o[0m
[0.977s] [ 40%] Built target reference_line
[0.978s] [ 42%] Built target vehicle_info
[1.057s] [ 48%] Built target global_path_server
[1.061s] [ 54%] Built target car_move_cmd
[1.062s] [ 62%] Built target decision_center
[1.062s] [ 65%] Built target obs_move_cmd
[1.158s] [ 82%] Built target local_planner
[1.260s] [ 91%] Built target planning_process
[15.655s] [ 94%] [32m[1mLinking CXX shared library libpnc_map_creator.so[0m
[16.418s] [ 94%] Built target pnc_map_creator
[16.541s] [ 97%] [32mBuilding CXX object src/pnc_map_creator/CMakeFiles/pnc_map_server.dir/pnc_map_server.cpp.o[0m
[22.382s] [01m[K/home/lh/planning_with_ROS2_course/src/planning/src/pnc_map_creator/pnc_map_server.cpp:[m[K In member function ‘[01m[Kvoid Planning::PNCMapServer::[01;32m[Kresponse_pnc_map_callback[m[K(std::shared_ptr<base_msgs::srv::PNCMapService_Request_<std::allocator<void> > >, std::shared_ptr<base_msgs::srv::PNCMapService_Response_<std::allocator<void> > >)[m[K’:
[22.383s] [01m[K/home/lh/planning_with_ROS2_course/src/planning/src/pnc_map_creator/pnc_map_server.cpp:29:65:[m[K [01;31m[Kerror: [m[Kno match for ‘[01m[Koperator=[m[K’ (operand types are ‘[01m[Kstd::shared_ptr<Planning::PNCMapCreatorBase>[m[K’ and ‘[01m[Kstd::shared_ptr<Planning::PNCMapCreatorSTurn>[m[K’)
[22.383s]    29 |             map_creator_ = std::make_shared<PNCMapCreatorSTurn>([01;31m[K)[m[K;
[22.383s]       |                                                                 [01;31m[K^[m[K
[22.384s] In file included from [01m[K/usr/include/c++/13/memory:80[m[K,
[22.384s]                  from [01m[K/opt/ros/jazzy/include/rclcpp/rclcpp/rclcpp.hpp:169[m[K,
[22.384s]                  from [01m[K/home/lh/planning_with_ROS2_course/src/planning/src/pnc_map_creator/pnc_map_server.h:4[m[K,
[22.384s]                  from [01m[K/home/lh/planning_with_ROS2_course/src/planning/src/pnc_map_creator/pnc_map_server.cpp:1[m[K:
[22.384s] [01m[K/usr/include/c++/13/bits/shared_ptr.h:418:9:[m[K [01;36m[Knote: [m[Kcandidate: ‘[01m[Ktemplate<class _Yp> std::shared_ptr<_Tp>::_Assignable<const std::shared_ptr<_Yp>&> std::shared_ptr<_Tp>::[01;32m[Koperator=[m[K(const std::shared_ptr<_Yp>&) [35m[K[with _Tp = Planning::PNCMapCreatorBase][m[K[m[K’
[22.385s]   418 |         [01;36m[Koperator[m[K=(const shared_ptr<_Yp>& __r) noexcept
[22.385s]       |         [01;36m[K^~~~~~~~[m[K
[22.385s] [01m[K/usr/include/c++/13/bits/shared_ptr.h:418:9:[m[K [01;36m[Knote: [m[K  template argument deduction/substitution failed:
[22.385s] /usr/include/c++/13/bits/shared_ptr.h: In substitution of ‘[01m[Ktemplate<class _Tp> template<class _Arg> using std::shared_ptr<_Tp>::_Assignable = typename std::enable_if<std::is_assignable<std::__shared_ptr<_Tp>&, _Arg>::value, std::shared_ptr<_Tp>&>::type [35m[K[with _Arg = const std::shared_ptr<Planning::PNCMapCreatorSTurn>&; _Tp = Planning::PNCMapCreatorBase][m[K[m[K’:
[22.385s] [01m[K/usr/include/c++/13/bits/shared_ptr.h:418:2:[m[K   required by substitution of ‘[01m[Ktemplate<class _Yp> std::shared_ptr<Planning::PNCMapCreatorBase>::_Assignable<const std::shared_ptr<_Tp>&> std::shared_ptr<Planning::PNCMapCreatorBase>::[01;32m[Koperator=[m[K(const std::shared_ptr<_Tp>&) [35m[K[with _Yp = Planning::PNCMapCreatorSTurn][m[K[m[K’
[22.386s] [01m[K/home/lh/planning_with_ROS2_course/src/planning/src/pnc_map_creator/pnc_map_server.cpp:29:65:[m[K   required from here
[22.386s] [01m[K/usr/include/c++/13/bits/shared_ptr.h:183:15:[m[K [01;31m[Kerror: [m[Kno type named ‘[01m[Ktype[m[K’ in ‘[01m[Kstruct std::enable_if<false, std::shared_ptr<Planning::PNCMapCreatorBase>&>[m[K’
[22.386s]   183 |         using [01;31m[K_Assignable[m[K = typename enable_if<
[22.386s]       |               [01;31m[K^~~~~~~~~~~[m[K
[22.386s] [01m[K/usr/include/c++/13/bits/shared_ptr.h:429:9:[m[K [01;36m[Knote: [m[Kcandidate: ‘[01m[Ktemplate<class _Yp> std::shared_ptr<_Tp>::_Assignable<std::auto_ptr<_Up> > std::shared_ptr<_Tp>::[01;32m[Koperator=[m[K(std::auto_ptr<_Up>&&) [35m[K[with _Tp = Planning::PNCMapCreatorBase][m[K[m[K’
[22.387s]   429 |         [01;36m[Koperator[m[K=(auto_ptr<_Yp>&& __r)
[22.387s]       |         [01;36m[K^~~~~~~~[m[K
[22.387s] [01m[K/usr/include/c++/13/bits/shared_ptr.h:429:9:[m[K [01;36m[Knote: [m[K  template argument deduction/substitution failed:
[22.387s] [01m[K/home/lh/planning_with_ROS2_course/src/planning/src/pnc_map_creator/pnc_map_server.cpp:29:65:[m[K [01;36m[Knote: [m[K  ‘[01m[Kstd::shared_ptr<Planning::PNCMapCreatorSTurn>[m[K’ is not derived from ‘[01m[Kstd::auto_ptr<_Up>[m[K’
[22.387s]    29 |             map_creator_ = std::make_shared<PNCMapCreatorSTurn>([01;36m[K)[m[K;
[22.387s]       |                                                                 [01;36m[K^[m[K
[22.387s] [01m[K/usr/include/c++/13/bits/shared_ptr.h:446:9:[m[K [01;36m[Knote: [m[Kcandidate: ‘[01m[Ktemplate<class _Yp> std::shared_ptr<_Tp>::_Assignable<std::shared_ptr<_Yp> > std::shared_ptr<_Tp>::[01;32m[Koperator=[m[K(std::shared_ptr<_Yp>&&) [35m[K[with _Tp = Planning::PNCMapCreatorBase][m[K[m[K’
[22.387s]   446 |         [01;36m[Koperator[m[K=(shared_ptr<_Yp>&& __r) noexcept
[22.387s]       |         [01;36m[K^~~~~~~~[m[K
[22.387s] [01m[K/usr/include/c++/13/bits/shared_ptr.h:446:9:[m[K [01;36m[Knote: [m[K  template argument deduction/substitution failed:
[22.388s] /usr/include/c++/13/bits/shared_ptr.h: In substitution of ‘[01m[Ktemplate<class _Tp> template<class _Arg> using std::shared_ptr<_Tp>::_Assignable = typename std::enable_if<std::is_assignable<std::__shared_ptr<_Tp>&, _Arg>::value, std::shared_ptr<_Tp>&>::type [35m[K[with _Arg = std::shared_ptr<Planning::PNCMapCreatorSTurn>; _Tp = Planning::PNCMapCreatorBase][m[K[m[K’:
[22.388s] [01m[K/usr/include/c++/13/bits/shared_ptr.h:446:2:[m[K   required by substitution of ‘[01m[Ktemplate<class _Yp> std::shared_ptr<Planning::PNCMapCreatorBase>::_Assignable<std::shared_ptr<_Tp> > std::shared_ptr<Planning::PNCMapCreatorBase>::[01;32m[Koperator=[m[K(std::shared_ptr<_Tp>&&) [35m[K[with _Yp = Planning::PNCMapCreatorSTurn][m[K[m[K’
[22.388s] [01m[K/home/lh/planning_with_ROS2_course/src/planning/src/pnc_map_creator/pnc_map_server.cpp:29:65:[m[K   required from here
[22.388s] [01m[K/usr/include/c++/13/bits/shared_ptr.h:183:15:[m[K [01;31m[Kerror: [m[Kno type named ‘[01m[Ktype[m[K’ in ‘[01m[Kstruct std::enable_if<false, std::shared_ptr<Planning::PNCMapCreatorBase>&>[m[K’
[22.388s]   183 |         using [01;31m[K_Assignable[m[K = typename enable_if<
[22.388s]       |               [01;31m[K^~~~~~~~~~~[m[K
[22.388s] [01m[K/usr/include/c++/13/bits/shared_ptr.h:454:9:[m[K [01;36m[Knote: [m[Kcandidate: ‘[01m[Ktemplate<class _Yp, class _Del> std::shared_ptr<_Tp>::_Assignable<std::unique_ptr<_Up, _Ep> > std::shared_ptr<_Tp>::[01;32m[Koperator=[m[K(std::unique_ptr<_Up, _Ep>&&) [35m[K[with _Del = _Yp; _Tp = Planning::PNCMapCreatorBase][m[K[m[K’
[22.388s]   454 |         [01;36m[Koperator[m[K=(unique_ptr<_Yp, _Del>&& __r)
[22.388s]       |         [01;36m[K^~~~~~~~[m[K
[22.388s] [01m[K/usr/include/c++/13/bits/shared_ptr.h:454:9:[m[K [01;36m[Knote: [m[K  template argument deduction/substitution failed:
[22.389s] [01m[K/home/lh/planning_with_ROS2_course/src/planning/src/pnc_map_creator/pnc_map_server.cpp:29:65:[m[K [01;36m[Knote: [m[K  ‘[01m[Kstd::shared_ptr<Planning::PNCMapCreatorSTurn>[m[K’ is not derived from ‘[01m[Kstd::unique_ptr<_Tp, _Dp>[m[K’
[22.389s]    29 |             map_creator_ = std::make_shared<PNCMapCreatorSTurn>([01;36m[K)[m[K;
[22.389s]       |                                                                 [01;36m[K^[m[K
[22.389s] [01m[K/usr/include/c++/13/bits/shared_ptr.h:414:19:[m[K [01;36m[Knote: [m[Kcandidate: ‘[01m[Kstd::shared_ptr<_Tp>& std::shared_ptr<_Tp>::[01;32m[Koperator=[m[K(const std::shared_ptr<_Tp>&) [35m[K[with _Tp = Planning::PNCMapCreatorBase][m[K[m[K’
[22.389s]   414 |       shared_ptr& [01;36m[Koperator[m[K=(const shared_ptr&) noexcept = default;
[22.389s]       |                   [01;36m[K^~~~~~~~[m[K
[22.389s] [01m[K/usr/include/c++/13/bits/shared_ptr.h:414:29:[m[K [01;36m[Knote: [m[K  no known conversion for argument 1 from ‘[01m[Kstd::shared_ptr<Planning::PNCMapCreatorSTurn>[m[K’ to ‘[01m[Kconst std::shared_ptr<Planning::PNCMapCreatorBase>&[m[K’
[22.389s]   414 |       shared_ptr& operator=([01;36m[Kconst shared_ptr&[m[K) noexcept = default;
[22.389s]       |                             [01;36m[K^~~~~~~~~~~~~~~~~[m[K
[22.389s] [01m[K/usr/include/c++/13/bits/shared_ptr.h:438:7:[m[K [01;36m[Knote: [m[Kcandidate: ‘[01m[Kstd::shared_ptr<_Tp>& std::shared_ptr<_Tp>::[01;32m[Koperator=[m[K(std::shared_ptr<_Tp>&&) [35m[K[with _Tp = Planning::PNCMapCreatorBase][m[K[m[K’
[22.390s]   438 |       [01;36m[Koperator[m[K=(shared_ptr&& __r) noexcept
[22.390s]       |       [01;36m[K^~~~~~~~[m[K
[22.390s] [01m[K/usr/include/c++/13/bits/shared_ptr.h:438:30:[m[K [01;36m[Knote: [m[K  no known conversion for argument 1 from ‘[01m[Kstd::shared_ptr<Planning::PNCMapCreatorSTurn>[m[K’ to ‘[01m[Kstd::shared_ptr<Planning::PNCMapCreatorBase>&&[m[K’
[22.390s]   438 |       operator=([01;36m[Kshared_ptr&& __r[m[K) noexcept
[22.390s]       |                 [01;36m[K~~~~~~~~~~~~~^~~[m[K
[22.390s] [01m[K/home/lh/planning_with_ROS2_course/src/planning/src/pnc_map_creator/pnc_map_server.cpp:21:97:[m[K [01;35m[Kwarning: [m[Kunused parameter ‘[01m[Kresponce[m[K’ [[01;35m[K]8;;https://gcc.gnu.org/onlinedocs/gcc/Warning-Options.html#index-Wunused-parameter-Wunused-parameter]8;;[m[K]
[22.390s]    21 |                                                  [01;35m[Kconst std::shared_ptr<PNCMapService::Response> responce[m[K)
[22.390s]       |                                                  [01;35m[K~~~~~~~~~~~~~~~~~~~~~~~~~~~~~~~~~~~~~~~~~~~~~~~^~~~~~~~[m[K
[26.120s] gmake[2]: *** [src/pnc_map_creator/CMakeFiles/pnc_map_server.dir/build.make:76：src/pnc_map_creator/CMakeFiles/pnc_map_server.dir/pnc_map_server.cpp.o] 错误 1
[26.121s] gmake[1]: *** [CMakeFiles/Makefile2:580：src/pnc_map_creator/CMakeFiles/pnc_map_server.dir/all] 错误 2
[26.122s] gmake: *** [Makefile:146：all] 错误 2
[26.129s] Invoked command in '/home/lh/planning_with_ROS2_course/build/planning' returned '2': CMAKE_PREFIX_PATH=/home/lh/planning_with_ROS2_course/install/base_msgs:/home/lh/planning_with_ROS2_course/install/planning:/opt/ros/jazzy/opt/gz_math_vendor:/opt/ros/jazzy/opt/gz_utils_vendor:/opt/ros/jazzy/opt/gz_cmake_vendor:/home/lh/planning_with_ROS2_course/install/data_plot:/opt/ros/jazzy DEBUGINFOD_URLS=https://debuginfod.ubuntu.com LD_LIBRARY_PATH=/home/lh/planning_with_ROS2_course/install/base_msgs/lib:/home/lh/planning_with_ROS2_course/install/planning/lib:/home/lh/planning_with_ROS2_course/install/planning/lib:/home/lh/planning_with_ROS2_course/install/planning/lib:/opt/ros/jazzy/opt/rviz_ogre_vendor/lib:/opt/ros/jazzy/lib/x86_64-linux-gnu:/opt/ros/jazzy/opt/gz_math_vendor/lib:/opt/ros/jazzy/opt/gz_utils_vendor/lib:/opt/ros/jazzy/opt/gz_cmake_vendor/lib:/opt/ros/jazzy/lib PYTHONPATH=/home/lh/planning_with_ROS2_course/install/base_msgs/lib/python3.12/site-packages:/home/lh/planning_with_ROS2_course/install/data_plot/lib/python3.12/site-packages:/opt/ros/jazzy/lib/python3.12/site-packages /usr/bin/cmake --build /home/lh/planning_with_ROS2_course/build/planning -- -j16 -l16
