[0.577s] Invoking command in '/home/lh/planning_with_ROS2_course/build/planning': CMAKE_PREFIX_PATH=/home/lh/planning_with_ROS2_course/install/base_msgs:/home/lh/planning_with_ROS2_course/install/planning:/opt/ros/jazzy/opt/gz_math_vendor:/opt/ros/jazzy/opt/gz_utils_vendor:/opt/ros/jazzy/opt/gz_cmake_vendor:/home/lh/planning_with_ROS2_course/install/data_plot:/opt/ros/jazzy DEBUGINFOD_URLS=https://debuginfod.ubuntu.com LD_LIBRARY_PATH=/home/lh/planning_with_ROS2_course/install/base_msgs/lib:/home/lh/planning_with_ROS2_course/install/planning/lib:/home/lh/planning_with_ROS2_course/install/planning/lib:/home/lh/planning_with_ROS2_course/install/planning/lib:/opt/ros/jazzy/opt/rviz_ogre_vendor/lib:/opt/ros/jazzy/lib/x86_64-linux-gnu:/opt/ros/jazzy/opt/gz_math_vendor/lib:/opt/ros/jazzy/opt/gz_utils_vendor/lib:/opt/ros/jazzy/opt/gz_cmake_vendor/lib:/opt/ros/jazzy/lib PYTHONPATH=/home/lh/planning_with_ROS2_course/install/base_msgs/lib/python3.12/site-packages:/home/lh/planning_with_ROS2_course/install/data_plot/lib/python3.12/site-packages:/opt/ros/jazzy/lib/python3.12/site-packages /usr/bin/cmake --build /home/lh/planning_with_ROS2_course/build/planning -- -j16 -l16
[0.774s] [  8%] Built target mathlibs
[0.777s] [ 14%] Built target config_reader
[0.865s] [ 28%] Built target vehicle_info
[0.865s] [ 28%] Built target global_planner
[0.881s] [ 37%] Built target reference_line
[0.900s] [ 40%] [32mBuilding CXX object src/pnc_map_creator/CMakeFiles/pnc_map_creator.dir/pnc_map_sturn/pnc_map_creator_sturn.cpp.o[0m
[0.953s] [ 45%] Built target car_move_cmd
[0.957s] [ 51%] Built target decision_center
[0.965s] [ 57%] Built target obs_move_cmd
[0.976s] [ 62%] Built target global_path_server
[1.062s] [ 80%] Built target local_planner
[1.161s] [ 88%] Built target planning_process
[10.427s] [ 91%] [32m[1mLinking CXX shared library libpnc_map_creator.so[0m
[10.821s] [ 94%] Built target pnc_map_creator
[10.905s] [ 97%] [32m[1mLinking CXX executable pnc_map_server[0m
[11.550s] [100%] Built target pnc_map_server
[11.585s] Invoked command in '/home/lh/planning_with_ROS2_course/build/planning' returned '0': CMAKE_PREFIX_PATH=/home/lh/planning_with_ROS2_course/install/base_msgs:/home/lh/planning_with_ROS2_course/install/planning:/opt/ros/jazzy/opt/gz_math_vendor:/opt/ros/jazzy/opt/gz_utils_vendor:/opt/ros/jazzy/opt/gz_cmake_vendor:/home/lh/planning_with_ROS2_course/install/data_plot:/opt/ros/jazzy DEBUGINFOD_URLS=https://debuginfod.ubuntu.com LD_LIBRARY_PATH=/home/lh/planning_with_ROS2_course/install/base_msgs/lib:/home/lh/planning_with_ROS2_course/install/planning/lib:/home/lh/planning_with_ROS2_course/install/planning/lib:/home/lh/planning_with_ROS2_course/install/planning/lib:/opt/ros/jazzy/opt/rviz_ogre_vendor/lib:/opt/ros/jazzy/lib/x86_64-linux-gnu:/opt/ros/jazzy/opt/gz_math_vendor/lib:/opt/ros/jazzy/opt/gz_utils_vendor/lib:/opt/ros/jazzy/opt/gz_cmake_vendor/lib:/opt/ros/jazzy/lib PYTHONPATH=/home/lh/planning_with_ROS2_course/install/base_msgs/lib/python3.12/site-packages:/home/lh/planning_with_ROS2_course/install/data_plot/lib/python3.12/site-packages:/opt/ros/jazzy/lib/python3.12/site-packages /usr/bin/cmake --build /home/lh/planning_with_ROS2_course/build/planning -- -j16 -l16
[11.589s] Invoking command in '/home/lh/planning_with_ROS2_course/build/planning': CMAKE_PREFIX_PATH=/home/lh/planning_with_ROS2_course/install/base_msgs:/home/lh/planning_with_ROS2_course/install/planning:/opt/ros/jazzy/opt/gz_math_vendor:/opt/ros/jazzy/opt/gz_utils_vendor:/opt/ros/jazzy/opt/gz_cmake_vendor:/home/lh/planning_with_ROS2_course/install/data_plot:/opt/ros/jazzy DEBUGINFOD_URLS=https://debuginfod.ubuntu.com LD_LIBRARY_PATH=/home/lh/planning_with_ROS2_course/install/base_msgs/lib:/home/lh/planning_with_ROS2_course/install/planning/lib:/home/lh/planning_with_ROS2_course/install/planning/lib:/home/lh/planning_with_ROS2_course/install/planning/lib:/opt/ros/jazzy/opt/rviz_ogre_vendor/lib:/opt/ros/jazzy/lib/x86_64-linux-gnu:/opt/ros/jazzy/opt/gz_math_vendor/lib:/opt/ros/jazzy/opt/gz_utils_vendor/lib:/opt/ros/jazzy/opt/gz_cmake_vendor/lib:/opt/ros/jazzy/lib PYTHONPATH=/home/lh/planning_with_ROS2_course/install/base_msgs/lib/python3.12/site-packages:/home/lh/planning_with_ROS2_course/install/data_plot/lib/python3.12/site-packages:/opt/ros/jazzy/lib/python3.12/site-packages /usr/bin/cmake --install /home/lh/planning_with_ROS2_course/build/planning
[11.611s] -- Install configuration: ""
[11.612s] -- Up-to-date: /home/lh/planning_with_ROS2_course/install/planning/lib/libconfig_reader.so
[11.613s] -- Up-to-date: /home/lh/planning_with_ROS2_course/install/planning/lib/libmathlibs.so
[11.614s] -- Up-to-date: /home/lh/planning_with_ROS2_course/install/planning/lib/libdecision_center.so
[11.615s] -- Up-to-date: /home/lh/planning_with_ROS2_course/install/planning/lib/libglobal_planner.so
[11.616s] -- Up-to-date: /home/lh/planning_with_ROS2_course/install/planning/lib/planning/global_path_server
[11.617s] -- Up-to-date: /home/lh/planning_with_ROS2_course/install/planning/lib/liblocal_planner.so
[11.618s] -- Up-to-date: /home/lh/planning_with_ROS2_course/install/planning/lib/planning/car_move_cmd
[11.620s] -- Up-to-date: /home/lh/planning_with_ROS2_course/install/planning/lib/planning/obs_move_cmd
[11.623s] -- Up-to-date: /home/lh/planning_with_ROS2_course/install/planning/lib/planning/planning_process
[11.624s] -- Installing: /home/lh/planning_with_ROS2_course/install/planning/lib/libpnc_map_creator.so
[11.632s] -- Set non-toolchain portion of runtime path of "/home/lh/planning_with_ROS2_course/install/planning/lib/libpnc_map_creator.so" to ""
[11.632s] -- Installing: /home/lh/planning_with_ROS2_course/install/planning/lib/planning/pnc_map_server
[11.640s] -- Set non-toolchain portion of runtime path of "/home/lh/planning_with_ROS2_course/install/planning/lib/planning/pnc_map_server" to ""
[11.640s] -- Up-to-date: /home/lh/planning_with_ROS2_course/install/planning/lib/libreference_line.so
[11.642s] -- Up-to-date: /home/lh/planning_with_ROS2_course/install/planning/lib/libvehicle_info.so
[11.646s] -- Up-to-date: /home/lh/planning_with_ROS2_course/install/planning/share/planning/config
[11.646s] -- Up-to-date: /home/lh/planning_with_ROS2_course/install/planning/share/planning/config/planning_static_obs_config.yaml
[11.646s] -- Up-to-date: /home/lh/planning_with_ROS2_course/install/planning/share/planning/launch
[11.646s] -- Up-to-date: /home/lh/planning_with_ROS2_course/install/planning/share/planning/launch/planning_launch.py
[11.647s] -- Up-to-date: /home/lh/planning_with_ROS2_course/install/planning/share/planning/urdf
[11.647s] -- Up-to-date: /home/lh/planning_with_ROS2_course/install/planning/share/planning/urdf/main_car
[11.647s] -- Up-to-date: /home/lh/planning_with_ROS2_course/install/planning/share/planning/urdf/main_car/car_wheels.xacro
[11.647s] -- Up-to-date: /home/lh/planning_with_ROS2_course/install/planning/share/planning/urdf/main_car/car_base.xacro
[11.648s] -- Up-to-date: /home/lh/planning_with_ROS2_course/install/planning/share/planning/urdf/main_car/car_camera.xacro
[11.648s] -- Up-to-date: /home/lh/planning_with_ROS2_course/install/planning/share/planning/urdf/main_car/car_radar.xacro
[11.648s] -- Up-to-date: /home/lh/planning_with_ROS2_course/install/planning/share/planning/urdf/main_car/car.xacro
[11.648s] -- Up-to-date: /home/lh/planning_with_ROS2_course/install/planning/share/planning/urdf/obs_person
[11.648s] -- Up-to-date: /home/lh/planning_with_ROS2_course/install/planning/share/planning/urdf/obs_person/obs_person.xacro
[11.648s] -- Up-to-date: /home/lh/planning_with_ROS2_course/install/planning/share/planning/urdf/obs_car
[11.649s] -- Up-to-date: /home/lh/planning_with_ROS2_course/install/planning/share/planning/urdf/obs_car/obs_car.xacro
[11.649s] -- Up-to-date: /home/lh/planning_with_ROS2_course/install/planning/share/planning/urdf/obs_ebike
[11.649s] -- Up-to-date: /home/lh/planning_with_ROS2_course/install/planning/share/planning/urdf/obs_ebike/obs_ebike.xacro
[11.649s] -- Up-to-date: /home/lh/planning_with_ROS2_course/install/planning/share/planning/rviz
[11.649s] -- Up-to-date: /home/lh/planning_with_ROS2_course/install/planning/share/planning/rviz/planning.rviz
[11.650s] -- Up-to-date: /home/lh/planning_with_ROS2_course/install/planning/share/ament_index/resource_index/package_run_dependencies/planning
[11.650s] -- Up-to-date: /home/lh/planning_with_ROS2_course/install/planning/share/ament_index/resource_index/parent_prefix_path/planning
[11.650s] -- Up-to-date: /home/lh/planning_with_ROS2_course/install/planning/share/planning/environment/ament_prefix_path.sh
[11.650s] -- Up-to-date: /home/lh/planning_with_ROS2_course/install/planning/share/planning/environment/ament_prefix_path.dsv
[11.650s] -- Up-to-date: /home/lh/planning_with_ROS2_course/install/planning/share/planning/environment/path.sh
[11.651s] -- Up-to-date: /home/lh/planning_with_ROS2_course/install/planning/share/planning/environment/path.dsv
[11.651s] -- Up-to-date: /home/lh/planning_with_ROS2_course/install/planning/share/planning/local_setup.bash
[11.651s] -- Up-to-date: /home/lh/planning_with_ROS2_course/install/planning/share/planning/local_setup.sh
[11.652s] -- Up-to-date: /home/lh/planning_with_ROS2_course/install/planning/share/planning/local_setup.zsh
[11.652s] -- Up-to-date: /home/lh/planning_with_ROS2_course/install/planning/share/planning/local_setup.dsv
[11.652s] -- Installing: /home/lh/planning_with_ROS2_course/install/planning/share/planning/package.dsv
[11.653s] -- Up-to-date: /home/lh/planning_with_ROS2_course/install/planning/share/ament_index/resource_index/packages/planning
[11.653s] -- Up-to-date: /home/lh/planning_with_ROS2_course/install/planning/share/planning/cmake/planningConfig.cmake
[11.653s] -- Up-to-date: /home/lh/planning_with_ROS2_course/install/planning/share/planning/cmake/planningConfig-version.cmake
[11.653s] -- Up-to-date: /home/lh/planning_with_ROS2_course/install/planning/share/planning/package.xml
[11.657s] Invoked command in '/home/lh/planning_with_ROS2_course/build/planning' returned '0': CMAKE_PREFIX_PATH=/home/lh/planning_with_ROS2_course/install/base_msgs:/home/lh/planning_with_ROS2_course/install/planning:/opt/ros/jazzy/opt/gz_math_vendor:/opt/ros/jazzy/opt/gz_utils_vendor:/opt/ros/jazzy/opt/gz_cmake_vendor:/home/lh/planning_with_ROS2_course/install/data_plot:/opt/ros/jazzy DEBUGINFOD_URLS=https://debuginfod.ubuntu.com LD_LIBRARY_PATH=/home/lh/planning_with_ROS2_course/install/base_msgs/lib:/home/lh/planning_with_ROS2_course/install/planning/lib:/home/lh/planning_with_ROS2_course/install/planning/lib:/home/lh/planning_with_ROS2_course/install/planning/lib:/opt/ros/jazzy/opt/rviz_ogre_vendor/lib:/opt/ros/jazzy/lib/x86_64-linux-gnu:/opt/ros/jazzy/opt/gz_math_vendor/lib:/opt/ros/jazzy/opt/gz_utils_vendor/lib:/opt/ros/jazzy/opt/gz_cmake_vendor/lib:/opt/ros/jazzy/lib PYTHONPATH=/home/lh/planning_with_ROS2_course/install/base_msgs/lib/python3.12/site-packages:/home/lh/planning_with_ROS2_course/install/data_plot/lib/python3.12/site-packages:/opt/ros/jazzy/lib/python3.12/site-packages /usr/bin/cmake --install /home/lh/planning_with_ROS2_course/build/planning
