[0.000000] (-) TimerEvent: {}
[0.000140] (-) JobUnselected: {'identifier': 'base_msgs'}
[0.000204] (-) JobUnselected: {'identifier': 'data_plot'}
[0.000410] (planning) JobQueued: {'identifier': 'planning', 'dependencies': OrderedDict({'base_msgs': '/home/lh/planning_with_ROS2_course/install/base_msgs'})}
[0.000542] (planning) JobStarted: {'identifier': 'planning'}
[0.025215] (planning) JobProgress: {'identifier': 'planning', 'progress': 'cmake'}
[0.027884] (planning) JobProgress: {'identifier': 'planning', 'progress': 'build'}
[0.028015] (planning) Command: {'cmd': ['/usr/bin/cmake', '--build', '/home/lh/planning_with_ROS2_course/build/planning', '--', '-j16', '-l16'], 'cwd': '/home/lh/planning_with_ROS2_course/build/planning', 'env': OrderedDict({'GJS_DEBUG_TOPICS': 'JS ERROR;JS LOG', 'LESSOPEN': '| /usr/bin/lesspipe %s', 'VSCODE_CWD': '/home/lh', 'VSCODE_ESM_ENTRYPOINT': 'vs/workbench/api/node/extensionHostProcess', 'HTTP_NO_PROXY_URL': '', 'USER': 'lh', 'VSCODE_NLS_CONFIG': '{"userLocale":"zh-cn","osLocale":"zh-cn","resolvedLanguage":"zh-cn","defaultMessagesFile":"/usr/share/code/resources/app/out/nls.messages.json","languagePack":{"translationsConfigFile":"/home/lh/.config/Code/clp/9077cb58138b5debca36bba287b51ad9.zh-cn/tcf.json","messagesFile":"/home/lh/.config/Code/clp/9077cb58138b5debca36bba287b51ad9.zh-cn/61b3d0ab13be7dda2389f1d3e60a119c7f660cc3/nls.messages.json","corruptMarkerFile":"/home/lh/.config/Code/clp/9077cb58138b5debca36bba287b51ad9.zh-cn/corrupted.info"},"locale":"zh-cn","availableLanguages":{"*":"zh-cn"},"_languagePackId":"9077cb58138b5debca36bba287b51ad9.zh-cn","_languagePackSupport":true,"_translationsConfigFile":"/home/lh/.config/Code/clp/9077cb58138b5debca36bba287b51ad9.zh-cn/tcf.json","_cacheRoot":"/home/lh/.config/Code/clp/9077cb58138b5debca36bba287b51ad9.zh-cn","_resolvedLanguagePackCoreLocation":"/home/lh/.config/Code/clp/9077cb58138b5debca36bba287b51ad9.zh-cn/61b3d0ab13be7dda2389f1d3e60a119c7f660cc3","_corruptedFile":"/home/lh/.config/Code/clp/9077cb58138b5debca36bba287b51ad9.zh-cn/corrupted.info"}', 'VSCODE_HANDLES_UNCAUGHT_ERRORS': 'true', 'XDG_SESSION_TYPE': 'wayland', 'COMATE_ENGINE_DEBUG': 'false', 'XLINGS_BIN': '/home/xlings/.xlings_data/bin', 'CLUTTER_DISABLE_MIPMAPPED_TEXT': '1', 'SHLVL': '1', 'LD_LIBRARY_PATH': '/home/lh/planning_with_ROS2_course/install/base_msgs/lib:/home/lh/planning_with_ROS2_course/install/planning/lib:/home/lh/planning_with_ROS2_course/install/planning/lib:/opt/ros/jazzy/opt/rviz_ogre_vendor/lib:/opt/ros/jazzy/lib/x86_64-linux-gnu:/opt/ros/jazzy/opt/gz_math_vendor/lib:/opt/ros/jazzy/opt/gz_utils_vendor/lib:/opt/ros/jazzy/opt/gz_cmake_vendor/lib:/opt/ros/jazzy/lib', 'HOME': '/home/lh', 'CHROME_DESKTOP': 'code.desktop', 'DESKTOP_SESSION': 'ubuntu', 'XLINGS_HOME': '/home/xlings', 'VSCODE_IPC_HOOK': '/run/user/1000/vscode-67f68318-1.11-main.sock', 'GIO_LAUNCHED_DESKTOP_FILE': '/usr/share/applications/code.desktop', 'ROS_PYTHON_VERSION': '3', 'GNOME_SHELL_SESSION_MODE': 'ubuntu', 'GTK_MODULES': 'gail:atk-bridge', 'MANAGERPID': '4571', 'SYSTEMD_EXEC_PID': '4835', 'IM_CONFIG_CHECK_ENV': '1', 'GSM_SKIP_SSH_AGENT_WORKAROUND': 'true', 'DBUS_SESSION_BUS_ADDRESS': 'unix:path=/run/user/1000/bus', 'GIO_LAUNCHED_DESKTOP_FILE_PID': '1109250', 'IDE': 'vscode', 'HTTP_HOST': '', 'COMATE_VERSION': '4.3.1', 'VSCODE_CRASH_REPORTER_PROCESS_TYPE': 'extensionHost', 'DEBUGINFOD_URLS': 'https://debuginfod.ubuntu.com', 'IM_CONFIG_PHASE': '1', 'WAYLAND_DISPLAY': 'wayland-0', 'VSCODE_L10N_BUNDLE_LOCATION': 'file:///home/lh/.vscode/extensions/ms-ceintl.vscode-language-pack-zh-hans-1.110.2026041413/translations/extensions/vscode.json-language-features.i18n.json', 'COLCON_PREFIX_PATH': '/home/lh/planning_with_ROS2_course/install', 'ROS_DISTRO': 'jazzy', 'LOGNAME': 'lh', '_': '/usr/bin/colcon', 'JOURNAL_STREAM': '9:35665', 'ROS_VERSION': '2', 'XVM_WORKSPACE_NAME': 'global', 'MEMORY_PRESSURE_WATCH': '/sys/fs/cgroup/user.slice/user-1000.slice/user@1000.service/session.slice/org.gnome.Shell@wayland.service/memory.pressure', 'XDG_SESSION_CLASS': 'user', 'USERNAME': 'lh', 'GNOME_DESKTOP_SESSION_ID': 'this-is-deprecated', 'ROS2_PLANNING_COURSE_INSTALL': '/home/lh/planning_with_ROS2_course/install', 'FC_FONTATIONS': '1', 'COMATE_ENGINE_APP_NAME': 'VS Code', 'PATH': '/home/lh/.icode/bin:/home/xlings/.xlings_data/bin:/opt/ros/jazzy/bin:/usr/local/sbin:/usr/local/bin:/usr/sbin:/usr/bin:/sbin:/bin:/usr/games:/usr/local/games:/snap/bin:/snap/bin', 'SESSION_MANAGER': 'local/lh-VMware-Virtual-Platform:@/tmp/.ICE-unix/4785,unix/lh-VMware-Virtual-Platform:/tmp/.ICE-unix/4785', 'PLATFORM': 'saas', 'INVOCATION_ID': 'da1d60e6dc2147389b8c4b75713dd40b', 'XDG_MENU_PREFIX': 'gnome-', 'GNOME_SETUP_DISPLAY': ':1', 'RIPGREP_BIN_PATH': '/usr/share/code/resources/app/node_modules/@vscode/ripgrep/bin/rg', 'XDG_RUNTIME_DIR': '/run/user/1000', 'HTTP_PROXY_URL': '', 'GDK_BACKEND': 'wayland', 'DISPLAY': ':0', 'LANG': 'zh_CN.UTF-8', 'XDG_CURRENT_DESKTOP': 'ubuntu:GNOME', 'COMATE_ENGINE_PLATFORM': 'baidu-saas', 'XMODIFIERS': '@im=ibus', 'XDG_SESSION_DESKTOP': 'ubuntu', 'XAUTHORITY': '/run/user/1000/.mutter-Xwaylandauth.TUO4N3', 'SSH_AUTH_SOCK': '/run/user/1000/keyring/ssh', 'AMENT_PREFIX_PATH': '/home/lh/planning_with_ROS2_course/install/planning:/home/lh/planning_with_ROS2_course/install/data_plot:/home/lh/planning_with_ROS2_course/install/base_msgs:/opt/ros/jazzy', 'SHELL': '/bin/bash', 'QT_ACCESSIBILITY': '1', 'ELECTRON_RUN_AS_NODE': '1', 'GDMSESSION': 'ubuntu', 'LESSCLOSE': '/usr/bin/lesspipe %s %s', 'GJS_DEBUG_OUTPUT': 'stderr', 'XLINGS_DATA': '/home/xlings/.xlings_data', 'ROS_AUTOMATIC_DISCOVERY_RANGE': 'SUBNET', 'QT_IM_MODULE': 'ibus', 'PWD': '/home/lh/planning_with_ROS2_course/build/planning', 'XDG_CONFIG_DIRS': '/etc/xdg/xdg-ubuntu:/etc/xdg', 'VSCODE_CODE_CACHE_PATH': '/home/lh/.config/Code/CachedData/61b3d0ab13be7dda2389f1d3e60a119c7f660cc3', 'XDG_DATA_DIRS': '/usr/share/ubuntu:/usr/share/gnome:/usr/local/share/:/usr/share/:/var/lib/snapd/desktop', 'DISPLAY_LANGUAGE': 'zh', 'PYTHONPATH': '/home/lh/planning_with_ROS2_course/install/base_msgs/lib/python3.12/site-packages:/home/lh/planning_with_ROS2_course/install/data_plot/lib/python3.12/site-packages:/opt/ros/jazzy/lib/python3.12/site-packages', 'COLCON': '1', 'MEMORY_PRESSURE_WRITE': 'c29tZSAyMDAwMDAgMjAwMDAwMAA=', 'CMAKE_PREFIX_PATH': '/home/lh/planning_with_ROS2_course/install/base_msgs:/home/lh/planning_with_ROS2_course/install/planning:/opt/ros/jazzy/opt/gz_math_vendor:/opt/ros/jazzy/opt/gz_utils_vendor:/opt/ros/jazzy/opt/gz_cmake_vendor:/home/lh/planning_with_ROS2_course/install/data_plot:/opt/ros/jazzy', 'VSCODE_PID': '1109250'}), 'shell': False}
[0.098422] (-) TimerEvent: {}
[0.178953] (planning) StdoutLine: {'line': b'[  5%] Built target config_reader\n'}
[0.184163] (planning) StdoutLine: {'line': b'[ 14%] Built target mathlibs\n'}
[0.198591] (-) TimerEvent: {}
[0.249481] (planning) StdoutLine: {'line': b'[ 20%] Built target global_planner\n'}
[0.253331] (planning) StdoutLine: {'line': b'[ 28%] Built target vehicle_info\n'}
[0.259686] (planning) StdoutLine: {'line': b'[ 37%] Built target reference_line\n'}
[0.271563] (planning) StdoutLine: {'line': b'[ 45%] Built target pnc_map_creator\n'}
[0.299995] (-) TimerEvent: {}
[0.317923] (planning) StdoutLine: {'line': b'[ 57%] Built target global_path_server\n'}
[0.318346] (planning) StdoutLine: {'line': b'[ 57%] Built target car_move_cmd\n'}
[0.318470] (planning) StdoutLine: {'line': b'[ 62%] Built target decision_center\n'}
[0.321485] (planning) StdoutLine: {'line': b'[ 68%] Built target obs_move_cmd\n'}
[0.344229] (planning) StdoutLine: {'line': b'[ 74%] Built target pnc_map_server\n'}
[0.400388] (planning) StdoutLine: {'line': b'[ 91%] Built target local_planner\n'}
[0.400773] (-) TimerEvent: {}
[0.480577] (planning) StdoutLine: {'line': b'[100%] Built target planning_process\n'}
[0.501236] (-) TimerEvent: {}
[0.511808] (planning) CommandEnded: {'returncode': 0}
[0.512735] (planning) JobProgress: {'identifier': 'planning', 'progress': 'install'}
[0.534175] (planning) Command: {'cmd': ['/usr/bin/cmake', '--install', '/home/lh/planning_with_ROS2_course/build/planning'], 'cwd': '/home/lh/planning_with_ROS2_course/build/planning', 'env': OrderedDict({'GJS_DEBUG_TOPICS': 'JS ERROR;JS LOG', 'LESSOPEN': '| /usr/bin/lesspipe %s', 'VSCODE_CWD': '/home/lh', 'VSCODE_ESM_ENTRYPOINT': 'vs/workbench/api/node/extensionHostProcess', 'HTTP_NO_PROXY_URL': '', 'USER': 'lh', 'VSCODE_NLS_CONFIG': '{"userLocale":"zh-cn","osLocale":"zh-cn","resolvedLanguage":"zh-cn","defaultMessagesFile":"/usr/share/code/resources/app/out/nls.messages.json","languagePack":{"translationsConfigFile":"/home/lh/.config/Code/clp/9077cb58138b5debca36bba287b51ad9.zh-cn/tcf.json","messagesFile":"/home/lh/.config/Code/clp/9077cb58138b5debca36bba287b51ad9.zh-cn/61b3d0ab13be7dda2389f1d3e60a119c7f660cc3/nls.messages.json","corruptMarkerFile":"/home/lh/.config/Code/clp/9077cb58138b5debca36bba287b51ad9.zh-cn/corrupted.info"},"locale":"zh-cn","availableLanguages":{"*":"zh-cn"},"_languagePackId":"9077cb58138b5debca36bba287b51ad9.zh-cn","_languagePackSupport":true,"_translationsConfigFile":"/home/lh/.config/Code/clp/9077cb58138b5debca36bba287b51ad9.zh-cn/tcf.json","_cacheRoot":"/home/lh/.config/Code/clp/9077cb58138b5debca36bba287b51ad9.zh-cn","_resolvedLanguagePackCoreLocation":"/home/lh/.config/Code/clp/9077cb58138b5debca36bba287b51ad9.zh-cn/61b3d0ab13be7dda2389f1d3e60a119c7f660cc3","_corruptedFile":"/home/lh/.config/Code/clp/9077cb58138b5debca36bba287b51ad9.zh-cn/corrupted.info"}', 'VSCODE_HANDLES_UNCAUGHT_ERRORS': 'true', 'XDG_SESSION_TYPE': 'wayland', 'COMATE_ENGINE_DEBUG': 'false', 'XLINGS_BIN': '/home/xlings/.xlings_data/bin', 'CLUTTER_DISABLE_MIPMAPPED_TEXT': '1', 'SHLVL': '1', 'LD_LIBRARY_PATH': '/home/lh/planning_with_ROS2_course/install/base_msgs/lib:/home/lh/planning_with_ROS2_course/install/planning/lib:/home/lh/planning_with_ROS2_course/install/planning/lib:/opt/ros/jazzy/opt/rviz_ogre_vendor/lib:/opt/ros/jazzy/lib/x86_64-linux-gnu:/opt/ros/jazzy/opt/gz_math_vendor/lib:/opt/ros/jazzy/opt/gz_utils_vendor/lib:/opt/ros/jazzy/opt/gz_cmake_vendor/lib:/opt/ros/jazzy/lib', 'HOME': '/home/lh', 'CHROME_DESKTOP': 'code.desktop', 'DESKTOP_SESSION': 'ubuntu', 'XLINGS_HOME': '/home/xlings', 'VSCODE_IPC_HOOK': '/run/user/1000/vscode-67f68318-1.11-main.sock', 'GIO_LAUNCHED_DESKTOP_FILE': '/usr/share/applications/code.desktop', 'ROS_PYTHON_VERSION': '3', 'GNOME_SHELL_SESSION_MODE': 'ubuntu', 'GTK_MODULES': 'gail:atk-bridge', 'MANAGERPID': '4571', 'SYSTEMD_EXEC_PID': '4835', 'IM_CONFIG_CHECK_ENV': '1', 'GSM_SKIP_SSH_AGENT_WORKAROUND': 'true', 'DBUS_SESSION_BUS_ADDRESS': 'unix:path=/run/user/1000/bus', 'GIO_LAUNCHED_DESKTOP_FILE_PID': '1109250', 'IDE': 'vscode', 'HTTP_HOST': '', 'COMATE_VERSION': '4.3.1', 'VSCODE_CRASH_REPORTER_PROCESS_TYPE': 'extensionHost', 'DEBUGINFOD_URLS': 'https://debuginfod.ubuntu.com', 'IM_CONFIG_PHASE': '1', 'WAYLAND_DISPLAY': 'wayland-0', 'VSCODE_L10N_BUNDLE_LOCATION': 'file:///home/lh/.vscode/extensions/ms-ceintl.vscode-language-pack-zh-hans-1.110.2026041413/translations/extensions/vscode.json-language-features.i18n.json', 'COLCON_PREFIX_PATH': '/home/lh/planning_with_ROS2_course/install', 'ROS_DISTRO': 'jazzy', 'LOGNAME': 'lh', '_': '/usr/bin/colcon', 'JOURNAL_STREAM': '9:35665', 'ROS_VERSION': '2', 'XVM_WORKSPACE_NAME': 'global', 'MEMORY_PRESSURE_WATCH': '/sys/fs/cgroup/user.slice/user-1000.slice/user@1000.service/session.slice/org.gnome.Shell@wayland.service/memory.pressure', 'XDG_SESSION_CLASS': 'user', 'USERNAME': 'lh', 'GNOME_DESKTOP_SESSION_ID': 'this-is-deprecated', 'ROS2_PLANNING_COURSE_INSTALL': '/home/lh/planning_with_ROS2_course/install', 'FC_FONTATIONS': '1', 'COMATE_ENGINE_APP_NAME': 'VS Code', 'PATH': '/home/lh/.icode/bin:/home/xlings/.xlings_data/bin:/opt/ros/jazzy/bin:/usr/local/sbin:/usr/local/bin:/usr/sbin:/usr/bin:/sbin:/bin:/usr/games:/usr/local/games:/snap/bin:/snap/bin', 'SESSION_MANAGER': 'local/lh-VMware-Virtual-Platform:@/tmp/.ICE-unix/4785,unix/lh-VMware-Virtual-Platform:/tmp/.ICE-unix/4785', 'PLATFORM': 'saas', 'INVOCATION_ID': 'da1d60e6dc2147389b8c4b75713dd40b', 'XDG_MENU_PREFIX': 'gnome-', 'GNOME_SETUP_DISPLAY': ':1', 'RIPGREP_BIN_PATH': '/usr/share/code/resources/app/node_modules/@vscode/ripgrep/bin/rg', 'XDG_RUNTIME_DIR': '/run/user/1000', 'HTTP_PROXY_URL': '', 'GDK_BACKEND': 'wayland', 'DISPLAY': ':0', 'LANG': 'zh_CN.UTF-8', 'XDG_CURRENT_DESKTOP': 'ubuntu:GNOME', 'COMATE_ENGINE_PLATFORM': 'baidu-saas', 'XMODIFIERS': '@im=ibus', 'XDG_SESSION_DESKTOP': 'ubuntu', 'XAUTHORITY': '/run/user/1000/.mutter-Xwaylandauth.TUO4N3', 'SSH_AUTH_SOCK': '/run/user/1000/keyring/ssh', 'AMENT_PREFIX_PATH': '/home/lh/planning_with_ROS2_course/install/planning:/home/lh/planning_with_ROS2_course/install/data_plot:/home/lh/planning_with_ROS2_course/install/base_msgs:/opt/ros/jazzy', 'SHELL': '/bin/bash', 'QT_ACCESSIBILITY': '1', 'ELECTRON_RUN_AS_NODE': '1', 'GDMSESSION': 'ubuntu', 'LESSCLOSE': '/usr/bin/lesspipe %s %s', 'GJS_DEBUG_OUTPUT': 'stderr', 'XLINGS_DATA': '/home/xlings/.xlings_data', 'ROS_AUTOMATIC_DISCOVERY_RANGE': 'SUBNET', 'QT_IM_MODULE': 'ibus', 'PWD': '/home/lh/planning_with_ROS2_course/build/planning', 'XDG_CONFIG_DIRS': '/etc/xdg/xdg-ubuntu:/etc/xdg', 'VSCODE_CODE_CACHE_PATH': '/home/lh/.config/Code/CachedData/61b3d0ab13be7dda2389f1d3e60a119c7f660cc3', 'XDG_DATA_DIRS': '/usr/share/ubuntu:/usr/share/gnome:/usr/local/share/:/usr/share/:/var/lib/snapd/desktop', 'DISPLAY_LANGUAGE': 'zh', 'PYTHONPATH': '/home/lh/planning_with_ROS2_course/install/base_msgs/lib/python3.12/site-packages:/home/lh/planning_with_ROS2_course/install/data_plot/lib/python3.12/site-packages:/opt/ros/jazzy/lib/python3.12/site-packages', 'COLCON': '1', 'MEMORY_PRESSURE_WRITE': 'c29tZSAyMDAwMDAgMjAwMDAwMAA=', 'CMAKE_PREFIX_PATH': '/home/lh/planning_with_ROS2_course/install/base_msgs:/home/lh/planning_with_ROS2_course/install/planning:/opt/ros/jazzy/opt/gz_math_vendor:/opt/ros/jazzy/opt/gz_utils_vendor:/opt/ros/jazzy/opt/gz_cmake_vendor:/home/lh/planning_with_ROS2_course/install/data_plot:/opt/ros/jazzy', 'VSCODE_PID': '1109250'}), 'shell': False}
[0.552596] (planning) StdoutLine: {'line': b'-- Install configuration: ""\n'}
[0.553419] (planning) StdoutLine: {'line': b'-- Up-to-date: /home/lh/planning_with_ROS2_course/install/planning/lib/libconfig_reader.so\n'}
[0.554207] (planning) StdoutLine: {'line': b'-- Up-to-date: /home/lh/planning_with_ROS2_course/install/planning/lib/libmathlibs.so\n'}
[0.555389] (planning) StdoutLine: {'line': b'-- Up-to-date: /home/lh/planning_with_ROS2_course/install/planning/lib/libdecision_center.so\n'}
[0.556505] (planning) StdoutLine: {'line': b'-- Up-to-date: /home/lh/planning_with_ROS2_course/install/planning/lib/libglobal_planner.so\n'}
[0.557721] (planning) StdoutLine: {'line': b'-- Up-to-date: /home/lh/planning_with_ROS2_course/install/planning/lib/planning/global_path_server\n'}
[0.558618] (planning) StdoutLine: {'line': b'-- Up-to-date: /home/lh/planning_with_ROS2_course/install/planning/lib/liblocal_planner.so\n'}
[0.559855] (planning) StdoutLine: {'line': b'-- Up-to-date: /home/lh/planning_with_ROS2_course/install/planning/lib/planning/car_move_cmd\n'}
[0.560681] (planning) StdoutLine: {'line': b'-- Up-to-date: /home/lh/planning_with_ROS2_course/install/planning/lib/planning/obs_move_cmd\n'}
[0.561690] (planning) StdoutLine: {'line': b'-- Up-to-date: /home/lh/planning_with_ROS2_course/install/planning/lib/planning/planning_process\n'}
[0.562770] (planning) StdoutLine: {'line': b'-- Up-to-date: /home/lh/planning_with_ROS2_course/install/planning/lib/libpnc_map_creator.so\n'}
[0.564595] (planning) StdoutLine: {'line': b'-- Up-to-date: /home/lh/planning_with_ROS2_course/install/planning/lib/planning/pnc_map_server\n'}
[0.564799] (planning) StdoutLine: {'line': b'-- Up-to-date: /home/lh/planning_with_ROS2_course/install/planning/lib/libreference_line.so\n'}
[0.566027] (planning) StdoutLine: {'line': b'-- Up-to-date: /home/lh/planning_with_ROS2_course/install/planning/lib/libvehicle_info.so\n'}
[0.566623] (planning) StdoutLine: {'line': b'-- Up-to-date: /home/lh/planning_with_ROS2_course/install/planning/share/planning/config\n'}
[0.566827] (planning) StdoutLine: {'line': b'-- Up-to-date: /home/lh/planning_with_ROS2_course/install/planning/share/planning/config/planning_static_obs_config.yaml\n'}
[0.567521] (planning) StdoutLine: {'line': b'-- Up-to-date: /home/lh/planning_with_ROS2_course/install/planning/share/planning/launch\n'}
[0.568001] (planning) StdoutLine: {'line': b'-- Up-to-date: /home/lh/planning_with_ROS2_course/install/planning/share/planning/launch/planning_launch.py\n'}
[0.568237] (planning) StdoutLine: {'line': b'-- Up-to-date: /home/lh/planning_with_ROS2_course/install/planning/share/planning/urdf\n'}
[0.568704] (planning) StdoutLine: {'line': b'-- Up-to-date: /home/lh/planning_with_ROS2_course/install/planning/share/planning/urdf/main_car\n'}
[0.568856] (planning) StdoutLine: {'line': b'-- Up-to-date: /home/lh/planning_with_ROS2_course/install/planning/share/planning/urdf/main_car/car_wheels.xacro\n'}
[0.569147] (planning) StdoutLine: {'line': b'-- Up-to-date: /home/lh/planning_with_ROS2_course/install/planning/share/planning/urdf/main_car/car_base.xacro\n'}
[0.569350] (planning) StdoutLine: {'line': b'-- Up-to-date: /home/lh/planning_with_ROS2_course/install/planning/share/planning/urdf/main_car/car_camera.xacro\n'}
[0.569535] (planning) StdoutLine: {'line': b'-- Up-to-date: /home/lh/planning_with_ROS2_course/install/planning/share/planning/urdf/main_car/car_radar.xacro\n'}
[0.569656] (planning) StdoutLine: {'line': b'-- Up-to-date: /home/lh/planning_with_ROS2_course/install/planning/share/planning/urdf/main_car/car.xacro\n'}
[0.569781] (planning) StdoutLine: {'line': b'-- Up-to-date: /home/lh/planning_with_ROS2_course/install/planning/share/planning/urdf/obs_person\n'}
[0.569896] (planning) StdoutLine: {'line': b'-- Up-to-date: /home/lh/planning_with_ROS2_course/install/planning/share/planning/urdf/obs_person/obs_person.xacro\n'}
[0.570331] (planning) StdoutLine: {'line': b'-- Up-to-date: /home/lh/planning_with_ROS2_course/install/planning/share/planning/urdf/obs_car\n'}
[0.570474] (planning) StdoutLine: {'line': b'-- Up-to-date: /home/lh/planning_with_ROS2_course/install/planning/share/planning/urdf/obs_car/obs_car.xacro\n'}
[0.570582] (planning) StdoutLine: {'line': b'-- Up-to-date: /home/lh/planning_with_ROS2_course/install/planning/share/planning/urdf/obs_ebike\n'}
[0.570684] (planning) StdoutLine: {'line': b'-- Up-to-date: /home/lh/planning_with_ROS2_course/install/planning/share/planning/urdf/obs_ebike/obs_ebike.xacro\n'}
[0.570795] (planning) StdoutLine: {'line': b'-- Up-to-date: /home/lh/planning_with_ROS2_course/install/planning/share/planning/rviz\n'}
[0.570900] (planning) StdoutLine: {'line': b'-- Up-to-date: /home/lh/planning_with_ROS2_course/install/planning/share/planning/rviz/planning.rviz\n'}
[0.570999] (planning) StdoutLine: {'line': b'-- Up-to-date: /home/lh/planning_with_ROS2_course/install/planning/share/ament_index/resource_index/package_run_dependencies/planning\n'}
[0.571102] (planning) StdoutLine: {'line': b'-- Up-to-date: /home/lh/planning_with_ROS2_course/install/planning/share/ament_index/resource_index/parent_prefix_path/planning\n'}
[0.571411] (planning) StdoutLine: {'line': b'-- Up-to-date: /home/lh/planning_with_ROS2_course/install/planning/share/planning/environment/ament_prefix_path.sh\n'}
[0.571538] (planning) StdoutLine: {'line': b'-- Up-to-date: /home/lh/planning_with_ROS2_course/install/planning/share/planning/environment/ament_prefix_path.dsv\n'}
[0.571663] (planning) StdoutLine: {'line': b'-- Up-to-date: /home/lh/planning_with_ROS2_course/install/planning/share/planning/environment/path.sh\n'}
[0.571779] (planning) StdoutLine: {'line': b'-- Up-to-date: /home/lh/planning_with_ROS2_course/install/planning/share/planning/environment/path.dsv\n'}
[0.571938] (planning) StdoutLine: {'line': b'-- Up-to-date: /home/lh/planning_with_ROS2_course/install/planning/share/planning/local_setup.bash\n'}
[0.572070] (planning) StdoutLine: {'line': b'-- Up-to-date: /home/lh/planning_with_ROS2_course/install/planning/share/planning/local_setup.sh\n'}
[0.572184] (planning) StdoutLine: {'line': b'-- Up-to-date: /home/lh/planning_with_ROS2_course/install/planning/share/planning/local_setup.zsh\n'}
[0.572426] (planning) StdoutLine: {'line': b'-- Up-to-date: /home/lh/planning_with_ROS2_course/install/planning/share/planning/local_setup.dsv\n'}
[0.572576] (planning) StdoutLine: {'line': b'-- Installing: /home/lh/planning_with_ROS2_course/install/planning/share/planning/package.dsv\n'}
[0.572704] (planning) StdoutLine: {'line': b'-- Up-to-date: /home/lh/planning_with_ROS2_course/install/planning/share/ament_index/resource_index/packages/planning\n'}
[0.572810] (planning) StdoutLine: {'line': b'-- Up-to-date: /home/lh/planning_with_ROS2_course/install/planning/share/planning/cmake/planningConfig.cmake\n'}
[0.572921] (planning) StdoutLine: {'line': b'-- Up-to-date: /home/lh/planning_with_ROS2_course/install/planning/share/planning/cmake/planningConfig-version.cmake\n'}
[0.573031] (planning) StdoutLine: {'line': b'-- Up-to-date: /home/lh/planning_with_ROS2_course/install/planning/share/planning/package.xml\n'}
[0.574423] (planning) CommandEnded: {'returncode': 0}
[0.601657] (-) TimerEvent: {}
[0.621827] (planning) JobEnded: {'identifier': 'planning', 'rc': 0}
[0.623462] (-) EventReactorShutdown: {}
