[0.516s] Invoking command in '/home/lh/planning_with_ROS2_course/build/planning': CMAKE_PREFIX_PATH=/home/lh/planning_with_ROS2_course/install/base_msgs:/home/lh/planning_with_ROS2_course/install/planning:/opt/ros/jazzy/opt/gz_math_vendor:/opt/ros/jazzy/opt/gz_utils_vendor:/opt/ros/jazzy/opt/gz_cmake_vendor:/home/lh/planning_with_ROS2_course/install/data_plot:/opt/ros/jazzy DEBUGINFOD_URLS=https://debuginfod.ubuntu.com /usr/bin/cmake --build /home/lh/planning_with_ROS2_course/build/planning -- -j8 -l8
[0.705s] [  5%] Built target config_reader
[0.718s] [ 14%] Built target mathlibs
[0.797s] [ 20%] [32mBuilding CXX object src/pnc_map_creator/CMakeFiles/pnc_map_creator.dir/pnc_map_straight/pnc_map_creator_straight.cpp.o[0m
[0.797s] [ 22%] Built target global_planner
[0.806s] [ 25%] [32mBuilding CXX object src/pnc_map_creator/CMakeFiles/pnc_map_creator.dir/pnc_map_sturn/pnc_map_creator_sturn.cpp.o[0m
[0.808s] [ 34%] [32mBuilding CXX object src/reference_line/CMakeFiles/reference_line.dir/reference_line_creator.cpp.o[0m
[0.811s] [ 34%] [32mBuilding CXX object src/reference_line/CMakeFiles/reference_line.dir/reference_line_smoother.cpp.o[0m
[0.811s] [ 40%] Built target vehicle_info
[0.909s] [ 45%] Built target global_path_server
[0.910s] [ 51%] Built target car_move_cmd
[0.932s] [ 57%] Built target decision_center
[0.941s] [ 62%] Built target obs_move_cmd
[1.037s] [ 80%] Built target local_planner
[1.526s] In file included from [01m[K/home/lh/planning_with_ROS2_course/src/planning/src/reference_line/reference_line_creator.cpp:1[m[K:
[1.527s] [01m[K/home/lh/planning_with_ROS2_course/src/planning/src/reference_line/reference_line_creator.h:5:10:[m[K [01;35m[Kwarning: [m[Kmissing terminating " character
[1.527s]     5 | #include [01;35m[K"[m[Kconfig_reader.h
[1.528s]       |          [01;35m[K^[m[K
[1.528s] [01m[K/home/lh/planning_with_ROS2_course/src/planning/src/reference_line/reference_line_creator.h:5:10:[m[K [01;31m[Kerror: [m[K#include expects "FILENAME" or <FILENAME>
[1.529s]     5 | #include [01;31m[K"config_reader.h[m[K
[1.529s]       |          [01;31m[K^~~~~~~~~~~~~~~~[m[K
[1.529s] [01m[K/home/lh/planning_with_ROS2_course/src/planning/src/reference_line/reference_line_creator.h:7:10:[m[K [01;35m[Kwarning: [m[Kmissing terminating " character
[1.529s]     7 | #include [01;35m[K"[m[Kreference_line_smoother.h
[1.533s]       |          [01;35m[K^[m[K
[1.533s] [01m[K/home/lh/planning_with_ROS2_course/src/planning/src/reference_line/reference_line_creator.h:7:10:[m[K [01;31m[Kerror: [m[K#include expects "FILENAME" or <FILENAME>
[1.533s]     7 | #include [01;31m[K"reference_line_smoother.h[m[K
[1.533s]       |          [01;31m[K^~~~~~~~~~~~~~~~~~~~~~~~~~[m[K
[7.552s] gmake[2]: *** [src/reference_line/CMakeFiles/reference_line.dir/build.make:76：src/reference_line/CMakeFiles/reference_line.dir/reference_line_creator.cpp.o] 错误 1
[7.552s] gmake[2]: *** 正在等待未完成的任务....
[8.328s] [ 82%] [32m[1mLinking CXX shared library libpnc_map_creator.so[0m
[8.623s] [ 82%] Built target pnc_map_creator
[8.705s] [ 85%] [32mBuilding CXX object src/pnc_map_creator/CMakeFiles/pnc_map_server.dir/pnc_map_server.cpp.o[0m
[10.464s] gmake[1]: *** [CMakeFiles/Makefile2:607：src/reference_line/CMakeFiles/reference_line.dir/all] 错误 2
[10.465s] gmake[1]: *** 正在等待未完成的任务....
[15.452s] [ 88%] [32m[1mLinking CXX executable pnc_map_server[0m
[15.746s] [ 88%] Built target pnc_map_server
[15.750s] gmake: *** [Makefile:146：all] 错误 2
[15.756s] Invoked command in '/home/lh/planning_with_ROS2_course/build/planning' returned '2': CMAKE_PREFIX_PATH=/home/lh/planning_with_ROS2_course/install/base_msgs:/home/lh/planning_with_ROS2_course/install/planning:/opt/ros/jazzy/opt/gz_math_vendor:/opt/ros/jazzy/opt/gz_utils_vendor:/opt/ros/jazzy/opt/gz_cmake_vendor:/home/lh/planning_with_ROS2_course/install/data_plot:/opt/ros/jazzy DEBUGINFOD_URLS=https://debuginfod.ubuntu.com /usr/bin/cmake --build /home/lh/planning_with_ROS2_course/build/planning -- -j8 -l8
