[0.030s] Invoking command in '/home/lh/planning_with_ROS2_course/build/base_msgs': CMAKE_PREFIX_PATH=${CMAKE_PREFIX_PATH}:/home/lh/planning_with_ROS2_course/install/data_plot:/opt/ros/jazzy DEBUGINFOD_URLS=https://debuginfod.ubuntu.com /usr/bin/cmake --build /home/lh/planning_with_ROS2_course/build/base_msgs -- -j16 -l16
[0.210s] [  0%] Built target base_msgs__rosidl_generator_type_description
[0.258s] [  0%] Built target ament_cmake_python_copy_base_msgs
[0.276s] [  0%] Built target base_msgs__cpp
[0.300s] [ 26%] Built target base_msgs__rosidl_generator_c
[0.402s] [ 36%] Built target base_msgs__rosidl_typesupport_cpp
[0.402s] [ 46%] Built target base_msgs__rosidl_typesupport_c
[0.406s] [ 56%] Built target base_msgs__rosidl_typesupport_introspection_c
[0.412s] [ 74%] Built target base_msgs__rosidl_typesupport_fastrtps_c
[0.412s] [ 75%] Built target base_msgs__rosidl_typesupport_fastrtps_cpp
[0.429s] [ 85%] Built target base_msgs__rosidl_typesupport_introspection_cpp
[0.500s] [ 85%] Built target base_msgs
[0.567s] [ 86%] Built target base_msgs__py
[0.653s] [ 96%] Built target base_msgs__rosidl_generator_py
[0.720s] [ 98%] Built target base_msgs_s__rosidl_typesupport_c
[0.720s] [ 99%] Built target base_msgs_s__rosidl_typesupport_fastrtps_c
[0.720s] [100%] Built target base_msgs_s__rosidl_typesupport_introspection_c
[0.825s] running egg_info
[0.875s] writing base_msgs.egg-info/PKG-INFO
[0.877s] writing dependency_links to base_msgs.egg-info/dependency_links.txt
[0.877s] writing top-level names to base_msgs.egg-info/top_level.txt
[1.056s] reading manifest file 'base_msgs.egg-info/SOURCES.txt'
[1.059s] writing manifest file 'base_msgs.egg-info/SOURCES.txt'
[1.145s] [100%] Built target ament_cmake_python_build_base_msgs_egg
[1.193s] Invoked command in '/home/lh/planning_with_ROS2_course/build/base_msgs' returned '0': CMAKE_PREFIX_PATH=${CMAKE_PREFIX_PATH}:/home/lh/planning_with_ROS2_course/install/data_plot:/opt/ros/jazzy DEBUGINFOD_URLS=https://debuginfod.ubuntu.com /usr/bin/cmake --build /home/lh/planning_with_ROS2_course/build/base_msgs -- -j16 -l16
[1.219s] Invoking command in '/home/lh/planning_with_ROS2_course/build/base_msgs': CMAKE_PREFIX_PATH=${CMAKE_PREFIX_PATH}:/home/lh/planning_with_ROS2_course/install/data_plot:/opt/ros/jazzy DEBUGINFOD_URLS=https://debuginfod.ubuntu.com /usr/bin/cmake --install /home/lh/planning_with_ROS2_course/build/base_msgs
[1.244s] -- Install configuration: ""
[1.244s] -- Up-to-date: /home/lh/planning_with_ROS2_course/install/base_msgs/share/ament_index/resource_index/rosidl_interfaces/base_msgs
[1.245s] -- Up-to-date: /home/lh/planning_with_ROS2_course/install/base_msgs/share/base_msgs/srv/GlobalPathService.json
[1.245s] -- Up-to-date: /home/lh/planning_with_ROS2_course/install/base_msgs/share/base_msgs/srv/PNCMapService.json
[1.245s] -- Up-to-date: /home/lh/planning_with_ROS2_course/install/base_msgs/share/base_msgs/msg/LocalPath.json
[1.245s] -- Up-to-date: /home/lh/planning_with_ROS2_course/install/base_msgs/share/base_msgs/msg/LocalSpeedsPoint.json
[1.246s] -- Up-to-date: /home/lh/planning_with_ROS2_course/install/base_msgs/share/base_msgs/msg/LocalPathPoint.json
[1.246s] -- Up-to-date: /home/lh/planning_with_ROS2_course/install/base_msgs/share/base_msgs/msg/LocalSpeeds.json
[1.246s] -- Up-to-date: /home/lh/planning_with_ROS2_course/install/base_msgs/share/base_msgs/msg/LocalTrajectory.json
[1.246s] -- Up-to-date: /home/lh/planning_with_ROS2_course/install/base_msgs/share/base_msgs/msg/LocalTrajectoryPoint.json
[1.246s] -- Up-to-date: /home/lh/planning_with_ROS2_course/install/base_msgs/share/base_msgs/msg/ObsInfo.json
[1.247s] -- Up-to-date: /home/lh/planning_with_ROS2_course/install/base_msgs/share/base_msgs/msg/PlotInfo.json
[1.248s] -- Up-to-date: /home/lh/planning_with_ROS2_course/install/base_msgs/share/base_msgs/msg/PNCMap.json
[1.248s] -- Up-to-date: /home/lh/planning_with_ROS2_course/install/base_msgs/share/base_msgs/msg/Referline.json
[1.248s] -- Up-to-date: /home/lh/planning_with_ROS2_course/install/base_msgs/share/base_msgs/msg/ReferlinePoint.json
[1.248s] -- Up-to-date: /home/lh/planning_with_ROS2_course/install/base_msgs/include/base_msgs/base_msgs
[1.248s] -- Up-to-date: /home/lh/planning_with_ROS2_course/install/base_msgs/include/base_msgs/base_msgs/msg
[1.248s] -- Up-to-date: /home/lh/planning_with_ROS2_course/install/base_msgs/include/base_msgs/base_msgs/msg/pnc_map.h
[1.249s] -- Up-to-date: /home/lh/planning_with_ROS2_course/install/base_msgs/include/base_msgs/base_msgs/msg/detail
[1.249s] -- Up-to-date: /home/lh/planning_with_ROS2_course/install/base_msgs/include/base_msgs/base_msgs/msg/detail/local_speeds_point__functions.c
[1.249s] -- Installing: /home/lh/planning_with_ROS2_course/install/base_msgs/include/base_msgs/base_msgs/msg/detail/referline__type_support.c
[1.250s] -- Up-to-date: /home/lh/planning_with_ROS2_course/install/base_msgs/include/base_msgs/base_msgs/msg/detail/obs_info__type_support.h
[1.250s] -- Up-to-date: /home/lh/planning_with_ROS2_course/install/base_msgs/include/base_msgs/base_msgs/msg/detail/plot_info__functions.c
[1.251s] -- Up-to-date: /home/lh/planning_with_ROS2_course/install/base_msgs/include/base_msgs/base_msgs/msg/detail/pnc_map__description.c
[1.251s] -- Up-to-date: /home/lh/planning_with_ROS2_course/install/base_msgs/include/base_msgs/base_msgs/msg/detail/plot_info__functions.h
[1.251s] -- Up-to-date: /home/lh/planning_with_ROS2_course/install/base_msgs/include/base_msgs/base_msgs/msg/detail/plot_info__struct.h
[1.251s] -- Up-to-date: /home/lh/planning_with_ROS2_course/install/base_msgs/include/base_msgs/base_msgs/msg/detail/local_trajectory_point__type_support.h
[1.251s] -- Up-to-date: /home/lh/planning_with_ROS2_course/install/base_msgs/include/base_msgs/base_msgs/msg/detail/local_trajectory_point__functions.h
[1.252s] -- Up-to-date: /home/lh/planning_with_ROS2_course/install/base_msgs/include/base_msgs/base_msgs/msg/detail/pnc_map__functions.c
[1.252s] -- Installing: /home/lh/planning_with_ROS2_course/install/base_msgs/include/base_msgs/base_msgs/msg/detail/local_path_point__type_support.c
[1.252s] -- Up-to-date: /home/lh/planning_with_ROS2_course/install/base_msgs/include/base_msgs/base_msgs/msg/detail/obs_info__description.c
[1.253s] -- Up-to-date: /home/lh/planning_with_ROS2_course/install/base_msgs/include/base_msgs/base_msgs/msg/detail/pnc_map__functions.h
[1.253s] -- Up-to-date: /home/lh/planning_with_ROS2_course/install/base_msgs/include/base_msgs/base_msgs/msg/detail/obs_info__functions.c
[1.253s] -- Up-to-date: /home/lh/planning_with_ROS2_course/install/base_msgs/include/base_msgs/base_msgs/msg/detail/referline__functions.h
[1.253s] -- Up-to-date: /home/lh/planning_with_ROS2_course/install/base_msgs/include/base_msgs/base_msgs/msg/detail/local_path__functions.h
[1.253s] -- Up-to-date: /home/lh/planning_with_ROS2_course/install/base_msgs/include/base_msgs/base_msgs/msg/detail/local_path__type_support.h
[1.254s] -- Installing: /home/lh/planning_with_ROS2_course/install/base_msgs/include/base_msgs/base_msgs/msg/detail/local_speeds__type_support.c
[1.254s] -- Up-to-date: /home/lh/planning_with_ROS2_course/install/base_msgs/include/base_msgs/base_msgs/msg/detail/pnc_map__struct.h
[1.254s] -- Installing: /home/lh/planning_with_ROS2_course/install/base_msgs/include/base_msgs/base_msgs/msg/detail/local_trajectory_point__type_support.c
[1.257s] -- Up-to-date: /home/lh/planning_with_ROS2_course/install/base_msgs/include/base_msgs/base_msgs/msg/detail/local_trajectory__struct.h
[1.257s] -- Up-to-date: /home/lh/planning_with_ROS2_course/install/base_msgs/include/base_msgs/base_msgs/msg/detail/local_path__functions.c
[1.258s] -- Up-to-date: /home/lh/planning_with_ROS2_course/install/base_msgs/include/base_msgs/base_msgs/msg/detail/referline_point__struct.h
[1.263s] -- Up-to-date: /home/lh/planning_with_ROS2_course/install/base_msgs/include/base_msgs/base_msgs/msg/detail/local_speeds__struct.h
[1.264s] -- Up-to-date: /home/lh/planning_with_ROS2_course/install/base_msgs/include/base_msgs/base_msgs/msg/detail/referline_point__type_support.h
[1.264s] -- Up-to-date: /home/lh/planning_with_ROS2_course/install/base_msgs/include/base_msgs/base_msgs/msg/detail/local_speeds_point__struct.h
[1.264s] -- Up-to-date: /home/lh/planning_with_ROS2_course/install/base_msgs/include/base_msgs/base_msgs/msg/detail/local_trajectory__type_support.h
[1.264s] -- Up-to-date: /home/lh/planning_with_ROS2_course/install/base_msgs/include/base_msgs/base_msgs/msg/detail/local_path__description.c
[1.264s] -- Up-to-date: /home/lh/planning_with_ROS2_course/install/base_msgs/include/base_msgs/base_msgs/msg/detail/local_speeds__type_support.h
[1.265s] -- Up-to-date: /home/lh/planning_with_ROS2_course/install/base_msgs/include/base_msgs/base_msgs/msg/detail/plot_info__type_support.h
[1.265s] -- Up-to-date: /home/lh/planning_with_ROS2_course/install/base_msgs/include/base_msgs/base_msgs/msg/detail/local_speeds__functions.c
[1.265s] -- Up-to-date: /home/lh/planning_with_ROS2_course/install/base_msgs/include/base_msgs/base_msgs/msg/detail/local_speeds__description.c
[1.265s] -- Up-to-date: /home/lh/planning_with_ROS2_course/install/base_msgs/include/base_msgs/base_msgs/msg/detail/local_trajectory_point__struct.h
[1.265s] -- Installing: /home/lh/planning_with_ROS2_course/install/base_msgs/include/base_msgs/base_msgs/msg/detail/plot_info__type_support.c
[1.266s] -- Installing: /home/lh/planning_with_ROS2_course/install/base_msgs/include/base_msgs/base_msgs/msg/detail/referline_point__type_support.c
[1.266s] -- Up-to-date: /home/lh/planning_with_ROS2_course/install/base_msgs/include/base_msgs/base_msgs/msg/detail/local_trajectory_point__description.c
[1.266s] -- Up-to-date: /home/lh/planning_with_ROS2_course/install/base_msgs/include/base_msgs/base_msgs/msg/detail/referline_point__functions.h
[1.267s] -- Installing: /home/lh/planning_with_ROS2_course/install/base_msgs/include/base_msgs/base_msgs/msg/detail/pnc_map__type_support.c
[1.269s] -- Up-to-date: /home/lh/planning_with_ROS2_course/install/base_msgs/include/base_msgs/base_msgs/msg/detail/local_speeds__functions.h
[1.269s] -- Up-to-date: /home/lh/planning_with_ROS2_course/install/base_msgs/include/base_msgs/base_msgs/msg/detail/local_path_point__struct.h
[1.269s] -- Installing: /home/lh/planning_with_ROS2_course/install/base_msgs/include/base_msgs/base_msgs/msg/detail/obs_info__type_support.c
[1.270s] -- Up-to-date: /home/lh/planning_with_ROS2_course/install/base_msgs/include/base_msgs/base_msgs/msg/detail/local_trajectory_point__functions.c
[1.270s] -- Up-to-date: /home/lh/planning_with_ROS2_course/install/base_msgs/include/base_msgs/base_msgs/msg/detail/local_path_point__functions.c
[1.270s] -- Up-to-date: /home/lh/planning_with_ROS2_course/install/base_msgs/include/base_msgs/base_msgs/msg/detail/referline__struct.h
[1.270s] -- Up-to-date: /home/lh/planning_with_ROS2_course/install/base_msgs/include/base_msgs/base_msgs/msg/detail/local_path_point__functions.h
[1.271s] -- Up-to-date: /home/lh/planning_with_ROS2_course/install/base_msgs/include/base_msgs/base_msgs/msg/detail/referline_point__functions.c
[1.271s] -- Installing: /home/lh/planning_with_ROS2_course/install/base_msgs/include/base_msgs/base_msgs/msg/detail/local_trajectory__type_support.c
[1.272s] -- Up-to-date: /home/lh/planning_with_ROS2_course/install/base_msgs/include/base_msgs/base_msgs/msg/detail/referline__functions.c
[1.272s] -- Up-to-date: /home/lh/planning_with_ROS2_course/install/base_msgs/include/base_msgs/base_msgs/msg/detail/local_trajectory__functions.h
[1.272s] -- Up-to-date: /home/lh/planning_with_ROS2_course/install/base_msgs/include/base_msgs/base_msgs/msg/detail/referline_point__description.c
[1.272s] -- Up-to-date: /home/lh/planning_with_ROS2_course/install/base_msgs/include/base_msgs/base_msgs/msg/detail/pnc_map__type_support.h
[1.273s] -- Installing: /home/lh/planning_with_ROS2_course/install/base_msgs/include/base_msgs/base_msgs/msg/detail/local_speeds_point__type_support.c
[1.273s] -- Up-to-date: /home/lh/planning_with_ROS2_course/install/base_msgs/include/base_msgs/base_msgs/msg/detail/local_trajectory__description.c
[1.273s] -- Up-to-date: /home/lh/planning_with_ROS2_course/install/base_msgs/include/base_msgs/base_msgs/msg/detail/local_path__struct.h
[1.274s] -- Up-to-date: /home/lh/planning_with_ROS2_course/install/base_msgs/include/base_msgs/base_msgs/msg/detail/local_path_point__description.c
[1.274s] -- Up-to-date: /home/lh/planning_with_ROS2_course/install/base_msgs/include/base_msgs/base_msgs/msg/detail/local_trajectory__functions.c
[1.274s] -- Up-to-date: /home/lh/planning_with_ROS2_course/install/base_msgs/include/base_msgs/base_msgs/msg/detail/local_speeds_point__description.c
[1.274s] -- Up-to-date: /home/lh/planning_with_ROS2_course/install/base_msgs/include/base_msgs/base_msgs/msg/detail/plot_info__description.c
[1.274s] -- Up-to-date: /home/lh/planning_with_ROS2_course/install/base_msgs/include/base_msgs/base_msgs/msg/detail/local_speeds_point__functions.h
[1.275s] -- Up-to-date: /home/lh/planning_with_ROS2_course/install/base_msgs/include/base_msgs/base_msgs/msg/detail/local_speeds_point__type_support.h
[1.275s] -- Installing: /home/lh/planning_with_ROS2_course/install/base_msgs/include/base_msgs/base_msgs/msg/detail/local_path__type_support.c
[1.275s] -- Up-to-date: /home/lh/planning_with_ROS2_course/install/base_msgs/include/base_msgs/base_msgs/msg/detail/obs_info__functions.h
[1.276s] -- Up-to-date: /home/lh/planning_with_ROS2_course/install/base_msgs/include/base_msgs/base_msgs/msg/detail/local_path_point__type_support.h
[1.276s] -- Up-to-date: /home/lh/planning_with_ROS2_course/install/base_msgs/include/base_msgs/base_msgs/msg/detail/referline__description.c
[1.276s] -- Up-to-date: /home/lh/planning_with_ROS2_course/install/base_msgs/include/base_msgs/base_msgs/msg/detail/referline__type_support.h
[1.277s] -- Up-to-date: /home/lh/planning_with_ROS2_course/install/base_msgs/include/base_msgs/base_msgs/msg/detail/obs_info__struct.h
[1.277s] -- Up-to-date: /home/lh/planning_with_ROS2_course/install/base_msgs/include/base_msgs/base_msgs/msg/local_path.h
[1.277s] -- Up-to-date: /home/lh/planning_with_ROS2_course/install/base_msgs/include/base_msgs/base_msgs/msg/local_trajectory.h
[1.278s] -- Up-to-date: /home/lh/planning_with_ROS2_course/install/base_msgs/include/base_msgs/base_msgs/msg/plot_info.h
[1.278s] -- Up-to-date: /home/lh/planning_with_ROS2_course/install/base_msgs/include/base_msgs/base_msgs/msg/referline.h
[1.278s] -- Up-to-date: /home/lh/planning_with_ROS2_course/install/base_msgs/include/base_msgs/base_msgs/msg/local_path_point.h
[1.278s] -- Up-to-date: /home/lh/planning_with_ROS2_course/install/base_msgs/include/base_msgs/base_msgs/msg/local_speeds_point.h
[1.278s] -- Up-to-date: /home/lh/planning_with_ROS2_course/install/base_msgs/include/base_msgs/base_msgs/msg/local_trajectory_point.h
[1.278s] -- Up-to-date: /home/lh/planning_with_ROS2_course/install/base_msgs/include/base_msgs/base_msgs/msg/referline_point.h
[1.279s] -- Up-to-date: /home/lh/planning_with_ROS2_course/install/base_msgs/include/base_msgs/base_msgs/msg/rosidl_generator_c__visibility_control.h
[1.279s] -- Up-to-date: /home/lh/planning_with_ROS2_course/install/base_msgs/include/base_msgs/base_msgs/msg/local_speeds.h
[1.279s] -- Up-to-date: /home/lh/planning_with_ROS2_course/install/base_msgs/include/base_msgs/base_msgs/msg/obs_info.h
[1.279s] -- Up-to-date: /home/lh/planning_with_ROS2_course/install/base_msgs/include/base_msgs/base_msgs/srv
[1.279s] -- Up-to-date: /home/lh/planning_with_ROS2_course/install/base_msgs/include/base_msgs/base_msgs/srv/detail
[1.280s] -- Up-to-date: /home/lh/planning_with_ROS2_course/install/base_msgs/include/base_msgs/base_msgs/srv/detail/pnc_map_service__description.c
[1.280s] -- Up-to-date: /home/lh/planning_with_ROS2_course/install/base_msgs/include/base_msgs/base_msgs/srv/detail/pnc_map_service__type_support.h
[1.280s] -- Up-to-date: /home/lh/planning_with_ROS2_course/install/base_msgs/include/base_msgs/base_msgs/srv/detail/global_path_service__functions.c
[1.280s] -- Up-to-date: /home/lh/planning_with_ROS2_course/install/base_msgs/include/base_msgs/base_msgs/srv/detail/pnc_map_service__functions.h
[1.280s] -- Up-to-date: /home/lh/planning_with_ROS2_course/install/base_msgs/include/base_msgs/base_msgs/srv/detail/global_path_service__functions.h
[1.281s] -- Up-to-date: /home/lh/planning_with_ROS2_course/install/base_msgs/include/base_msgs/base_msgs/srv/detail/global_path_service__type_support.h
[1.281s] -- Installing: /home/lh/planning_with_ROS2_course/install/base_msgs/include/base_msgs/base_msgs/srv/detail/global_path_service__type_support.c
[1.281s] -- Up-to-date: /home/lh/planning_with_ROS2_course/install/base_msgs/include/base_msgs/base_msgs/srv/detail/pnc_map_service__struct.h
[1.281s] -- Up-to-date: /home/lh/planning_with_ROS2_course/install/base_msgs/include/base_msgs/base_msgs/srv/detail/global_path_service__struct.h
[1.282s] -- Installing: /home/lh/planning_with_ROS2_course/install/base_msgs/include/base_msgs/base_msgs/srv/detail/pnc_map_service__type_support.c
[1.282s] -- Up-to-date: /home/lh/planning_with_ROS2_course/install/base_msgs/include/base_msgs/base_msgs/srv/detail/pnc_map_service__functions.c
[1.282s] -- Up-to-date: /home/lh/planning_with_ROS2_course/install/base_msgs/include/base_msgs/base_msgs/srv/detail/global_path_service__description.c
[1.283s] -- Up-to-date: /home/lh/planning_with_ROS2_course/install/base_msgs/include/base_msgs/base_msgs/srv/global_path_service.h
[1.283s] -- Up-to-date: /home/lh/planning_with_ROS2_course/install/base_msgs/include/base_msgs/base_msgs/srv/pnc_map_service.h
[1.283s] -- Up-to-date: /home/lh/planning_with_ROS2_course/install/base_msgs/share/base_msgs/environment/library_path.sh
[1.283s] -- Up-to-date: /home/lh/planning_with_ROS2_course/install/base_msgs/share/base_msgs/environment/library_path.dsv
[1.283s] -- Up-to-date: /home/lh/planning_with_ROS2_course/install/base_msgs/lib/libbase_msgs__rosidl_generator_c.so
[1.284s] -- Up-to-date: /home/lh/planning_with_ROS2_course/install/base_msgs/include/base_msgs/base_msgs
[1.284s] -- Up-to-date: /home/lh/planning_with_ROS2_course/install/base_msgs/include/base_msgs/base_msgs/msg
[1.285s] -- Up-to-date: /home/lh/planning_with_ROS2_course/install/base_msgs/include/base_msgs/base_msgs/msg/detail
[1.285s] -- Up-to-date: /home/lh/planning_with_ROS2_course/install/base_msgs/include/base_msgs/base_msgs/msg/detail/local_trajectory_point__rosidl_typesupport_fastrtps_c.h
[1.285s] -- Up-to-date: /home/lh/planning_with_ROS2_course/install/base_msgs/include/base_msgs/base_msgs/msg/detail/local_trajectory__rosidl_typesupport_fastrtps_c.h
[1.286s] -- Up-to-date: /home/lh/planning_with_ROS2_course/install/base_msgs/include/base_msgs/base_msgs/msg/detail/referline__rosidl_typesupport_fastrtps_c.h
[1.286s] -- Up-to-date: /home/lh/planning_with_ROS2_course/install/base_msgs/include/base_msgs/base_msgs/msg/detail/obs_info__rosidl_typesupport_fastrtps_c.h
[1.286s] -- Up-to-date: /home/lh/planning_with_ROS2_course/install/base_msgs/include/base_msgs/base_msgs/msg/detail/pnc_map__rosidl_typesupport_fastrtps_c.h
[1.286s] -- Up-to-date: /home/lh/planning_with_ROS2_course/install/base_msgs/include/base_msgs/base_msgs/msg/detail/local_path__rosidl_typesupport_fastrtps_c.h
[1.287s] -- Up-to-date: /home/lh/planning_with_ROS2_course/install/base_msgs/include/base_msgs/base_msgs/msg/detail/local_speeds_point__rosidl_typesupport_fastrtps_c.h
[1.287s] -- Up-to-date: /home/lh/planning_with_ROS2_course/install/base_msgs/include/base_msgs/base_msgs/msg/detail/referline_point__rosidl_typesupport_fastrtps_c.h
[1.287s] -- Up-to-date: /home/lh/planning_with_ROS2_course/install/base_msgs/include/base_msgs/base_msgs/msg/detail/plot_info__rosidl_typesupport_fastrtps_c.h
[1.288s] -- Up-to-date: /home/lh/planning_with_ROS2_course/install/base_msgs/include/base_msgs/base_msgs/msg/detail/local_speeds__rosidl_typesupport_fastrtps_c.h
[1.288s] -- Up-to-date: /home/lh/planning_with_ROS2_course/install/base_msgs/include/base_msgs/base_msgs/msg/detail/local_path_point__rosidl_typesupport_fastrtps_c.h
[1.288s] -- Up-to-date: /home/lh/planning_with_ROS2_course/install/base_msgs/include/base_msgs/base_msgs/msg/rosidl_typesupport_fastrtps_c__visibility_control.h
[1.289s] -- Up-to-date: /home/lh/planning_with_ROS2_course/install/base_msgs/include/base_msgs/base_msgs/srv
[1.289s] -- Up-to-date: /home/lh/planning_with_ROS2_course/install/base_msgs/include/base_msgs/base_msgs/srv/detail
[1.289s] -- Up-to-date: /home/lh/planning_with_ROS2_course/install/base_msgs/include/base_msgs/base_msgs/srv/detail/global_path_service__rosidl_typesupport_fastrtps_c.h
[1.289s] -- Up-to-date: /home/lh/planning_with_ROS2_course/install/base_msgs/include/base_msgs/base_msgs/srv/detail/pnc_map_service__rosidl_typesupport_fastrtps_c.h
[1.290s] -- Up-to-date: /home/lh/planning_with_ROS2_course/install/base_msgs/lib/libbase_msgs__rosidl_typesupport_fastrtps_c.so
[1.290s] -- Up-to-date: /home/lh/planning_with_ROS2_course/install/base_msgs/include/base_msgs/base_msgs
[1.290s] -- Up-to-date: /home/lh/planning_with_ROS2_course/install/base_msgs/include/base_msgs/base_msgs/msg
[1.291s] -- Up-to-date: /home/lh/planning_with_ROS2_course/install/base_msgs/include/base_msgs/base_msgs/msg/detail
[1.291s] -- Up-to-date: /home/lh/planning_with_ROS2_course/install/base_msgs/include/base_msgs/base_msgs/msg/detail/referline__rosidl_typesupport_introspection_c.h
[1.291s] -- Installing: /home/lh/planning_with_ROS2_course/install/base_msgs/include/base_msgs/base_msgs/msg/detail/referline__type_support.c
[1.292s] -- Up-to-date: /home/lh/planning_with_ROS2_course/install/base_msgs/include/base_msgs/base_msgs/msg/detail/local_path_point__rosidl_typesupport_introspection_c.h
[1.292s] -- Installing: /home/lh/planning_with_ROS2_course/install/base_msgs/include/base_msgs/base_msgs/msg/detail/local_path_point__type_support.c
[1.293s] -- Up-to-date: /home/lh/planning_with_ROS2_course/install/base_msgs/include/base_msgs/base_msgs/msg/detail/local_speeds__rosidl_typesupport_introspection_c.h
[1.293s] -- Up-to-date: /home/lh/planning_with_ROS2_course/install/base_msgs/include/base_msgs/base_msgs/msg/detail/local_trajectory__rosidl_typesupport_introspection_c.h
[1.294s] -- Installing: /home/lh/planning_with_ROS2_course/install/base_msgs/include/base_msgs/base_msgs/msg/detail/local_speeds__type_support.c
[1.295s] -- Installing: /home/lh/planning_with_ROS2_course/install/base_msgs/include/base_msgs/base_msgs/msg/detail/local_trajectory_point__type_support.c
[1.296s] -- Up-to-date: /home/lh/planning_with_ROS2_course/install/base_msgs/include/base_msgs/base_msgs/msg/detail/obs_info__rosidl_typesupport_introspection_c.h
[1.296s] -- Up-to-date: /home/lh/planning_with_ROS2_course/install/base_msgs/include/base_msgs/base_msgs/msg/detail/local_speeds_point__rosidl_typesupport_introspection_c.h
[1.297s] -- Up-to-date: /home/lh/planning_with_ROS2_course/install/base_msgs/include/base_msgs/base_msgs/msg/detail/plot_info__rosidl_typesupport_introspection_c.h
[1.297s] -- Up-to-date: /home/lh/planning_with_ROS2_course/install/base_msgs/include/base_msgs/base_msgs/msg/detail/local_path__rosidl_typesupport_introspection_c.h
[1.298s] -- Installing: /home/lh/planning_with_ROS2_course/install/base_msgs/include/base_msgs/base_msgs/msg/detail/plot_info__type_support.c
[1.298s] -- Installing: /home/lh/planning_with_ROS2_course/install/base_msgs/include/base_msgs/base_msgs/msg/detail/referline_point__type_support.c
[1.299s] -- Installing: /home/lh/planning_with_ROS2_course/install/base_msgs/include/base_msgs/base_msgs/msg/detail/pnc_map__type_support.c
[1.302s] -- Installing: /home/lh/planning_with_ROS2_course/install/base_msgs/include/base_msgs/base_msgs/msg/detail/obs_info__type_support.c
[1.303s] -- Up-to-date: /home/lh/planning_with_ROS2_course/install/base_msgs/include/base_msgs/base_msgs/msg/detail/local_trajectory_point__rosidl_typesupport_introspection_c.h
[1.304s] -- Installing: /home/lh/planning_with_ROS2_course/install/base_msgs/include/base_msgs/base_msgs/msg/detail/local_trajectory__type_support.c
[1.305s] -- Installing: /home/lh/planning_with_ROS2_course/install/base_msgs/include/base_msgs/base_msgs/msg/detail/local_speeds_point__type_support.c
[1.306s] -- Up-to-date: /home/lh/planning_with_ROS2_course/install/base_msgs/include/base_msgs/base_msgs/msg/detail/referline_point__rosidl_typesupport_introspection_c.h
[1.306s] -- Up-to-date: /home/lh/planning_with_ROS2_course/install/base_msgs/include/base_msgs/base_msgs/msg/detail/pnc_map__rosidl_typesupport_introspection_c.h
[1.307s] -- Installing: /home/lh/planning_with_ROS2_course/install/base_msgs/include/base_msgs/base_msgs/msg/detail/local_path__type_support.c
[1.307s] -- Up-to-date: /home/lh/planning_with_ROS2_course/install/base_msgs/include/base_msgs/base_msgs/msg/rosidl_typesupport_introspection_c__visibility_control.h
[1.307s] -- Up-to-date: /home/lh/planning_with_ROS2_course/install/base_msgs/include/base_msgs/base_msgs/srv
[1.308s] -- Up-to-date: /home/lh/planning_with_ROS2_course/install/base_msgs/include/base_msgs/base_msgs/srv/detail
[1.308s] -- Up-to-date: /home/lh/planning_with_ROS2_course/install/base_msgs/include/base_msgs/base_msgs/srv/detail/pnc_map_service__rosidl_typesupport_introspection_c.h
[1.309s] -- Installing: /home/lh/planning_with_ROS2_course/install/base_msgs/include/base_msgs/base_msgs/srv/detail/global_path_service__type_support.c
[1.309s] -- Up-to-date: /home/lh/planning_with_ROS2_course/install/base_msgs/include/base_msgs/base_msgs/srv/detail/global_path_service__rosidl_typesupport_introspection_c.h
[1.309s] -- Installing: /home/lh/planning_with_ROS2_course/install/base_msgs/include/base_msgs/base_msgs/srv/detail/pnc_map_service__type_support.c
[1.313s] -- Up-to-date: /home/lh/planning_with_ROS2_course/install/base_msgs/lib/libbase_msgs__rosidl_typesupport_introspection_c.so
[1.314s] -- Up-to-date: /home/lh/planning_with_ROS2_course/install/base_msgs/lib/libbase_msgs__rosidl_typesupport_c.so
[1.315s] -- Up-to-date: /home/lh/planning_with_ROS2_course/install/base_msgs/include/base_msgs/base_msgs
[1.315s] -- Up-to-date: /home/lh/planning_with_ROS2_course/install/base_msgs/include/base_msgs/base_msgs/msg
[1.316s] -- Up-to-date: /home/lh/planning_with_ROS2_course/install/base_msgs/include/base_msgs/base_msgs/msg/detail
[1.316s] -- Up-to-date: /home/lh/planning_with_ROS2_course/install/base_msgs/include/base_msgs/base_msgs/msg/detail/local_trajectory__struct.hpp
[1.316s] -- Up-to-date: /home/lh/planning_with_ROS2_course/install/base_msgs/include/base_msgs/base_msgs/msg/detail/pnc_map__traits.hpp
[1.316s] -- Up-to-date: /home/lh/planning_with_ROS2_course/install/base_msgs/include/base_msgs/base_msgs/msg/detail/plot_info__traits.hpp
[1.317s] -- Up-to-date: /home/lh/planning_with_ROS2_course/install/base_msgs/include/base_msgs/base_msgs/msg/detail/local_trajectory_point__builder.hpp
[1.317s] -- Up-to-date: /home/lh/planning_with_ROS2_course/install/base_msgs/include/base_msgs/base_msgs/msg/detail/local_trajectory_point__type_support.hpp
[1.317s] -- Up-to-date: /home/lh/planning_with_ROS2_course/install/base_msgs/include/base_msgs/base_msgs/msg/detail/local_trajectory__type_support.hpp
[1.318s] -- Up-to-date: /home/lh/planning_with_ROS2_course/install/base_msgs/include/base_msgs/base_msgs/msg/detail/plot_info__type_support.hpp
[1.318s] -- Up-to-date: /home/lh/planning_with_ROS2_course/install/base_msgs/include/base_msgs/base_msgs/msg/detail/local_trajectory__traits.hpp
[1.318s] -- Up-to-date: /home/lh/planning_with_ROS2_course/install/base_msgs/include/base_msgs/base_msgs/msg/detail/referline_point__struct.hpp
[1.318s] -- Up-to-date: /home/lh/planning_with_ROS2_course/install/base_msgs/include/base_msgs/base_msgs/msg/detail/referline_point__builder.hpp
[1.318s] -- Up-to-date: /home/lh/planning_with_ROS2_course/install/base_msgs/include/base_msgs/base_msgs/msg/detail/local_path_point__builder.hpp
[1.319s] -- Up-to-date: /home/lh/planning_with_ROS2_course/install/base_msgs/include/base_msgs/base_msgs/msg/detail/obs_info__struct.hpp
[1.320s] -- Up-to-date: /home/lh/planning_with_ROS2_course/install/base_msgs/include/base_msgs/base_msgs/msg/detail/local_path__builder.hpp
[1.320s] -- Up-to-date: /home/lh/planning_with_ROS2_course/install/base_msgs/include/base_msgs/base_msgs/msg/detail/referline__type_support.hpp
[1.320s] -- Up-to-date: /home/lh/planning_with_ROS2_course/install/base_msgs/include/base_msgs/base_msgs/msg/detail/local_speeds__type_support.hpp
[1.321s] -- Up-to-date: /home/lh/planning_with_ROS2_course/install/base_msgs/include/base_msgs/base_msgs/msg/detail/pnc_map__type_support.hpp
[1.321s] -- Up-to-date: /home/lh/planning_with_ROS2_course/install/base_msgs/include/base_msgs/base_msgs/msg/detail/local_trajectory__builder.hpp
[1.321s] -- Up-to-date: /home/lh/planning_with_ROS2_course/install/base_msgs/include/base_msgs/base_msgs/msg/detail/local_speeds__builder.hpp
[1.322s] -- Up-to-date: /home/lh/planning_with_ROS2_course/install/base_msgs/include/base_msgs/base_msgs/msg/detail/referline__struct.hpp
[1.322s] -- Up-to-date: /home/lh/planning_with_ROS2_course/install/base_msgs/include/base_msgs/base_msgs/msg/detail/local_path_point__traits.hpp
[1.322s] -- Up-to-date: /home/lh/planning_with_ROS2_course/install/base_msgs/include/base_msgs/base_msgs/msg/detail/referline__builder.hpp
[1.323s] -- Up-to-date: /home/lh/planning_with_ROS2_course/install/base_msgs/include/base_msgs/base_msgs/msg/detail/local_trajectory_point__traits.hpp
[1.323s] -- Up-to-date: /home/lh/planning_with_ROS2_course/install/base_msgs/include/base_msgs/base_msgs/msg/detail/obs_info__type_support.hpp
[1.323s] -- Up-to-date: /home/lh/planning_with_ROS2_course/install/base_msgs/include/base_msgs/base_msgs/msg/detail/local_speeds_point__type_support.hpp
[1.324s] -- Up-to-date: /home/lh/planning_with_ROS2_course/install/base_msgs/include/base_msgs/base_msgs/msg/detail/local_path__traits.hpp
[1.324s] -- Up-to-date: /home/lh/planning_with_ROS2_course/install/base_msgs/include/base_msgs/base_msgs/msg/detail/local_speeds__traits.hpp
[1.324s] -- Up-to-date: /home/lh/planning_with_ROS2_course/install/base_msgs/include/base_msgs/base_msgs/msg/detail/local_path__struct.hpp
[1.325s] -- Up-to-date: /home/lh/planning_with_ROS2_course/install/base_msgs/include/base_msgs/base_msgs/msg/detail/obs_info__builder.hpp
[1.325s] -- Up-to-date: /home/lh/planning_with_ROS2_course/install/base_msgs/include/base_msgs/base_msgs/msg/detail/local_speeds_point__traits.hpp
[1.325s] -- Up-to-date: /home/lh/planning_with_ROS2_course/install/base_msgs/include/base_msgs/base_msgs/msg/detail/local_path_point__type_support.hpp
[1.326s] -- Up-to-date: /home/lh/planning_with_ROS2_course/install/base_msgs/include/base_msgs/base_msgs/msg/detail/plot_info__builder.hpp
[1.326s] -- Up-to-date: /home/lh/planning_with_ROS2_course/install/base_msgs/include/base_msgs/base_msgs/msg/detail/referline_point__traits.hpp
[1.326s] -- Up-to-date: /home/lh/planning_with_ROS2_course/install/base_msgs/include/base_msgs/base_msgs/msg/detail/referline_point__type_support.hpp
[1.327s] -- Up-to-date: /home/lh/planning_with_ROS2_course/install/base_msgs/include/base_msgs/base_msgs/msg/detail/local_speeds_point__builder.hpp
[1.327s] -- Up-to-date: /home/lh/planning_with_ROS2_course/install/base_msgs/include/base_msgs/base_msgs/msg/detail/pnc_map__builder.hpp
[1.327s] -- Up-to-date: /home/lh/planning_with_ROS2_course/install/base_msgs/include/base_msgs/base_msgs/msg/detail/local_speeds__struct.hpp
[1.327s] -- Up-to-date: /home/lh/planning_with_ROS2_course/install/base_msgs/include/base_msgs/base_msgs/msg/detail/obs_info__traits.hpp
[1.327s] -- Up-to-date: /home/lh/planning_with_ROS2_course/install/base_msgs/include/base_msgs/base_msgs/msg/detail/referline__traits.hpp
[1.329s] -- Up-to-date: /home/lh/planning_with_ROS2_course/install/base_msgs/include/base_msgs/base_msgs/msg/detail/local_speeds_point__struct.hpp
[1.329s] -- Up-to-date: /home/lh/planning_with_ROS2_course/install/base_msgs/include/base_msgs/base_msgs/msg/detail/plot_info__struct.hpp
[1.329s] -- Up-to-date: /home/lh/planning_with_ROS2_course/install/base_msgs/include/base_msgs/base_msgs/msg/detail/local_trajectory_point__struct.hpp
[1.329s] -- Up-to-date: /home/lh/planning_with_ROS2_course/install/base_msgs/include/base_msgs/base_msgs/msg/detail/local_path__type_support.hpp
[1.329s] -- Up-to-date: /home/lh/planning_with_ROS2_course/install/base_msgs/include/base_msgs/base_msgs/msg/detail/local_path_point__struct.hpp
[1.330s] -- Up-to-date: /home/lh/planning_with_ROS2_course/install/base_msgs/include/base_msgs/base_msgs/msg/detail/pnc_map__struct.hpp
[1.330s] -- Up-to-date: /home/lh/planning_with_ROS2_course/install/base_msgs/include/base_msgs/base_msgs/msg/referline_point.hpp
[1.330s] -- Up-to-date: /home/lh/planning_with_ROS2_course/install/base_msgs/include/base_msgs/base_msgs/msg/local_speeds.hpp
[1.331s] -- Up-to-date: /home/lh/planning_with_ROS2_course/install/base_msgs/include/base_msgs/base_msgs/msg/pnc_map.hpp
[1.331s] -- Up-to-date: /home/lh/planning_with_ROS2_course/install/base_msgs/include/base_msgs/base_msgs/msg/local_trajectory.hpp
[1.331s] -- Up-to-date: /home/lh/planning_with_ROS2_course/install/base_msgs/include/base_msgs/base_msgs/msg/referline.hpp
[1.332s] -- Up-to-date: /home/lh/planning_with_ROS2_course/install/base_msgs/include/base_msgs/base_msgs/msg/rosidl_generator_cpp__visibility_control.hpp
[1.332s] -- Up-to-date: /home/lh/planning_with_ROS2_course/install/base_msgs/include/base_msgs/base_msgs/msg/local_trajectory_point.hpp
[1.332s] -- Up-to-date: /home/lh/planning_with_ROS2_course/install/base_msgs/include/base_msgs/base_msgs/msg/local_speeds_point.hpp
[1.332s] -- Up-to-date: /home/lh/planning_with_ROS2_course/install/base_msgs/include/base_msgs/base_msgs/msg/local_path_point.hpp
[1.333s] -- Up-to-date: /home/lh/planning_with_ROS2_course/install/base_msgs/include/base_msgs/base_msgs/msg/obs_info.hpp
[1.333s] -- Up-to-date: /home/lh/planning_with_ROS2_course/install/base_msgs/include/base_msgs/base_msgs/msg/local_path.hpp
[1.333s] -- Up-to-date: /home/lh/planning_with_ROS2_course/install/base_msgs/include/base_msgs/base_msgs/msg/plot_info.hpp
[1.334s] -- Up-to-date: /home/lh/planning_with_ROS2_course/install/base_msgs/include/base_msgs/base_msgs/srv
[1.334s] -- Up-to-date: /home/lh/planning_with_ROS2_course/install/base_msgs/include/base_msgs/base_msgs/srv/detail
[1.334s] -- Up-to-date: /home/lh/planning_with_ROS2_course/install/base_msgs/include/base_msgs/base_msgs/srv/detail/pnc_map_service__type_support.hpp
[1.334s] -- Up-to-date: /home/lh/planning_with_ROS2_course/install/base_msgs/include/base_msgs/base_msgs/srv/detail/pnc_map_service__struct.hpp
[1.335s] -- Up-to-date: /home/lh/planning_with_ROS2_course/install/base_msgs/include/base_msgs/base_msgs/srv/detail/global_path_service__traits.hpp
[1.335s] -- Up-to-date: /home/lh/planning_with_ROS2_course/install/base_msgs/include/base_msgs/base_msgs/srv/detail/pnc_map_service__builder.hpp
[1.335s] -- Up-to-date: /home/lh/planning_with_ROS2_course/install/base_msgs/include/base_msgs/base_msgs/srv/detail/pnc_map_service__traits.hpp
[1.335s] -- Up-to-date: /home/lh/planning_with_ROS2_course/install/base_msgs/include/base_msgs/base_msgs/srv/detail/global_path_service__builder.hpp
[1.335s] -- Up-to-date: /home/lh/planning_with_ROS2_course/install/base_msgs/include/base_msgs/base_msgs/srv/detail/global_path_service__type_support.hpp
[1.335s] -- Up-to-date: /home/lh/planning_with_ROS2_course/install/base_msgs/include/base_msgs/base_msgs/srv/detail/global_path_service__struct.hpp
[1.335s] -- Up-to-date: /home/lh/planning_with_ROS2_course/install/base_msgs/include/base_msgs/base_msgs/srv/global_path_service.hpp
[1.336s] -- Up-to-date: /home/lh/planning_with_ROS2_course/install/base_msgs/include/base_msgs/base_msgs/srv/pnc_map_service.hpp
[1.336s] -- Up-to-date: /home/lh/planning_with_ROS2_course/install/base_msgs/include/base_msgs/base_msgs
[1.337s] -- Up-to-date: /home/lh/planning_with_ROS2_course/install/base_msgs/include/base_msgs/base_msgs/msg
[1.337s] -- Up-to-date: /home/lh/planning_with_ROS2_course/install/base_msgs/include/base_msgs/base_msgs/msg/detail
[1.337s] -- Up-to-date: /home/lh/planning_with_ROS2_course/install/base_msgs/include/base_msgs/base_msgs/msg/detail/plot_info__rosidl_typesupport_fastrtps_cpp.hpp
[1.338s] -- Up-to-date: /home/lh/planning_with_ROS2_course/install/base_msgs/include/base_msgs/base_msgs/msg/detail/referline__rosidl_typesupport_fastrtps_cpp.hpp
[1.338s] -- Up-to-date: /home/lh/planning_with_ROS2_course/install/base_msgs/include/base_msgs/base_msgs/msg/detail/local_speeds__rosidl_typesupport_fastrtps_cpp.hpp
[1.338s] -- Up-to-date: /home/lh/planning_with_ROS2_course/install/base_msgs/include/base_msgs/base_msgs/msg/detail/obs_info__rosidl_typesupport_fastrtps_cpp.hpp
[1.338s] -- Up-to-date: /home/lh/planning_with_ROS2_course/install/base_msgs/include/base_msgs/base_msgs/msg/detail/pnc_map__rosidl_typesupport_fastrtps_cpp.hpp
[1.339s] -- Up-to-date: /home/lh/planning_with_ROS2_course/install/base_msgs/include/base_msgs/base_msgs/msg/detail/local_trajectory__rosidl_typesupport_fastrtps_cpp.hpp
[1.339s] -- Up-to-date: /home/lh/planning_with_ROS2_course/install/base_msgs/include/base_msgs/base_msgs/msg/detail/local_path__rosidl_typesupport_fastrtps_cpp.hpp
[1.339s] -- Up-to-date: /home/lh/planning_with_ROS2_course/install/base_msgs/include/base_msgs/base_msgs/msg/detail/local_trajectory_point__rosidl_typesupport_fastrtps_cpp.hpp
[1.339s] -- Up-to-date: /home/lh/planning_with_ROS2_course/install/base_msgs/include/base_msgs/base_msgs/msg/detail/referline_point__rosidl_typesupport_fastrtps_cpp.hpp
[1.340s] -- Up-to-date: /home/lh/planning_with_ROS2_course/install/base_msgs/include/base_msgs/base_msgs/msg/detail/dds_fastrtps
[1.340s] -- Up-to-date: /home/lh/planning_with_ROS2_course/install/base_msgs/include/base_msgs/base_msgs/msg/detail/local_path_point__rosidl_typesupport_fastrtps_cpp.hpp
[1.341s] -- Up-to-date: /home/lh/planning_with_ROS2_course/install/base_msgs/include/base_msgs/base_msgs/msg/detail/local_speeds_point__rosidl_typesupport_fastrtps_cpp.hpp
[1.341s] -- Up-to-date: /home/lh/planning_with_ROS2_course/install/base_msgs/include/base_msgs/base_msgs/msg/rosidl_typesupport_fastrtps_cpp__visibility_control.h
[1.341s] -- Up-to-date: /home/lh/planning_with_ROS2_course/install/base_msgs/include/base_msgs/base_msgs/srv
[1.341s] -- Up-to-date: /home/lh/planning_with_ROS2_course/install/base_msgs/include/base_msgs/base_msgs/srv/detail
[1.342s] -- Up-to-date: /home/lh/planning_with_ROS2_course/install/base_msgs/include/base_msgs/base_msgs/srv/detail/global_path_service__rosidl_typesupport_fastrtps_cpp.hpp
[1.342s] -- Up-to-date: /home/lh/planning_with_ROS2_course/install/base_msgs/include/base_msgs/base_msgs/srv/detail/dds_fastrtps
[1.342s] -- Up-to-date: /home/lh/planning_with_ROS2_course/install/base_msgs/include/base_msgs/base_msgs/srv/detail/pnc_map_service__rosidl_typesupport_fastrtps_cpp.hpp
[1.342s] -- Up-to-date: /home/lh/planning_with_ROS2_course/install/base_msgs/lib/libbase_msgs__rosidl_typesupport_fastrtps_cpp.so
[1.343s] -- Up-to-date: /home/lh/planning_with_ROS2_course/install/base_msgs/include/base_msgs/base_msgs
[1.343s] -- Up-to-date: /home/lh/planning_with_ROS2_course/install/base_msgs/include/base_msgs/base_msgs/msg
[1.343s] -- Up-to-date: /home/lh/planning_with_ROS2_course/install/base_msgs/include/base_msgs/base_msgs/msg/detail
[1.343s] -- Up-to-date: /home/lh/planning_with_ROS2_course/install/base_msgs/include/base_msgs/base_msgs/msg/detail/plot_info__rosidl_typesupport_introspection_cpp.hpp
[1.343s] -- Up-to-date: /home/lh/planning_with_ROS2_course/install/base_msgs/include/base_msgs/base_msgs/msg/detail/local_speeds_point__rosidl_typesupport_introspection_cpp.hpp
[1.343s] -- Up-to-date: /home/lh/planning_with_ROS2_course/install/base_msgs/include/base_msgs/base_msgs/msg/detail/referline__rosidl_typesupport_introspection_cpp.hpp
[1.344s] -- Up-to-date: /home/lh/planning_with_ROS2_course/install/base_msgs/include/base_msgs/base_msgs/msg/detail/local_speeds__rosidl_typesupport_introspection_cpp.hpp
[1.344s] -- Up-to-date: /home/lh/planning_with_ROS2_course/install/base_msgs/include/base_msgs/base_msgs/msg/detail/referline_point__rosidl_typesupport_introspection_cpp.hpp
[1.344s] -- Up-to-date: /home/lh/planning_with_ROS2_course/install/base_msgs/include/base_msgs/base_msgs/msg/detail/local_trajectory_point__type_support.cpp
[1.345s] -- Up-to-date: /home/lh/planning_with_ROS2_course/install/base_msgs/include/base_msgs/base_msgs/msg/detail/local_path__type_support.cpp
[1.345s] -- Up-to-date: /home/lh/planning_with_ROS2_course/install/base_msgs/include/base_msgs/base_msgs/msg/detail/pnc_map__rosidl_typesupport_introspection_cpp.hpp
[1.345s] -- Up-to-date: /home/lh/planning_with_ROS2_course/install/base_msgs/include/base_msgs/base_msgs/msg/detail/local_speeds__type_support.cpp
[1.346s] -- Up-to-date: /home/lh/planning_with_ROS2_course/install/base_msgs/include/base_msgs/base_msgs/msg/detail/local_path_point__type_support.cpp
[1.346s] -- Up-to-date: /home/lh/planning_with_ROS2_course/install/base_msgs/include/base_msgs/base_msgs/msg/detail/obs_info__rosidl_typesupport_introspection_cpp.hpp
[1.346s] -- Up-to-date: /home/lh/planning_with_ROS2_course/install/base_msgs/include/base_msgs/base_msgs/msg/detail/referline__type_support.cpp
[1.346s] -- Up-to-date: /home/lh/planning_with_ROS2_course/install/base_msgs/include/base_msgs/base_msgs/msg/detail/local_trajectory__type_support.cpp
[1.347s] -- Up-to-date: /home/lh/planning_with_ROS2_course/install/base_msgs/include/base_msgs/base_msgs/msg/detail/local_trajectory_point__rosidl_typesupport_introspection_cpp.hpp
[1.347s] -- Up-to-date: /home/lh/planning_with_ROS2_course/install/base_msgs/include/base_msgs/base_msgs/msg/detail/local_trajectory__rosidl_typesupport_introspection_cpp.hpp
[1.347s] -- Up-to-date: /home/lh/planning_with_ROS2_course/install/base_msgs/include/base_msgs/base_msgs/msg/detail/local_speeds_point__type_support.cpp
[1.347s] -- Up-to-date: /home/lh/planning_with_ROS2_course/install/base_msgs/include/base_msgs/base_msgs/msg/detail/obs_info__type_support.cpp
[1.348s] -- Up-to-date: /home/lh/planning_with_ROS2_course/install/base_msgs/include/base_msgs/base_msgs/msg/detail/referline_point__type_support.cpp
[1.348s] -- Up-to-date: /home/lh/planning_with_ROS2_course/install/base_msgs/include/base_msgs/base_msgs/msg/detail/plot_info__type_support.cpp
[1.348s] -- Up-to-date: /home/lh/planning_with_ROS2_course/install/base_msgs/include/base_msgs/base_msgs/msg/detail/pnc_map__type_support.cpp
[1.349s] -- Up-to-date: /home/lh/planning_with_ROS2_course/install/base_msgs/include/base_msgs/base_msgs/msg/detail/local_path__rosidl_typesupport_introspection_cpp.hpp
[1.349s] -- Up-to-date: /home/lh/planning_with_ROS2_course/install/base_msgs/include/base_msgs/base_msgs/msg/detail/local_path_point__rosidl_typesupport_introspection_cpp.hpp
[1.349s] -- Up-to-date: /home/lh/planning_with_ROS2_course/install/base_msgs/include/base_msgs/base_msgs/srv
[1.349s] -- Up-to-date: /home/lh/planning_with_ROS2_course/install/base_msgs/include/base_msgs/base_msgs/srv/detail
[1.349s] -- Up-to-date: /home/lh/planning_with_ROS2_course/install/base_msgs/include/base_msgs/base_msgs/srv/detail/pnc_map_service__type_support.cpp
[1.350s] -- Up-to-date: /home/lh/planning_with_ROS2_course/install/base_msgs/include/base_msgs/base_msgs/srv/detail/pnc_map_service__rosidl_typesupport_introspection_cpp.hpp
[1.350s] -- Up-to-date: /home/lh/planning_with_ROS2_course/install/base_msgs/include/base_msgs/base_msgs/srv/detail/global_path_service__rosidl_typesupport_introspection_cpp.hpp
[1.350s] -- Up-to-date: /home/lh/planning_with_ROS2_course/install/base_msgs/include/base_msgs/base_msgs/srv/detail/global_path_service__type_support.cpp
[1.350s] -- Up-to-date: /home/lh/planning_with_ROS2_course/install/base_msgs/lib/libbase_msgs__rosidl_typesupport_introspection_cpp.so
[1.351s] -- Up-to-date: /home/lh/planning_with_ROS2_course/install/base_msgs/lib/libbase_msgs__rosidl_typesupport_cpp.so
[1.352s] -- Up-to-date: /home/lh/planning_with_ROS2_course/install/base_msgs/share/base_msgs/environment/pythonpath.sh
[1.352s] -- Up-to-date: /home/lh/planning_with_ROS2_course/install/base_msgs/share/base_msgs/environment/pythonpath.dsv
[1.352s] -- Up-to-date: /home/lh/planning_with_ROS2_course/install/base_msgs/lib/python3.12/site-packages/base_msgs-0.0.0-py3.12.egg-info
[1.352s] -- Installing: /home/lh/planning_with_ROS2_course/install/base_msgs/lib/python3.12/site-packages/base_msgs-0.0.0-py3.12.egg-info/top_level.txt
[1.353s] -- Installing: /home/lh/planning_with_ROS2_course/install/base_msgs/lib/python3.12/site-packages/base_msgs-0.0.0-py3.12.egg-info/PKG-INFO
[1.353s] -- Installing: /home/lh/planning_with_ROS2_course/install/base_msgs/lib/python3.12/site-packages/base_msgs-0.0.0-py3.12.egg-info/SOURCES.txt
[1.354s] -- Installing: /home/lh/planning_with_ROS2_course/install/base_msgs/lib/python3.12/site-packages/base_msgs-0.0.0-py3.12.egg-info/dependency_links.txt
[1.354s] -- Up-to-date: /home/lh/planning_with_ROS2_course/install/base_msgs/lib/python3.12/site-packages/base_msgs
[1.354s] -- Up-to-date: /home/lh/planning_with_ROS2_course/install/base_msgs/lib/python3.12/site-packages/base_msgs/base_msgs_s__rosidl_typesupport_fastrtps_c.so
[1.354s] -- Up-to-date: /home/lh/planning_with_ROS2_course/install/base_msgs/lib/python3.12/site-packages/base_msgs/_base_msgs_s.ep.rosidl_typesupport_fastrtps_c.c
[1.354s] -- Up-to-date: /home/lh/planning_with_ROS2_course/install/base_msgs/lib/python3.12/site-packages/base_msgs/base_msgs_s__rosidl_typesupport_c.so
[1.355s] -- Up-to-date: /home/lh/planning_with_ROS2_course/install/base_msgs/lib/python3.12/site-packages/base_msgs/_base_msgs_s.ep.rosidl_typesupport_introspection_c.c
[1.355s] -- Up-to-date: /home/lh/planning_with_ROS2_course/install/base_msgs/lib/python3.12/site-packages/base_msgs/__init__.py
[1.355s] -- Up-to-date: /home/lh/planning_with_ROS2_course/install/base_msgs/lib/python3.12/site-packages/base_msgs/base_msgs_s__rosidl_typesupport_introspection_c.so
[1.355s] -- Up-to-date: /home/lh/planning_with_ROS2_course/install/base_msgs/lib/python3.12/site-packages/base_msgs/msg
[1.356s] -- Up-to-date: /home/lh/planning_with_ROS2_course/install/base_msgs/lib/python3.12/site-packages/base_msgs/msg/_referline_point.py
[1.356s] -- Up-to-date: /home/lh/planning_with_ROS2_course/install/base_msgs/lib/python3.12/site-packages/base_msgs/msg/_obs_info.py
[1.356s] -- Up-to-date: /home/lh/planning_with_ROS2_course/install/base_msgs/lib/python3.12/site-packages/base_msgs/msg/_local_path_point_s.c
[1.356s] -- Up-to-date: /home/lh/planning_with_ROS2_course/install/base_msgs/lib/python3.12/site-packages/base_msgs/msg/_obs_info_s.c
[1.357s] -- Up-to-date: /home/lh/planning_with_ROS2_course/install/base_msgs/lib/python3.12/site-packages/base_msgs/msg/_plot_info.py
[1.357s] -- Up-to-date: /home/lh/planning_with_ROS2_course/install/base_msgs/lib/python3.12/site-packages/base_msgs/msg/_local_path_s.c
[1.357s] -- Up-to-date: /home/lh/planning_with_ROS2_course/install/base_msgs/lib/python3.12/site-packages/base_msgs/msg/_local_speeds_s.c
[1.357s] -- Up-to-date: /home/lh/planning_with_ROS2_course/install/base_msgs/lib/python3.12/site-packages/base_msgs/msg/_pnc_map_s.c
[1.358s] -- Up-to-date: /home/lh/planning_with_ROS2_course/install/base_msgs/lib/python3.12/site-packages/base_msgs/msg/_local_path.py
[1.359s] -- Up-to-date: /home/lh/planning_with_ROS2_course/install/base_msgs/lib/python3.12/site-packages/base_msgs/msg/_local_trajectory_point_s.c
[1.359s] -- Up-to-date: /home/lh/planning_with_ROS2_course/install/base_msgs/lib/python3.12/site-packages/base_msgs/msg/_local_path_point.py
[1.359s] -- Up-to-date: /home/lh/planning_with_ROS2_course/install/base_msgs/lib/python3.12/site-packages/base_msgs/msg/_local_speeds_point_s.c
[1.359s] -- Up-to-date: /home/lh/planning_with_ROS2_course/install/base_msgs/lib/python3.12/site-packages/base_msgs/msg/__init__.py
[1.360s] -- Up-to-date: /home/lh/planning_with_ROS2_course/install/base_msgs/lib/python3.12/site-packages/base_msgs/msg/_local_trajectory_s.c
[1.360s] -- Up-to-date: /home/lh/planning_with_ROS2_course/install/base_msgs/lib/python3.12/site-packages/base_msgs/msg/_local_speeds.py
[1.360s] -- Up-to-date: /home/lh/planning_with_ROS2_course/install/base_msgs/lib/python3.12/site-packages/base_msgs/msg/_local_trajectory_point.py
[1.360s] -- Up-to-date: /home/lh/planning_with_ROS2_course/install/base_msgs/lib/python3.12/site-packages/base_msgs/msg/_referline_s.c
[1.360s] -- Up-to-date: /home/lh/planning_with_ROS2_course/install/base_msgs/lib/python3.12/site-packages/base_msgs/msg/_pnc_map.py
[1.360s] -- Up-to-date: /home/lh/planning_with_ROS2_course/install/base_msgs/lib/python3.12/site-packages/base_msgs/msg/_local_speeds_point.py
[1.361s] -- Up-to-date: /home/lh/planning_with_ROS2_course/install/base_msgs/lib/python3.12/site-packages/base_msgs/msg/_plot_info_s.c
[1.362s] -- Up-to-date: /home/lh/planning_with_ROS2_course/install/base_msgs/lib/python3.12/site-packages/base_msgs/msg/_referline_point_s.c
[1.363s] -- Up-to-date: /home/lh/planning_with_ROS2_course/install/base_msgs/lib/python3.12/site-packages/base_msgs/msg/_local_trajectory.py
[1.363s] -- Up-to-date: /home/lh/planning_with_ROS2_course/install/base_msgs/lib/python3.12/site-packages/base_msgs/msg/_referline.py
[1.363s] -- Up-to-date: /home/lh/planning_with_ROS2_course/install/base_msgs/lib/python3.12/site-packages/base_msgs/_base_msgs_s.ep.rosidl_typesupport_c.c
[1.363s] -- Up-to-date: /home/lh/planning_with_ROS2_course/install/base_msgs/lib/python3.12/site-packages/base_msgs/srv
[1.365s] -- Up-to-date: /home/lh/planning_with_ROS2_course/install/base_msgs/lib/python3.12/site-packages/base_msgs/srv/_pnc_map_service.py
[1.365s] -- Up-to-date: /home/lh/planning_with_ROS2_course/install/base_msgs/lib/python3.12/site-packages/base_msgs/srv/_global_path_service.py
[1.365s] -- Up-to-date: /home/lh/planning_with_ROS2_course/install/base_msgs/lib/python3.12/site-packages/base_msgs/srv/_pnc_map_service_s.c
[1.365s] -- Up-to-date: /home/lh/planning_with_ROS2_course/install/base_msgs/lib/python3.12/site-packages/base_msgs/srv/__init__.py
[1.365s] -- Up-to-date: /home/lh/planning_with_ROS2_course/install/base_msgs/lib/python3.12/site-packages/base_msgs/srv/_global_path_service_s.c
[1.444s] Listing '/home/lh/planning_with_ROS2_course/install/base_msgs/lib/python3.12/site-packages/base_msgs'...
[1.444s] Listing '/home/lh/planning_with_ROS2_course/install/base_msgs/lib/python3.12/site-packages/base_msgs/msg'...
[1.445s] Listing '/home/lh/planning_with_ROS2_course/install/base_msgs/lib/python3.12/site-packages/base_msgs/srv'...
[1.463s] -- Up-to-date: /home/lh/planning_with_ROS2_course/install/base_msgs/lib/python3.12/site-packages/base_msgs/base_msgs_s__rosidl_typesupport_fastrtps_c.so
[1.463s] -- Up-to-date: /home/lh/planning_with_ROS2_course/install/base_msgs/lib/python3.12/site-packages/base_msgs/base_msgs_s__rosidl_typesupport_introspection_c.so
[1.464s] -- Up-to-date: /home/lh/planning_with_ROS2_course/install/base_msgs/lib/python3.12/site-packages/base_msgs/base_msgs_s__rosidl_typesupport_c.so
[1.465s] -- Up-to-date: /home/lh/planning_with_ROS2_course/install/base_msgs/lib/libbase_msgs__rosidl_generator_py.so
[1.466s] -- Up-to-date: /home/lh/planning_with_ROS2_course/install/base_msgs/share/base_msgs/srv/GlobalPathService.idl
[1.467s] -- Up-to-date: /home/lh/planning_with_ROS2_course/install/base_msgs/share/base_msgs/srv/PNCMapService.idl
[1.467s] -- Up-to-date: /home/lh/planning_with_ROS2_course/install/base_msgs/share/base_msgs/msg/LocalPath.idl
[1.467s] -- Up-to-date: /home/lh/planning_with_ROS2_course/install/base_msgs/share/base_msgs/msg/LocalSpeedsPoint.idl
[1.468s] -- Up-to-date: /home/lh/planning_with_ROS2_course/install/base_msgs/share/base_msgs/msg/LocalPathPoint.idl
[1.468s] -- Up-to-date: /home/lh/planning_with_ROS2_course/install/base_msgs/share/base_msgs/msg/LocalSpeeds.idl
[1.470s] -- Up-to-date: /home/lh/planning_with_ROS2_course/install/base_msgs/share/base_msgs/msg/LocalTrajectory.idl
[1.471s] -- Up-to-date: /home/lh/planning_with_ROS2_course/install/base_msgs/share/base_msgs/msg/LocalTrajectoryPoint.idl
[1.471s] -- Up-to-date: /home/lh/planning_with_ROS2_course/install/base_msgs/share/base_msgs/msg/ObsInfo.idl
[1.472s] -- Up-to-date: /home/lh/planning_with_ROS2_course/install/base_msgs/share/base_msgs/msg/PlotInfo.idl
[1.472s] -- Up-to-date: /home/lh/planning_with_ROS2_course/install/base_msgs/share/base_msgs/msg/PNCMap.idl
[1.472s] -- Up-to-date: /home/lh/planning_with_ROS2_course/install/base_msgs/share/base_msgs/msg/Referline.idl
[1.473s] -- Up-to-date: /home/lh/planning_with_ROS2_course/install/base_msgs/share/base_msgs/msg/ReferlinePoint.idl
[1.473s] -- Up-to-date: /home/lh/planning_with_ROS2_course/install/base_msgs/share/base_msgs/srv/GlobalPathService.srv
[1.473s] -- Up-to-date: /home/lh/planning_with_ROS2_course/install/base_msgs/share/base_msgs/srv/PNCMapService.srv
[1.473s] -- Up-to-date: /home/lh/planning_with_ROS2_course/install/base_msgs/share/base_msgs/msg/LocalPath.msg
[1.474s] -- Up-to-date: /home/lh/planning_with_ROS2_course/install/base_msgs/share/base_msgs/msg/LocalSpeedsPoint.msg
[1.474s] -- Up-to-date: /home/lh/planning_with_ROS2_course/install/base_msgs/share/base_msgs/msg/LocalPathPoint.msg
[1.474s] -- Up-to-date: /home/lh/planning_with_ROS2_course/install/base_msgs/share/base_msgs/msg/LocalSpeeds.msg
[1.474s] -- Up-to-date: /home/lh/planning_with_ROS2_course/install/base_msgs/share/base_msgs/msg/LocalTrajectory.msg
[1.475s] -- Up-to-date: /home/lh/planning_with_ROS2_course/install/base_msgs/share/base_msgs/msg/LocalTrajectoryPoint.msg
[1.475s] -- Up-to-date: /home/lh/planning_with_ROS2_course/install/base_msgs/share/base_msgs/msg/ObsInfo.msg
[1.476s] -- Up-to-date: /home/lh/planning_with_ROS2_course/install/base_msgs/share/base_msgs/msg/PlotInfo.msg
[1.476s] -- Up-to-date: /home/lh/planning_with_ROS2_course/install/base_msgs/share/base_msgs/msg/PNCMap.msg
[1.476s] -- Up-to-date: /home/lh/planning_with_ROS2_course/install/base_msgs/share/base_msgs/msg/Referline.msg
[1.477s] -- Up-to-date: /home/lh/planning_with_ROS2_course/install/base_msgs/share/base_msgs/msg/ReferlinePoint.msg
[1.477s] -- Up-to-date: /home/lh/planning_with_ROS2_course/install/base_msgs/share/ament_index/resource_index/package_run_dependencies/base_msgs
[1.478s] -- Up-to-date: /home/lh/planning_with_ROS2_course/install/base_msgs/share/ament_index/resource_index/parent_prefix_path/base_msgs
[1.478s] -- Up-to-date: /home/lh/planning_with_ROS2_course/install/base_msgs/share/base_msgs/environment/ament_prefix_path.sh
[1.478s] -- Up-to-date: /home/lh/planning_with_ROS2_course/install/base_msgs/share/base_msgs/environment/ament_prefix_path.dsv
[1.478s] -- Up-to-date: /home/lh/planning_with_ROS2_course/install/base_msgs/share/base_msgs/environment/path.sh
[1.479s] -- Up-to-date: /home/lh/planning_with_ROS2_course/install/base_msgs/share/base_msgs/environment/path.dsv
[1.479s] -- Up-to-date: /home/lh/planning_with_ROS2_course/install/base_msgs/share/base_msgs/local_setup.bash
[1.479s] -- Up-to-date: /home/lh/planning_with_ROS2_course/install/base_msgs/share/base_msgs/local_setup.sh
[1.479s] -- Up-to-date: /home/lh/planning_with_ROS2_course/install/base_msgs/share/base_msgs/local_setup.zsh
[1.480s] -- Up-to-date: /home/lh/planning_with_ROS2_course/install/base_msgs/share/base_msgs/local_setup.dsv
[1.480s] -- Installing: /home/lh/planning_with_ROS2_course/install/base_msgs/share/base_msgs/package.dsv
[1.480s] -- Up-to-date: /home/lh/planning_with_ROS2_course/install/base_msgs/share/ament_index/resource_index/packages/base_msgs
[1.481s] -- Up-to-date: /home/lh/planning_with_ROS2_course/install/base_msgs/share/base_msgs/cmake/export_base_msgs__rosidl_generator_cExport.cmake
[1.481s] -- Up-to-date: /home/lh/planning_with_ROS2_course/install/base_msgs/share/base_msgs/cmake/export_base_msgs__rosidl_generator_cExport-noconfig.cmake
[1.481s] -- Up-to-date: /home/lh/planning_with_ROS2_course/install/base_msgs/share/base_msgs/cmake/export_base_msgs__rosidl_typesupport_fastrtps_cExport.cmake
[1.481s] -- Up-to-date: /home/lh/planning_with_ROS2_course/install/base_msgs/share/base_msgs/cmake/export_base_msgs__rosidl_typesupport_fastrtps_cExport-noconfig.cmake
[1.482s] -- Up-to-date: /home/lh/planning_with_ROS2_course/install/base_msgs/share/base_msgs/cmake/base_msgs__rosidl_typesupport_introspection_cExport.cmake
[1.483s] -- Up-to-date: /home/lh/planning_with_ROS2_course/install/base_msgs/share/base_msgs/cmake/base_msgs__rosidl_typesupport_introspection_cExport-noconfig.cmake
[1.484s] -- Up-to-date: /home/lh/planning_with_ROS2_course/install/base_msgs/share/base_msgs/cmake/base_msgs__rosidl_typesupport_cExport.cmake
[1.484s] -- Up-to-date: /home/lh/planning_with_ROS2_course/install/base_msgs/share/base_msgs/cmake/base_msgs__rosidl_typesupport_cExport-noconfig.cmake
[1.485s] -- Up-to-date: /home/lh/planning_with_ROS2_course/install/base_msgs/share/base_msgs/cmake/export_base_msgs__rosidl_generator_cppExport.cmake
[1.487s] -- Up-to-date: /home/lh/planning_with_ROS2_course/install/base_msgs/share/base_msgs/cmake/export_base_msgs__rosidl_typesupport_fastrtps_cppExport.cmake
[1.488s] -- Up-to-date: /home/lh/planning_with_ROS2_course/install/base_msgs/share/base_msgs/cmake/export_base_msgs__rosidl_typesupport_fastrtps_cppExport-noconfig.cmake
[1.490s] -- Up-to-date: /home/lh/planning_with_ROS2_course/install/base_msgs/share/base_msgs/cmake/base_msgs__rosidl_typesupport_introspection_cppExport.cmake
[1.491s] -- Up-to-date: /home/lh/planning_with_ROS2_course/install/base_msgs/share/base_msgs/cmake/base_msgs__rosidl_typesupport_introspection_cppExport-noconfig.cmake
[1.491s] -- Up-to-date: /home/lh/planning_with_ROS2_course/install/base_msgs/share/base_msgs/cmake/base_msgs__rosidl_typesupport_cppExport.cmake
[1.492s] -- Up-to-date: /home/lh/planning_with_ROS2_course/install/base_msgs/share/base_msgs/cmake/base_msgs__rosidl_typesupport_cppExport-noconfig.cmake
[1.494s] -- Up-to-date: /home/lh/planning_with_ROS2_course/install/base_msgs/share/base_msgs/cmake/export_base_msgs__rosidl_generator_pyExport.cmake
[1.494s] -- Up-to-date: /home/lh/planning_with_ROS2_course/install/base_msgs/share/base_msgs/cmake/export_base_msgs__rosidl_generator_pyExport-noconfig.cmake
[1.495s] -- Up-to-date: /home/lh/planning_with_ROS2_course/install/base_msgs/share/base_msgs/cmake/rosidl_cmake-extras.cmake
[1.495s] -- Up-to-date: /home/lh/planning_with_ROS2_course/install/base_msgs/share/base_msgs/cmake/ament_cmake_export_dependencies-extras.cmake
[1.495s] -- Up-to-date: /home/lh/planning_with_ROS2_course/install/base_msgs/share/base_msgs/cmake/ament_cmake_export_include_directories-extras.cmake
[1.496s] -- Up-to-date: /home/lh/planning_with_ROS2_course/install/base_msgs/share/base_msgs/cmake/ament_cmake_export_libraries-extras.cmake
[1.496s] -- Up-to-date: /home/lh/planning_with_ROS2_course/install/base_msgs/share/base_msgs/cmake/ament_cmake_export_targets-extras.cmake
[1.496s] -- Up-to-date: /home/lh/planning_with_ROS2_course/install/base_msgs/share/base_msgs/cmake/rosidl_cmake_export_typesupport_targets-extras.cmake
[1.496s] -- Up-to-date: /home/lh/planning_with_ROS2_course/install/base_msgs/share/base_msgs/cmake/rosidl_cmake_export_typesupport_libraries-extras.cmake
[1.497s] -- Up-to-date: /home/lh/planning_with_ROS2_course/install/base_msgs/share/base_msgs/cmake/base_msgsConfig.cmake
[1.497s] -- Up-to-date: /home/lh/planning_with_ROS2_course/install/base_msgs/share/base_msgs/cmake/base_msgsConfig-version.cmake
[1.497s] -- Up-to-date: /home/lh/planning_with_ROS2_course/install/base_msgs/share/base_msgs/package.xml
[1.503s] Invoked command in '/home/lh/planning_with_ROS2_course/build/base_msgs' returned '0': CMAKE_PREFIX_PATH=${CMAKE_PREFIX_PATH}:/home/lh/planning_with_ROS2_course/install/data_plot:/opt/ros/jazzy DEBUGINFOD_URLS=https://debuginfod.ubuntu.com /usr/bin/cmake --install /home/lh/planning_with_ROS2_course/build/base_msgs
