[  5%] Built target config_reader
[ 14%] Built target mathlibs
[ 20%] Built target global_planner
[ 28%] Built target vehicle_info
[ 37%] Built target reference_line
[ 45%] Built target pnc_map_creator
[ 51%] Built target global_path_server
[ 57%] Built target obs_move_cmd
[ 62%] Built target car_move_cmd
[ 68%] Built target decision_center
[ 74%] Built target pnc_map_server
[ 91%] Built target local_planner
[ 94%] [32mBuilding CXX object src/planning_process/CMakeFiles/planning_process.dir/planning_process.cpp.o[0m
[01m[K/home/lh/planning_with_ROS2_course/src/planning/src/planning_process/planning_process.cpp:[m[K In member function ‘[01m[Kbool Planning::PlanningProcess::[01;32m[Kconnect_server[m[K(const T&)[m[K’:
[01m[K/home/lh/planning_with_ROS2_course/src/planning/src/planning_process/planning_process.cpp:99:50:[m[K [01;31m[Kerror: [m[Kunable to find numeric literal operator ‘[01m[Koperator""s[m[K’
   99 |                 while (!client->wait_for_service([01;31m[K1s[m[K))
      |                                                  [01;31m[K^~[m[K
gmake[2]: *** [src/planning_process/CMakeFiles/planning_process.dir/build.make:90：src/planning_process/CMakeFiles/planning_process.dir/planning_process.cpp.o] 错误 1
gmake[1]: *** [CMakeFiles/Makefile2:527：src/planning_process/CMakeFiles/planning_process.dir/all] 错误 2
gmake: *** [Makefile:146：all] 错误 2
