[0.654s] Invoking command in '/home/lh/planning_with_ROS2_course/build/planning': CMAKE_PREFIX_PATH=/home/lh/planning_with_ROS2_course/install/base_msgs:/home/lh/planning_with_ROS2_course/install/planning:/opt/ros/jazzy/opt/gz_math_vendor:/opt/ros/jazzy/opt/gz_utils_vendor:/opt/ros/jazzy/opt/gz_cmake_vendor:/home/lh/planning_with_ROS2_course/install/data_plot:/opt/ros/jazzy DEBUGINFOD_URLS=https://debuginfod.ubuntu.com LD_LIBRARY_PATH=/home/lh/planning_with_ROS2_course/install/base_msgs/lib:/home/lh/planning_with_ROS2_course/install/planning/lib:/home/lh/planning_with_ROS2_course/install/planning/lib:/home/lh/planning_with_ROS2_course/install/planning/lib:/opt/ros/jazzy/opt/rviz_ogre_vendor/lib:/opt/ros/jazzy/lib/x86_64-linux-gnu:/opt/ros/jazzy/opt/gz_math_vendor/lib:/opt/ros/jazzy/opt/gz_utils_vendor/lib:/opt/ros/jazzy/opt/gz_cmake_vendor/lib:/opt/ros/jazzy/lib PYTHONPATH=/home/lh/planning_with_ROS2_course/install/base_msgs/lib/python3.12/site-packages:/home/lh/planning_with_ROS2_course/install/data_plot/lib/python3.12/site-packages:/opt/ros/jazzy/lib/python3.12/site-packages /usr/bin/cmake --build /home/lh/planning_with_ROS2_course/build/planning -- -j16 -l16
[0.821s] [  5%] Built target config_reader
[0.832s] [ 14%] Built target mathlibs
[0.910s] [ 17%] [32mBuilding CXX object src/pnc_map_creator/CMakeFiles/pnc_map_creator.dir/pnc_map_straight/pnc_map_creator_straight.cpp.o[0m
[0.911s] [ 20%] [32mBuilding CXX object src/global_planner/CMakeFiles/global_planner.dir/global_planner_normal/global_planner_normal.cpp.o[0m
[0.914s] [ 22%] [32mBuilding CXX object src/pnc_map_creator/CMakeFiles/pnc_map_creator.dir/pnc_map_sturn/pnc_map_creator_sturn.cpp.o[0m
[0.923s] [ 25%] [32mBuilding CXX object src/vehicle_info/CMakeFiles/vehicle_info.dir/main_car/main_car_info.cpp.o[0m
[0.924s] [ 28%] [32mBuilding CXX object src/vehicle_info/CMakeFiles/vehicle_info.dir/obs_car/obs_car_info.cpp.o[0m
[0.935s] [ 31%] [32mBuilding CXX object src/reference_line/CMakeFiles/reference_line.dir/reference_line_creator.cpp.o[0m
[0.936s] [ 34%] [32mBuilding CXX object src/reference_line/CMakeFiles/reference_line.dir/reference_line_smoother.cpp.o[0m
[9.605s] [01m[K/home/lh/planning_with_ROS2_course/src/planning/src/global_planner/global_planner_normal/global_planner_normal.cpp:[m[K In member function ‘[01m[Kvirtual nav_msgs::msg::Path Planning::GlobalPlannerNormal::[01;32m[Ksearch_global_path[m[K(const base_msgs::msg::PNCMap&)[m[K’:
[9.605s] [01m[K/home/lh/planning_with_ROS2_course/src/planning/src/global_planner/global_planner_normal/global_planner_normal.cpp:9:64:[m[K [01;35m[Kwarning: [m[Kunused parameter ‘[01m[Kpnc_map[m[K’ [[01;35m[K]8;;https://gcc.gnu.org/onlinedocs/gcc/Warning-Options.html#index-Wunused-parameter-Wunused-parameter]8;;[m[K]
[9.605s]     9 |     Path GlobalPlannerNormal::search_global_path([01;35m[Kconst PNCMap &pnc_map[m[K)
[9.606s]       |                                                  [01;35m[K~~~~~~~~~~~~~~^~~~~~~[m[K
[12.204s] [ 37%] [32m[1mLinking CXX shared library libvehicle_info.so[0m
[12.797s] [ 40%] [32m[1mLinking CXX shared library libglobal_planner.so[0m
[12.968s] [ 40%] Built target vehicle_info
[13.049s] [ 42%] [32mBuilding CXX object src/move_cmd/CMakeFiles/car_move_cmd.dir/car_move_cmd.cpp.o[0m
[13.049s] [ 45%] [32mBuilding CXX object src/decision_center/CMakeFiles/decision_center.dir/decision_center.cpp.o[0m
[13.052s] [ 48%] [32mBuilding CXX object src/move_cmd/CMakeFiles/obs_move_cmd.dir/obs_move_cmd.cpp.o[0m
[13.160s] [ 48%] Built target global_planner
[13.196s] [ 51%] [32m[1mLinking CXX shared library libpnc_map_creator.so[0m
[13.247s] [ 54%] [32mBuilding CXX object src/global_planner/CMakeFiles/global_path_server.dir/global_path_server.cpp.o[0m
[13.568s] [ 54%] Built target pnc_map_creator
[13.658s] [ 57%] [32mBuilding CXX object src/pnc_map_creator/CMakeFiles/pnc_map_server.dir/pnc_map_server.cpp.o[0m
[15.828s] [ 60%] [32m[1mLinking CXX shared library libreference_line.so[0m
[16.156s] [ 60%] Built target reference_line
[19.500s] [01m[K/home/lh/planning_with_ROS2_course/src/planning/src/global_planner/global_path_server.cpp:[m[K In member function ‘[01m[Kvisualization_msgs::msg::Marker Planning::GlobalPathServer::[01;32m[Kpath2marker[m[K(const nav_msgs::msg::Path&)[m[K’:
[19.501s] [01m[K/home/lh/planning_with_ROS2_course/src/planning/src/global_planner/global_path_server.cpp:55:54:[m[K [01;35m[Kwarning: [m[Kunused parameter ‘[01m[Kpath[m[K’ [[01;35m[K]8;;https://gcc.gnu.org/onlinedocs/gcc/Warning-Options.html#index-Wunused-parameter-Wunused-parameter]8;;[m[K]
[19.501s]    55 |     Marker GlobalPathServer::path2marker([01;35m[Kconst Path &path[m[K)    //path转marker地图
[19.501s]       |                                          [01;35m[K~~~~~~~~~~~~^~~~[m[K
[20.747s] [ 62%] [32m[1mLinking CXX shared library libdecision_center.so[0m
[20.973s] [ 65%] [32m[1mLinking CXX executable car_move_cmd[0m
[20.998s] [ 68%] [32m[1mLinking CXX executable obs_move_cmd[0m
[21.065s] [ 68%] Built target decision_center
[21.181s] [ 74%] [32mBuilding CXX object src/local_planner/CMakeFiles/local_planner.dir/local_path/local_path_planner.cpp.o[0m
[21.181s] [ 74%] [32mBuilding CXX object src/local_planner/CMakeFiles/local_planner.dir/local_path/local_path_smoother.cpp.o[0m
[21.184s] [ 80%] [32mBuilding CXX object src/local_planner/CMakeFiles/local_planner.dir/local_speeds/local_speeds_planner.cpp.o[0m
[21.185s] [ 80%] [32mBuilding CXX object src/local_planner/CMakeFiles/local_planner.dir/local_speeds/local_speeds_smoother.cpp.o[0m
[21.496s] [ 80%] Built target car_move_cmd
[21.498s] [ 80%] Built target obs_move_cmd
[29.048s] [ 82%] [32m[1mLinking CXX executable global_path_server[0m
[29.675s] [ 82%] Built target global_path_server
[29.688s] [ 85%] [32m[1mLinking CXX executable pnc_map_server[0m
[30.418s] [ 85%] Built target pnc_map_server
[31.346s] [ 88%] [32m[1mLinking CXX shared library liblocal_planner.so[0m
[31.639s] [ 91%] Built target local_planner
[31.728s] [ 94%] [32mBuilding CXX object src/planning_process/CMakeFiles/planning_process.dir/planning_process_main.cpp.o[0m
[31.728s] [ 97%] [32mBuilding CXX object src/planning_process/CMakeFiles/planning_process.dir/planning_process.cpp.o[0m
[44.052s] [100%] [32m[1mLinking CXX executable planning_process[0m
[44.517s] [100%] Built target planning_process
[44.550s] Invoked command in '/home/lh/planning_with_ROS2_course/build/planning' returned '0': CMAKE_PREFIX_PATH=/home/lh/planning_with_ROS2_course/install/base_msgs:/home/lh/planning_with_ROS2_course/install/planning:/opt/ros/jazzy/opt/gz_math_vendor:/opt/ros/jazzy/opt/gz_utils_vendor:/opt/ros/jazzy/opt/gz_cmake_vendor:/home/lh/planning_with_ROS2_course/install/data_plot:/opt/ros/jazzy DEBUGINFOD_URLS=https://debuginfod.ubuntu.com LD_LIBRARY_PATH=/home/lh/planning_with_ROS2_course/install/base_msgs/lib:/home/lh/planning_with_ROS2_course/install/planning/lib:/home/lh/planning_with_ROS2_course/install/planning/lib:/home/lh/planning_with_ROS2_course/install/planning/lib:/opt/ros/jazzy/opt/rviz_ogre_vendor/lib:/opt/ros/jazzy/lib/x86_64-linux-gnu:/opt/ros/jazzy/opt/gz_math_vendor/lib:/opt/ros/jazzy/opt/gz_utils_vendor/lib:/opt/ros/jazzy/opt/gz_cmake_vendor/lib:/opt/ros/jazzy/lib PYTHONPATH=/home/lh/planning_with_ROS2_course/install/base_msgs/lib/python3.12/site-packages:/home/lh/planning_with_ROS2_course/install/data_plot/lib/python3.12/site-packages:/opt/ros/jazzy/lib/python3.12/site-packages /usr/bin/cmake --build /home/lh/planning_with_ROS2_course/build/planning -- -j16 -l16
[44.555s] Invoking command in '/home/lh/planning_with_ROS2_course/build/planning': CMAKE_PREFIX_PATH=/home/lh/planning_with_ROS2_course/install/base_msgs:/home/lh/planning_with_ROS2_course/install/planning:/opt/ros/jazzy/opt/gz_math_vendor:/opt/ros/jazzy/opt/gz_utils_vendor:/opt/ros/jazzy/opt/gz_cmake_vendor:/home/lh/planning_with_ROS2_course/install/data_plot:/opt/ros/jazzy DEBUGINFOD_URLS=https://debuginfod.ubuntu.com LD_LIBRARY_PATH=/home/lh/planning_with_ROS2_course/install/base_msgs/lib:/home/lh/planning_with_ROS2_course/install/planning/lib:/home/lh/planning_with_ROS2_course/install/planning/lib:/home/lh/planning_with_ROS2_course/install/planning/lib:/opt/ros/jazzy/opt/rviz_ogre_vendor/lib:/opt/ros/jazzy/lib/x86_64-linux-gnu:/opt/ros/jazzy/opt/gz_math_vendor/lib:/opt/ros/jazzy/opt/gz_utils_vendor/lib:/opt/ros/jazzy/opt/gz_cmake_vendor/lib:/opt/ros/jazzy/lib PYTHONPATH=/home/lh/planning_with_ROS2_course/install/base_msgs/lib/python3.12/site-packages:/home/lh/planning_with_ROS2_course/install/data_plot/lib/python3.12/site-packages:/opt/ros/jazzy/lib/python3.12/site-packages /usr/bin/cmake --install /home/lh/planning_with_ROS2_course/build/planning
[44.578s] -- Install configuration: ""
[44.585s] -- Installing: /home/lh/planning_with_ROS2_course/install/planning/lib/libconfig_reader.so
[44.589s] -- Set non-toolchain portion of runtime path of "/home/lh/planning_with_ROS2_course/install/planning/lib/libconfig_reader.so" to ""
[44.589s] -- Up-to-date: /home/lh/planning_with_ROS2_course/install/planning/lib/libmathlibs.so
[44.594s] -- Installing: /home/lh/planning_with_ROS2_course/install/planning/lib/libdecision_center.so
[44.596s] -- Set non-toolchain portion of runtime path of "/home/lh/planning_with_ROS2_course/install/planning/lib/libdecision_center.so" to ""
[44.599s] -- Installing: /home/lh/planning_with_ROS2_course/install/planning/lib/libglobal_planner.so
[44.601s] -- Set non-toolchain portion of runtime path of "/home/lh/planning_with_ROS2_course/install/planning/lib/libglobal_planner.so" to ""
[44.603s] -- Installing: /home/lh/planning_with_ROS2_course/install/planning/lib/planning/global_path_server
[44.610s] -- Set non-toolchain portion of runtime path of "/home/lh/planning_with_ROS2_course/install/planning/lib/planning/global_path_server" to ""
[44.614s] -- Installing: /home/lh/planning_with_ROS2_course/install/planning/lib/liblocal_planner.so
[44.615s] -- Set non-toolchain portion of runtime path of "/home/lh/planning_with_ROS2_course/install/planning/lib/liblocal_planner.so" to ""
[44.619s] -- Installing: /home/lh/planning_with_ROS2_course/install/planning/lib/planning/car_move_cmd
[44.620s] -- Set non-toolchain portion of runtime path of "/home/lh/planning_with_ROS2_course/install/planning/lib/planning/car_move_cmd" to ""
[44.623s] -- Installing: /home/lh/planning_with_ROS2_course/install/planning/lib/planning/obs_move_cmd
[44.624s] -- Set non-toolchain portion of runtime path of "/home/lh/planning_with_ROS2_course/install/planning/lib/planning/obs_move_cmd" to ""
[44.628s] -- Installing: /home/lh/planning_with_ROS2_course/install/planning/lib/planning/planning_process
[44.632s] -- Set non-toolchain portion of runtime path of "/home/lh/planning_with_ROS2_course/install/planning/lib/planning/planning_process" to ""
[44.637s] -- Installing: /home/lh/planning_with_ROS2_course/install/planning/lib/libpnc_map_creator.so
[44.639s] -- Set non-toolchain portion of runtime path of "/home/lh/planning_with_ROS2_course/install/planning/lib/libpnc_map_creator.so" to ""
[44.642s] -- Installing: /home/lh/planning_with_ROS2_course/install/planning/lib/planning/pnc_map_server
[44.647s] -- Set non-toolchain portion of runtime path of "/home/lh/planning_with_ROS2_course/install/planning/lib/planning/pnc_map_server" to ""
[44.652s] -- Installing: /home/lh/planning_with_ROS2_course/install/planning/lib/libreference_line.so
[44.652s] -- Set non-toolchain portion of runtime path of "/home/lh/planning_with_ROS2_course/install/planning/lib/libreference_line.so" to ""
[44.658s] -- Installing: /home/lh/planning_with_ROS2_course/install/planning/lib/libvehicle_info.so
[44.659s] -- Set non-toolchain portion of runtime path of "/home/lh/planning_with_ROS2_course/install/planning/lib/libvehicle_info.so" to ""
[44.659s] -- Up-to-date: /home/lh/planning_with_ROS2_course/install/planning/share/planning/config
[44.661s] -- Up-to-date: /home/lh/planning_with_ROS2_course/install/planning/share/planning/config/planning_static_obs_config.yaml
[44.661s] -- Up-to-date: /home/lh/planning_with_ROS2_course/install/planning/share/planning/launch
[44.662s] -- Up-to-date: /home/lh/planning_with_ROS2_course/install/planning/share/planning/launch/planning_launch.py
[44.662s] -- Up-to-date: /home/lh/planning_with_ROS2_course/install/planning/share/planning/urdf
[44.663s] -- Up-to-date: /home/lh/planning_with_ROS2_course/install/planning/share/planning/urdf/main_car
[44.664s] -- Up-to-date: /home/lh/planning_with_ROS2_course/install/planning/share/planning/urdf/main_car/car_wheels.xacro
[44.666s] -- Up-to-date: /home/lh/planning_with_ROS2_course/install/planning/share/planning/urdf/main_car/car_base.xacro
[44.666s] -- Up-to-date: /home/lh/planning_with_ROS2_course/install/planning/share/planning/urdf/main_car/car_camera.xacro
[44.666s] -- Up-to-date: /home/lh/planning_with_ROS2_course/install/planning/share/planning/urdf/main_car/car_radar.xacro
[44.666s] -- Up-to-date: /home/lh/planning_with_ROS2_course/install/planning/share/planning/urdf/main_car/car.xacro
[44.667s] -- Up-to-date: /home/lh/planning_with_ROS2_course/install/planning/share/planning/urdf/obs_person
[44.668s] -- Up-to-date: /home/lh/planning_with_ROS2_course/install/planning/share/planning/urdf/obs_person/obs_person.xacro
[44.668s] -- Up-to-date: /home/lh/planning_with_ROS2_course/install/planning/share/planning/urdf/obs_car
[44.669s] -- Up-to-date: /home/lh/planning_with_ROS2_course/install/planning/share/planning/urdf/obs_car/obs_car.xacro
[44.669s] -- Up-to-date: /home/lh/planning_with_ROS2_course/install/planning/share/planning/urdf/obs_ebike
[44.671s] -- Up-to-date: /home/lh/planning_with_ROS2_course/install/planning/share/planning/urdf/obs_ebike/obs_ebike.xacro
[44.673s] -- Up-to-date: /home/lh/planning_with_ROS2_course/install/planning/share/planning/rviz
[44.673s] -- Up-to-date: /home/lh/planning_with_ROS2_course/install/planning/share/planning/rviz/planning.rviz
[44.674s] -- Up-to-date: /home/lh/planning_with_ROS2_course/install/planning/share/ament_index/resource_index/package_run_dependencies/planning
[44.674s] -- Up-to-date: /home/lh/planning_with_ROS2_course/install/planning/share/ament_index/resource_index/parent_prefix_path/planning
[44.674s] -- Up-to-date: /home/lh/planning_with_ROS2_course/install/planning/share/planning/environment/ament_prefix_path.sh
[44.674s] -- Up-to-date: /home/lh/planning_with_ROS2_course/install/planning/share/planning/environment/ament_prefix_path.dsv
[44.674s] -- Up-to-date: /home/lh/planning_with_ROS2_course/install/planning/share/planning/environment/path.sh
[44.674s] -- Up-to-date: /home/lh/planning_with_ROS2_course/install/planning/share/planning/environment/path.dsv
[44.675s] -- Up-to-date: /home/lh/planning_with_ROS2_course/install/planning/share/planning/local_setup.bash
[44.675s] -- Up-to-date: /home/lh/planning_with_ROS2_course/install/planning/share/planning/local_setup.sh
[44.675s] -- Up-to-date: /home/lh/planning_with_ROS2_course/install/planning/share/planning/local_setup.zsh
[44.675s] -- Up-to-date: /home/lh/planning_with_ROS2_course/install/planning/share/planning/local_setup.dsv
[44.676s] -- Installing: /home/lh/planning_with_ROS2_course/install/planning/share/planning/package.dsv
[44.676s] -- Up-to-date: /home/lh/planning_with_ROS2_course/install/planning/share/ament_index/resource_index/packages/planning
[44.676s] -- Up-to-date: /home/lh/planning_with_ROS2_course/install/planning/share/planning/cmake/planningConfig.cmake
[44.677s] -- Up-to-date: /home/lh/planning_with_ROS2_course/install/planning/share/planning/cmake/planningConfig-version.cmake
[44.677s] -- Up-to-date: /home/lh/planning_with_ROS2_course/install/planning/share/planning/package.xml
[44.682s] Invoked command in '/home/lh/planning_with_ROS2_course/build/planning' returned '0': CMAKE_PREFIX_PATH=/home/lh/planning_with_ROS2_course/install/base_msgs:/home/lh/planning_with_ROS2_course/install/planning:/opt/ros/jazzy/opt/gz_math_vendor:/opt/ros/jazzy/opt/gz_utils_vendor:/opt/ros/jazzy/opt/gz_cmake_vendor:/home/lh/planning_with_ROS2_course/install/data_plot:/opt/ros/jazzy DEBUGINFOD_URLS=https://debuginfod.ubuntu.com LD_LIBRARY_PATH=/home/lh/planning_with_ROS2_course/install/base_msgs/lib:/home/lh/planning_with_ROS2_course/install/planning/lib:/home/lh/planning_with_ROS2_course/install/planning/lib:/home/lh/planning_with_ROS2_course/install/planning/lib:/opt/ros/jazzy/opt/rviz_ogre_vendor/lib:/opt/ros/jazzy/lib/x86_64-linux-gnu:/opt/ros/jazzy/opt/gz_math_vendor/lib:/opt/ros/jazzy/opt/gz_utils_vendor/lib:/opt/ros/jazzy/opt/gz_cmake_vendor/lib:/opt/ros/jazzy/lib PYTHONPATH=/home/lh/planning_with_ROS2_course/install/base_msgs/lib/python3.12/site-packages:/home/lh/planning_with_ROS2_course/install/data_plot/lib/python3.12/site-packages:/opt/ros/jazzy/lib/python3.12/site-packages /usr/bin/cmake --install /home/lh/planning_with_ROS2_course/build/planning
