[2.058s] Invoking command in '/home/lh/planning_with_ROS2_course/src/data_plot': CMAKE_PREFIX_PATH=/home/lh/planning_with_ROS2_course/install/base_msgs:/home/lh/planning_with_ROS2_course/install/planning:/opt/ros/jazzy/opt/gz_math_vendor:/opt/ros/jazzy/opt/gz_utils_vendor:/opt/ros/jazzy/opt/gz_cmake_vendor DEBUGINFOD_URLS=https://debuginfod.ubuntu.com PYTHONPATH=/home/lh/planning_with_ROS2_course/build/data_plot/prefix_override:/usr/lib/python3/dist-packages/colcon_core/task/python/colcon_distutils_commands:/home/lh/planning_with_ROS2_course/install/data_plot/lib/python3.12/site-packages:${PYTHONPATH} /usr/bin/python3 -W ignore:setup.py install is deprecated -W ignore:easy_install command is deprecated setup.py egg_info --egg-base ../../build/data_plot build --build-base /home/lh/planning_with_ROS2_course/build/data_plot/build install --record /home/lh/planning_with_ROS2_course/build/data_plot/install.log --single-version-externally-managed install_data
[2.676s] running egg_info
[2.723s] writing ../../build/data_plot/data_plot.egg-info/PKG-INFO
[2.730s] writing dependency_links to ../../build/data_plot/data_plot.egg-info/dependency_links.txt
[2.730s] writing entry points to ../../build/data_plot/data_plot.egg-info/entry_points.txt
[2.730s] writing requirements to ../../build/data_plot/data_plot.egg-info/requires.txt
[2.732s] writing top-level names to ../../build/data_plot/data_plot.egg-info/top_level.txt
[2.818s] reading manifest file '../../build/data_plot/data_plot.egg-info/SOURCES.txt'
[2.821s] writing manifest file '../../build/data_plot/data_plot.egg-info/SOURCES.txt'
[2.823s] running build
[2.824s] running build_py
[2.825s] running install
[2.840s] running install_lib
[2.892s] running install_data
[2.892s] running install_egg_info
[2.945s] removing '/home/lh/planning_with_ROS2_course/install/data_plot/lib/python3.12/site-packages/data_plot-0.0.0-py3.12.egg-info' (and everything under it)
[2.946s] Copying ../../build/data_plot/data_plot.egg-info to /home/lh/planning_with_ROS2_course/install/data_plot/lib/python3.12/site-packages/data_plot-0.0.0-py3.12.egg-info
[2.947s] running install_scripts
[3.292s] Installing data_plot script to /home/lh/planning_with_ROS2_course/install/data_plot/lib/data_plot
[3.292s] writing list of installed files to '/home/lh/planning_with_ROS2_course/build/data_plot/install.log'
[3.399s] Invoked command in '/home/lh/planning_with_ROS2_course/src/data_plot' returned '0': CMAKE_PREFIX_PATH=/home/lh/planning_with_ROS2_course/install/base_msgs:/home/lh/planning_with_ROS2_course/install/planning:/opt/ros/jazzy/opt/gz_math_vendor:/opt/ros/jazzy/opt/gz_utils_vendor:/opt/ros/jazzy/opt/gz_cmake_vendor DEBUGINFOD_URLS=https://debuginfod.ubuntu.com PYTHONPATH=/home/lh/planning_with_ROS2_course/build/data_plot/prefix_override:/usr/lib/python3/dist-packages/colcon_core/task/python/colcon_distutils_commands:/home/lh/planning_with_ROS2_course/install/data_plot/lib/python3.12/site-packages:${PYTHONPATH} /usr/bin/python3 -W ignore:setup.py install is deprecated -W ignore:easy_install command is deprecated setup.py egg_info --egg-base ../../build/data_plot build --build-base /home/lh/planning_with_ROS2_course/build/data_plot/build install --record /home/lh/planning_with_ROS2_course/build/data_plot/install.log --single-version-externally-managed install_data
