[0.278s] DEBUG:colcon:Command line arguments: ['/usr/bin/colcon', 'build']
[0.279s] DEBUG:colcon:Parsed command line arguments: Namespace(log_base=None, log_level=None, verb_name='build', build_base='build', install_base='install', merge_install=False, symlink_install=False, test_result_base=None, continue_on_error=False, executor='parallel', parallel_workers=16, event_handlers=None, ignore_user_meta=False, metas=['./colcon.meta'], base_paths=['.'], packages_ignore=None, packages_ignore_regex=None, paths=None, packages_up_to=None, packages_up_to_regex=None, packages_above=None, packages_above_and_dependencies=None, packages_above_depth=None, packages_select_by_dep=None, packages_skip_by_dep=None, packages_skip_up_to=None, packages_select_build_failed=False, packages_skip_build_finished=False, packages_select_test_failures=False, packages_skip_test_passed=False, packages_select=None, packages_skip=None, packages_select_regex=None, packages_skip_regex=None, packages_start=None, packages_end=None, allow_overriding=[], cmake_args=None, cmake_target=None, cmake_target_skip_unavailable=False, cmake_clean_cache=False, cmake_clean_first=False, cmake_force_configure=False, ament_cmake_args=None, catkin_cmake_args=None, catkin_skip_building_tests=False, verb_parser=<colcon_defaults.argument_parser.defaults.DefaultArgumentsDecorator object at 0x71b5c2079c40>, verb_extension=<colcon_core.verb.build.BuildVerb object at 0x71b5c2079a90>, main=<bound method BuildVerb.main of <colcon_core.verb.build.BuildVerb object at 0x71b5c2079a90>>)
[0.349s] Level 1:colcon.colcon_core.package_discovery:discover_packages(colcon_meta) check parameters
[0.349s] Level 1:colcon.colcon_core.package_discovery:discover_packages(recursive) check parameters
[0.349s] Level 1:colcon.colcon_core.package_discovery:discover_packages(ignore) check parameters
[0.349s] Level 1:colcon.colcon_core.package_discovery:discover_packages(path) check parameters
[0.349s] Level 1:colcon.colcon_core.package_discovery:discover_packages(colcon_meta) discover
[0.350s] Level 1:colcon.colcon_core.package_discovery:discover_packages(recursive) discover
[0.350s] INFO:colcon.colcon_core.package_discovery:Crawling recursively for packages in '/home/lh/planning_with_ROS2_course'
[0.350s] Level 1:colcon.colcon_core.package_identification:_identify(.) by extensions ['ignore', 'ignore_ament_install']
[0.350s] Level 1:colcon.colcon_core.package_identification:_identify(.) by extension 'ignore'
[0.350s] Level 1:colcon.colcon_core.package_identification:_identify(.) by extension 'ignore_ament_install'
[0.350s] Level 1:colcon.colcon_core.package_identification:_identify(.) by extensions ['colcon_pkg']
[0.350s] Level 1:colcon.colcon_core.package_identification:_identify(.) by extension 'colcon_pkg'
[0.351s] Level 1:colcon.colcon_core.package_identification:_identify(.) by extensions ['colcon_meta']
[0.351s] Level 1:colcon.colcon_core.package_identification:_identify(.) by extension 'colcon_meta'
[0.351s] Level 1:colcon.colcon_core.package_identification:_identify(.) by extensions ['ros']
[0.351s] Level 1:colcon.colcon_core.package_identification:_identify(.) by extension 'ros'
[0.403s] Level 1:colcon.colcon_core.package_identification:_identify(.) by extensions ['cmake', 'python']
[0.403s] Level 1:colcon.colcon_core.package_identification:_identify(.) by extension 'cmake'
[0.403s] Level 1:colcon.colcon_core.package_identification:_identify(.) by extension 'python'
[0.403s] Level 1:colcon.colcon_core.package_identification:_identify(.) by extensions ['python_setup_py']
[0.403s] Level 1:colcon.colcon_core.package_identification:_identify(.) by extension 'python_setup_py'
[0.403s] Level 1:colcon.colcon_core.package_identification:_identify(build) by extensions ['ignore', 'ignore_ament_install']
[0.404s] Level 1:colcon.colcon_core.package_identification:_identify(build) by extension 'ignore'
[0.404s] Level 1:colcon.colcon_core.package_identification:_identify(build) ignored
[0.404s] Level 1:colcon.colcon_core.package_identification:_identify(doc) by extensions ['ignore', 'ignore_ament_install']
[0.404s] Level 1:colcon.colcon_core.package_identification:_identify(doc) by extension 'ignore'
[0.404s] Level 1:colcon.colcon_core.package_identification:_identify(doc) by extension 'ignore_ament_install'
[0.405s] Level 1:colcon.colcon_core.package_identification:_identify(doc) by extensions ['colcon_pkg']
[0.405s] Level 1:colcon.colcon_core.package_identification:_identify(doc) by extension 'colcon_pkg'
[0.405s] Level 1:colcon.colcon_core.package_identification:_identify(doc) by extensions ['colcon_meta']
[0.405s] Level 1:colcon.colcon_core.package_identification:_identify(doc) by extension 'colcon_meta'
[0.405s] Level 1:colcon.colcon_core.package_identification:_identify(doc) by extensions ['ros']
[0.405s] Level 1:colcon.colcon_core.package_identification:_identify(doc) by extension 'ros'
[0.405s] Level 1:colcon.colcon_core.package_identification:_identify(doc) by extensions ['cmake', 'python']
[0.405s] Level 1:colcon.colcon_core.package_identification:_identify(doc) by extension 'cmake'
[0.405s] Level 1:colcon.colcon_core.package_identification:_identify(doc) by extension 'python'
[0.405s] Level 1:colcon.colcon_core.package_identification:_identify(doc) by extensions ['python_setup_py']
[0.405s] Level 1:colcon.colcon_core.package_identification:_identify(doc) by extension 'python_setup_py'
[0.406s] Level 1:colcon.colcon_core.package_identification:_identify(install) by extensions ['ignore', 'ignore_ament_install']
[0.406s] Level 1:colcon.colcon_core.package_identification:_identify(install) by extension 'ignore'
[0.406s] Level 1:colcon.colcon_core.package_identification:_identify(install) ignored
[0.406s] Level 1:colcon.colcon_core.package_identification:_identify(log) by extensions ['ignore', 'ignore_ament_install']
[0.407s] Level 1:colcon.colcon_core.package_identification:_identify(log) by extension 'ignore'
[0.407s] Level 1:colcon.colcon_core.package_identification:_identify(log) ignored
[0.407s] Level 1:colcon.colcon_core.package_identification:_identify(src) by extensions ['ignore', 'ignore_ament_install']
[0.407s] Level 1:colcon.colcon_core.package_identification:_identify(src) by extension 'ignore'
[0.407s] Level 1:colcon.colcon_core.package_identification:_identify(src) by extension 'ignore_ament_install'
[0.407s] Level 1:colcon.colcon_core.package_identification:_identify(src) by extensions ['colcon_pkg']
[0.407s] Level 1:colcon.colcon_core.package_identification:_identify(src) by extension 'colcon_pkg'
[0.408s] Level 1:colcon.colcon_core.package_identification:_identify(src) by extensions ['colcon_meta']
[0.408s] Level 1:colcon.colcon_core.package_identification:_identify(src) by extension 'colcon_meta'
[0.408s] Level 1:colcon.colcon_core.package_identification:_identify(src) by extensions ['ros']
[0.408s] Level 1:colcon.colcon_core.package_identification:_identify(src) by extension 'ros'
[0.408s] Level 1:colcon.colcon_core.package_identification:_identify(src) by extensions ['cmake', 'python']
[0.408s] Level 1:colcon.colcon_core.package_identification:_identify(src) by extension 'cmake'
[0.408s] Level 1:colcon.colcon_core.package_identification:_identify(src) by extension 'python'
[0.408s] Level 1:colcon.colcon_core.package_identification:_identify(src) by extensions ['python_setup_py']
[0.408s] Level 1:colcon.colcon_core.package_identification:_identify(src) by extension 'python_setup_py'
[0.409s] Level 1:colcon.colcon_core.package_identification:_identify(src/base_msgs) by extensions ['ignore', 'ignore_ament_install']
[0.409s] Level 1:colcon.colcon_core.package_identification:_identify(src/base_msgs) by extension 'ignore'
[0.409s] Level 1:colcon.colcon_core.package_identification:_identify(src/base_msgs) by extension 'ignore_ament_install'
[0.409s] Level 1:colcon.colcon_core.package_identification:_identify(src/base_msgs) by extensions ['colcon_pkg']
[0.409s] Level 1:colcon.colcon_core.package_identification:_identify(src/base_msgs) by extension 'colcon_pkg'
[0.409s] Level 1:colcon.colcon_core.package_identification:_identify(src/base_msgs) by extensions ['colcon_meta']
[0.409s] Level 1:colcon.colcon_core.package_identification:_identify(src/base_msgs) by extension 'colcon_meta'
[0.409s] Level 1:colcon.colcon_core.package_identification:_identify(src/base_msgs) by extensions ['ros']
[0.409s] Level 1:colcon.colcon_core.package_identification:_identify(src/base_msgs) by extension 'ros'
[0.415s] DEBUG:colcon.colcon_core.package_identification:Package 'src/base_msgs' with type 'ros.ament_cmake' and name 'base_msgs'
[0.415s] Level 1:colcon.colcon_core.package_identification:_identify(src/data_plot) by extensions ['ignore', 'ignore_ament_install']
[0.415s] Level 1:colcon.colcon_core.package_identification:_identify(src/data_plot) by extension 'ignore'
[0.415s] Level 1:colcon.colcon_core.package_identification:_identify(src/data_plot) by extension 'ignore_ament_install'
[0.415s] Level 1:colcon.colcon_core.package_identification:_identify(src/data_plot) by extensions ['colcon_pkg']
[0.415s] Level 1:colcon.colcon_core.package_identification:_identify(src/data_plot) by extension 'colcon_pkg'
[0.415s] Level 1:colcon.colcon_core.package_identification:_identify(src/data_plot) by extensions ['colcon_meta']
[0.416s] Level 1:colcon.colcon_core.package_identification:_identify(src/data_plot) by extension 'colcon_meta'
[0.416s] Level 1:colcon.colcon_core.package_identification:_identify(src/data_plot) by extensions ['ros']
[0.416s] Level 1:colcon.colcon_core.package_identification:_identify(src/data_plot) by extension 'ros'
[0.416s] DEBUG:colcon.colcon_core.package_identification:Package 'src/data_plot' with type 'ros.ament_python' and name 'data_plot'
[0.417s] Level 1:colcon.colcon_core.package_identification:_identify(src/planning) by extensions ['ignore', 'ignore_ament_install']
[0.417s] Level 1:colcon.colcon_core.package_identification:_identify(src/planning) by extension 'ignore'
[0.417s] Level 1:colcon.colcon_core.package_identification:_identify(src/planning) by extension 'ignore_ament_install'
[0.417s] Level 1:colcon.colcon_core.package_identification:_identify(src/planning) by extensions ['colcon_pkg']
[0.417s] Level 1:colcon.colcon_core.package_identification:_identify(src/planning) by extension 'colcon_pkg'
[0.417s] Level 1:colcon.colcon_core.package_identification:_identify(src/planning) by extensions ['colcon_meta']
[0.417s] Level 1:colcon.colcon_core.package_identification:_identify(src/planning) by extension 'colcon_meta'
[0.417s] Level 1:colcon.colcon_core.package_identification:_identify(src/planning) by extensions ['ros']
[0.417s] Level 1:colcon.colcon_core.package_identification:_identify(src/planning) by extension 'ros'
[0.419s] DEBUG:colcon.colcon_core.package_identification:Package 'src/planning' with type 'ros.ament_cmake' and name 'planning'
[0.419s] Level 1:colcon.colcon_core.package_discovery:discover_packages(recursive) using defaults
[0.419s] Level 1:colcon.colcon_core.package_discovery:discover_packages(ignore) discover
[0.419s] Level 1:colcon.colcon_core.package_discovery:discover_packages(ignore) using defaults
[0.419s] Level 1:colcon.colcon_core.package_discovery:discover_packages(path) discover
[0.420s] Level 1:colcon.colcon_core.package_discovery:discover_packages(path) using defaults
[0.471s] Level 1:colcon.colcon_core.package_discovery:discover_packages(prefix_path) check parameters
[0.471s] Level 1:colcon.colcon_core.package_discovery:discover_packages(prefix_path) discover
[0.478s] DEBUG:colcon.colcon_installed_package_information.package_discovery:Found 3 installed packages in /home/lh/planning_with_ROS2_course/install
[0.481s] DEBUG:colcon.colcon_installed_package_information.package_discovery:Found 290 installed packages in /opt/ros/jazzy
[0.483s] Level 1:colcon.colcon_core.package_discovery:discover_packages(prefix_path) using defaults
[0.569s] Level 5:colcon.colcon_core.verb:set package 'base_msgs' build argument 'cmake_args' from command line to 'None'
[0.570s] Level 5:colcon.colcon_core.verb:set package 'base_msgs' build argument 'cmake_target' from command line to 'None'
[0.570s] Level 5:colcon.colcon_core.verb:set package 'base_msgs' build argument 'cmake_target_skip_unavailable' from command line to 'False'
[0.570s] Level 5:colcon.colcon_core.verb:set package 'base_msgs' build argument 'cmake_clean_cache' from command line to 'False'
[0.570s] Level 5:colcon.colcon_core.verb:set package 'base_msgs' build argument 'cmake_clean_first' from command line to 'False'
[0.570s] Level 5:colcon.colcon_core.verb:set package 'base_msgs' build argument 'cmake_force_configure' from command line to 'False'
[0.570s] Level 5:colcon.colcon_core.verb:set package 'base_msgs' build argument 'ament_cmake_args' from command line to 'None'
[0.570s] Level 5:colcon.colcon_core.verb:set package 'base_msgs' build argument 'catkin_cmake_args' from command line to 'None'
[0.570s] Level 5:colcon.colcon_core.verb:set package 'base_msgs' build argument 'catkin_skip_building_tests' from command line to 'False'
[0.570s] DEBUG:colcon.colcon_core.verb:Building package 'base_msgs' with the following arguments: {'ament_cmake_args': None, 'build_base': '/home/lh/planning_with_ROS2_course/build/base_msgs', 'catkin_cmake_args': None, 'catkin_skip_building_tests': False, 'cmake_args': None, 'cmake_clean_cache': False, 'cmake_clean_first': False, 'cmake_force_configure': False, 'cmake_target': None, 'cmake_target_skip_unavailable': False, 'install_base': '/home/lh/planning_with_ROS2_course/install/base_msgs', 'merge_install': False, 'path': '/home/lh/planning_with_ROS2_course/src/base_msgs', 'symlink_install': False, 'test_result_base': None}
[0.571s] Level 5:colcon.colcon_core.verb:set package 'data_plot' build argument 'cmake_args' from command line to 'None'
[0.571s] Level 5:colcon.colcon_core.verb:set package 'data_plot' build argument 'cmake_target' from command line to 'None'
[0.571s] Level 5:colcon.colcon_core.verb:set package 'data_plot' build argument 'cmake_target_skip_unavailable' from command line to 'False'
[0.571s] Level 5:colcon.colcon_core.verb:set package 'data_plot' build argument 'cmake_clean_cache' from command line to 'False'
[0.571s] Level 5:colcon.colcon_core.verb:set package 'data_plot' build argument 'cmake_clean_first' from command line to 'False'
[0.571s] Level 5:colcon.colcon_core.verb:set package 'data_plot' build argument 'cmake_force_configure' from command line to 'False'
[0.571s] Level 5:colcon.colcon_core.verb:set package 'data_plot' build argument 'ament_cmake_args' from command line to 'None'
[0.571s] Level 5:colcon.colcon_core.verb:set package 'data_plot' build argument 'catkin_cmake_args' from command line to 'None'
[0.571s] Level 5:colcon.colcon_core.verb:set package 'data_plot' build argument 'catkin_skip_building_tests' from command line to 'False'
[0.572s] DEBUG:colcon.colcon_core.verb:Building package 'data_plot' with the following arguments: {'ament_cmake_args': None, 'build_base': '/home/lh/planning_with_ROS2_course/build/data_plot', 'catkin_cmake_args': None, 'catkin_skip_building_tests': False, 'cmake_args': None, 'cmake_clean_cache': False, 'cmake_clean_first': False, 'cmake_force_configure': False, 'cmake_target': None, 'cmake_target_skip_unavailable': False, 'install_base': '/home/lh/planning_with_ROS2_course/install/data_plot', 'merge_install': False, 'path': '/home/lh/planning_with_ROS2_course/src/data_plot', 'symlink_install': False, 'test_result_base': None}
[0.572s] Level 5:colcon.colcon_core.verb:set package 'planning' build argument 'cmake_args' from command line to 'None'
[0.572s] Level 5:colcon.colcon_core.verb:set package 'planning' build argument 'cmake_target' from command line to 'None'
[0.572s] Level 5:colcon.colcon_core.verb:set package 'planning' build argument 'cmake_target_skip_unavailable' from command line to 'False'
[0.573s] Level 5:colcon.colcon_core.verb:set package 'planning' build argument 'cmake_clean_cache' from command line to 'False'
[0.573s] Level 5:colcon.colcon_core.verb:set package 'planning' build argument 'cmake_clean_first' from command line to 'False'
[0.573s] Level 5:colcon.colcon_core.verb:set package 'planning' build argument 'cmake_force_configure' from command line to 'False'
[0.573s] Level 5:colcon.colcon_core.verb:set package 'planning' build argument 'ament_cmake_args' from command line to 'None'
[0.573s] Level 5:colcon.colcon_core.verb:set package 'planning' build argument 'catkin_cmake_args' from command line to 'None'
[0.573s] Level 5:colcon.colcon_core.verb:set package 'planning' build argument 'catkin_skip_building_tests' from command line to 'False'
[0.573s] DEBUG:colcon.colcon_core.verb:Building package 'planning' with the following arguments: {'ament_cmake_args': None, 'build_base': '/home/lh/planning_with_ROS2_course/build/planning', 'catkin_cmake_args': None, 'catkin_skip_building_tests': False, 'cmake_args': None, 'cmake_clean_cache': False, 'cmake_clean_first': False, 'cmake_force_configure': False, 'cmake_target': None, 'cmake_target_skip_unavailable': False, 'install_base': '/home/lh/planning_with_ROS2_course/install/planning', 'merge_install': False, 'path': '/home/lh/planning_with_ROS2_course/src/planning', 'symlink_install': False, 'test_result_base': None}
[0.573s] INFO:colcon.colcon_core.executor:Executing jobs using 'parallel' executor
[0.576s] DEBUG:colcon.colcon_parallel_executor.executor.parallel:run_until_complete
[0.576s] INFO:colcon.colcon_ros.task.ament_cmake.build:Building ROS package in '/home/lh/planning_with_ROS2_course/src/base_msgs' with build type 'ament_cmake'
[0.576s] INFO:colcon.colcon_cmake.task.cmake.build:Building CMake package in '/home/lh/planning_with_ROS2_course/src/base_msgs'
[0.584s] INFO:colcon.colcon_core.plugin_system:Skipping extension 'colcon_core.shell.bat': Not used on non-Windows systems
[0.584s] INFO:colcon.colcon_core.shell:Skip shell extension 'powershell' for command environment: Not usable outside of PowerShell
[0.584s] DEBUG:colcon.colcon_core.shell:Skip shell extension 'dsv' for command environment
[0.605s] DEBUG:colcon.colcon_core.event_handler.log_command:Invoking command in '/home/lh/planning_with_ROS2_course/build/base_msgs': CMAKE_PREFIX_PATH=${CMAKE_PREFIX_PATH}:/home/lh/planning_with_ROS2_course/install/data_plot:/opt/ros/jazzy DEBUGINFOD_URLS=https://debuginfod.ubuntu.com /usr/bin/cmake --build /home/lh/planning_with_ROS2_course/build/base_msgs -- -j16 -l16
[1.585s] DEBUG:colcon.colcon_core.event_handler.log_command:Invoked command in '/home/lh/planning_with_ROS2_course/build/base_msgs' returned '0': CMAKE_PREFIX_PATH=${CMAKE_PREFIX_PATH}:/home/lh/planning_with_ROS2_course/install/data_plot:/opt/ros/jazzy DEBUGINFOD_URLS=https://debuginfod.ubuntu.com /usr/bin/cmake --build /home/lh/planning_with_ROS2_course/build/base_msgs -- -j16 -l16
[1.617s] DEBUG:colcon.colcon_core.event_handler.log_command:Invoking command in '/home/lh/planning_with_ROS2_course/build/base_msgs': CMAKE_PREFIX_PATH=${CMAKE_PREFIX_PATH}:/home/lh/planning_with_ROS2_course/install/data_plot:/opt/ros/jazzy DEBUGINFOD_URLS=https://debuginfod.ubuntu.com /usr/bin/cmake --install /home/lh/planning_with_ROS2_course/build/base_msgs
[1.836s] Level 1:colcon.colcon_core.environment:create_environment_scripts_only(base_msgs)
[1.838s] DEBUG:colcon.colcon_core.event_handler.log_command:Invoked command in '/home/lh/planning_with_ROS2_course/build/base_msgs' returned '0': CMAKE_PREFIX_PATH=${CMAKE_PREFIX_PATH}:/home/lh/planning_with_ROS2_course/install/data_plot:/opt/ros/jazzy DEBUGINFOD_URLS=https://debuginfod.ubuntu.com /usr/bin/cmake --install /home/lh/planning_with_ROS2_course/build/base_msgs
[1.850s] Level 1:colcon.colcon_core.environment:checking '/home/lh/planning_with_ROS2_course/install/base_msgs' for CMake module files
[1.852s] Level 1:colcon.colcon_core.environment:checking '/home/lh/planning_with_ROS2_course/install/base_msgs' for CMake config files
[1.853s] Level 1:colcon.colcon_core.shell:create_environment_hook('base_msgs', 'cmake_prefix_path')
[1.853s] INFO:colcon.colcon_core.shell:Creating environment hook '/home/lh/planning_with_ROS2_course/install/base_msgs/share/base_msgs/hook/cmake_prefix_path.ps1'
[1.854s] INFO:colcon.colcon_core.shell:Creating environment descriptor '/home/lh/planning_with_ROS2_course/install/base_msgs/share/base_msgs/hook/cmake_prefix_path.dsv'
[1.856s] INFO:colcon.colcon_core.shell:Creating environment hook '/home/lh/planning_with_ROS2_course/install/base_msgs/share/base_msgs/hook/cmake_prefix_path.sh'
[1.858s] Level 1:colcon.colcon_core.environment:checking '/home/lh/planning_with_ROS2_course/install/base_msgs/lib'
[1.858s] Level 1:colcon.colcon_core.shell:create_environment_hook('base_msgs', 'ld_library_path_lib')
[1.858s] INFO:colcon.colcon_core.shell:Creating environment hook '/home/lh/planning_with_ROS2_course/install/base_msgs/share/base_msgs/hook/ld_library_path_lib.ps1'
[1.859s] INFO:colcon.colcon_core.shell:Creating environment descriptor '/home/lh/planning_with_ROS2_course/install/base_msgs/share/base_msgs/hook/ld_library_path_lib.dsv'
[1.860s] INFO:colcon.colcon_core.shell:Creating environment hook '/home/lh/planning_with_ROS2_course/install/base_msgs/share/base_msgs/hook/ld_library_path_lib.sh'
[1.861s] Level 1:colcon.colcon_core.environment:checking '/home/lh/planning_with_ROS2_course/install/base_msgs/bin'
[1.861s] Level 1:colcon.colcon_core.environment:checking '/home/lh/planning_with_ROS2_course/install/base_msgs/lib/pkgconfig/base_msgs.pc'
[1.861s] Level 1:colcon.colcon_core.environment:checking '/home/lh/planning_with_ROS2_course/install/base_msgs/lib/python3.12/site-packages'
[1.862s] Level 1:colcon.colcon_core.shell:create_environment_hook('base_msgs', 'pythonpath')
[1.862s] INFO:colcon.colcon_core.shell:Creating environment hook '/home/lh/planning_with_ROS2_course/install/base_msgs/share/base_msgs/hook/pythonpath.ps1'
[1.863s] INFO:colcon.colcon_core.shell:Creating environment descriptor '/home/lh/planning_with_ROS2_course/install/base_msgs/share/base_msgs/hook/pythonpath.dsv'
[1.864s] INFO:colcon.colcon_core.shell:Creating environment hook '/home/lh/planning_with_ROS2_course/install/base_msgs/share/base_msgs/hook/pythonpath.sh'
[1.865s] Level 1:colcon.colcon_core.environment:checking '/home/lh/planning_with_ROS2_course/install/base_msgs/bin'
[1.866s] INFO:colcon.colcon_core.shell:Creating package script '/home/lh/planning_with_ROS2_course/install/base_msgs/share/base_msgs/package.ps1'
[1.867s] INFO:colcon.colcon_core.shell:Creating package descriptor '/home/lh/planning_with_ROS2_course/install/base_msgs/share/base_msgs/package.dsv'
[1.868s] INFO:colcon.colcon_core.shell:Creating package script '/home/lh/planning_with_ROS2_course/install/base_msgs/share/base_msgs/package.sh'
[1.870s] INFO:colcon.colcon_core.shell:Creating package script '/home/lh/planning_with_ROS2_course/install/base_msgs/share/base_msgs/package.bash'
[1.871s] INFO:colcon.colcon_core.shell:Creating package script '/home/lh/planning_with_ROS2_course/install/base_msgs/share/base_msgs/package.zsh'
[1.873s] Level 1:colcon.colcon_core.environment:create_file_with_runtime_dependencies(/home/lh/planning_with_ROS2_course/install/base_msgs/share/colcon-core/packages/base_msgs)
[1.875s] Level 1:colcon.colcon_core.environment:create_environment_scripts_only(base_msgs)
[1.875s] Level 1:colcon.colcon_core.environment:checking '/home/lh/planning_with_ROS2_course/install/base_msgs' for CMake module files
[1.876s] Level 1:colcon.colcon_core.environment:checking '/home/lh/planning_with_ROS2_course/install/base_msgs' for CMake config files
[1.877s] Level 1:colcon.colcon_core.shell:create_environment_hook('base_msgs', 'cmake_prefix_path')
[1.877s] INFO:colcon.colcon_core.shell:Creating environment hook '/home/lh/planning_with_ROS2_course/install/base_msgs/share/base_msgs/hook/cmake_prefix_path.ps1'
[1.878s] INFO:colcon.colcon_core.shell:Creating environment descriptor '/home/lh/planning_with_ROS2_course/install/base_msgs/share/base_msgs/hook/cmake_prefix_path.dsv'
[1.879s] INFO:colcon.colcon_core.shell:Creating environment hook '/home/lh/planning_with_ROS2_course/install/base_msgs/share/base_msgs/hook/cmake_prefix_path.sh'
[1.880s] Level 1:colcon.colcon_core.environment:checking '/home/lh/planning_with_ROS2_course/install/base_msgs/lib'
[1.880s] Level 1:colcon.colcon_core.shell:create_environment_hook('base_msgs', 'ld_library_path_lib')
[1.881s] INFO:colcon.colcon_core.shell:Creating environment hook '/home/lh/planning_with_ROS2_course/install/base_msgs/share/base_msgs/hook/ld_library_path_lib.ps1'
[1.882s] INFO:colcon.colcon_core.shell:Creating environment descriptor '/home/lh/planning_with_ROS2_course/install/base_msgs/share/base_msgs/hook/ld_library_path_lib.dsv'
[1.884s] INFO:colcon.colcon_core.shell:Creating environment hook '/home/lh/planning_with_ROS2_course/install/base_msgs/share/base_msgs/hook/ld_library_path_lib.sh'
[1.885s] Level 1:colcon.colcon_core.environment:checking '/home/lh/planning_with_ROS2_course/install/base_msgs/bin'
[1.885s] Level 1:colcon.colcon_core.environment:checking '/home/lh/planning_with_ROS2_course/install/base_msgs/lib/pkgconfig/base_msgs.pc'
[1.885s] Level 1:colcon.colcon_core.environment:checking '/home/lh/planning_with_ROS2_course/install/base_msgs/lib/python3.12/site-packages'
[1.886s] Level 1:colcon.colcon_core.shell:create_environment_hook('base_msgs', 'pythonpath')
[1.886s] INFO:colcon.colcon_core.shell:Creating environment hook '/home/lh/planning_with_ROS2_course/install/base_msgs/share/base_msgs/hook/pythonpath.ps1'
[1.887s] INFO:colcon.colcon_core.shell:Creating environment descriptor '/home/lh/planning_with_ROS2_course/install/base_msgs/share/base_msgs/hook/pythonpath.dsv'
[1.888s] INFO:colcon.colcon_core.shell:Creating environment hook '/home/lh/planning_with_ROS2_course/install/base_msgs/share/base_msgs/hook/pythonpath.sh'
[1.889s] Level 1:colcon.colcon_core.environment:checking '/home/lh/planning_with_ROS2_course/install/base_msgs/bin'
[1.890s] INFO:colcon.colcon_core.shell:Creating package script '/home/lh/planning_with_ROS2_course/install/base_msgs/share/base_msgs/package.ps1'
[1.891s] INFO:colcon.colcon_core.shell:Creating package descriptor '/home/lh/planning_with_ROS2_course/install/base_msgs/share/base_msgs/package.dsv'
[1.893s] INFO:colcon.colcon_core.shell:Creating package script '/home/lh/planning_with_ROS2_course/install/base_msgs/share/base_msgs/package.sh'
[1.894s] INFO:colcon.colcon_core.shell:Creating package script '/home/lh/planning_with_ROS2_course/install/base_msgs/share/base_msgs/package.bash'
[1.895s] INFO:colcon.colcon_core.shell:Creating package script '/home/lh/planning_with_ROS2_course/install/base_msgs/share/base_msgs/package.zsh'
[1.896s] Level 1:colcon.colcon_core.environment:create_file_with_runtime_dependencies(/home/lh/planning_with_ROS2_course/install/base_msgs/share/colcon-core/packages/base_msgs)
[1.898s] INFO:colcon.colcon_ros.task.ament_python.build:Building ROS package in '/home/lh/planning_with_ROS2_course/src/data_plot' with build type 'ament_python'
[1.898s] Level 1:colcon.colcon_core.shell:create_environment_hook('data_plot', 'ament_prefix_path')
[1.899s] INFO:colcon.colcon_core.shell:Creating environment hook '/home/lh/planning_with_ROS2_course/install/data_plot/share/data_plot/hook/ament_prefix_path.ps1'
[1.901s] INFO:colcon.colcon_core.shell:Creating environment descriptor '/home/lh/planning_with_ROS2_course/install/data_plot/share/data_plot/hook/ament_prefix_path.dsv'
[1.902s] INFO:colcon.colcon_core.shell:Creating environment hook '/home/lh/planning_with_ROS2_course/install/data_plot/share/data_plot/hook/ament_prefix_path.sh'
[1.904s] INFO:colcon.colcon_core.shell:Skip shell extension 'powershell' for command environment: Not usable outside of PowerShell
[1.904s] DEBUG:colcon.colcon_core.shell:Skip shell extension 'dsv' for command environment
[1.912s] INFO:colcon.colcon_ros.task.ament_cmake.build:Building ROS package in '/home/lh/planning_with_ROS2_course/src/planning' with build type 'ament_cmake'
[1.913s] INFO:colcon.colcon_cmake.task.cmake.build:Building CMake package in '/home/lh/planning_with_ROS2_course/src/planning'
[1.913s] INFO:colcon.colcon_core.shell:Skip shell extension 'powershell' for command environment: Not usable outside of PowerShell
[1.913s] DEBUG:colcon.colcon_core.shell:Skip shell extension 'dsv' for command environment
[2.433s] INFO:colcon.colcon_core.task.python.build:Building Python package in '/home/lh/planning_with_ROS2_course/src/data_plot'
[2.433s] INFO:colcon.colcon_core.shell:Skip shell extension 'powershell' for command environment: Not usable outside of PowerShell
[2.434s] DEBUG:colcon.colcon_core.shell:Skip shell extension 'dsv' for command environment
[2.449s] DEBUG:colcon.colcon_core.event_handler.log_command:Invoking command in '/home/lh/planning_with_ROS2_course/build/planning': CMAKE_PREFIX_PATH=/home/lh/planning_with_ROS2_course/install/base_msgs:/home/lh/planning_with_ROS2_course/install/planning:/opt/ros/jazzy/opt/gz_math_vendor:/opt/ros/jazzy/opt/gz_utils_vendor:/opt/ros/jazzy/opt/gz_cmake_vendor:/home/lh/planning_with_ROS2_course/install/data_plot:/opt/ros/jazzy DEBUGINFOD_URLS=https://debuginfod.ubuntu.com LD_LIBRARY_PATH=/home/lh/planning_with_ROS2_course/install/base_msgs/lib:/home/lh/planning_with_ROS2_course/install/planning/lib:/home/lh/planning_with_ROS2_course/install/planning/lib:/home/lh/planning_with_ROS2_course/install/planning/lib:/opt/ros/jazzy/opt/rviz_ogre_vendor/lib:/opt/ros/jazzy/lib/x86_64-linux-gnu:/opt/ros/jazzy/opt/gz_math_vendor/lib:/opt/ros/jazzy/opt/gz_utils_vendor/lib:/opt/ros/jazzy/opt/gz_cmake_vendor/lib:/opt/ros/jazzy/lib PYTHONPATH=/home/lh/planning_with_ROS2_course/install/base_msgs/lib/python3.12/site-packages:/home/lh/planning_with_ROS2_course/install/data_plot/lib/python3.12/site-packages:/opt/ros/jazzy/lib/python3.12/site-packages /usr/bin/cmake --build /home/lh/planning_with_ROS2_course/build/planning -- -j16 -l16
[2.981s] DEBUG:colcon.colcon_core.event_handler.log_command:Invoked command in '/home/lh/planning_with_ROS2_course/build/planning' returned '0': CMAKE_PREFIX_PATH=/home/lh/planning_with_ROS2_course/install/base_msgs:/home/lh/planning_with_ROS2_course/install/planning:/opt/ros/jazzy/opt/gz_math_vendor:/opt/ros/jazzy/opt/gz_utils_vendor:/opt/ros/jazzy/opt/gz_cmake_vendor:/home/lh/planning_with_ROS2_course/install/data_plot:/opt/ros/jazzy DEBUGINFOD_URLS=https://debuginfod.ubuntu.com LD_LIBRARY_PATH=/home/lh/planning_with_ROS2_course/install/base_msgs/lib:/home/lh/planning_with_ROS2_course/install/planning/lib:/home/lh/planning_with_ROS2_course/install/planning/lib:/home/lh/planning_with_ROS2_course/install/planning/lib:/opt/ros/jazzy/opt/rviz_ogre_vendor/lib:/opt/ros/jazzy/lib/x86_64-linux-gnu:/opt/ros/jazzy/opt/gz_math_vendor/lib:/opt/ros/jazzy/opt/gz_utils_vendor/lib:/opt/ros/jazzy/opt/gz_cmake_vendor/lib:/opt/ros/jazzy/lib PYTHONPATH=/home/lh/planning_with_ROS2_course/install/base_msgs/lib/python3.12/site-packages:/home/lh/planning_with_ROS2_course/install/data_plot/lib/python3.12/site-packages:/opt/ros/jazzy/lib/python3.12/site-packages /usr/bin/cmake --build /home/lh/planning_with_ROS2_course/build/planning -- -j16 -l16
[2.987s] DEBUG:colcon.colcon_core.event_handler.log_command:Invoking command in '/home/lh/planning_with_ROS2_course/build/planning': CMAKE_PREFIX_PATH=/home/lh/planning_with_ROS2_course/install/base_msgs:/home/lh/planning_with_ROS2_course/install/planning:/opt/ros/jazzy/opt/gz_math_vendor:/opt/ros/jazzy/opt/gz_utils_vendor:/opt/ros/jazzy/opt/gz_cmake_vendor:/home/lh/planning_with_ROS2_course/install/data_plot:/opt/ros/jazzy DEBUGINFOD_URLS=https://debuginfod.ubuntu.com LD_LIBRARY_PATH=/home/lh/planning_with_ROS2_course/install/base_msgs/lib:/home/lh/planning_with_ROS2_course/install/planning/lib:/home/lh/planning_with_ROS2_course/install/planning/lib:/home/lh/planning_with_ROS2_course/install/planning/lib:/opt/ros/jazzy/opt/rviz_ogre_vendor/lib:/opt/ros/jazzy/lib/x86_64-linux-gnu:/opt/ros/jazzy/opt/gz_math_vendor/lib:/opt/ros/jazzy/opt/gz_utils_vendor/lib:/opt/ros/jazzy/opt/gz_cmake_vendor/lib:/opt/ros/jazzy/lib PYTHONPATH=/home/lh/planning_with_ROS2_course/install/base_msgs/lib/python3.12/site-packages:/home/lh/planning_with_ROS2_course/install/data_plot/lib/python3.12/site-packages:/opt/ros/jazzy/lib/python3.12/site-packages /usr/bin/cmake --install /home/lh/planning_with_ROS2_course/build/planning
[3.043s] Level 1:colcon.colcon_core.environment:create_environment_scripts_only(planning)
[3.043s] DEBUG:colcon.colcon_core.event_handler.log_command:Invoked command in '/home/lh/planning_with_ROS2_course/build/planning' returned '0': CMAKE_PREFIX_PATH=/home/lh/planning_with_ROS2_course/install/base_msgs:/home/lh/planning_with_ROS2_course/install/planning:/opt/ros/jazzy/opt/gz_math_vendor:/opt/ros/jazzy/opt/gz_utils_vendor:/opt/ros/jazzy/opt/gz_cmake_vendor:/home/lh/planning_with_ROS2_course/install/data_plot:/opt/ros/jazzy DEBUGINFOD_URLS=https://debuginfod.ubuntu.com LD_LIBRARY_PATH=/home/lh/planning_with_ROS2_course/install/base_msgs/lib:/home/lh/planning_with_ROS2_course/install/planning/lib:/home/lh/planning_with_ROS2_course/install/planning/lib:/home/lh/planning_with_ROS2_course/install/planning/lib:/opt/ros/jazzy/opt/rviz_ogre_vendor/lib:/opt/ros/jazzy/lib/x86_64-linux-gnu:/opt/ros/jazzy/opt/gz_math_vendor/lib:/opt/ros/jazzy/opt/gz_utils_vendor/lib:/opt/ros/jazzy/opt/gz_cmake_vendor/lib:/opt/ros/jazzy/lib PYTHONPATH=/home/lh/planning_with_ROS2_course/install/base_msgs/lib/python3.12/site-packages:/home/lh/planning_with_ROS2_course/install/data_plot/lib/python3.12/site-packages:/opt/ros/jazzy/lib/python3.12/site-packages /usr/bin/cmake --install /home/lh/planning_with_ROS2_course/build/planning
[3.044s] Level 1:colcon.colcon_core.environment:checking '/home/lh/planning_with_ROS2_course/install/planning' for CMake module files
[3.045s] Level 1:colcon.colcon_core.environment:checking '/home/lh/planning_with_ROS2_course/install/planning' for CMake config files
[3.046s] Level 1:colcon.colcon_core.shell:create_environment_hook('planning', 'cmake_prefix_path')
[3.046s] INFO:colcon.colcon_core.shell:Creating environment hook '/home/lh/planning_with_ROS2_course/install/planning/share/planning/hook/cmake_prefix_path.ps1'
[3.047s] INFO:colcon.colcon_core.shell:Creating environment descriptor '/home/lh/planning_with_ROS2_course/install/planning/share/planning/hook/cmake_prefix_path.dsv'
[3.048s] INFO:colcon.colcon_core.shell:Creating environment hook '/home/lh/planning_with_ROS2_course/install/planning/share/planning/hook/cmake_prefix_path.sh'
[3.049s] Level 1:colcon.colcon_core.environment:checking '/home/lh/planning_with_ROS2_course/install/planning/lib'
[3.049s] Level 1:colcon.colcon_core.shell:create_environment_hook('planning', 'ld_library_path_lib')
[3.049s] INFO:colcon.colcon_core.shell:Creating environment hook '/home/lh/planning_with_ROS2_course/install/planning/share/planning/hook/ld_library_path_lib.ps1'
[3.051s] INFO:colcon.colcon_core.shell:Creating environment descriptor '/home/lh/planning_with_ROS2_course/install/planning/share/planning/hook/ld_library_path_lib.dsv'
[3.052s] INFO:colcon.colcon_core.shell:Creating environment hook '/home/lh/planning_with_ROS2_course/install/planning/share/planning/hook/ld_library_path_lib.sh'
[3.053s] Level 1:colcon.colcon_core.environment:checking '/home/lh/planning_with_ROS2_course/install/planning/bin'
[3.053s] Level 1:colcon.colcon_core.environment:checking '/home/lh/planning_with_ROS2_course/install/planning/lib/pkgconfig/planning.pc'
[3.053s] Level 1:colcon.colcon_core.environment:checking '/home/lh/planning_with_ROS2_course/install/planning/lib/python3.12/site-packages'
[3.054s] Level 1:colcon.colcon_core.environment:checking '/home/lh/planning_with_ROS2_course/install/planning/bin'
[3.055s] INFO:colcon.colcon_core.shell:Creating package script '/home/lh/planning_with_ROS2_course/install/planning/share/planning/package.ps1'
[3.056s] INFO:colcon.colcon_core.shell:Creating package descriptor '/home/lh/planning_with_ROS2_course/install/planning/share/planning/package.dsv'
[3.057s] INFO:colcon.colcon_core.shell:Creating package script '/home/lh/planning_with_ROS2_course/install/planning/share/planning/package.sh'
[3.058s] INFO:colcon.colcon_core.shell:Creating package script '/home/lh/planning_with_ROS2_course/install/planning/share/planning/package.bash'
[3.059s] INFO:colcon.colcon_core.shell:Creating package script '/home/lh/planning_with_ROS2_course/install/planning/share/planning/package.zsh'
[3.061s] Level 1:colcon.colcon_core.environment:create_file_with_runtime_dependencies(/home/lh/planning_with_ROS2_course/install/planning/share/colcon-core/packages/planning)
[3.062s] Level 1:colcon.colcon_core.environment:create_environment_scripts_only(planning)
[3.062s] Level 1:colcon.colcon_core.environment:checking '/home/lh/planning_with_ROS2_course/install/planning' for CMake module files
[3.064s] Level 1:colcon.colcon_core.environment:checking '/home/lh/planning_with_ROS2_course/install/planning' for CMake config files
[3.064s] Level 1:colcon.colcon_core.shell:create_environment_hook('planning', 'cmake_prefix_path')
[3.065s] INFO:colcon.colcon_core.shell:Creating environment hook '/home/lh/planning_with_ROS2_course/install/planning/share/planning/hook/cmake_prefix_path.ps1'
[3.067s] INFO:colcon.colcon_core.shell:Creating environment descriptor '/home/lh/planning_with_ROS2_course/install/planning/share/planning/hook/cmake_prefix_path.dsv'
[3.068s] INFO:colcon.colcon_core.shell:Creating environment hook '/home/lh/planning_with_ROS2_course/install/planning/share/planning/hook/cmake_prefix_path.sh'
[3.070s] Level 1:colcon.colcon_core.environment:checking '/home/lh/planning_with_ROS2_course/install/planning/lib'
[3.070s] Level 1:colcon.colcon_core.shell:create_environment_hook('planning', 'ld_library_path_lib')
[3.071s] INFO:colcon.colcon_core.shell:Creating environment hook '/home/lh/planning_with_ROS2_course/install/planning/share/planning/hook/ld_library_path_lib.ps1'
[3.072s] INFO:colcon.colcon_core.shell:Creating environment descriptor '/home/lh/planning_with_ROS2_course/install/planning/share/planning/hook/ld_library_path_lib.dsv'
[3.073s] INFO:colcon.colcon_core.shell:Creating environment hook '/home/lh/planning_with_ROS2_course/install/planning/share/planning/hook/ld_library_path_lib.sh'
[3.074s] Level 1:colcon.colcon_core.environment:checking '/home/lh/planning_with_ROS2_course/install/planning/bin'
[3.074s] Level 1:colcon.colcon_core.environment:checking '/home/lh/planning_with_ROS2_course/install/planning/lib/pkgconfig/planning.pc'
[3.075s] Level 1:colcon.colcon_core.environment:checking '/home/lh/planning_with_ROS2_course/install/planning/lib/python3.12/site-packages'
[3.075s] Level 1:colcon.colcon_core.environment:checking '/home/lh/planning_with_ROS2_course/install/planning/bin'
[3.076s] INFO:colcon.colcon_core.shell:Creating package script '/home/lh/planning_with_ROS2_course/install/planning/share/planning/package.ps1'
[3.078s] INFO:colcon.colcon_core.shell:Creating package descriptor '/home/lh/planning_with_ROS2_course/install/planning/share/planning/package.dsv'
[3.079s] INFO:colcon.colcon_core.shell:Creating package script '/home/lh/planning_with_ROS2_course/install/planning/share/planning/package.sh'
[3.081s] INFO:colcon.colcon_core.shell:Creating package script '/home/lh/planning_with_ROS2_course/install/planning/share/planning/package.bash'
[3.082s] INFO:colcon.colcon_core.shell:Creating package script '/home/lh/planning_with_ROS2_course/install/planning/share/planning/package.zsh'
[3.083s] Level 1:colcon.colcon_core.environment:create_file_with_runtime_dependencies(/home/lh/planning_with_ROS2_course/install/planning/share/colcon-core/packages/planning)
[4.248s] DEBUG:colcon.colcon_core.event_handler.log_command:Invoking command in '/home/lh/planning_with_ROS2_course/src/data_plot': CMAKE_PREFIX_PATH=/home/lh/planning_with_ROS2_course/install/base_msgs:/home/lh/planning_with_ROS2_course/install/planning:/opt/ros/jazzy/opt/gz_math_vendor:/opt/ros/jazzy/opt/gz_utils_vendor:/opt/ros/jazzy/opt/gz_cmake_vendor DEBUGINFOD_URLS=https://debuginfod.ubuntu.com LD_LIBRARY_PATH=/home/lh/planning_with_ROS2_course/install/base_msgs/lib:/home/lh/planning_with_ROS2_course/install/planning/lib:/home/lh/planning_with_ROS2_course/install/planning/lib:/home/lh/planning_with_ROS2_course/install/planning/lib:/opt/ros/jazzy/opt/rviz_ogre_vendor/lib:/opt/ros/jazzy/lib/x86_64-linux-gnu:/opt/ros/jazzy/opt/gz_math_vendor/lib:/opt/ros/jazzy/opt/gz_utils_vendor/lib:/opt/ros/jazzy/opt/gz_cmake_vendor/lib:/opt/ros/jazzy/lib PYTHONPATH=/home/lh/planning_with_ROS2_course/build/data_plot/prefix_override:/usr/lib/python3/dist-packages/colcon_core/task/python/colcon_distutils_commands:/home/lh/planning_with_ROS2_course/install/data_plot/lib/python3.12/site-packages:/home/lh/planning_with_ROS2_course/install/base_msgs/lib/python3.12/site-packages:/home/lh/planning_with_ROS2_course/install/data_plot/lib/python3.12/site-packages:/opt/ros/jazzy/lib/python3.12/site-packages /usr/bin/python3 -W ignore:setup.py install is deprecated -W ignore:easy_install command is deprecated setup.py egg_info --egg-base ../../build/data_plot build --build-base /home/lh/planning_with_ROS2_course/build/data_plot/build install --record /home/lh/planning_with_ROS2_course/build/data_plot/install.log --single-version-externally-managed install_data
[5.485s] Level 1:colcon.colcon_core.environment:checking '/home/lh/planning_with_ROS2_course/install/data_plot' for CMake module files
[5.486s] DEBUG:colcon.colcon_core.event_handler.log_command:Invoked command in '/home/lh/planning_with_ROS2_course/src/data_plot' returned '0': CMAKE_PREFIX_PATH=/home/lh/planning_with_ROS2_course/install/base_msgs:/home/lh/planning_with_ROS2_course/install/planning:/opt/ros/jazzy/opt/gz_math_vendor:/opt/ros/jazzy/opt/gz_utils_vendor:/opt/ros/jazzy/opt/gz_cmake_vendor DEBUGINFOD_URLS=https://debuginfod.ubuntu.com LD_LIBRARY_PATH=/home/lh/planning_with_ROS2_course/install/base_msgs/lib:/home/lh/planning_with_ROS2_course/install/planning/lib:/home/lh/planning_with_ROS2_course/install/planning/lib:/home/lh/planning_with_ROS2_course/install/planning/lib:/opt/ros/jazzy/opt/rviz_ogre_vendor/lib:/opt/ros/jazzy/lib/x86_64-linux-gnu:/opt/ros/jazzy/opt/gz_math_vendor/lib:/opt/ros/jazzy/opt/gz_utils_vendor/lib:/opt/ros/jazzy/opt/gz_cmake_vendor/lib:/opt/ros/jazzy/lib PYTHONPATH=/home/lh/planning_with_ROS2_course/build/data_plot/prefix_override:/usr/lib/python3/dist-packages/colcon_core/task/python/colcon_distutils_commands:/home/lh/planning_with_ROS2_course/install/data_plot/lib/python3.12/site-packages:/home/lh/planning_with_ROS2_course/install/base_msgs/lib/python3.12/site-packages:/home/lh/planning_with_ROS2_course/install/data_plot/lib/python3.12/site-packages:/opt/ros/jazzy/lib/python3.12/site-packages /usr/bin/python3 -W ignore:setup.py install is deprecated -W ignore:easy_install command is deprecated setup.py egg_info --egg-base ../../build/data_plot build --build-base /home/lh/planning_with_ROS2_course/build/data_plot/build install --record /home/lh/planning_with_ROS2_course/build/data_plot/install.log --single-version-externally-managed install_data
[5.487s] Level 1:colcon.colcon_core.environment:checking '/home/lh/planning_with_ROS2_course/install/data_plot' for CMake config files
[5.488s] Level 1:colcon.colcon_core.environment:checking '/home/lh/planning_with_ROS2_course/install/data_plot/lib'
[5.488s] Level 1:colcon.colcon_core.environment:checking '/home/lh/planning_with_ROS2_course/install/data_plot/bin'
[5.489s] Level 1:colcon.colcon_core.environment:checking '/home/lh/planning_with_ROS2_course/install/data_plot/lib/pkgconfig/data_plot.pc'
[5.489s] Level 1:colcon.colcon_core.environment:checking '/home/lh/planning_with_ROS2_course/install/data_plot/lib/python3.12/site-packages'
[5.489s] Level 1:colcon.colcon_core.shell:create_environment_hook('data_plot', 'pythonpath')
[5.489s] INFO:colcon.colcon_core.shell:Creating environment hook '/home/lh/planning_with_ROS2_course/install/data_plot/share/data_plot/hook/pythonpath.ps1'
[5.491s] INFO:colcon.colcon_core.shell:Creating environment descriptor '/home/lh/planning_with_ROS2_course/install/data_plot/share/data_plot/hook/pythonpath.dsv'
[5.492s] INFO:colcon.colcon_core.shell:Creating environment hook '/home/lh/planning_with_ROS2_course/install/data_plot/share/data_plot/hook/pythonpath.sh'
[5.494s] Level 1:colcon.colcon_core.environment:checking '/home/lh/planning_with_ROS2_course/install/data_plot/bin'
[5.494s] Level 1:colcon.colcon_core.environment:create_environment_scripts_only(data_plot)
[5.494s] INFO:colcon.colcon_core.shell:Creating package script '/home/lh/planning_with_ROS2_course/install/data_plot/share/data_plot/package.ps1'
[5.495s] INFO:colcon.colcon_core.shell:Creating package descriptor '/home/lh/planning_with_ROS2_course/install/data_plot/share/data_plot/package.dsv'
[5.497s] INFO:colcon.colcon_core.shell:Creating package script '/home/lh/planning_with_ROS2_course/install/data_plot/share/data_plot/package.sh'
[5.498s] INFO:colcon.colcon_core.shell:Creating package script '/home/lh/planning_with_ROS2_course/install/data_plot/share/data_plot/package.bash'
[5.499s] INFO:colcon.colcon_core.shell:Creating package script '/home/lh/planning_with_ROS2_course/install/data_plot/share/data_plot/package.zsh'
[5.500s] Level 1:colcon.colcon_core.environment:create_file_with_runtime_dependencies(/home/lh/planning_with_ROS2_course/install/data_plot/share/colcon-core/packages/data_plot)
[5.501s] DEBUG:colcon.colcon_parallel_executor.executor.parallel:closing loop
[5.501s] DEBUG:colcon.colcon_parallel_executor.executor.parallel:loop closed
[5.503s] DEBUG:colcon.colcon_parallel_executor.executor.parallel:run_until_complete finished with '0'
[5.504s] DEBUG:colcon.colcon_core.event_reactor:joining thread
[5.531s] INFO:colcon.colcon_core.plugin_system:Skipping extension 'colcon_notification.desktop_notification.terminal_notifier': Not used on non-Darwin systems
[5.532s] INFO:colcon.colcon_core.plugin_system:Skipping extension 'colcon_notification.desktop_notification.win32': Not used on non-Windows systems
[5.532s] INFO:colcon.colcon_notification.desktop_notification:Sending desktop notification using 'notify2'
[5.566s] DEBUG:colcon.colcon_core.event_reactor:joined thread
[5.567s] INFO:colcon.colcon_core.shell:Creating prefix script '/home/lh/planning_with_ROS2_course/install/local_setup.ps1'
[5.569s] INFO:colcon.colcon_core.shell:Creating prefix util module '/home/lh/planning_with_ROS2_course/install/_local_setup_util_ps1.py'
[5.572s] INFO:colcon.colcon_core.shell:Creating prefix chain script '/home/lh/planning_with_ROS2_course/install/setup.ps1'
[5.575s] INFO:colcon.colcon_core.shell:Creating prefix script '/home/lh/planning_with_ROS2_course/install/local_setup.sh'
[5.577s] INFO:colcon.colcon_core.shell:Creating prefix util module '/home/lh/planning_with_ROS2_course/install/_local_setup_util_sh.py'
[5.579s] INFO:colcon.colcon_core.shell:Creating prefix chain script '/home/lh/planning_with_ROS2_course/install/setup.sh'
[5.581s] INFO:colcon.colcon_core.shell:Creating prefix script '/home/lh/planning_with_ROS2_course/install/local_setup.bash'
[5.583s] INFO:colcon.colcon_core.shell:Creating prefix chain script '/home/lh/planning_with_ROS2_course/install/setup.bash'
[5.585s] INFO:colcon.colcon_core.shell:Creating prefix script '/home/lh/planning_with_ROS2_course/install/local_setup.zsh'
[5.587s] INFO:colcon.colcon_core.shell:Creating prefix chain script '/home/lh/planning_with_ROS2_course/install/setup.zsh'
