[0.451s] Invoking command in '/home/lh/planning_with_ROS2_course/build/planning': CMAKE_PREFIX_PATH=/home/lh/planning_with_ROS2_course/install/base_msgs:/home/lh/planning_with_ROS2_course/install/planning:/opt/ros/jazzy/opt/gz_math_vendor:/opt/ros/jazzy/opt/gz_utils_vendor:/opt/ros/jazzy/opt/gz_cmake_vendor:/home/lh/planning_with_ROS2_course/install/data_plot:/opt/ros/jazzy DEBUGINFOD_URLS=https://debuginfod.ubuntu.com /usr/bin/cmake --build /home/lh/planning_with_ROS2_course/build/planning -- -j8 -l8
[0.508s] -- Found ament_cmake: 2.5.5 (/opt/ros/jazzy/share/ament_cmake/cmake)
[0.933s] -- Found rclcpp: 28.1.16 (/opt/ros/jazzy/share/rclcpp/cmake)
[0.986s] -- Found rosidl_generator_c: 4.6.7 (/opt/ros/jazzy/share/rosidl_generator_c/cmake)
[1.008s] -- Found rosidl_generator_cpp: 4.6.7 (/opt/ros/jazzy/share/rosidl_generator_cpp/cmake)
[1.032s] -- Using all available rosidl_typesupport_c: rosidl_typesupport_fastrtps_c;rosidl_typesupport_introspection_c
[1.055s] -- Using all available rosidl_typesupport_cpp: rosidl_typesupport_fastrtps_cpp;rosidl_typesupport_introspection_cpp
[1.181s] -- Found rmw_implementation_cmake: 7.3.3 (/opt/ros/jazzy/share/rmw_implementation_cmake/cmake)
[1.187s] -- Found rmw_fastrtps_cpp: 8.4.3 (/opt/ros/jazzy/share/rmw_fastrtps_cpp/cmake)
[1.346s] -- Using RMW implementation 'rmw_fastrtps_cpp' as default
[1.486s] -- Found tf2: 0.36.19 (/opt/ros/jazzy/share/tf2/cmake)
[1.561s] -- Found tf2_ros: 0.36.19 (/opt/ros/jazzy/share/tf2_ros/cmake)
[1.783s] -- Found nav_msgs: 5.3.6 (/opt/ros/jazzy/share/nav_msgs/cmake)
[1.837s] -- Found visualization_msgs: 5.3.6 (/opt/ros/jazzy/share/visualization_msgs/cmake)
[1.952s] -- Found base_msgs: 0.0.0 (/home/lh/planning_with_ROS2_course/install/base_msgs/share/base_msgs/cmake)
[1.986s] -- Found ament_lint_auto: 0.17.4 (/opt/ros/jazzy/share/ament_lint_auto/cmake)
[2.187s] -- Added test 'cppcheck' to perform static code analysis on C / C++ code
[2.194s] -- Configured cppcheck include dirs: /home/lh/planning_with_ROS2_course/src/planning/src/common/config_reader;/home/lh/planning_with_ROS2_course/src/planning/src/common/math;/home/lh/planning_with_ROS2_course/src/planning/src/decision_center;/home/lh/planning_with_ROS2_course/src/planning/src/global_planner;/home/lh/planning_with_ROS2_course/src/planning/src/global_planner/global_planner_normal;/home/lh/planning_with_ROS2_course/src/planning/src/local_planner;/home/lh/planning_with_ROS2_course/src/planning/src/local_planner/local_path;/home/lh/planning_with_ROS2_course/src/planning/src/local_planner/local_speeds;/home/lh/planning_with_ROS2_course/src/planning/src/move_cmd;/home/lh/planning_with_ROS2_course/src/planning/src/planning_process;/home/lh/planning_with_ROS2_course/src/planning/src/pnc_map_creator;/home/lh/planning_with_ROS2_course/src/planning/src/pnc_map_creator/pnc_map_crossroad;/home/lh/planning_with_ROS2_course/src/planning/src/pnc_map_creator/pnc_map_roundabout;/home/lh/planning_with_ROS2_course/src/planning/src/pnc_map_creator/pnc_map_straight;/home/lh/planning_with_ROS2_course/src/planning/src/pnc_map_creator/pnc_map_sturn;/home/lh/planning_with_ROS2_course/src/planning/src/pnc_map_creator/pnc_map_tjunction;/home/lh/planning_with_ROS2_course/src/planning/src/reference_line;/home/lh/planning_with_ROS2_course/src/planning/src/vehicle_info;/home/lh/planning_with_ROS2_course/src/planning/src/vehicle_info/main_car;/home/lh/planning_with_ROS2_course/src/planning/src/vehicle_info/obs_car;/home/lh/planning_with_ROS2_course/src/planning/src/vehicle_info/obs_ebike;/home/lh/planning_with_ROS2_course/src/planning/src/vehicle_info/obs_people
[2.194s] -- Configured cppcheck exclude dirs and/or files: 
[2.198s] -- Added test 'lint_cmake' to check CMake code style
[2.210s] -- Added test 'uncrustify' to check C / C++ code style
[2.210s] -- Configured uncrustify additional arguments: 
[2.212s] -- Added test 'xmllint' to check XML markup files
[2.215s] -- Configuring done (1.7s)
[2.296s] -- Generating done (0.1s)
[2.326s] -- Build files have been written to: /home/lh/planning_with_ROS2_course/build/planning
[2.436s] [ 10%] [32mBuilding CXX object src/decision_center/CMakeFiles/decision_center.dir/decision_center.cpp.o[0m
[2.449s] [ 20%] [32mBuilding CXX object src/common/CMakeFiles/config_reader.dir/config_reader/config_reader.cpp.o[0m
[2.458s] [ 50%] Built target mathlibs
[2.465s] [ 80%] Built target planning_node
[3.032s] In file included from [01m[K/home/lh/planning_with_ROS2_course/src/planning/src/decision_center/decision_center.cpp:1[m[K:
[3.032s] [01m[K/home/lh/planning_with_ROS2_course/src/planning/src/decision_center/decision_center.h:16:9:[m[K [01;35m[Kwarning: [m[Kextra tokens at end of #endif directive [[01;35m[K]8;;https://gcc.gnu.org/onlinedocs/gcc/Warning-Options.html#index-Wendif-labels-Wendif-labels]8;;[m[K]
[3.032s]    16 | #endif  [01;35m[KDECISION_CENTER_H_[m[K
[3.032s]       |         [01;35m[K^~~~~~~~~~~~~~~~~~[m[K
[6.889s] [01m[K/home/lh/planning_with_ROS2_course/src/planning/src/decision_center/decision_center.cpp:6:36:[m[K [01;31m[Kerror: [m[Kdefinition of implicitly-declared ŌĆś[01m[Kconstexpr Planning::DecisionCenter::[01;32m[KDecisionCenter[m[K()[m[KŌĆÖ
[6.890s]     6 |     DecisionCenter::DecisionCenter([01;31m[K)[m[K
[6.890s]       |                                    [01;31m[K^[m[K
[8.114s] gmake[2]: *** [src/decision_center/CMakeFiles/decision_center.dir/build.make:76’╝Üsrc/decision_center/CMakeFiles/decision_center.dir/decision_center.cpp.o] ķöÖĶ»» 1
[8.115s] gmake[1]: *** [CMakeFiles/Makefile2:350’╝Üsrc/decision_center/CMakeFiles/decision_center.dir/all] ķöÖĶ»» 2
[8.116s] gmake[1]: *** µŁŻÕ£©ńŁēÕŠģµ£¬Õ«īµłÉńÜäõ╗╗ÕŖĪ....
[8.650s] [ 90%] [32m[1mLinking CXX shared library libconfig_reader.so[0m
[8.931s] [ 90%] Built target config_reader
[8.935s] gmake: *** [Makefile:146’╝Üall] ķöÖĶ»» 2
[8.940s] Invoked command in '/home/lh/planning_with_ROS2_course/build/planning' returned '2': CMAKE_PREFIX_PATH=/home/lh/planning_with_ROS2_course/install/base_msgs:/home/lh/planning_with_ROS2_course/install/planning:/opt/ros/jazzy/opt/gz_math_vendor:/opt/ros/jazzy/opt/gz_utils_vendor:/opt/ros/jazzy/opt/gz_cmake_vendor:/home/lh/planning_with_ROS2_course/install/data_plot:/opt/ros/jazzy DEBUGINFOD_URLS=https://debuginfod.ubuntu.com /usr/bin/cmake --build /home/lh/planning_with_ROS2_course/build/planning -- -j8 -l8
