[0.564s] Invoking command in '/home/lh/planning_with_ROS2_course/build/planning': CMAKE_PREFIX_PATH=/home/lh/planning_with_ROS2_course/install/base_msgs:/home/lh/planning_with_ROS2_course/install/planning:/opt/ros/jazzy/opt/gz_math_vendor:/opt/ros/jazzy/opt/gz_utils_vendor:/opt/ros/jazzy/opt/gz_cmake_vendor:/home/lh/planning_with_ROS2_course/install/data_plot:/opt/ros/jazzy DEBUGINFOD_URLS=https://debuginfod.ubuntu.com LD_LIBRARY_PATH=/home/lh/planning_with_ROS2_course/install/base_msgs/lib:/home/lh/planning_with_ROS2_course/install/planning/lib:/home/lh/planning_with_ROS2_course/install/planning/lib:/home/lh/planning_with_ROS2_course/install/planning/lib:/opt/ros/jazzy/opt/rviz_ogre_vendor/lib:/opt/ros/jazzy/lib/x86_64-linux-gnu:/opt/ros/jazzy/opt/gz_math_vendor/lib:/opt/ros/jazzy/opt/gz_utils_vendor/lib:/opt/ros/jazzy/opt/gz_cmake_vendor/lib:/opt/ros/jazzy/lib PYTHONPATH=/home/lh/planning_with_ROS2_course/install/base_msgs/lib/python3.12/site-packages:/home/lh/planning_with_ROS2_course/install/data_plot/lib/python3.12/site-packages:/opt/ros/jazzy/lib/python3.12/site-packages /usr/bin/cmake --build /home/lh/planning_with_ROS2_course/build/planning -- -j16 -l16
[0.728s] [  5%] Built target config_reader
[0.740s] [ 14%] Built target mathlibs
[0.808s] [ 20%] Built target global_planner
[0.813s] [ 28%] Built target pnc_map_creator
[0.821s] [ 37%] Built target vehicle_info
[0.829s] [ 45%] Built target reference_line
[0.889s] [ 51%] Built target global_path_server
[0.899s] [ 62%] Built target car_move_cmd
[0.900s] [ 62%] Built target obs_move_cmd
[0.905s] [ 68%] Built target decision_center
[0.915s] [ 71%] [32mBuilding CXX object src/pnc_map_creator/CMakeFiles/pnc_map_server.dir/pnc_map_server.cpp.o[0m
[1.003s] [ 88%] Built target local_planner
[1.104s] [ 97%] Built target planning_process
[7.152s] [01m[K/home/lh/planning_with_ROS2_course/src/planning/src/pnc_map_creator/pnc_map_server.cpp:[m[K In constructor ‘[01m[KPlanning::PNCMapServer::[01;32m[KPNCMapServer[m[K()[m[K’:
[7.152s] [01m[K/home/lh/planning_with_ROS2_course/src/planning/src/pnc_map_creator/pnc_map_server.cpp:10:9:[m[K [01;31m[Kerror: [m[K‘[01m[Kmap_pub_[m[K’ was not declared in this scope; did you mean ‘[01m[Kmap_pub[m[K’?
[7.153s]    10 |         [01;31m[Kmap_pub_[m[K = this->creator_publisher<PNCMap>("pnc_map",10);
[7.153s]       |         [01;31m[K^~~~~~~~[m[K
[7.153s]       |         [32m[Kmap_pub[m[K
[7.153s] [01m[K/home/lh/planning_with_ROS2_course/src/planning/src/pnc_map_creator/pnc_map_server.cpp:10:26:[m[K [01;31m[Kerror: [m[K‘[01m[Kclass Planning::PNCMapServer[m[K’ has no member named ‘[01m[Kcreator_publisher[m[K’; did you mean ‘[01m[Kcreate_publisher[m[K’?
[7.153s]    10 |         map_pub_ = this->[01;31m[Kcreator_publisher[m[K<PNCMap>("pnc_map",10);
[7.154s]       |                          [01;31m[K^~~~~~~~~~~~~~~~~[m[K
[7.154s]       |                          [32m[Kcreate_publisher[m[K
[7.154s] [01m[K/home/lh/planning_with_ROS2_course/src/planning/src/pnc_map_creator/pnc_map_server.cpp:10:50:[m[K [01;31m[Kerror: [m[Kexpected primary-expression before ‘[01m[K>[m[K’ token
[7.154s]    10 |         map_pub_ = this->creator_publisher<PNCMap[01;31m[K>[m[K("pnc_map",10);
[7.154s]       |                                                  [01;31m[K^[m[K
[7.155s] [01m[K/home/lh/planning_with_ROS2_course/src/planning/src/pnc_map_creator/pnc_map_server.cpp:10:52:[m[K [01;35m[Kwarning: [m[Kleft operand of comma operator has no effect [[01;35m[K]8;;https://gcc.gnu.org/onlinedocs/gcc/Warning-Options.html#index-Wunused-value-Wunused-value]8;;[m[K]
[7.155s]    10 |         map_pub_ = this->creator_publisher<PNCMap>([01;35m[K"pnc_map"[m[K,10);
[7.155s]       |                                                    [01;35m[K^~~~~~~~~[m[K
[8.925s] gmake[2]: *** [src/pnc_map_creator/CMakeFiles/pnc_map_server.dir/build.make:76：src/pnc_map_creator/CMakeFiles/pnc_map_server.dir/pnc_map_server.cpp.o] 错误 1
[8.926s] gmake[1]: *** [CMakeFiles/Makefile2:580：src/pnc_map_creator/CMakeFiles/pnc_map_server.dir/all] 错误 2
[8.927s] gmake: *** [Makefile:146：all] 错误 2
[8.934s] Invoked command in '/home/lh/planning_with_ROS2_course/build/planning' returned '2': CMAKE_PREFIX_PATH=/home/lh/planning_with_ROS2_course/install/base_msgs:/home/lh/planning_with_ROS2_course/install/planning:/opt/ros/jazzy/opt/gz_math_vendor:/opt/ros/jazzy/opt/gz_utils_vendor:/opt/ros/jazzy/opt/gz_cmake_vendor:/home/lh/planning_with_ROS2_course/install/data_plot:/opt/ros/jazzy DEBUGINFOD_URLS=https://debuginfod.ubuntu.com LD_LIBRARY_PATH=/home/lh/planning_with_ROS2_course/install/base_msgs/lib:/home/lh/planning_with_ROS2_course/install/planning/lib:/home/lh/planning_with_ROS2_course/install/planning/lib:/home/lh/planning_with_ROS2_course/install/planning/lib:/opt/ros/jazzy/opt/rviz_ogre_vendor/lib:/opt/ros/jazzy/lib/x86_64-linux-gnu:/opt/ros/jazzy/opt/gz_math_vendor/lib:/opt/ros/jazzy/opt/gz_utils_vendor/lib:/opt/ros/jazzy/opt/gz_cmake_vendor/lib:/opt/ros/jazzy/lib PYTHONPATH=/home/lh/planning_with_ROS2_course/install/base_msgs/lib/python3.12/site-packages:/home/lh/planning_with_ROS2_course/install/data_plot/lib/python3.12/site-packages:/opt/ros/jazzy/lib/python3.12/site-packages /usr/bin/cmake --build /home/lh/planning_with_ROS2_course/build/planning -- -j16 -l16
