[0.000000] (-) TimerEvent: {}
[0.000101] (-) JobUnselected: {'identifier': 'base_msgs'}
[0.000142] (-) JobUnselected: {'identifier': 'data_plot'}
[0.000175] (planning) JobQueued: {'identifier': 'planning', 'dependencies': OrderedDict({'base_msgs': '/home/lh/planning_with_ROS2_course/install/base_msgs'})}
[0.000207] (planning) JobStarted: {'identifier': 'planning'}
[0.100601] (-) TimerEvent: {}
[0.162988] (planning) JobProgress: {'identifier': 'planning', 'progress': 'cmake'}
[0.164886] (planning) JobProgress: {'identifier': 'planning', 'progress': 'build'}
[0.165035] (planning) Command: {'cmd': ['/usr/bin/cmake', '--build', '/home/lh/planning_with_ROS2_course/build/planning', '--', '-j16', '-l16'], 'cwd': '/home/lh/planning_with_ROS2_course/build/planning', 'env': OrderedDict({'GJS_DEBUG_TOPICS': 'JS ERROR;JS LOG', 'LESSOPEN': '| /usr/bin/lesspipe %s', 'VSCODE_CWD': '/home/lh', 'VSCODE_ESM_ENTRYPOINT': 'vs/workbench/api/node/extensionHostProcess', 'HTTP_NO_PROXY_URL': '', 'USER': 'lh', 'VSCODE_NLS_CONFIG': '{"userLocale":"zh-cn","osLocale":"zh-cn","resolvedLanguage":"zh-cn","defaultMessagesFile":"/usr/share/code/resources/app/out/nls.messages.json","languagePack":{"translationsConfigFile":"/home/lh/.config/Code/clp/9077cb58138b5debca36bba287b51ad9.zh-cn/tcf.json","messagesFile":"/home/lh/.config/Code/clp/9077cb58138b5debca36bba287b51ad9.zh-cn/61b3d0ab13be7dda2389f1d3e60a119c7f660cc3/nls.messages.json","corruptMarkerFile":"/home/lh/.config/Code/clp/9077cb58138b5debca36bba287b51ad9.zh-cn/corrupted.info"},"locale":"zh-cn","availableLanguages":{"*":"zh-cn"},"_languagePackId":"9077cb58138b5debca36bba287b51ad9.zh-cn","_languagePackSupport":true,"_translationsConfigFile":"/home/lh/.config/Code/clp/9077cb58138b5debca36bba287b51ad9.zh-cn/tcf.json","_cacheRoot":"/home/lh/.config/Code/clp/9077cb58138b5debca36bba287b51ad9.zh-cn","_resolvedLanguagePackCoreLocation":"/home/lh/.config/Code/clp/9077cb58138b5debca36bba287b51ad9.zh-cn/61b3d0ab13be7dda2389f1d3e60a119c7f660cc3","_corruptedFile":"/home/lh/.config/Code/clp/9077cb58138b5debca36bba287b51ad9.zh-cn/corrupted.info"}', 'VSCODE_HANDLES_UNCAUGHT_ERRORS': 'true', 'XDG_SESSION_TYPE': 'wayland', 'COMATE_ENGINE_DEBUG': 'false', 'XLINGS_BIN': '/home/xlings/.xlings_data/bin', 'CLUTTER_DISABLE_MIPMAPPED_TEXT': '1', 'SHLVL': '1', 'LD_LIBRARY_PATH': '/home/lh/planning_with_ROS2_course/install/base_msgs/lib:/home/lh/planning_with_ROS2_course/install/planning/lib:/home/lh/planning_with_ROS2_course/install/planning/lib:/opt/ros/jazzy/opt/rviz_ogre_vendor/lib:/opt/ros/jazzy/lib/x86_64-linux-gnu:/opt/ros/jazzy/opt/gz_math_vendor/lib:/opt/ros/jazzy/opt/gz_utils_vendor/lib:/opt/ros/jazzy/opt/gz_cmake_vendor/lib:/opt/ros/jazzy/lib', 'HOME': '/home/lh', 'CHROME_DESKTOP': 'code.desktop', 'DESKTOP_SESSION': 'ubuntu', 'XLINGS_HOME': '/home/xlings', 'VSCODE_IPC_HOOK': '/run/user/1000/vscode-67f68318-1.11-main.sock', 'GIO_LAUNCHED_DESKTOP_FILE': '/usr/share/applications/code.desktop', 'ROS_PYTHON_VERSION': '3', 'GNOME_SHELL_SESSION_MODE': 'ubuntu', 'GTK_MODULES': 'gail:atk-bridge', 'MANAGERPID': '4571', 'SYSTEMD_EXEC_PID': '4835', 'IM_CONFIG_CHECK_ENV': '1', 'GSM_SKIP_SSH_AGENT_WORKAROUND': 'true', 'DBUS_SESSION_BUS_ADDRESS': 'unix:path=/run/user/1000/bus', 'GIO_LAUNCHED_DESKTOP_FILE_PID': '6545', 'IDE': 'vscode', 'HTTP_HOST': '', 'COMATE_VERSION': '4.3.1', 'VSCODE_CRASH_REPORTER_PROCESS_TYPE': 'extensionHost', 'DEBUGINFOD_URLS': 'https://debuginfod.ubuntu.com', 'IM_CONFIG_PHASE': '1', 'WAYLAND_DISPLAY': 'wayland-0', 'VSCODE_L10N_BUNDLE_LOCATION': 'file:///home/lh/.vscode/extensions/ms-ceintl.vscode-language-pack-zh-hans-1.110.2026041413/translations/extensions/vscode.json-language-features.i18n.json', 'COLCON_PREFIX_PATH': '/home/lh/planning_with_ROS2_course/install', 'APPLICATION_INSIGHTS_NO_STATSBEAT': 'true', 'ROS_DISTRO': 'jazzy', 'LOGNAME': 'lh', '_': '/usr/bin/colcon', 'JOURNAL_STREAM': '9:35665', 'ROS_VERSION': '2', 'XVM_WORKSPACE_NAME': 'global', 'MEMORY_PRESSURE_WATCH': '/sys/fs/cgroup/user.slice/user-1000.slice/user@1000.service/session.slice/org.gnome.Shell@wayland.service/memory.pressure', 'XDG_SESSION_CLASS': 'user', 'USERNAME': 'lh', 'GNOME_DESKTOP_SESSION_ID': 'this-is-deprecated', 'ROS2_PLANNING_COURSE_INSTALL': '/home/lh/planning_with_ROS2_course/install', 'FC_FONTATIONS': '1', 'COMATE_ENGINE_APP_NAME': 'VS Code', 'PATH': '/home/lh/.icode/bin:/home/xlings/.xlings_data/bin:/opt/ros/jazzy/bin:/usr/local/sbin:/usr/local/bin:/usr/sbin:/usr/bin:/sbin:/bin:/usr/games:/usr/local/games:/snap/bin:/snap/bin', 'SESSION_MANAGER': 'local/lh-VMware-Virtual-Platform:@/tmp/.ICE-unix/4785,unix/lh-VMware-Virtual-Platform:/tmp/.ICE-unix/4785', 'PLATFORM': 'saas', 'INVOCATION_ID': 'da1d60e6dc2147389b8c4b75713dd40b', 'XDG_MENU_PREFIX': 'gnome-', 'GNOME_SETUP_DISPLAY': ':1', 'RIPGREP_BIN_PATH': '/usr/share/code/resources/app/node_modules/@vscode/ripgrep/bin/rg', 'XDG_RUNTIME_DIR': '/run/user/1000', 'HTTP_PROXY_URL': '', 'GDK_BACKEND': 'wayland', 'DISPLAY': ':0', 'LANG': 'zh_CN.UTF-8', 'XDG_CURRENT_DESKTOP': 'ubuntu:GNOME', 'COMATE_ENGINE_PLATFORM': 'baidu-saas', 'XMODIFIERS': '@im=ibus', 'XDG_SESSION_DESKTOP': 'ubuntu', 'XAUTHORITY': '/run/user/1000/.mutter-Xwaylandauth.TUO4N3', 'SSH_AUTH_SOCK': '/run/user/1000/keyring/ssh', 'AMENT_PREFIX_PATH': '/home/lh/planning_with_ROS2_course/install/planning:/home/lh/planning_with_ROS2_course/install/data_plot:/home/lh/planning_with_ROS2_course/install/base_msgs:/opt/ros/jazzy', 'SHELL': '/bin/bash', 'QT_ACCESSIBILITY': '1', 'ELECTRON_RUN_AS_NODE': '1', 'GDMSESSION': 'ubuntu', 'LESSCLOSE': '/usr/bin/lesspipe %s %s', 'GJS_DEBUG_OUTPUT': 'stderr', 'XLINGS_DATA': '/home/xlings/.xlings_data', 'ROS_AUTOMATIC_DISCOVERY_RANGE': 'SUBNET', 'QT_IM_MODULE': 'ibus', 'PWD': '/home/lh/planning_with_ROS2_course/build/planning', 'XDG_CONFIG_DIRS': '/etc/xdg/xdg-ubuntu:/etc/xdg', 'VSCODE_CODE_CACHE_PATH': '/home/lh/.config/Code/CachedData/61b3d0ab13be7dda2389f1d3e60a119c7f660cc3', 'XDG_DATA_DIRS': '/usr/share/ubuntu:/usr/share/gnome:/usr/local/share/:/usr/share/:/var/lib/snapd/desktop', 'DISPLAY_LANGUAGE': 'zh', 'PYTHONPATH': '/home/lh/planning_with_ROS2_course/install/base_msgs/lib/python3.12/site-packages:/home/lh/planning_with_ROS2_course/install/data_plot/lib/python3.12/site-packages:/opt/ros/jazzy/lib/python3.12/site-packages', 'COLCON': '1', 'MEMORY_PRESSURE_WRITE': 'c29tZSAyMDAwMDAgMjAwMDAwMAA=', 'CMAKE_PREFIX_PATH': '/home/lh/planning_with_ROS2_course/install/base_msgs:/home/lh/planning_with_ROS2_course/install/planning:/opt/ros/jazzy/opt/gz_math_vendor:/opt/ros/jazzy/opt/gz_utils_vendor:/opt/ros/jazzy/opt/gz_cmake_vendor:/home/lh/planning_with_ROS2_course/install/data_plot:/opt/ros/jazzy', 'VSCODE_PID': '6545'}), 'shell': False}
[0.201107] (-) TimerEvent: {}
[0.301870] (-) TimerEvent: {}
[0.402384] (-) TimerEvent: {}
[0.504162] (-) TimerEvent: {}
[0.605329] (-) TimerEvent: {}
[0.705962] (-) TimerEvent: {}
[0.806435] (-) TimerEvent: {}
[0.906889] (-) TimerEvent: {}
[1.007519] (-) TimerEvent: {}
[1.108033] (-) TimerEvent: {}
[1.208525] (-) TimerEvent: {}
[1.306923] (planning) StdoutLine: {'line': b'[  2%] Building CXX object src/common/CMakeFiles/config_reader.dir/config_reader/config_reader.cpp.o\n'}
[1.309090] (-) TimerEvent: {}
[1.310432] (planning) StdoutLine: {'line': b'[ 11%] Built target mathlibs\n'}
[1.409698] (-) TimerEvent: {}
[1.510188] (-) TimerEvent: {}
[1.611140] (-) TimerEvent: {}
[1.711721] (-) TimerEvent: {}
[1.812516] (-) TimerEvent: {}
[1.913288] (-) TimerEvent: {}
[2.013894] (-) TimerEvent: {}
[2.114486] (-) TimerEvent: {}
[2.215175] (-) TimerEvent: {}
[2.315642] (-) TimerEvent: {}
[2.416364] (-) TimerEvent: {}
[2.516933] (-) TimerEvent: {}
[2.617402] (-) TimerEvent: {}
[2.717863] (-) TimerEvent: {}
[2.818366] (-) TimerEvent: {}
[2.919353] (-) TimerEvent: {}
[3.020026] (-) TimerEvent: {}
[3.120654] (-) TimerEvent: {}
[3.221674] (-) TimerEvent: {}
[3.322565] (-) TimerEvent: {}
[3.423329] (-) TimerEvent: {}
[3.524046] (-) TimerEvent: {}
[3.625430] (-) TimerEvent: {}
[3.726653] (-) TimerEvent: {}
[3.827161] (-) TimerEvent: {}
[3.927772] (-) TimerEvent: {}
[4.028376] (-) TimerEvent: {}
[4.128894] (-) TimerEvent: {}
[4.229493] (-) TimerEvent: {}
[4.330033] (-) TimerEvent: {}
[4.431102] (-) TimerEvent: {}
[4.532367] (-) TimerEvent: {}
[4.633356] (-) TimerEvent: {}
[4.733900] (-) TimerEvent: {}
[4.834369] (-) TimerEvent: {}
[4.935062] (-) TimerEvent: {}
[5.035555] (-) TimerEvent: {}
[5.136759] (-) TimerEvent: {}
[5.237392] (-) TimerEvent: {}
[5.338181] (-) TimerEvent: {}
[5.439042] (-) TimerEvent: {}
[5.540026] (-) TimerEvent: {}
[5.640512] (-) TimerEvent: {}
[5.741301] (-) TimerEvent: {}
[5.842116] (-) TimerEvent: {}
[5.942682] (-) TimerEvent: {}
[6.043403] (-) TimerEvent: {}
[6.144326] (-) TimerEvent: {}
[6.244809] (-) TimerEvent: {}
[6.345114] (-) TimerEvent: {}
[6.445712] (-) TimerEvent: {}
[6.546335] (-) TimerEvent: {}
[6.646922] (-) TimerEvent: {}
[6.747645] (-) TimerEvent: {}
[6.848081] (-) TimerEvent: {}
[6.948583] (-) TimerEvent: {}
[7.049272] (-) TimerEvent: {}
[7.149843] (-) TimerEvent: {}
[7.250655] (-) TimerEvent: {}
[7.351320] (-) TimerEvent: {}
[7.451839] (-) TimerEvent: {}
[7.552680] (-) TimerEvent: {}
[7.653173] (-) TimerEvent: {}
[7.754031] (-) TimerEvent: {}
[7.854509] (-) TimerEvent: {}
[7.955199] (-) TimerEvent: {}
[8.055786] (-) TimerEvent: {}
[8.156455] (-) TimerEvent: {}
[8.257042] (-) TimerEvent: {}
[8.357515] (-) TimerEvent: {}
[8.458116] (-) TimerEvent: {}
[8.558686] (-) TimerEvent: {}
[8.659257] (-) TimerEvent: {}
[8.760076] (-) TimerEvent: {}
[8.860783] (-) TimerEvent: {}
[8.961327] (-) TimerEvent: {}
[9.061920] (-) TimerEvent: {}
[9.162819] (-) TimerEvent: {}
[9.263811] (-) TimerEvent: {}
[9.364310] (-) TimerEvent: {}
[9.464953] (-) TimerEvent: {}
[9.565582] (-) TimerEvent: {}
[9.666620] (-) TimerEvent: {}
[9.767155] (-) TimerEvent: {}
[9.867818] (-) TimerEvent: {}
[9.968729] (-) TimerEvent: {}
[10.070751] (-) TimerEvent: {}
[10.171721] (-) TimerEvent: {}
[10.272797] (-) TimerEvent: {}
[10.373452] (-) TimerEvent: {}
[10.474095] (-) TimerEvent: {}
[10.574554] (-) TimerEvent: {}
[10.675371] (-) TimerEvent: {}
[10.776019] (-) TimerEvent: {}
[10.876995] (-) TimerEvent: {}
[10.977558] (-) TimerEvent: {}
[11.078148] (-) TimerEvent: {}
[11.178853] (-) TimerEvent: {}
[11.279377] (-) TimerEvent: {}
[11.379945] (-) TimerEvent: {}
[11.480590] (-) TimerEvent: {}
[11.581495] (-) TimerEvent: {}
[11.682250] (-) TimerEvent: {}
[11.782670] (-) TimerEvent: {}
[11.883238] (-) TimerEvent: {}
[11.984036] (-) TimerEvent: {}
[12.085061] (-) TimerEvent: {}
[12.185645] (-) TimerEvent: {}
[12.286398] (-) TimerEvent: {}
[12.387451] (-) TimerEvent: {}
[12.488030] (-) TimerEvent: {}
[12.588936] (-) TimerEvent: {}
[12.689566] (-) TimerEvent: {}
[12.790481] (-) TimerEvent: {}
[12.891083] (-) TimerEvent: {}
[12.991570] (-) TimerEvent: {}
[13.092021] (-) TimerEvent: {}
[13.193019] (-) TimerEvent: {}
[13.293840] (-) TimerEvent: {}
[13.394251] (-) TimerEvent: {}
[13.495245] (-) TimerEvent: {}
[13.595953] (-) TimerEvent: {}
[13.696906] (-) TimerEvent: {}
[13.797560] (-) TimerEvent: {}
[13.898342] (-) TimerEvent: {}
[13.999406] (-) TimerEvent: {}
[14.099817] (-) TimerEvent: {}
[14.200302] (-) TimerEvent: {}
[14.301295] (-) TimerEvent: {}
[14.403260] (-) TimerEvent: {}
[14.504116] (-) TimerEvent: {}
[14.604654] (-) TimerEvent: {}
[14.705141] (-) TimerEvent: {}
[14.805964] (-) TimerEvent: {}
[14.906440] (-) TimerEvent: {}
[14.994958] (planning) StdoutLine: {'line': b'[ 14%] Linking CXX shared library libconfig_reader.so\n'}
[15.007236] (-) TimerEvent: {}
[15.107804] (-) TimerEvent: {}
[15.208898] (-) TimerEvent: {}
[15.309874] (-) TimerEvent: {}
[15.410474] (-) TimerEvent: {}
[15.511325] (-) TimerEvent: {}
[15.549455] (planning) StdoutLine: {'line': b'[ 14%] Built target config_reader\n'}
[15.611661] (-) TimerEvent: {}
[15.645740] (planning) StdoutLine: {'line': b'[ 20%] Building CXX object src/vehicle_info/CMakeFiles/vehicle_info.dir/main_car/main_car_info.cpp.o\n'}
[15.649315] (planning) StdoutLine: {'line': b'[ 20%] Building CXX object src/global_planner/CMakeFiles/global_planner.dir/global_planner_normal/global_planner_normal.cpp.o\n'}
[15.649865] (planning) StdoutLine: {'line': b'[ 25%] Building CXX object src/pnc_map_creator/CMakeFiles/pnc_map_creator.dir/pnc_map_sturn/pnc_map_creator_sturn.cpp.o\n'}
[15.650888] (planning) StdoutLine: {'line': b'[ 25%] Building CXX object src/vehicle_info/CMakeFiles/vehicle_info.dir/obs_car/obs_car_info.cpp.o\n'}
[15.652397] (planning) StdoutLine: {'line': b'[ 28%] Building CXX object src/pnc_map_creator/CMakeFiles/pnc_map_creator.dir/pnc_map_straight/pnc_map_creator_straight.cpp.o\n'}
[15.669760] (planning) StdoutLine: {'line': b'[ 31%] Building CXX object src/reference_line/CMakeFiles/reference_line.dir/reference_line_creator.cpp.o\n'}
[15.682605] (planning) StdoutLine: {'line': b'[ 34%] Building CXX object src/reference_line/CMakeFiles/reference_line.dir/reference_line_smoother.cpp.o\n'}
[15.712537] (-) TimerEvent: {}
[15.813334] (-) TimerEvent: {}
[15.914555] (-) TimerEvent: {}
[16.015015] (-) TimerEvent: {}
[16.115966] (-) TimerEvent: {}
[16.216789] (-) TimerEvent: {}
[16.317229] (-) TimerEvent: {}
[16.417918] (-) TimerEvent: {}
[16.518403] (-) TimerEvent: {}
[16.620149] (-) TimerEvent: {}
[16.721682] (-) TimerEvent: {}
[16.822252] (-) TimerEvent: {}
[16.922902] (-) TimerEvent: {}
[17.023540] (-) TimerEvent: {}
[17.124202] (-) TimerEvent: {}
[17.225027] (-) TimerEvent: {}
[17.325494] (-) TimerEvent: {}
[17.426841] (-) TimerEvent: {}
[17.527490] (-) TimerEvent: {}
[17.628405] (-) TimerEvent: {}
[17.729389] (-) TimerEvent: {}
[17.830440] (-) TimerEvent: {}
[17.931504] (-) TimerEvent: {}
[18.032546] (-) TimerEvent: {}
[18.133760] (-) TimerEvent: {}
[18.234373] (-) TimerEvent: {}
[18.335232] (-) TimerEvent: {}
[18.436535] (-) TimerEvent: {}
[18.537055] (-) TimerEvent: {}
[18.637945] (-) TimerEvent: {}
[18.738594] (-) TimerEvent: {}
[18.839079] (-) TimerEvent: {}
[18.939818] (-) TimerEvent: {}
[19.040423] (-) TimerEvent: {}
[19.141072] (-) TimerEvent: {}
[19.241658] (-) TimerEvent: {}
[19.342476] (-) TimerEvent: {}
[19.443165] (-) TimerEvent: {}
[19.544053] (-) TimerEvent: {}
[19.645301] (-) TimerEvent: {}
[19.746013] (-) TimerEvent: {}
[19.848594] (-) TimerEvent: {}
[19.955244] (-) TimerEvent: {}
[20.056226] (-) TimerEvent: {}
[20.157006] (-) TimerEvent: {}
[20.257606] (-) TimerEvent: {}
[20.358565] (-) TimerEvent: {}
[20.459470] (-) TimerEvent: {}
[20.560111] (-) TimerEvent: {}
[20.660358] (-) TimerEvent: {}
[20.761333] (-) TimerEvent: {}
[20.863261] (-) TimerEvent: {}
[20.964240] (-) TimerEvent: {}
[21.065814] (-) TimerEvent: {}
[21.166754] (-) TimerEvent: {}
[21.267781] (-) TimerEvent: {}
[21.368187] (-) TimerEvent: {}
[21.472738] (-) TimerEvent: {}
[21.576377] (-) TimerEvent: {}
[21.676838] (-) TimerEvent: {}
[21.777226] (-) TimerEvent: {}
[21.877868] (-) TimerEvent: {}
[21.978395] (-) TimerEvent: {}
[22.079244] (-) TimerEvent: {}
[22.179805] (-) TimerEvent: {}
[22.284058] (-) TimerEvent: {}
[22.384932] (-) TimerEvent: {}
[22.485554] (-) TimerEvent: {}
[22.586678] (-) TimerEvent: {}
[22.687413] (-) TimerEvent: {}
[22.788137] (-) TimerEvent: {}
[22.890567] (-) TimerEvent: {}
[22.992102] (-) TimerEvent: {}
[23.093437] (-) TimerEvent: {}
[23.194555] (-) TimerEvent: {}
[23.296424] (-) TimerEvent: {}
[23.396903] (-) TimerEvent: {}
[23.498335] (-) TimerEvent: {}
[23.600611] (-) TimerEvent: {}
[23.701383] (-) TimerEvent: {}
[23.802344] (-) TimerEvent: {}
[23.903015] (-) TimerEvent: {}
[24.004399] (-) TimerEvent: {}
[24.105154] (-) TimerEvent: {}
[24.205683] (-) TimerEvent: {}
[24.308173] (-) TimerEvent: {}
[24.409247] (-) TimerEvent: {}
[24.509984] (-) TimerEvent: {}
[24.613098] (-) TimerEvent: {}
[24.713903] (-) TimerEvent: {}
[24.814249] (-) TimerEvent: {}
[24.914882] (-) TimerEvent: {}
[25.016123] (-) TimerEvent: {}
[25.116837] (-) TimerEvent: {}
[25.218268] (-) TimerEvent: {}
[25.319177] (-) TimerEvent: {}
[25.420422] (-) TimerEvent: {}
[25.522406] (-) TimerEvent: {}
[25.625288] (-) TimerEvent: {}
[25.726407] (-) TimerEvent: {}
[25.827317] (-) TimerEvent: {}
[25.927875] (-) TimerEvent: {}
[26.028264] (-) TimerEvent: {}
[26.128992] (-) TimerEvent: {}
[26.229459] (-) TimerEvent: {}
[26.330361] (-) TimerEvent: {}
[26.430755] (-) TimerEvent: {}
[26.531562] (-) TimerEvent: {}
[26.633735] (-) TimerEvent: {}
[26.734376] (-) TimerEvent: {}
[26.834789] (-) TimerEvent: {}
[26.935479] (-) TimerEvent: {}
[27.036072] (-) TimerEvent: {}
[27.138143] (-) TimerEvent: {}
[27.238801] (-) TimerEvent: {}
[27.339908] (-) TimerEvent: {}
[27.440585] (-) TimerEvent: {}
[27.541324] (-) TimerEvent: {}
[27.642419] (-) TimerEvent: {}
[27.742852] (-) TimerEvent: {}
[27.843178] (-) TimerEvent: {}
[27.944903] (-) TimerEvent: {}
[28.045793] (-) TimerEvent: {}
[28.147890] (-) TimerEvent: {}
[28.248755] (-) TimerEvent: {}
[28.350619] (-) TimerEvent: {}
[28.451710] (-) TimerEvent: {}
[28.552962] (-) TimerEvent: {}
[28.655096] (-) TimerEvent: {}
[28.757016] (-) TimerEvent: {}
[28.857644] (-) TimerEvent: {}
[28.958327] (-) TimerEvent: {}
[29.060432] (-) TimerEvent: {}
[29.161069] (-) TimerEvent: {}
[29.261732] (-) TimerEvent: {}
[29.363188] (-) TimerEvent: {}
[29.466439] (-) TimerEvent: {}
[29.567196] (-) TimerEvent: {}
[29.668328] (-) TimerEvent: {}
[29.769583] (-) TimerEvent: {}
[29.870200] (-) TimerEvent: {}
[29.971298] (-) TimerEvent: {}
[30.075601] (-) TimerEvent: {}
[30.176299] (-) TimerEvent: {}
[30.277296] (-) TimerEvent: {}
[30.378839] (-) TimerEvent: {}
[30.482231] (-) TimerEvent: {}
[30.582549] (-) TimerEvent: {}
[30.683070] (-) TimerEvent: {}
[30.790445] (-) TimerEvent: {}
[30.891151] (-) TimerEvent: {}
[30.946491] (planning) StderrLine: {'line': b'/home/lh/planning_with_ROS2_course/src/planning/src/global_planner/global_planner_normal/global_planner_normal.cpp: In member function \xe2\x80\x98virtual nav_msgs::msg::Path Planning::GlobalPlannerNormal::search_global_path(const base_msgs::msg::PNCMap&)\xe2\x80\x99:\n'}
[30.971267] (planning) StderrLine: {'line': b'/home/lh/planning_with_ROS2_course/src/planning/src/global_planner/global_planner_normal/global_planner_normal.cpp:9:64: warning: unused parameter \xe2\x80\x98pnc_map\xe2\x80\x99 [-Wunused-parameter]\n'}
[30.971629] (planning) StderrLine: {'line': b'    9 |     Path GlobalPlannerNormal::search_global_path(const PNCMap &pnc_map)\n'}
[30.971775] (planning) StderrLine: {'line': b'      |                                                  ~~~~~~~~~~~~~~^~~~~~~\n'}
[30.992829] (-) TimerEvent: {}
[31.093217] (-) TimerEvent: {}
[31.193860] (-) TimerEvent: {}
[31.306160] (-) TimerEvent: {}
[31.406618] (-) TimerEvent: {}
[31.508878] (-) TimerEvent: {}
[31.612150] (-) TimerEvent: {}
[31.715755] (-) TimerEvent: {}
[31.818089] (-) TimerEvent: {}
[31.920672] (-) TimerEvent: {}
[32.056587] (-) TimerEvent: {}
[32.162304] (-) TimerEvent: {}
[32.296215] (-) TimerEvent: {}
[32.398841] (-) TimerEvent: {}
[32.500973] (-) TimerEvent: {}
[32.601470] (-) TimerEvent: {}
[32.703161] (-) TimerEvent: {}
[32.804050] (-) TimerEvent: {}
[32.904815] (-) TimerEvent: {}
[33.006176] (-) TimerEvent: {}
[33.106935] (-) TimerEvent: {}
[33.210949] (-) TimerEvent: {}
[33.311518] (-) TimerEvent: {}
[33.411968] (-) TimerEvent: {}
[33.513080] (-) TimerEvent: {}
[33.614830] (-) TimerEvent: {}
[33.715983] (-) TimerEvent: {}
[33.817994] (-) TimerEvent: {}
[33.918376] (-) TimerEvent: {}
[34.018970] (-) TimerEvent: {}
[34.119750] (-) TimerEvent: {}
[34.221561] (-) TimerEvent: {}
[34.322192] (-) TimerEvent: {}
[34.423202] (-) TimerEvent: {}
[34.524039] (-) TimerEvent: {}
[34.624706] (-) TimerEvent: {}
[34.725325] (-) TimerEvent: {}
[34.826059] (-) TimerEvent: {}
[34.926629] (-) TimerEvent: {}
[35.027620] (-) TimerEvent: {}
[35.129217] (-) TimerEvent: {}
[35.231340] (-) TimerEvent: {}
[35.332319] (-) TimerEvent: {}
[35.435475] (-) TimerEvent: {}
[35.536204] (-) TimerEvent: {}
[35.636861] (-) TimerEvent: {}
[35.738215] (-) TimerEvent: {}
[35.838949] (-) TimerEvent: {}
[35.939703] (-) TimerEvent: {}
[36.040477] (-) TimerEvent: {}
[36.142818] (-) TimerEvent: {}
[36.243449] (-) TimerEvent: {}
[36.344311] (-) TimerEvent: {}
[36.446840] (-) TimerEvent: {}
[36.547554] (-) TimerEvent: {}
[36.648143] (-) TimerEvent: {}
[36.748737] (-) TimerEvent: {}
[36.849815] (-) TimerEvent: {}
[36.950392] (-) TimerEvent: {}
[37.051051] (-) TimerEvent: {}
[37.151813] (-) TimerEvent: {}
[37.252485] (-) TimerEvent: {}
[37.353075] (-) TimerEvent: {}
[37.454197] (-) TimerEvent: {}
[37.555209] (-) TimerEvent: {}
[37.656078] (-) TimerEvent: {}
[37.756934] (-) TimerEvent: {}
[37.857796] (-) TimerEvent: {}
[37.958266] (-) TimerEvent: {}
[38.059019] (-) TimerEvent: {}
[38.160154] (-) TimerEvent: {}
[38.260678] (-) TimerEvent: {}
[38.361499] (-) TimerEvent: {}
[38.640498] (-) TimerEvent: {}
[38.740829] (-) TimerEvent: {}
[38.841574] (-) TimerEvent: {}
[38.942208] (-) TimerEvent: {}
[39.043375] (-) TimerEvent: {}
[39.143867] (-) TimerEvent: {}
[39.244393] (-) TimerEvent: {}
[39.345407] (-) TimerEvent: {}
[39.446333] (-) TimerEvent: {}
[39.547271] (-) TimerEvent: {}
[39.647874] (-) TimerEvent: {}
[39.748479] (-) TimerEvent: {}
[39.848970] (-) TimerEvent: {}
[39.949923] (-) TimerEvent: {}
[40.050462] (-) TimerEvent: {}
[40.151392] (-) TimerEvent: {}
[40.252541] (-) TimerEvent: {}
[40.353466] (-) TimerEvent: {}
[40.454488] (-) TimerEvent: {}
[40.555601] (-) TimerEvent: {}
[40.656638] (-) TimerEvent: {}
[40.757379] (-) TimerEvent: {}
[40.858668] (-) TimerEvent: {}
[40.959310] (-) TimerEvent: {}
[41.059814] (-) TimerEvent: {}
[41.160558] (-) TimerEvent: {}
[41.261633] (-) TimerEvent: {}
[41.362344] (-) TimerEvent: {}
[41.462729] (-) TimerEvent: {}
[41.567210] (-) TimerEvent: {}
[41.667968] (-) TimerEvent: {}
[41.768874] (-) TimerEvent: {}
[41.869502] (-) TimerEvent: {}
[41.970332] (-) TimerEvent: {}
[42.071473] (-) TimerEvent: {}
[42.171938] (-) TimerEvent: {}
[42.272542] (-) TimerEvent: {}
[42.372937] (-) TimerEvent: {}
[42.474030] (-) TimerEvent: {}
[42.574743] (-) TimerEvent: {}
[42.675145] (-) TimerEvent: {}
[42.776067] (-) TimerEvent: {}
[42.877168] (-) TimerEvent: {}
[42.979399] (-) TimerEvent: {}
[43.081559] (-) TimerEvent: {}
[43.182128] (-) TimerEvent: {}
[43.282792] (-) TimerEvent: {}
[43.383789] (-) TimerEvent: {}
[43.484764] (-) TimerEvent: {}
[43.585404] (-) TimerEvent: {}
[43.686077] (-) TimerEvent: {}
[43.786823] (-) TimerEvent: {}
[43.888813] (-) TimerEvent: {}
[43.989425] (-) TimerEvent: {}
[44.091476] (-) TimerEvent: {}
[44.200672] (-) TimerEvent: {}
[44.303685] (-) TimerEvent: {}
[44.404400] (-) TimerEvent: {}
[44.512790] (-) TimerEvent: {}
[44.620329] (-) TimerEvent: {}
[44.723401] (-) TimerEvent: {}
[44.827661] (-) TimerEvent: {}
[44.928427] (-) TimerEvent: {}
[45.031190] (-) TimerEvent: {}
[45.131834] (-) TimerEvent: {}
[45.237496] (-) TimerEvent: {}
[45.338075] (-) TimerEvent: {}
[45.438737] (-) TimerEvent: {}
[45.539613] (-) TimerEvent: {}
[45.642602] (-) TimerEvent: {}
[45.743370] (-) TimerEvent: {}
[45.844168] (-) TimerEvent: {}
[45.946553] (-) TimerEvent: {}
[46.048601] (-) TimerEvent: {}
[46.150244] (-) TimerEvent: {}
[46.255224] (-) TimerEvent: {}
[46.356283] (-) TimerEvent: {}
[46.457461] (-) TimerEvent: {}
[46.558620] (-) TimerEvent: {}
[46.659579] (-) TimerEvent: {}
[46.760119] (-) TimerEvent: {}
[46.860912] (-) TimerEvent: {}
[46.961753] (-) TimerEvent: {}
[47.062390] (-) TimerEvent: {}
[47.162960] (-) TimerEvent: {}
[47.263479] (-) TimerEvent: {}
[47.364914] (-) TimerEvent: {}
[47.466405] (-) TimerEvent: {}
[47.567254] (-) TimerEvent: {}
[47.668533] (-) TimerEvent: {}
[47.768961] (-) TimerEvent: {}
[47.871374] (-) TimerEvent: {}
[47.972260] (-) TimerEvent: {}
[48.072963] (-) TimerEvent: {}
[48.173730] (-) TimerEvent: {}
[48.274447] (-) TimerEvent: {}
[48.376019] (-) TimerEvent: {}
[48.477101] (-) TimerEvent: {}
[48.577693] (-) TimerEvent: {}
[48.678435] (-) TimerEvent: {}
[48.779009] (-) TimerEvent: {}
[48.879708] (-) TimerEvent: {}
[48.980386] (-) TimerEvent: {}
[49.080991] (-) TimerEvent: {}
[49.182306] (-) TimerEvent: {}
[49.283023] (-) TimerEvent: {}
[49.383547] (-) TimerEvent: {}
[49.485114] (-) TimerEvent: {}
[49.585582] (-) TimerEvent: {}
[49.686153] (-) TimerEvent: {}
[49.786642] (-) TimerEvent: {}
[49.887452] (-) TimerEvent: {}
[49.989020] (-) TimerEvent: {}
[50.089510] (-) TimerEvent: {}
[50.189906] (-) TimerEvent: {}
[50.290513] (-) TimerEvent: {}
[50.392346] (-) TimerEvent: {}
[50.492827] (-) TimerEvent: {}
[50.593334] (-) TimerEvent: {}
[50.694644] (-) TimerEvent: {}
[50.795211] (-) TimerEvent: {}
[50.895888] (-) TimerEvent: {}
[50.996527] (-) TimerEvent: {}
[51.097044] (-) TimerEvent: {}
[51.198220] (-) TimerEvent: {}
[51.298939] (-) TimerEvent: {}
[51.399544] (-) TimerEvent: {}
[51.501158] (-) TimerEvent: {}
[51.603304] (-) TimerEvent: {}
[51.717956] (-) TimerEvent: {}
[51.819423] (-) TimerEvent: {}
[51.920082] (-) TimerEvent: {}
[52.020867] (-) TimerEvent: {}
[52.121776] (-) TimerEvent: {}
[52.224292] (-) TimerEvent: {}
[52.327172] (-) TimerEvent: {}
[52.428103] (-) TimerEvent: {}
[52.528631] (-) TimerEvent: {}
[52.629442] (-) TimerEvent: {}
[52.730088] (-) TimerEvent: {}
[52.830606] (-) TimerEvent: {}
[52.931612] (-) TimerEvent: {}
[53.032317] (-) TimerEvent: {}
[53.133061] (-) TimerEvent: {}
[53.234025] (-) TimerEvent: {}
[53.338482] (-) TimerEvent: {}
[53.442371] (-) TimerEvent: {}
[53.542812] (-) TimerEvent: {}
[53.643366] (-) TimerEvent: {}
[53.743969] (-) TimerEvent: {}
[53.844483] (-) TimerEvent: {}
[53.945186] (-) TimerEvent: {}
[54.046071] (-) TimerEvent: {}
[54.146742] (-) TimerEvent: {}
[54.445110] (-) TimerEvent: {}
[54.545821] (-) TimerEvent: {}
[54.649349] (-) TimerEvent: {}
[54.750897] (-) TimerEvent: {}
[54.851434] (-) TimerEvent: {}
[54.952041] (-) TimerEvent: {}
[55.052542] (-) TimerEvent: {}
[55.155920] (-) TimerEvent: {}
[55.258322] (-) TimerEvent: {}
[55.358900] (-) TimerEvent: {}
[55.459311] (-) TimerEvent: {}
[55.560224] (-) TimerEvent: {}
[55.660883] (-) TimerEvent: {}
[55.761718] (-) TimerEvent: {}
[55.862393] (-) TimerEvent: {}
[55.962903] (-) TimerEvent: {}
[56.064051] (-) TimerEvent: {}
[56.164421] (-) TimerEvent: {}
[56.265274] (-) TimerEvent: {}
[56.365848] (-) TimerEvent: {}
[56.466842] (-) TimerEvent: {}
[56.567628] (-) TimerEvent: {}
[56.668468] (-) TimerEvent: {}
[56.769403] (-) TimerEvent: {}
[56.869942] (-) TimerEvent: {}
[56.970330] (-) TimerEvent: {}
[57.071030] (-) TimerEvent: {}
[57.175909] (-) TimerEvent: {}
[57.276526] (-) TimerEvent: {}
[57.379283] (-) TimerEvent: {}
[57.479866] (-) TimerEvent: {}
[57.581009] (-) TimerEvent: {}
[57.683080] (-) TimerEvent: {}
[57.784125] (-) TimerEvent: {}
[57.884686] (-) TimerEvent: {}
[57.986473] (-) TimerEvent: {}
[58.087251] (-) TimerEvent: {}
[58.187709] (-) TimerEvent: {}
[58.288886] (-) TimerEvent: {}
[58.389891] (-) TimerEvent: {}
[58.491141] (-) TimerEvent: {}
[58.592453] (-) TimerEvent: {}
[58.693055] (-) TimerEvent: {}
[58.793940] (-) TimerEvent: {}
[58.894640] (-) TimerEvent: {}
[58.995104] (-) TimerEvent: {}
[59.095504] (-) TimerEvent: {}
[59.195926] (-) TimerEvent: {}
[59.296575] (-) TimerEvent: {}
[59.397782] (-) TimerEvent: {}
[59.498474] (-) TimerEvent: {}
[59.599054] (-) TimerEvent: {}
[59.700042] (-) TimerEvent: {}
[59.800511] (-) TimerEvent: {}
[59.901177] (-) TimerEvent: {}
[60.002229] (-) TimerEvent: {}
[60.102796] (-) TimerEvent: {}
[60.204292] (-) TimerEvent: {}
[60.304738] (-) TimerEvent: {}
[60.406322] (-) TimerEvent: {}
[60.506917] (-) TimerEvent: {}
[60.607601] (-) TimerEvent: {}
[60.708304] (-) TimerEvent: {}
[60.808849] (-) TimerEvent: {}
[60.909528] (-) TimerEvent: {}
[61.010215] (-) TimerEvent: {}
[61.110657] (-) TimerEvent: {}
[61.211218] (-) TimerEvent: {}
