[0.527s] Invoking command in '/home/lh/planning_with_ROS2_course/build/planning': CMAKE_PREFIX_PATH=/home/lh/planning_with_ROS2_course/install/base_msgs:/home/lh/planning_with_ROS2_course/install/planning:/opt/ros/jazzy/opt/gz_math_vendor:/opt/ros/jazzy/opt/gz_utils_vendor:/opt/ros/jazzy/opt/gz_cmake_vendor:/home/lh/planning_with_ROS2_course/install/data_plot:/opt/ros/jazzy DEBUGINFOD_URLS=https://debuginfod.ubuntu.com /usr/bin/cmake --build /home/lh/planning_with_ROS2_course/build/planning -- -j8 -l8
[0.712s] [  5%] Built target config_reader
[0.716s] [ 14%] Built target mathlibs
[0.799s] [ 22%] Built target pnc_map_creator
[0.800s] [ 28%] Built target global_planner
[0.895s] [ 37%] Built target vehicle_info
[0.936s] [ 42%] Built target pnc_map_server
[0.939s] [ 48%] Built target global_path_server
[0.963s] [ 51%] [32mBuilding CXX object src/reference_line/CMakeFiles/reference_line.dir/reference_line_creator.cpp.o[0m
[0.995s] [ 57%] Built target decision_center
[0.998s] [ 62%] Built target obs_move_cmd
[1.021s] [ 68%] Built target car_move_cmd
[1.085s] [ 85%] Built target local_planner
[7.415s] [ 88%] [32m[1mLinking CXX shared library libreference_line.so[0m
[7.656s] [ 91%] Built target reference_line
[7.762s] [ 94%] [32mBuilding CXX object src/planning_process/CMakeFiles/planning_node.dir/planning_node.cpp.o[0m
[7.766s] [ 97%] [32mBuilding CXX object src/planning_process/CMakeFiles/planning_node.dir/planning_process.cpp.o[0m
[12.948s] In file included from [01m[K/home/lh/planning_with_ROS2_course/src/planning/src/local_planner/local_path/local_path_planner.h:6[m[K,
[12.948s]                  from [01m[K/home/lh/planning_with_ROS2_course/src/planning/src/planning_process/planning_process.h:10[m[K,
[12.949s]                  from [01m[K/home/lh/planning_with_ROS2_course/src/planning/src/planning_process/planning_process.cpp:1[m[K:
[12.949s] [01m[K/home/lh/planning_with_ROS2_course/src/planning/src/common/math/curve.h:9:7:[m[K [01;31m[Kerror: [m[Kredefinition of ‘[01m[Kclass Planning::Curve[m[K’
[12.949s]     9 | class [01;31m[KCurve[m[K
[12.949s]       |       [01;31m[K^~~~~[m[K
[12.949s] In file included from [01m[K/home/lh/planning_with_ROS2_course/src/planning/src/reference_line/reference_line_creator.h:6[m[K,
[12.949s]                  from [01m[K/home/lh/planning_with_ROS2_course/src/planning/src/planning_process/planning_process.h:8[m[K:
[12.950s] [01m[K/home/lh/planning_with_ROS2_course/src/planning/src/common/math/curve.h:9:7:[m[K [01;36m[Knote: [m[Kprevious definition of ‘[01m[Kclass Planning::Curve[m[K’
[12.950s]     9 | class [01;36m[KCurve[m[K
[12.950s]       |       [01;36m[K^~~~~[m[K
[12.955s] In file included from [01m[K/home/lh/planning_with_ROS2_course/src/planning/src/local_planner/local_path/local_path_planner.h:6[m[K,
[12.956s]                  from [01m[K/home/lh/planning_with_ROS2_course/src/planning/src/planning_process/planning_process.h:10[m[K,
[12.956s]                  from [01m[K/home/lh/planning_with_ROS2_course/src/planning/src/planning_process/planning_node.cpp:1[m[K:
[12.956s] [01m[K/home/lh/planning_with_ROS2_course/src/planning/src/common/math/curve.h:9:7:[m[K [01;31m[Kerror: [m[Kredefinition of ‘[01m[Kclass Planning::Curve[m[K’
[12.956s]     9 | class [01;31m[KCurve[m[K
[12.957s]       |       [01;31m[K^~~~~[m[K
[12.957s] In file included from [01m[K/home/lh/planning_with_ROS2_course/src/planning/src/reference_line/reference_line_creator.h:6[m[K,
[12.957s]                  from [01m[K/home/lh/planning_with_ROS2_course/src/planning/src/planning_process/planning_process.h:8[m[K:
[12.957s] [01m[K/home/lh/planning_with_ROS2_course/src/planning/src/common/math/curve.h:9:7:[m[K [01;36m[Knote: [m[Kprevious definition of ‘[01m[Kclass Planning::Curve[m[K’
[12.957s]     9 | class [01;36m[KCurve[m[K
[12.958s]       |       [01;36m[K^~~~~[m[K
[15.250s] gmake[2]: *** [src/planning_process/CMakeFiles/planning_node.dir/build.make:76：src/planning_process/CMakeFiles/planning_node.dir/planning_node.cpp.o] 错误 1
[15.250s] gmake[2]: *** 正在等待未完成的任务....
[15.252s] gmake[2]: *** [src/planning_process/CMakeFiles/planning_node.dir/build.make:90：src/planning_process/CMakeFiles/planning_node.dir/planning_process.cpp.o] 错误 1
[15.253s] gmake[1]: *** [CMakeFiles/Makefile2:527：src/planning_process/CMakeFiles/planning_node.dir/all] 错误 2
[15.254s] gmake: *** [Makefile:146：all] 错误 2
[15.259s] Invoked command in '/home/lh/planning_with_ROS2_course/build/planning' returned '2': CMAKE_PREFIX_PATH=/home/lh/planning_with_ROS2_course/install/base_msgs:/home/lh/planning_with_ROS2_course/install/planning:/opt/ros/jazzy/opt/gz_math_vendor:/opt/ros/jazzy/opt/gz_utils_vendor:/opt/ros/jazzy/opt/gz_cmake_vendor:/home/lh/planning_with_ROS2_course/install/data_plot:/opt/ros/jazzy DEBUGINFOD_URLS=https://debuginfod.ubuntu.com /usr/bin/cmake --build /home/lh/planning_with_ROS2_course/build/planning -- -j8 -l8
