[0.511s] Invoking command in '/home/lh/planning_with_ROS2_course/build/planning': CMAKE_PREFIX_PATH=/home/lh/planning_with_ROS2_course/install/base_msgs:/home/lh/planning_with_ROS2_course/install/planning:/opt/ros/jazzy/opt/gz_math_vendor:/opt/ros/jazzy/opt/gz_utils_vendor:/opt/ros/jazzy/opt/gz_cmake_vendor:/home/lh/planning_with_ROS2_course/install/data_plot:/opt/ros/jazzy DEBUGINFOD_URLS=https://debuginfod.ubuntu.com /usr/bin/cmake /home/lh/planning_with_ROS2_course/src/planning -DCMAKE_INSTALL_PREFIX=/home/lh/planning_with_ROS2_course/install/planning
[0.656s] -- The C compiler identification is GNU 13.3.0
[0.807s] -- The CXX compiler identification is GNU 13.3.0
[0.864s] -- Detecting C compiler ABI info
[1.149s] -- Detecting C compiler ABI info - done
[1.172s] -- Check for working C compiler: /usr/bin/cc - skipped
[1.177s] -- Detecting C compile features
[1.177s] -- Detecting C compile features - done
[1.202s] -- Detecting CXX compiler ABI info
[1.600s] -- Detecting CXX compiler ABI info - done
[1.622s] -- Check for working CXX compiler: /usr/bin/c++ - skipped
[1.623s] -- Detecting CXX compile features
[1.624s] -- Detecting CXX compile features - done
[1.632s] -- Found ament_cmake: 2.5.5 (/opt/ros/jazzy/share/ament_cmake/cmake)
[2.102s] -- Found Python3: /usr/bin/python3 (found version "3.12.3") found components: Interpreter 
[2.401s] -- Found rclcpp: 28.1.16 (/opt/ros/jazzy/share/rclcpp/cmake)
[2.490s] -- Found rosidl_generator_c: 4.6.7 (/opt/ros/jazzy/share/rosidl_generator_c/cmake)
[2.522s] -- Found rosidl_generator_cpp: 4.6.7 (/opt/ros/jazzy/share/rosidl_generator_cpp/cmake)
[2.554s] -- Using all available rosidl_typesupport_c: rosidl_typesupport_fastrtps_c;rosidl_typesupport_introspection_c
[2.598s] -- Using all available rosidl_typesupport_cpp: rosidl_typesupport_fastrtps_cpp;rosidl_typesupport_introspection_cpp
[2.834s] -- Found rmw_implementation_cmake: 7.3.3 (/opt/ros/jazzy/share/rmw_implementation_cmake/cmake)
[2.845s] -- Found rmw_fastrtps_cpp: 8.4.3 (/opt/ros/jazzy/share/rmw_fastrtps_cpp/cmake)
[3.182s] -- Found OpenSSL: /usr/lib/x86_64-linux-gnu/libcrypto.so (found version "3.0.13")  
[3.241s] -- Found FastRTPS: /opt/ros/jazzy/include (Required is at least version "2.13") 
[3.316s] -- Using RMW implementation 'rmw_fastrtps_cpp' as default
[3.653s] -- Found tf2: 0.36.19 (/opt/ros/jazzy/share/tf2/cmake)
[3.759s] -- Found tf2_ros: 0.36.19 (/opt/ros/jazzy/share/tf2_ros/cmake)
[4.341s] -- Found nav_msgs: 5.3.6 (/opt/ros/jazzy/share/nav_msgs/cmake)
[4.431s] -- Found visualization_msgs: 5.3.6 (/opt/ros/jazzy/share/visualization_msgs/cmake)
[4.579s] -- Found base_msgs: 0.0.0 (/home/lh/planning_with_ROS2_course/install/base_msgs/share/base_msgs/cmake)
[4.674s] -- Found ament_lint_auto: 0.17.4 (/opt/ros/jazzy/share/ament_lint_auto/cmake)
[5.069s] -- Added test 'cppcheck' to perform static code analysis on C / C++ code
[5.073s] -- Configured cppcheck include dirs: /home/lh/planning_with_ROS2_course/src/planning/src/common/config_reader;/home/lh/planning_with_ROS2_course/src/planning/src/common/math;/home/lh/planning_with_ROS2_course/src/planning/src/decision_center;/home/lh/planning_with_ROS2_course/src/planning/src/global_planner;/home/lh/planning_with_ROS2_course/src/planning/src/global_planner/global_planner_normal;/home/lh/planning_with_ROS2_course/src/planning/src/local_planner;/home/lh/planning_with_ROS2_course/src/planning/src/local_planner/local_path;/home/lh/planning_with_ROS2_course/src/planning/src/local_planner/local_speeds;/home/lh/planning_with_ROS2_course/src/planning/src/move_cmd;/home/lh/planning_with_ROS2_course/src/planning/src/planning_process;/home/lh/planning_with_ROS2_course/src/planning/src/pnc_map_creator;/home/lh/planning_with_ROS2_course/src/planning/src/pnc_map_creator/pnc_map_crossroad;/home/lh/planning_with_ROS2_course/src/planning/src/pnc_map_creator/pnc_map_roundabout;/home/lh/planning_with_ROS2_course/src/planning/src/pnc_map_creator/pnc_map_straight;/home/lh/planning_with_ROS2_course/src/planning/src/pnc_map_creator/pnc_map_sturn;/home/lh/planning_with_ROS2_course/src/planning/src/pnc_map_creator/pnc_map_tjunction;/home/lh/planning_with_ROS2_course/src/planning/src/reference_line;/home/lh/planning_with_ROS2_course/src/planning/src/vehicle_info;/home/lh/planning_with_ROS2_course/src/planning/src/vehicle_info/main_car;/home/lh/planning_with_ROS2_course/src/planning/src/vehicle_info/obs_car;/home/lh/planning_with_ROS2_course/src/planning/src/vehicle_info/obs_ebike;/home/lh/planning_with_ROS2_course/src/planning/src/vehicle_info/obs_people
[5.074s] -- Configured cppcheck exclude dirs and/or files: 
[5.079s] -- Added test 'lint_cmake' to check CMake code style
[5.091s] -- Added test 'uncrustify' to check C / C++ code style
[5.091s] -- Configured uncrustify additional arguments: 
[5.094s] -- Added test 'xmllint' to check XML markup files
[5.100s] -- Configuring done (4.6s)
[5.166s] -- Generating done (0.0s)
[5.185s] -- Build files have been written to: /home/lh/planning_with_ROS2_course/build/planning
[5.219s] Invoked command in '/home/lh/planning_with_ROS2_course/build/planning' returned '0': CMAKE_PREFIX_PATH=/home/lh/planning_with_ROS2_course/install/base_msgs:/home/lh/planning_with_ROS2_course/install/planning:/opt/ros/jazzy/opt/gz_math_vendor:/opt/ros/jazzy/opt/gz_utils_vendor:/opt/ros/jazzy/opt/gz_cmake_vendor:/home/lh/planning_with_ROS2_course/install/data_plot:/opt/ros/jazzy DEBUGINFOD_URLS=https://debuginfod.ubuntu.com /usr/bin/cmake /home/lh/planning_with_ROS2_course/src/planning -DCMAKE_INSTALL_PREFIX=/home/lh/planning_with_ROS2_course/install/planning
[5.223s] Invoking command in '/home/lh/planning_with_ROS2_course/build/planning': CMAKE_PREFIX_PATH=/home/lh/planning_with_ROS2_course/install/base_msgs:/home/lh/planning_with_ROS2_course/install/planning:/opt/ros/jazzy/opt/gz_math_vendor:/opt/ros/jazzy/opt/gz_utils_vendor:/opt/ros/jazzy/opt/gz_cmake_vendor:/home/lh/planning_with_ROS2_course/install/data_plot:/opt/ros/jazzy DEBUGINFOD_URLS=https://debuginfod.ubuntu.com /usr/bin/cmake --build /home/lh/planning_with_ROS2_course/build/planning -- -j8 -l8
[5.457s] [ 50%] [32mBuilding CXX object src/planning_process/CMakeFiles/planning_node.dir/planning_node.cpp.o[0m
[17.038s] [100%] [32m[1mLinking CXX executable planning_node[0m
[17.622s] [100%] Built target planning_node
[17.652s] Invoked command in '/home/lh/planning_with_ROS2_course/build/planning' returned '0': CMAKE_PREFIX_PATH=/home/lh/planning_with_ROS2_course/install/base_msgs:/home/lh/planning_with_ROS2_course/install/planning:/opt/ros/jazzy/opt/gz_math_vendor:/opt/ros/jazzy/opt/gz_utils_vendor:/opt/ros/jazzy/opt/gz_cmake_vendor:/home/lh/planning_with_ROS2_course/install/data_plot:/opt/ros/jazzy DEBUGINFOD_URLS=https://debuginfod.ubuntu.com /usr/bin/cmake --build /home/lh/planning_with_ROS2_course/build/planning -- -j8 -l8
[17.655s] Invoking command in '/home/lh/planning_with_ROS2_course/build/planning': CMAKE_PREFIX_PATH=/home/lh/planning_with_ROS2_course/install/base_msgs:/home/lh/planning_with_ROS2_course/install/planning:/opt/ros/jazzy/opt/gz_math_vendor:/opt/ros/jazzy/opt/gz_utils_vendor:/opt/ros/jazzy/opt/gz_cmake_vendor:/home/lh/planning_with_ROS2_course/install/data_plot:/opt/ros/jazzy DEBUGINFOD_URLS=https://debuginfod.ubuntu.com /usr/bin/cmake --install /home/lh/planning_with_ROS2_course/build/planning
[17.673s] -- Install configuration: ""
[17.674s] -- Installing: /home/lh/planning_with_ROS2_course/install/planning/lib/planning_node
[17.676s] -- Set non-toolchain portion of runtime path of "/home/lh/planning_with_ROS2_course/install/planning/lib/planning_node" to ""
[17.677s] -- Installing: /home/lh/planning_with_ROS2_course/install/planning/share/planning/config
[17.677s] -- Installing: /home/lh/planning_with_ROS2_course/install/planning/share/planning/launch
[17.677s] -- Installing: /home/lh/planning_with_ROS2_course/install/planning/share/planning/urdf
[17.678s] -- Installing: /home/lh/planning_with_ROS2_course/install/planning/share/planning/urdf/main_car
[17.678s] -- Installing: /home/lh/planning_with_ROS2_course/install/planning/share/planning/urdf/obs_person
[17.678s] -- Installing: /home/lh/planning_with_ROS2_course/install/planning/share/planning/urdf/obs_car
[17.679s] -- Installing: /home/lh/planning_with_ROS2_course/install/planning/share/planning/urdf/obs_ebike
[17.679s] -- Installing: /home/lh/planning_with_ROS2_course/install/planning/share/planning/rviz
[17.680s] -- Installing: /home/lh/planning_with_ROS2_course/install/planning/share/ament_index/resource_index/package_run_dependencies/planning
[17.680s] -- Installing: /home/lh/planning_with_ROS2_course/install/planning/share/ament_index/resource_index/parent_prefix_path/planning
[17.680s] -- Installing: /home/lh/planning_with_ROS2_course/install/planning/share/planning/environment/ament_prefix_path.sh
[17.680s] -- Installing: /home/lh/planning_with_ROS2_course/install/planning/share/planning/environment/ament_prefix_path.dsv
[17.681s] -- Installing: /home/lh/planning_with_ROS2_course/install/planning/share/planning/environment/path.sh
[17.681s] -- Installing: /home/lh/planning_with_ROS2_course/install/planning/share/planning/environment/path.dsv
[17.681s] -- Installing: /home/lh/planning_with_ROS2_course/install/planning/share/planning/local_setup.bash
[17.681s] -- Installing: /home/lh/planning_with_ROS2_course/install/planning/share/planning/local_setup.sh
[17.682s] -- Installing: /home/lh/planning_with_ROS2_course/install/planning/share/planning/local_setup.zsh
[17.682s] -- Installing: /home/lh/planning_with_ROS2_course/install/planning/share/planning/local_setup.dsv
[17.683s] -- Installing: /home/lh/planning_with_ROS2_course/install/planning/share/planning/package.dsv
[17.683s] -- Installing: /home/lh/planning_with_ROS2_course/install/planning/share/ament_index/resource_index/packages/planning
[17.684s] -- Installing: /home/lh/planning_with_ROS2_course/install/planning/share/planning/cmake/planningConfig.cmake
[17.684s] -- Installing: /home/lh/planning_with_ROS2_course/install/planning/share/planning/cmake/planningConfig-version.cmake
[17.685s] -- Installing: /home/lh/planning_with_ROS2_course/install/planning/share/planning/package.xml
[17.690s] Invoked command in '/home/lh/planning_with_ROS2_course/build/planning' returned '0': CMAKE_PREFIX_PATH=/home/lh/planning_with_ROS2_course/install/base_msgs:/home/lh/planning_with_ROS2_course/install/planning:/opt/ros/jazzy/opt/gz_math_vendor:/opt/ros/jazzy/opt/gz_utils_vendor:/opt/ros/jazzy/opt/gz_cmake_vendor:/home/lh/planning_with_ROS2_course/install/data_plot:/opt/ros/jazzy DEBUGINFOD_URLS=https://debuginfod.ubuntu.com /usr/bin/cmake --install /home/lh/planning_with_ROS2_course/build/planning
