[0.032s] Invoking command in '/home/lh/planning_with_ROS2_course/build/base_msgs': CMAKE_PREFIX_PATH=${CMAKE_PREFIX_PATH}:/home/lh/planning_with_ROS2_course/install/data_plot:/opt/ros/jazzy DEBUGINFOD_URLS=https://debuginfod.ubuntu.com /usr/bin/cmake --build /home/lh/planning_with_ROS2_course/build/base_msgs -- -j16 -l16
[0.246s] [  0%] Built target base_msgs__rosidl_generator_type_description
[0.273s] [  0%] Built target ament_cmake_python_copy_base_msgs
[0.345s] [  0%] Built target base_msgs__cpp
[0.357s] [ 26%] Built target base_msgs__rosidl_generator_c
[0.463s] [ 35%] Built target base_msgs__rosidl_typesupport_fastrtps_c
[0.463s] [ 45%] Built target base_msgs__rosidl_typesupport_c
[0.464s] [ 55%] Built target base_msgs__rosidl_typesupport_cpp
[0.476s] [ 65%] Built target base_msgs__rosidl_typesupport_fastrtps_cpp
[0.480s] [ 75%] Built target base_msgs__rosidl_typesupport_introspection_cpp
[0.496s] [ 85%] Built target base_msgs__rosidl_typesupport_introspection_c
[0.597s] [ 85%] Built target base_msgs
[0.706s] [ 86%] Built target base_msgs__py
[0.823s] [ 96%] Built target base_msgs__rosidl_generator_py
[0.904s] [ 97%] Built target base_msgs_s__rosidl_typesupport_c
[0.909s] [ 99%] Built target base_msgs_s__rosidl_typesupport_introspection_c
[0.911s] [100%] Built target base_msgs_s__rosidl_typesupport_fastrtps_c
[0.960s] running egg_info
[1.028s] writing base_msgs.egg-info/PKG-INFO
[1.028s] writing dependency_links to base_msgs.egg-info/dependency_links.txt
[1.029s] writing top-level names to base_msgs.egg-info/top_level.txt
[1.211s] reading manifest file 'base_msgs.egg-info/SOURCES.txt'
[1.215s] writing manifest file 'base_msgs.egg-info/SOURCES.txt'
[1.333s] [100%] Built target ament_cmake_python_build_base_msgs_egg
[1.381s] Invoked command in '/home/lh/planning_with_ROS2_course/build/base_msgs' returned '0': CMAKE_PREFIX_PATH=${CMAKE_PREFIX_PATH}:/home/lh/planning_with_ROS2_course/install/data_plot:/opt/ros/jazzy DEBUGINFOD_URLS=https://debuginfod.ubuntu.com /usr/bin/cmake --build /home/lh/planning_with_ROS2_course/build/base_msgs -- -j16 -l16
[1.415s] Invoking command in '/home/lh/planning_with_ROS2_course/build/base_msgs': CMAKE_PREFIX_PATH=${CMAKE_PREFIX_PATH}:/home/lh/planning_with_ROS2_course/install/data_plot:/opt/ros/jazzy DEBUGINFOD_URLS=https://debuginfod.ubuntu.com /usr/bin/cmake --install /home/lh/planning_with_ROS2_course/build/base_msgs
[1.459s] -- Install configuration: ""
[1.459s] -- Up-to-date: /home/lh/planning_with_ROS2_course/install/base_msgs/share/ament_index/resource_index/rosidl_interfaces/base_msgs
[1.462s] -- Up-to-date: /home/lh/planning_with_ROS2_course/install/base_msgs/share/base_msgs/srv/GlobalPathService.json
[1.463s] -- Up-to-date: /home/lh/planning_with_ROS2_course/install/base_msgs/share/base_msgs/srv/PNCMapService.json
[1.463s] -- Up-to-date: /home/lh/planning_with_ROS2_course/install/base_msgs/share/base_msgs/msg/LocalPath.json
[1.463s] -- Up-to-date: /home/lh/planning_with_ROS2_course/install/base_msgs/share/base_msgs/msg/LocalSpeedsPoint.json
[1.463s] -- Up-to-date: /home/lh/planning_with_ROS2_course/install/base_msgs/share/base_msgs/msg/LocalPathPoint.json
[1.464s] -- Up-to-date: /home/lh/planning_with_ROS2_course/install/base_msgs/share/base_msgs/msg/LocalSpeeds.json
[1.464s] -- Up-to-date: /home/lh/planning_with_ROS2_course/install/base_msgs/share/base_msgs/msg/LocalTrajectory.json
[1.471s] -- Up-to-date: /home/lh/planning_with_ROS2_course/install/base_msgs/share/base_msgs/msg/LocalTrajectoryPoint.json
[1.472s] -- Up-to-date: /home/lh/planning_with_ROS2_course/install/base_msgs/share/base_msgs/msg/ObsInfo.json
[1.473s] -- Up-to-date: /home/lh/planning_with_ROS2_course/install/base_msgs/share/base_msgs/msg/PlotInfo.json
[1.473s] -- Up-to-date: /home/lh/planning_with_ROS2_course/install/base_msgs/share/base_msgs/msg/PNCMap.json
[1.474s] -- Up-to-date: /home/lh/planning_with_ROS2_course/install/base_msgs/share/base_msgs/msg/Referline.json
[1.474s] -- Up-to-date: /home/lh/planning_with_ROS2_course/install/base_msgs/share/base_msgs/msg/ReferlinePoint.json
[1.474s] -- Up-to-date: /home/lh/planning_with_ROS2_course/install/base_msgs/include/base_msgs/base_msgs
[1.475s] -- Up-to-date: /home/lh/planning_with_ROS2_course/install/base_msgs/include/base_msgs/base_msgs/msg
[1.475s] -- Up-to-date: /home/lh/planning_with_ROS2_course/install/base_msgs/include/base_msgs/base_msgs/msg/pnc_map.h
[1.476s] -- Up-to-date: /home/lh/planning_with_ROS2_course/install/base_msgs/include/base_msgs/base_msgs/msg/detail
[1.476s] -- Up-to-date: /home/lh/planning_with_ROS2_course/install/base_msgs/include/base_msgs/base_msgs/msg/detail/local_speeds_point__functions.c
[1.476s] -- Installing: /home/lh/planning_with_ROS2_course/install/base_msgs/include/base_msgs/base_msgs/msg/detail/referline__type_support.c
[1.476s] -- Up-to-date: /home/lh/planning_with_ROS2_course/install/base_msgs/include/base_msgs/base_msgs/msg/detail/obs_info__type_support.h
[1.477s] -- Up-to-date: /home/lh/planning_with_ROS2_course/install/base_msgs/include/base_msgs/base_msgs/msg/detail/plot_info__functions.c
[1.477s] -- Up-to-date: /home/lh/planning_with_ROS2_course/install/base_msgs/include/base_msgs/base_msgs/msg/detail/pnc_map__description.c
[1.477s] -- Up-to-date: /home/lh/planning_with_ROS2_course/install/base_msgs/include/base_msgs/base_msgs/msg/detail/plot_info__functions.h
[1.477s] -- Up-to-date: /home/lh/planning_with_ROS2_course/install/base_msgs/include/base_msgs/base_msgs/msg/detail/plot_info__struct.h
[1.477s] -- Up-to-date: /home/lh/planning_with_ROS2_course/install/base_msgs/include/base_msgs/base_msgs/msg/detail/local_trajectory_point__type_support.h
[1.478s] -- Up-to-date: /home/lh/planning_with_ROS2_course/install/base_msgs/include/base_msgs/base_msgs/msg/detail/local_trajectory_point__functions.h
[1.478s] -- Up-to-date: /home/lh/planning_with_ROS2_course/install/base_msgs/include/base_msgs/base_msgs/msg/detail/pnc_map__functions.c
[1.478s] -- Installing: /home/lh/planning_with_ROS2_course/install/base_msgs/include/base_msgs/base_msgs/msg/detail/local_path_point__type_support.c
[1.479s] -- Up-to-date: /home/lh/planning_with_ROS2_course/install/base_msgs/include/base_msgs/base_msgs/msg/detail/obs_info__description.c
[1.480s] -- Up-to-date: /home/lh/planning_with_ROS2_course/install/base_msgs/include/base_msgs/base_msgs/msg/detail/pnc_map__functions.h
[1.480s] -- Up-to-date: /home/lh/planning_with_ROS2_course/install/base_msgs/include/base_msgs/base_msgs/msg/detail/obs_info__functions.c
[1.481s] -- Up-to-date: /home/lh/planning_with_ROS2_course/install/base_msgs/include/base_msgs/base_msgs/msg/detail/referline__functions.h
[1.481s] -- Up-to-date: /home/lh/planning_with_ROS2_course/install/base_msgs/include/base_msgs/base_msgs/msg/detail/local_path__functions.h
[1.481s] -- Up-to-date: /home/lh/planning_with_ROS2_course/install/base_msgs/include/base_msgs/base_msgs/msg/detail/local_path__type_support.h
[1.482s] -- Installing: /home/lh/planning_with_ROS2_course/install/base_msgs/include/base_msgs/base_msgs/msg/detail/local_speeds__type_support.c
[1.482s] -- Up-to-date: /home/lh/planning_with_ROS2_course/install/base_msgs/include/base_msgs/base_msgs/msg/detail/pnc_map__struct.h
[1.482s] -- Installing: /home/lh/planning_with_ROS2_course/install/base_msgs/include/base_msgs/base_msgs/msg/detail/local_trajectory_point__type_support.c
[1.482s] -- Up-to-date: /home/lh/planning_with_ROS2_course/install/base_msgs/include/base_msgs/base_msgs/msg/detail/local_trajectory__struct.h
[1.483s] -- Up-to-date: /home/lh/planning_with_ROS2_course/install/base_msgs/include/base_msgs/base_msgs/msg/detail/local_path__functions.c
[1.483s] -- Up-to-date: /home/lh/planning_with_ROS2_course/install/base_msgs/include/base_msgs/base_msgs/msg/detail/referline_point__struct.h
[1.483s] -- Up-to-date: /home/lh/planning_with_ROS2_course/install/base_msgs/include/base_msgs/base_msgs/msg/detail/local_speeds__struct.h
[1.484s] -- Up-to-date: /home/lh/planning_with_ROS2_course/install/base_msgs/include/base_msgs/base_msgs/msg/detail/referline_point__type_support.h
[1.484s] -- Up-to-date: /home/lh/planning_with_ROS2_course/install/base_msgs/include/base_msgs/base_msgs/msg/detail/local_speeds_point__struct.h
[1.484s] -- Up-to-date: /home/lh/planning_with_ROS2_course/install/base_msgs/include/base_msgs/base_msgs/msg/detail/local_trajectory__type_support.h
[1.484s] -- Up-to-date: /home/lh/planning_with_ROS2_course/install/base_msgs/include/base_msgs/base_msgs/msg/detail/local_path__description.c
[1.485s] -- Up-to-date: /home/lh/planning_with_ROS2_course/install/base_msgs/include/base_msgs/base_msgs/msg/detail/local_speeds__type_support.h
[1.485s] -- Up-to-date: /home/lh/planning_with_ROS2_course/install/base_msgs/include/base_msgs/base_msgs/msg/detail/plot_info__type_support.h
[1.485s] -- Up-to-date: /home/lh/planning_with_ROS2_course/install/base_msgs/include/base_msgs/base_msgs/msg/detail/local_speeds__functions.c
[1.486s] -- Up-to-date: /home/lh/planning_with_ROS2_course/install/base_msgs/include/base_msgs/base_msgs/msg/detail/local_speeds__description.c
[1.486s] -- Up-to-date: /home/lh/planning_with_ROS2_course/install/base_msgs/include/base_msgs/base_msgs/msg/detail/local_trajectory_point__struct.h
[1.486s] -- Installing: /home/lh/planning_with_ROS2_course/install/base_msgs/include/base_msgs/base_msgs/msg/detail/plot_info__type_support.c
[1.486s] -- Installing: /home/lh/planning_with_ROS2_course/install/base_msgs/include/base_msgs/base_msgs/msg/detail/referline_point__type_support.c
[1.487s] -- Up-to-date: /home/lh/planning_with_ROS2_course/install/base_msgs/include/base_msgs/base_msgs/msg/detail/local_trajectory_point__description.c
[1.488s] -- Up-to-date: /home/lh/planning_with_ROS2_course/install/base_msgs/include/base_msgs/base_msgs/msg/detail/referline_point__functions.h
[1.488s] -- Installing: /home/lh/planning_with_ROS2_course/install/base_msgs/include/base_msgs/base_msgs/msg/detail/pnc_map__type_support.c
[1.489s] -- Up-to-date: /home/lh/planning_with_ROS2_course/install/base_msgs/include/base_msgs/base_msgs/msg/detail/local_speeds__functions.h
[1.490s] -- Up-to-date: /home/lh/planning_with_ROS2_course/install/base_msgs/include/base_msgs/base_msgs/msg/detail/local_path_point__struct.h
[1.490s] -- Installing: /home/lh/planning_with_ROS2_course/install/base_msgs/include/base_msgs/base_msgs/msg/detail/obs_info__type_support.c
[1.490s] -- Up-to-date: /home/lh/planning_with_ROS2_course/install/base_msgs/include/base_msgs/base_msgs/msg/detail/local_trajectory_point__functions.c
[1.490s] -- Up-to-date: /home/lh/planning_with_ROS2_course/install/base_msgs/include/base_msgs/base_msgs/msg/detail/local_path_point__functions.c
[1.490s] -- Up-to-date: /home/lh/planning_with_ROS2_course/install/base_msgs/include/base_msgs/base_msgs/msg/detail/referline__struct.h
[1.491s] -- Up-to-date: /home/lh/planning_with_ROS2_course/install/base_msgs/include/base_msgs/base_msgs/msg/detail/local_path_point__functions.h
[1.492s] -- Up-to-date: /home/lh/planning_with_ROS2_course/install/base_msgs/include/base_msgs/base_msgs/msg/detail/referline_point__functions.c
[1.492s] -- Installing: /home/lh/planning_with_ROS2_course/install/base_msgs/include/base_msgs/base_msgs/msg/detail/local_trajectory__type_support.c
[1.493s] -- Up-to-date: /home/lh/planning_with_ROS2_course/install/base_msgs/include/base_msgs/base_msgs/msg/detail/referline__functions.c
[1.493s] -- Up-to-date: /home/lh/planning_with_ROS2_course/install/base_msgs/include/base_msgs/base_msgs/msg/detail/local_trajectory__functions.h
[1.493s] -- Up-to-date: /home/lh/planning_with_ROS2_course/install/base_msgs/include/base_msgs/base_msgs/msg/detail/referline_point__description.c
[1.494s] -- Up-to-date: /home/lh/planning_with_ROS2_course/install/base_msgs/include/base_msgs/base_msgs/msg/detail/pnc_map__type_support.h
[1.494s] -- Installing: /home/lh/planning_with_ROS2_course/install/base_msgs/include/base_msgs/base_msgs/msg/detail/local_speeds_point__type_support.c
[1.494s] -- Up-to-date: /home/lh/planning_with_ROS2_course/install/base_msgs/include/base_msgs/base_msgs/msg/detail/local_trajectory__description.c
[1.495s] -- Up-to-date: /home/lh/planning_with_ROS2_course/install/base_msgs/include/base_msgs/base_msgs/msg/detail/local_path__struct.h
[1.495s] -- Up-to-date: /home/lh/planning_with_ROS2_course/install/base_msgs/include/base_msgs/base_msgs/msg/detail/local_path_point__description.c
[1.496s] -- Up-to-date: /home/lh/planning_with_ROS2_course/install/base_msgs/include/base_msgs/base_msgs/msg/detail/local_trajectory__functions.c
[1.496s] -- Up-to-date: /home/lh/planning_with_ROS2_course/install/base_msgs/include/base_msgs/base_msgs/msg/detail/local_speeds_point__description.c
[1.497s] -- Up-to-date: /home/lh/planning_with_ROS2_course/install/base_msgs/include/base_msgs/base_msgs/msg/detail/plot_info__description.c
[1.497s] -- Up-to-date: /home/lh/planning_with_ROS2_course/install/base_msgs/include/base_msgs/base_msgs/msg/detail/local_speeds_point__functions.h
[1.498s] -- Up-to-date: /home/lh/planning_with_ROS2_course/install/base_msgs/include/base_msgs/base_msgs/msg/detail/local_speeds_point__type_support.h
[1.499s] -- Installing: /home/lh/planning_with_ROS2_course/install/base_msgs/include/base_msgs/base_msgs/msg/detail/local_path__type_support.c
[1.499s] -- Up-to-date: /home/lh/planning_with_ROS2_course/install/base_msgs/include/base_msgs/base_msgs/msg/detail/obs_info__functions.h
[1.499s] -- Up-to-date: /home/lh/planning_with_ROS2_course/install/base_msgs/include/base_msgs/base_msgs/msg/detail/local_path_point__type_support.h
[1.500s] -- Up-to-date: /home/lh/planning_with_ROS2_course/install/base_msgs/include/base_msgs/base_msgs/msg/detail/referline__description.c
[1.500s] -- Up-to-date: /home/lh/planning_with_ROS2_course/install/base_msgs/include/base_msgs/base_msgs/msg/detail/referline__type_support.h
[1.500s] -- Up-to-date: /home/lh/planning_with_ROS2_course/install/base_msgs/include/base_msgs/base_msgs/msg/detail/obs_info__struct.h
[1.500s] -- Up-to-date: /home/lh/planning_with_ROS2_course/install/base_msgs/include/base_msgs/base_msgs/msg/local_path.h
[1.500s] -- Up-to-date: /home/lh/planning_with_ROS2_course/install/base_msgs/include/base_msgs/base_msgs/msg/local_trajectory.h
[1.501s] -- Up-to-date: /home/lh/planning_with_ROS2_course/install/base_msgs/include/base_msgs/base_msgs/msg/plot_info.h
[1.501s] -- Up-to-date: /home/lh/planning_with_ROS2_course/install/base_msgs/include/base_msgs/base_msgs/msg/referline.h
[1.501s] -- Up-to-date: /home/lh/planning_with_ROS2_course/install/base_msgs/include/base_msgs/base_msgs/msg/local_path_point.h
[1.501s] -- Up-to-date: /home/lh/planning_with_ROS2_course/install/base_msgs/include/base_msgs/base_msgs/msg/local_speeds_point.h
[1.501s] -- Up-to-date: /home/lh/planning_with_ROS2_course/install/base_msgs/include/base_msgs/base_msgs/msg/local_trajectory_point.h
[1.502s] -- Up-to-date: /home/lh/planning_with_ROS2_course/install/base_msgs/include/base_msgs/base_msgs/msg/referline_point.h
[1.502s] -- Up-to-date: /home/lh/planning_with_ROS2_course/install/base_msgs/include/base_msgs/base_msgs/msg/rosidl_generator_c__visibility_control.h
[1.502s] -- Up-to-date: /home/lh/planning_with_ROS2_course/install/base_msgs/include/base_msgs/base_msgs/msg/local_speeds.h
[1.503s] -- Up-to-date: /home/lh/planning_with_ROS2_course/install/base_msgs/include/base_msgs/base_msgs/msg/obs_info.h
[1.503s] -- Up-to-date: /home/lh/planning_with_ROS2_course/install/base_msgs/include/base_msgs/base_msgs/srv
[1.503s] -- Up-to-date: /home/lh/planning_with_ROS2_course/install/base_msgs/include/base_msgs/base_msgs/srv/detail
[1.504s] -- Up-to-date: /home/lh/planning_with_ROS2_course/install/base_msgs/include/base_msgs/base_msgs/srv/detail/pnc_map_service__description.c
[1.504s] -- Up-to-date: /home/lh/planning_with_ROS2_course/install/base_msgs/include/base_msgs/base_msgs/srv/detail/pnc_map_service__type_support.h
[1.504s] -- Up-to-date: /home/lh/planning_with_ROS2_course/install/base_msgs/include/base_msgs/base_msgs/srv/detail/global_path_service__functions.c
[1.504s] -- Up-to-date: /home/lh/planning_with_ROS2_course/install/base_msgs/include/base_msgs/base_msgs/srv/detail/pnc_map_service__functions.h
[1.505s] -- Up-to-date: /home/lh/planning_with_ROS2_course/install/base_msgs/include/base_msgs/base_msgs/srv/detail/global_path_service__functions.h
[1.505s] -- Up-to-date: /home/lh/planning_with_ROS2_course/install/base_msgs/include/base_msgs/base_msgs/srv/detail/global_path_service__type_support.h
[1.505s] -- Installing: /home/lh/planning_with_ROS2_course/install/base_msgs/include/base_msgs/base_msgs/srv/detail/global_path_service__type_support.c
[1.505s] -- Up-to-date: /home/lh/planning_with_ROS2_course/install/base_msgs/include/base_msgs/base_msgs/srv/detail/pnc_map_service__struct.h
[1.505s] -- Up-to-date: /home/lh/planning_with_ROS2_course/install/base_msgs/include/base_msgs/base_msgs/srv/detail/global_path_service__struct.h
[1.505s] -- Installing: /home/lh/planning_with_ROS2_course/install/base_msgs/include/base_msgs/base_msgs/srv/detail/pnc_map_service__type_support.c
[1.506s] -- Up-to-date: /home/lh/planning_with_ROS2_course/install/base_msgs/include/base_msgs/base_msgs/srv/detail/pnc_map_service__functions.c
[1.506s] -- Up-to-date: /home/lh/planning_with_ROS2_course/install/base_msgs/include/base_msgs/base_msgs/srv/detail/global_path_service__description.c
[1.507s] -- Up-to-date: /home/lh/planning_with_ROS2_course/install/base_msgs/include/base_msgs/base_msgs/srv/global_path_service.h
[1.507s] -- Up-to-date: /home/lh/planning_with_ROS2_course/install/base_msgs/include/base_msgs/base_msgs/srv/pnc_map_service.h
[1.508s] -- Up-to-date: /home/lh/planning_with_ROS2_course/install/base_msgs/share/base_msgs/environment/library_path.sh
[1.508s] -- Up-to-date: /home/lh/planning_with_ROS2_course/install/base_msgs/share/base_msgs/environment/library_path.dsv
[1.508s] -- Up-to-date: /home/lh/planning_with_ROS2_course/install/base_msgs/lib/libbase_msgs__rosidl_generator_c.so
[1.509s] -- Up-to-date: /home/lh/planning_with_ROS2_course/install/base_msgs/include/base_msgs/base_msgs
[1.509s] -- Up-to-date: /home/lh/planning_with_ROS2_course/install/base_msgs/include/base_msgs/base_msgs/msg
[1.509s] -- Up-to-date: /home/lh/planning_with_ROS2_course/install/base_msgs/include/base_msgs/base_msgs/msg/detail
[1.509s] -- Up-to-date: /home/lh/planning_with_ROS2_course/install/base_msgs/include/base_msgs/base_msgs/msg/detail/local_trajectory_point__rosidl_typesupport_fastrtps_c.h
[1.509s] -- Up-to-date: /home/lh/planning_with_ROS2_course/install/base_msgs/include/base_msgs/base_msgs/msg/detail/local_trajectory__rosidl_typesupport_fastrtps_c.h
[1.510s] -- Up-to-date: /home/lh/planning_with_ROS2_course/install/base_msgs/include/base_msgs/base_msgs/msg/detail/referline__rosidl_typesupport_fastrtps_c.h
[1.510s] -- Up-to-date: /home/lh/planning_with_ROS2_course/install/base_msgs/include/base_msgs/base_msgs/msg/detail/obs_info__rosidl_typesupport_fastrtps_c.h
[1.510s] -- Up-to-date: /home/lh/planning_with_ROS2_course/install/base_msgs/include/base_msgs/base_msgs/msg/detail/pnc_map__rosidl_typesupport_fastrtps_c.h
[1.511s] -- Up-to-date: /home/lh/planning_with_ROS2_course/install/base_msgs/include/base_msgs/base_msgs/msg/detail/local_path__rosidl_typesupport_fastrtps_c.h
[1.511s] -- Up-to-date: /home/lh/planning_with_ROS2_course/install/base_msgs/include/base_msgs/base_msgs/msg/detail/local_speeds_point__rosidl_typesupport_fastrtps_c.h
[1.511s] -- Up-to-date: /home/lh/planning_with_ROS2_course/install/base_msgs/include/base_msgs/base_msgs/msg/detail/referline_point__rosidl_typesupport_fastrtps_c.h
[1.511s] -- Up-to-date: /home/lh/planning_with_ROS2_course/install/base_msgs/include/base_msgs/base_msgs/msg/detail/plot_info__rosidl_typesupport_fastrtps_c.h
[1.511s] -- Up-to-date: /home/lh/planning_with_ROS2_course/install/base_msgs/include/base_msgs/base_msgs/msg/detail/local_speeds__rosidl_typesupport_fastrtps_c.h
[1.511s] -- Up-to-date: /home/lh/planning_with_ROS2_course/install/base_msgs/include/base_msgs/base_msgs/msg/detail/local_path_point__rosidl_typesupport_fastrtps_c.h
[1.512s] -- Up-to-date: /home/lh/planning_with_ROS2_course/install/base_msgs/include/base_msgs/base_msgs/msg/rosidl_typesupport_fastrtps_c__visibility_control.h
[1.512s] -- Up-to-date: /home/lh/planning_with_ROS2_course/install/base_msgs/include/base_msgs/base_msgs/srv
[1.512s] -- Up-to-date: /home/lh/planning_with_ROS2_course/install/base_msgs/include/base_msgs/base_msgs/srv/detail
[1.512s] -- Up-to-date: /home/lh/planning_with_ROS2_course/install/base_msgs/include/base_msgs/base_msgs/srv/detail/global_path_service__rosidl_typesupport_fastrtps_c.h
[1.514s] -- Up-to-date: /home/lh/planning_with_ROS2_course/install/base_msgs/include/base_msgs/base_msgs/srv/detail/pnc_map_service__rosidl_typesupport_fastrtps_c.h
[1.515s] -- Up-to-date: /home/lh/planning_with_ROS2_course/install/base_msgs/lib/libbase_msgs__rosidl_typesupport_fastrtps_c.so
[1.515s] -- Up-to-date: /home/lh/planning_with_ROS2_course/install/base_msgs/include/base_msgs/base_msgs
[1.515s] -- Up-to-date: /home/lh/planning_with_ROS2_course/install/base_msgs/include/base_msgs/base_msgs/msg
[1.517s] -- Up-to-date: /home/lh/planning_with_ROS2_course/install/base_msgs/include/base_msgs/base_msgs/msg/detail
[1.517s] -- Up-to-date: /home/lh/planning_with_ROS2_course/install/base_msgs/include/base_msgs/base_msgs/msg/detail/referline__rosidl_typesupport_introspection_c.h
[1.519s] -- Installing: /home/lh/planning_with_ROS2_course/install/base_msgs/include/base_msgs/base_msgs/msg/detail/referline__type_support.c
[1.519s] -- Up-to-date: /home/lh/planning_with_ROS2_course/install/base_msgs/include/base_msgs/base_msgs/msg/detail/local_path_point__rosidl_typesupport_introspection_c.h
[1.520s] -- Installing: /home/lh/planning_with_ROS2_course/install/base_msgs/include/base_msgs/base_msgs/msg/detail/local_path_point__type_support.c
[1.520s] -- Up-to-date: /home/lh/planning_with_ROS2_course/install/base_msgs/include/base_msgs/base_msgs/msg/detail/local_speeds__rosidl_typesupport_introspection_c.h
[1.520s] -- Up-to-date: /home/lh/planning_with_ROS2_course/install/base_msgs/include/base_msgs/base_msgs/msg/detail/local_trajectory__rosidl_typesupport_introspection_c.h
[1.520s] -- Installing: /home/lh/planning_with_ROS2_course/install/base_msgs/include/base_msgs/base_msgs/msg/detail/local_speeds__type_support.c
[1.521s] -- Installing: /home/lh/planning_with_ROS2_course/install/base_msgs/include/base_msgs/base_msgs/msg/detail/local_trajectory_point__type_support.c
[1.521s] -- Up-to-date: /home/lh/planning_with_ROS2_course/install/base_msgs/include/base_msgs/base_msgs/msg/detail/obs_info__rosidl_typesupport_introspection_c.h
[1.521s] -- Up-to-date: /home/lh/planning_with_ROS2_course/install/base_msgs/include/base_msgs/base_msgs/msg/detail/local_speeds_point__rosidl_typesupport_introspection_c.h
[1.521s] -- Up-to-date: /home/lh/planning_with_ROS2_course/install/base_msgs/include/base_msgs/base_msgs/msg/detail/plot_info__rosidl_typesupport_introspection_c.h
[1.522s] -- Up-to-date: /home/lh/planning_with_ROS2_course/install/base_msgs/include/base_msgs/base_msgs/msg/detail/local_path__rosidl_typesupport_introspection_c.h
[1.522s] -- Installing: /home/lh/planning_with_ROS2_course/install/base_msgs/include/base_msgs/base_msgs/msg/detail/plot_info__type_support.c
[1.522s] -- Installing: /home/lh/planning_with_ROS2_course/install/base_msgs/include/base_msgs/base_msgs/msg/detail/referline_point__type_support.c
[1.523s] -- Installing: /home/lh/planning_with_ROS2_course/install/base_msgs/include/base_msgs/base_msgs/msg/detail/pnc_map__type_support.c
[1.523s] -- Installing: /home/lh/planning_with_ROS2_course/install/base_msgs/include/base_msgs/base_msgs/msg/detail/obs_info__type_support.c
[1.524s] -- Up-to-date: /home/lh/planning_with_ROS2_course/install/base_msgs/include/base_msgs/base_msgs/msg/detail/local_trajectory_point__rosidl_typesupport_introspection_c.h
[1.524s] -- Installing: /home/lh/planning_with_ROS2_course/install/base_msgs/include/base_msgs/base_msgs/msg/detail/local_trajectory__type_support.c
[1.525s] -- Installing: /home/lh/planning_with_ROS2_course/install/base_msgs/include/base_msgs/base_msgs/msg/detail/local_speeds_point__type_support.c
[1.525s] -- Up-to-date: /home/lh/planning_with_ROS2_course/install/base_msgs/include/base_msgs/base_msgs/msg/detail/referline_point__rosidl_typesupport_introspection_c.h
[1.525s] -- Up-to-date: /home/lh/planning_with_ROS2_course/install/base_msgs/include/base_msgs/base_msgs/msg/detail/pnc_map__rosidl_typesupport_introspection_c.h
[1.525s] -- Installing: /home/lh/planning_with_ROS2_course/install/base_msgs/include/base_msgs/base_msgs/msg/detail/local_path__type_support.c
[1.525s] -- Up-to-date: /home/lh/planning_with_ROS2_course/install/base_msgs/include/base_msgs/base_msgs/msg/rosidl_typesupport_introspection_c__visibility_control.h
[1.526s] -- Up-to-date: /home/lh/planning_with_ROS2_course/install/base_msgs/include/base_msgs/base_msgs/srv
[1.526s] -- Up-to-date: /home/lh/planning_with_ROS2_course/install/base_msgs/include/base_msgs/base_msgs/srv/detail
[1.526s] -- Up-to-date: /home/lh/planning_with_ROS2_course/install/base_msgs/include/base_msgs/base_msgs/srv/detail/pnc_map_service__rosidl_typesupport_introspection_c.h
[1.527s] -- Installing: /home/lh/planning_with_ROS2_course/install/base_msgs/include/base_msgs/base_msgs/srv/detail/global_path_service__type_support.c
[1.527s] -- Up-to-date: /home/lh/planning_with_ROS2_course/install/base_msgs/include/base_msgs/base_msgs/srv/detail/global_path_service__rosidl_typesupport_introspection_c.h
[1.527s] -- Installing: /home/lh/planning_with_ROS2_course/install/base_msgs/include/base_msgs/base_msgs/srv/detail/pnc_map_service__type_support.c
[1.527s] -- Up-to-date: /home/lh/planning_with_ROS2_course/install/base_msgs/lib/libbase_msgs__rosidl_typesupport_introspection_c.so
[1.528s] -- Up-to-date: /home/lh/planning_with_ROS2_course/install/base_msgs/lib/libbase_msgs__rosidl_typesupport_c.so
[1.528s] -- Up-to-date: /home/lh/planning_with_ROS2_course/install/base_msgs/include/base_msgs/base_msgs
[1.528s] -- Up-to-date: /home/lh/planning_with_ROS2_course/install/base_msgs/include/base_msgs/base_msgs/msg
[1.529s] -- Up-to-date: /home/lh/planning_with_ROS2_course/install/base_msgs/include/base_msgs/base_msgs/msg/detail
[1.529s] -- Up-to-date: /home/lh/planning_with_ROS2_course/install/base_msgs/include/base_msgs/base_msgs/msg/detail/local_trajectory__struct.hpp
[1.529s] -- Up-to-date: /home/lh/planning_with_ROS2_course/install/base_msgs/include/base_msgs/base_msgs/msg/detail/pnc_map__traits.hpp
[1.530s] -- Up-to-date: /home/lh/planning_with_ROS2_course/install/base_msgs/include/base_msgs/base_msgs/msg/detail/plot_info__traits.hpp
[1.530s] -- Up-to-date: /home/lh/planning_with_ROS2_course/install/base_msgs/include/base_msgs/base_msgs/msg/detail/local_trajectory_point__builder.hpp
[1.531s] -- Up-to-date: /home/lh/planning_with_ROS2_course/install/base_msgs/include/base_msgs/base_msgs/msg/detail/local_trajectory_point__type_support.hpp
[1.533s] -- Up-to-date: /home/lh/planning_with_ROS2_course/install/base_msgs/include/base_msgs/base_msgs/msg/detail/local_trajectory__type_support.hpp
[1.533s] -- Up-to-date: /home/lh/planning_with_ROS2_course/install/base_msgs/include/base_msgs/base_msgs/msg/detail/plot_info__type_support.hpp
[1.533s] -- Up-to-date: /home/lh/planning_with_ROS2_course/install/base_msgs/include/base_msgs/base_msgs/msg/detail/local_trajectory__traits.hpp
[1.533s] -- Up-to-date: /home/lh/planning_with_ROS2_course/install/base_msgs/include/base_msgs/base_msgs/msg/detail/referline_point__struct.hpp
[1.534s] -- Up-to-date: /home/lh/planning_with_ROS2_course/install/base_msgs/include/base_msgs/base_msgs/msg/detail/referline_point__builder.hpp
[1.534s] -- Up-to-date: /home/lh/planning_with_ROS2_course/install/base_msgs/include/base_msgs/base_msgs/msg/detail/local_path_point__builder.hpp
[1.534s] -- Up-to-date: /home/lh/planning_with_ROS2_course/install/base_msgs/include/base_msgs/base_msgs/msg/detail/obs_info__struct.hpp
[1.535s] -- Up-to-date: /home/lh/planning_with_ROS2_course/install/base_msgs/include/base_msgs/base_msgs/msg/detail/local_path__builder.hpp
[1.535s] -- Up-to-date: /home/lh/planning_with_ROS2_course/install/base_msgs/include/base_msgs/base_msgs/msg/detail/referline__type_support.hpp
[1.535s] -- Up-to-date: /home/lh/planning_with_ROS2_course/install/base_msgs/include/base_msgs/base_msgs/msg/detail/local_speeds__type_support.hpp
[1.535s] -- Up-to-date: /home/lh/planning_with_ROS2_course/install/base_msgs/include/base_msgs/base_msgs/msg/detail/pnc_map__type_support.hpp
[1.536s] -- Up-to-date: /home/lh/planning_with_ROS2_course/install/base_msgs/include/base_msgs/base_msgs/msg/detail/local_trajectory__builder.hpp
[1.536s] -- Up-to-date: /home/lh/planning_with_ROS2_course/install/base_msgs/include/base_msgs/base_msgs/msg/detail/local_speeds__builder.hpp
[1.536s] -- Up-to-date: /home/lh/planning_with_ROS2_course/install/base_msgs/include/base_msgs/base_msgs/msg/detail/referline__struct.hpp
[1.536s] -- Up-to-date: /home/lh/planning_with_ROS2_course/install/base_msgs/include/base_msgs/base_msgs/msg/detail/local_path_point__traits.hpp
[1.536s] -- Up-to-date: /home/lh/planning_with_ROS2_course/install/base_msgs/include/base_msgs/base_msgs/msg/detail/referline__builder.hpp
[1.537s] -- Up-to-date: /home/lh/planning_with_ROS2_course/install/base_msgs/include/base_msgs/base_msgs/msg/detail/local_trajectory_point__traits.hpp
[1.537s] -- Up-to-date: /home/lh/planning_with_ROS2_course/install/base_msgs/include/base_msgs/base_msgs/msg/detail/obs_info__type_support.hpp
[1.537s] -- Up-to-date: /home/lh/planning_with_ROS2_course/install/base_msgs/include/base_msgs/base_msgs/msg/detail/local_speeds_point__type_support.hpp
[1.537s] -- Up-to-date: /home/lh/planning_with_ROS2_course/install/base_msgs/include/base_msgs/base_msgs/msg/detail/local_path__traits.hpp
[1.537s] -- Up-to-date: /home/lh/planning_with_ROS2_course/install/base_msgs/include/base_msgs/base_msgs/msg/detail/local_speeds__traits.hpp
[1.537s] -- Up-to-date: /home/lh/planning_with_ROS2_course/install/base_msgs/include/base_msgs/base_msgs/msg/detail/local_path__struct.hpp
[1.538s] -- Up-to-date: /home/lh/planning_with_ROS2_course/install/base_msgs/include/base_msgs/base_msgs/msg/detail/obs_info__builder.hpp
[1.538s] -- Up-to-date: /home/lh/planning_with_ROS2_course/install/base_msgs/include/base_msgs/base_msgs/msg/detail/local_speeds_point__traits.hpp
[1.539s] -- Up-to-date: /home/lh/planning_with_ROS2_course/install/base_msgs/include/base_msgs/base_msgs/msg/detail/local_path_point__type_support.hpp
[1.539s] -- Up-to-date: /home/lh/planning_with_ROS2_course/install/base_msgs/include/base_msgs/base_msgs/msg/detail/plot_info__builder.hpp
[1.539s] -- Up-to-date: /home/lh/planning_with_ROS2_course/install/base_msgs/include/base_msgs/base_msgs/msg/detail/referline_point__traits.hpp
[1.539s] -- Up-to-date: /home/lh/planning_with_ROS2_course/install/base_msgs/include/base_msgs/base_msgs/msg/detail/referline_point__type_support.hpp
[1.539s] -- Up-to-date: /home/lh/planning_with_ROS2_course/install/base_msgs/include/base_msgs/base_msgs/msg/detail/local_speeds_point__builder.hpp
[1.539s] -- Up-to-date: /home/lh/planning_with_ROS2_course/install/base_msgs/include/base_msgs/base_msgs/msg/detail/pnc_map__builder.hpp
[1.540s] -- Up-to-date: /home/lh/planning_with_ROS2_course/install/base_msgs/include/base_msgs/base_msgs/msg/detail/local_speeds__struct.hpp
[1.540s] -- Up-to-date: /home/lh/planning_with_ROS2_course/install/base_msgs/include/base_msgs/base_msgs/msg/detail/obs_info__traits.hpp
[1.541s] -- Up-to-date: /home/lh/planning_with_ROS2_course/install/base_msgs/include/base_msgs/base_msgs/msg/detail/referline__traits.hpp
[1.541s] -- Up-to-date: /home/lh/planning_with_ROS2_course/install/base_msgs/include/base_msgs/base_msgs/msg/detail/local_speeds_point__struct.hpp
[1.541s] -- Up-to-date: /home/lh/planning_with_ROS2_course/install/base_msgs/include/base_msgs/base_msgs/msg/detail/plot_info__struct.hpp
[1.541s] -- Up-to-date: /home/lh/planning_with_ROS2_course/install/base_msgs/include/base_msgs/base_msgs/msg/detail/local_trajectory_point__struct.hpp
[1.541s] -- Up-to-date: /home/lh/planning_with_ROS2_course/install/base_msgs/include/base_msgs/base_msgs/msg/detail/local_path__type_support.hpp
[1.542s] -- Up-to-date: /home/lh/planning_with_ROS2_course/install/base_msgs/include/base_msgs/base_msgs/msg/detail/local_path_point__struct.hpp
[1.542s] -- Up-to-date: /home/lh/planning_with_ROS2_course/install/base_msgs/include/base_msgs/base_msgs/msg/detail/pnc_map__struct.hpp
[1.542s] -- Up-to-date: /home/lh/planning_with_ROS2_course/install/base_msgs/include/base_msgs/base_msgs/msg/referline_point.hpp
[1.542s] -- Up-to-date: /home/lh/planning_with_ROS2_course/install/base_msgs/include/base_msgs/base_msgs/msg/local_speeds.hpp
[1.542s] -- Up-to-date: /home/lh/planning_with_ROS2_course/install/base_msgs/include/base_msgs/base_msgs/msg/pnc_map.hpp
[1.543s] -- Up-to-date: /home/lh/planning_with_ROS2_course/install/base_msgs/include/base_msgs/base_msgs/msg/local_trajectory.hpp
[1.543s] -- Up-to-date: /home/lh/planning_with_ROS2_course/install/base_msgs/include/base_msgs/base_msgs/msg/referline.hpp
[1.543s] -- Up-to-date: /home/lh/planning_with_ROS2_course/install/base_msgs/include/base_msgs/base_msgs/msg/rosidl_generator_cpp__visibility_control.hpp
[1.543s] -- Up-to-date: /home/lh/planning_with_ROS2_course/install/base_msgs/include/base_msgs/base_msgs/msg/local_trajectory_point.hpp
[1.543s] -- Up-to-date: /home/lh/planning_with_ROS2_course/install/base_msgs/include/base_msgs/base_msgs/msg/local_speeds_point.hpp
[1.543s] -- Up-to-date: /home/lh/planning_with_ROS2_course/install/base_msgs/include/base_msgs/base_msgs/msg/local_path_point.hpp
[1.544s] -- Up-to-date: /home/lh/planning_with_ROS2_course/install/base_msgs/include/base_msgs/base_msgs/msg/obs_info.hpp
[1.544s] -- Up-to-date: /home/lh/planning_with_ROS2_course/install/base_msgs/include/base_msgs/base_msgs/msg/local_path.hpp
[1.545s] -- Up-to-date: /home/lh/planning_with_ROS2_course/install/base_msgs/include/base_msgs/base_msgs/msg/plot_info.hpp
[1.545s] -- Up-to-date: /home/lh/planning_with_ROS2_course/install/base_msgs/include/base_msgs/base_msgs/srv
[1.545s] -- Up-to-date: /home/lh/planning_with_ROS2_course/install/base_msgs/include/base_msgs/base_msgs/srv/detail
[1.545s] -- Up-to-date: /home/lh/planning_with_ROS2_course/install/base_msgs/include/base_msgs/base_msgs/srv/detail/pnc_map_service__type_support.hpp
[1.546s] -- Up-to-date: /home/lh/planning_with_ROS2_course/install/base_msgs/include/base_msgs/base_msgs/srv/detail/pnc_map_service__struct.hpp
[1.546s] -- Up-to-date: /home/lh/planning_with_ROS2_course/install/base_msgs/include/base_msgs/base_msgs/srv/detail/global_path_service__traits.hpp
[1.546s] -- Up-to-date: /home/lh/planning_with_ROS2_course/install/base_msgs/include/base_msgs/base_msgs/srv/detail/pnc_map_service__builder.hpp
[1.546s] -- Up-to-date: /home/lh/planning_with_ROS2_course/install/base_msgs/include/base_msgs/base_msgs/srv/detail/pnc_map_service__traits.hpp
[1.546s] -- Up-to-date: /home/lh/planning_with_ROS2_course/install/base_msgs/include/base_msgs/base_msgs/srv/detail/global_path_service__builder.hpp
[1.546s] -- Up-to-date: /home/lh/planning_with_ROS2_course/install/base_msgs/include/base_msgs/base_msgs/srv/detail/global_path_service__type_support.hpp
[1.547s] -- Up-to-date: /home/lh/planning_with_ROS2_course/install/base_msgs/include/base_msgs/base_msgs/srv/detail/global_path_service__struct.hpp
[1.547s] -- Up-to-date: /home/lh/planning_with_ROS2_course/install/base_msgs/include/base_msgs/base_msgs/srv/global_path_service.hpp
[1.547s] -- Up-to-date: /home/lh/planning_with_ROS2_course/install/base_msgs/include/base_msgs/base_msgs/srv/pnc_map_service.hpp
[1.547s] -- Up-to-date: /home/lh/planning_with_ROS2_course/install/base_msgs/include/base_msgs/base_msgs
[1.547s] -- Up-to-date: /home/lh/planning_with_ROS2_course/install/base_msgs/include/base_msgs/base_msgs/msg
[1.548s] -- Up-to-date: /home/lh/planning_with_ROS2_course/install/base_msgs/include/base_msgs/base_msgs/msg/detail
[1.549s] -- Up-to-date: /home/lh/planning_with_ROS2_course/install/base_msgs/include/base_msgs/base_msgs/msg/detail/plot_info__rosidl_typesupport_fastrtps_cpp.hpp
[1.549s] -- Up-to-date: /home/lh/planning_with_ROS2_course/install/base_msgs/include/base_msgs/base_msgs/msg/detail/referline__rosidl_typesupport_fastrtps_cpp.hpp
[1.549s] -- Up-to-date: /home/lh/planning_with_ROS2_course/install/base_msgs/include/base_msgs/base_msgs/msg/detail/local_speeds__rosidl_typesupport_fastrtps_cpp.hpp
[1.550s] -- Up-to-date: /home/lh/planning_with_ROS2_course/install/base_msgs/include/base_msgs/base_msgs/msg/detail/obs_info__rosidl_typesupport_fastrtps_cpp.hpp
[1.550s] -- Up-to-date: /home/lh/planning_with_ROS2_course/install/base_msgs/include/base_msgs/base_msgs/msg/detail/pnc_map__rosidl_typesupport_fastrtps_cpp.hpp
[1.550s] -- Up-to-date: /home/lh/planning_with_ROS2_course/install/base_msgs/include/base_msgs/base_msgs/msg/detail/local_trajectory__rosidl_typesupport_fastrtps_cpp.hpp
[1.551s] -- Up-to-date: /home/lh/planning_with_ROS2_course/install/base_msgs/include/base_msgs/base_msgs/msg/detail/local_path__rosidl_typesupport_fastrtps_cpp.hpp
[1.551s] -- Up-to-date: /home/lh/planning_with_ROS2_course/install/base_msgs/include/base_msgs/base_msgs/msg/detail/local_trajectory_point__rosidl_typesupport_fastrtps_cpp.hpp
[1.551s] -- Up-to-date: /home/lh/planning_with_ROS2_course/install/base_msgs/include/base_msgs/base_msgs/msg/detail/referline_point__rosidl_typesupport_fastrtps_cpp.hpp
[1.551s] -- Up-to-date: /home/lh/planning_with_ROS2_course/install/base_msgs/include/base_msgs/base_msgs/msg/detail/dds_fastrtps
[1.551s] -- Up-to-date: /home/lh/planning_with_ROS2_course/install/base_msgs/include/base_msgs/base_msgs/msg/detail/local_path_point__rosidl_typesupport_fastrtps_cpp.hpp
[1.551s] -- Up-to-date: /home/lh/planning_with_ROS2_course/install/base_msgs/include/base_msgs/base_msgs/msg/detail/local_speeds_point__rosidl_typesupport_fastrtps_cpp.hpp
[1.552s] -- Up-to-date: /home/lh/planning_with_ROS2_course/install/base_msgs/include/base_msgs/base_msgs/msg/rosidl_typesupport_fastrtps_cpp__visibility_control.h
[1.552s] -- Up-to-date: /home/lh/planning_with_ROS2_course/install/base_msgs/include/base_msgs/base_msgs/srv
[1.552s] -- Up-to-date: /home/lh/planning_with_ROS2_course/install/base_msgs/include/base_msgs/base_msgs/srv/detail
[1.552s] -- Up-to-date: /home/lh/planning_with_ROS2_course/install/base_msgs/include/base_msgs/base_msgs/srv/detail/global_path_service__rosidl_typesupport_fastrtps_cpp.hpp
[1.552s] -- Up-to-date: /home/lh/planning_with_ROS2_course/install/base_msgs/include/base_msgs/base_msgs/srv/detail/dds_fastrtps
[1.552s] -- Up-to-date: /home/lh/planning_with_ROS2_course/install/base_msgs/include/base_msgs/base_msgs/srv/detail/pnc_map_service__rosidl_typesupport_fastrtps_cpp.hpp
[1.553s] -- Up-to-date: /home/lh/planning_with_ROS2_course/install/base_msgs/lib/libbase_msgs__rosidl_typesupport_fastrtps_cpp.so
[1.553s] -- Up-to-date: /home/lh/planning_with_ROS2_course/install/base_msgs/include/base_msgs/base_msgs
[1.553s] -- Up-to-date: /home/lh/planning_with_ROS2_course/install/base_msgs/include/base_msgs/base_msgs/msg
[1.554s] -- Up-to-date: /home/lh/planning_with_ROS2_course/install/base_msgs/include/base_msgs/base_msgs/msg/detail
[1.554s] -- Up-to-date: /home/lh/planning_with_ROS2_course/install/base_msgs/include/base_msgs/base_msgs/msg/detail/plot_info__rosidl_typesupport_introspection_cpp.hpp
[1.554s] -- Up-to-date: /home/lh/planning_with_ROS2_course/install/base_msgs/include/base_msgs/base_msgs/msg/detail/local_speeds_point__rosidl_typesupport_introspection_cpp.hpp
[1.555s] -- Up-to-date: /home/lh/planning_with_ROS2_course/install/base_msgs/include/base_msgs/base_msgs/msg/detail/referline__rosidl_typesupport_introspection_cpp.hpp
[1.555s] -- Up-to-date: /home/lh/planning_with_ROS2_course/install/base_msgs/include/base_msgs/base_msgs/msg/detail/local_speeds__rosidl_typesupport_introspection_cpp.hpp
[1.555s] -- Up-to-date: /home/lh/planning_with_ROS2_course/install/base_msgs/include/base_msgs/base_msgs/msg/detail/referline_point__rosidl_typesupport_introspection_cpp.hpp
[1.555s] -- Up-to-date: /home/lh/planning_with_ROS2_course/install/base_msgs/include/base_msgs/base_msgs/msg/detail/local_trajectory_point__type_support.cpp
[1.555s] -- Up-to-date: /home/lh/planning_with_ROS2_course/install/base_msgs/include/base_msgs/base_msgs/msg/detail/local_path__type_support.cpp
[1.556s] -- Up-to-date: /home/lh/planning_with_ROS2_course/install/base_msgs/include/base_msgs/base_msgs/msg/detail/pnc_map__rosidl_typesupport_introspection_cpp.hpp
[1.556s] -- Up-to-date: /home/lh/planning_with_ROS2_course/install/base_msgs/include/base_msgs/base_msgs/msg/detail/local_speeds__type_support.cpp
[1.559s] -- Up-to-date: /home/lh/planning_with_ROS2_course/install/base_msgs/include/base_msgs/base_msgs/msg/detail/local_path_point__type_support.cpp
[1.559s] -- Up-to-date: /home/lh/planning_with_ROS2_course/install/base_msgs/include/base_msgs/base_msgs/msg/detail/obs_info__rosidl_typesupport_introspection_cpp.hpp
[1.559s] -- Up-to-date: /home/lh/planning_with_ROS2_course/install/base_msgs/include/base_msgs/base_msgs/msg/detail/referline__type_support.cpp
[1.559s] -- Up-to-date: /home/lh/planning_with_ROS2_course/install/base_msgs/include/base_msgs/base_msgs/msg/detail/local_trajectory__type_support.cpp
[1.559s] -- Up-to-date: /home/lh/planning_with_ROS2_course/install/base_msgs/include/base_msgs/base_msgs/msg/detail/local_trajectory_point__rosidl_typesupport_introspection_cpp.hpp
[1.560s] -- Up-to-date: /home/lh/planning_with_ROS2_course/install/base_msgs/include/base_msgs/base_msgs/msg/detail/local_trajectory__rosidl_typesupport_introspection_cpp.hpp
[1.560s] -- Up-to-date: /home/lh/planning_with_ROS2_course/install/base_msgs/include/base_msgs/base_msgs/msg/detail/local_speeds_point__type_support.cpp
[1.560s] -- Up-to-date: /home/lh/planning_with_ROS2_course/install/base_msgs/include/base_msgs/base_msgs/msg/detail/obs_info__type_support.cpp
[1.560s] -- Up-to-date: /home/lh/planning_with_ROS2_course/install/base_msgs/include/base_msgs/base_msgs/msg/detail/referline_point__type_support.cpp
[1.560s] -- Up-to-date: /home/lh/planning_with_ROS2_course/install/base_msgs/include/base_msgs/base_msgs/msg/detail/plot_info__type_support.cpp
[1.560s] -- Up-to-date: /home/lh/planning_with_ROS2_course/install/base_msgs/include/base_msgs/base_msgs/msg/detail/pnc_map__type_support.cpp
[1.560s] -- Up-to-date: /home/lh/planning_with_ROS2_course/install/base_msgs/include/base_msgs/base_msgs/msg/detail/local_path__rosidl_typesupport_introspection_cpp.hpp
[1.561s] -- Up-to-date: /home/lh/planning_with_ROS2_course/install/base_msgs/include/base_msgs/base_msgs/msg/detail/local_path_point__rosidl_typesupport_introspection_cpp.hpp
[1.561s] -- Up-to-date: /home/lh/planning_with_ROS2_course/install/base_msgs/include/base_msgs/base_msgs/srv
[1.561s] -- Up-to-date: /home/lh/planning_with_ROS2_course/install/base_msgs/include/base_msgs/base_msgs/srv/detail
[1.561s] -- Up-to-date: /home/lh/planning_with_ROS2_course/install/base_msgs/include/base_msgs/base_msgs/srv/detail/pnc_map_service__type_support.cpp
[1.561s] -- Up-to-date: /home/lh/planning_with_ROS2_course/install/base_msgs/include/base_msgs/base_msgs/srv/detail/pnc_map_service__rosidl_typesupport_introspection_cpp.hpp
[1.562s] -- Up-to-date: /home/lh/planning_with_ROS2_course/install/base_msgs/include/base_msgs/base_msgs/srv/detail/global_path_service__rosidl_typesupport_introspection_cpp.hpp
[1.562s] -- Up-to-date: /home/lh/planning_with_ROS2_course/install/base_msgs/include/base_msgs/base_msgs/srv/detail/global_path_service__type_support.cpp
[1.562s] -- Up-to-date: /home/lh/planning_with_ROS2_course/install/base_msgs/lib/libbase_msgs__rosidl_typesupport_introspection_cpp.so
[1.562s] -- Up-to-date: /home/lh/planning_with_ROS2_course/install/base_msgs/lib/libbase_msgs__rosidl_typesupport_cpp.so
[1.562s] -- Up-to-date: /home/lh/planning_with_ROS2_course/install/base_msgs/share/base_msgs/environment/pythonpath.sh
[1.563s] -- Up-to-date: /home/lh/planning_with_ROS2_course/install/base_msgs/share/base_msgs/environment/pythonpath.dsv
[1.563s] -- Up-to-date: /home/lh/planning_with_ROS2_course/install/base_msgs/lib/python3.12/site-packages/base_msgs-0.0.0-py3.12.egg-info
[1.563s] -- Installing: /home/lh/planning_with_ROS2_course/install/base_msgs/lib/python3.12/site-packages/base_msgs-0.0.0-py3.12.egg-info/top_level.txt
[1.563s] -- Installing: /home/lh/planning_with_ROS2_course/install/base_msgs/lib/python3.12/site-packages/base_msgs-0.0.0-py3.12.egg-info/PKG-INFO
[1.564s] -- Installing: /home/lh/planning_with_ROS2_course/install/base_msgs/lib/python3.12/site-packages/base_msgs-0.0.0-py3.12.egg-info/SOURCES.txt
[1.566s] -- Installing: /home/lh/planning_with_ROS2_course/install/base_msgs/lib/python3.12/site-packages/base_msgs-0.0.0-py3.12.egg-info/dependency_links.txt
[1.567s] -- Up-to-date: /home/lh/planning_with_ROS2_course/install/base_msgs/lib/python3.12/site-packages/base_msgs
[1.567s] -- Up-to-date: /home/lh/planning_with_ROS2_course/install/base_msgs/lib/python3.12/site-packages/base_msgs/base_msgs_s__rosidl_typesupport_fastrtps_c.so
[1.567s] -- Up-to-date: /home/lh/planning_with_ROS2_course/install/base_msgs/lib/python3.12/site-packages/base_msgs/_base_msgs_s.ep.rosidl_typesupport_fastrtps_c.c
[1.567s] -- Up-to-date: /home/lh/planning_with_ROS2_course/install/base_msgs/lib/python3.12/site-packages/base_msgs/base_msgs_s__rosidl_typesupport_c.so
[1.568s] -- Up-to-date: /home/lh/planning_with_ROS2_course/install/base_msgs/lib/python3.12/site-packages/base_msgs/_base_msgs_s.ep.rosidl_typesupport_introspection_c.c
[1.569s] -- Up-to-date: /home/lh/planning_with_ROS2_course/install/base_msgs/lib/python3.12/site-packages/base_msgs/__init__.py
[1.569s] -- Up-to-date: /home/lh/planning_with_ROS2_course/install/base_msgs/lib/python3.12/site-packages/base_msgs/base_msgs_s__rosidl_typesupport_introspection_c.so
[1.569s] -- Up-to-date: /home/lh/planning_with_ROS2_course/install/base_msgs/lib/python3.12/site-packages/base_msgs/msg
[1.569s] -- Up-to-date: /home/lh/planning_with_ROS2_course/install/base_msgs/lib/python3.12/site-packages/base_msgs/msg/_referline_point.py
[1.570s] -- Up-to-date: /home/lh/planning_with_ROS2_course/install/base_msgs/lib/python3.12/site-packages/base_msgs/msg/_obs_info.py
[1.570s] -- Up-to-date: /home/lh/planning_with_ROS2_course/install/base_msgs/lib/python3.12/site-packages/base_msgs/msg/_local_path_point_s.c
[1.570s] -- Up-to-date: /home/lh/planning_with_ROS2_course/install/base_msgs/lib/python3.12/site-packages/base_msgs/msg/_obs_info_s.c
[1.570s] -- Up-to-date: /home/lh/planning_with_ROS2_course/install/base_msgs/lib/python3.12/site-packages/base_msgs/msg/_plot_info.py
[1.571s] -- Up-to-date: /home/lh/planning_with_ROS2_course/install/base_msgs/lib/python3.12/site-packages/base_msgs/msg/_local_path_s.c
[1.571s] -- Up-to-date: /home/lh/planning_with_ROS2_course/install/base_msgs/lib/python3.12/site-packages/base_msgs/msg/_local_speeds_s.c
[1.571s] -- Up-to-date: /home/lh/planning_with_ROS2_course/install/base_msgs/lib/python3.12/site-packages/base_msgs/msg/_pnc_map_s.c
[1.571s] -- Up-to-date: /home/lh/planning_with_ROS2_course/install/base_msgs/lib/python3.12/site-packages/base_msgs/msg/_local_path.py
[1.571s] -- Up-to-date: /home/lh/planning_with_ROS2_course/install/base_msgs/lib/python3.12/site-packages/base_msgs/msg/_local_trajectory_point_s.c
[1.572s] -- Up-to-date: /home/lh/planning_with_ROS2_course/install/base_msgs/lib/python3.12/site-packages/base_msgs/msg/_local_path_point.py
[1.572s] -- Up-to-date: /home/lh/planning_with_ROS2_course/install/base_msgs/lib/python3.12/site-packages/base_msgs/msg/_local_speeds_point_s.c
[1.572s] -- Up-to-date: /home/lh/planning_with_ROS2_course/install/base_msgs/lib/python3.12/site-packages/base_msgs/msg/__init__.py
[1.572s] -- Up-to-date: /home/lh/planning_with_ROS2_course/install/base_msgs/lib/python3.12/site-packages/base_msgs/msg/_local_trajectory_s.c
[1.572s] -- Up-to-date: /home/lh/planning_with_ROS2_course/install/base_msgs/lib/python3.12/site-packages/base_msgs/msg/_local_speeds.py
[1.573s] -- Up-to-date: /home/lh/planning_with_ROS2_course/install/base_msgs/lib/python3.12/site-packages/base_msgs/msg/_local_trajectory_point.py
[1.573s] -- Up-to-date: /home/lh/planning_with_ROS2_course/install/base_msgs/lib/python3.12/site-packages/base_msgs/msg/_referline_s.c
[1.573s] -- Up-to-date: /home/lh/planning_with_ROS2_course/install/base_msgs/lib/python3.12/site-packages/base_msgs/msg/_pnc_map.py
[1.573s] -- Up-to-date: /home/lh/planning_with_ROS2_course/install/base_msgs/lib/python3.12/site-packages/base_msgs/msg/_local_speeds_point.py
[1.573s] -- Up-to-date: /home/lh/planning_with_ROS2_course/install/base_msgs/lib/python3.12/site-packages/base_msgs/msg/_plot_info_s.c
[1.574s] -- Up-to-date: /home/lh/planning_with_ROS2_course/install/base_msgs/lib/python3.12/site-packages/base_msgs/msg/_referline_point_s.c
[1.574s] -- Up-to-date: /home/lh/planning_with_ROS2_course/install/base_msgs/lib/python3.12/site-packages/base_msgs/msg/_local_trajectory.py
[1.574s] -- Up-to-date: /home/lh/planning_with_ROS2_course/install/base_msgs/lib/python3.12/site-packages/base_msgs/msg/_referline.py
[1.574s] -- Up-to-date: /home/lh/planning_with_ROS2_course/install/base_msgs/lib/python3.12/site-packages/base_msgs/_base_msgs_s.ep.rosidl_typesupport_c.c
[1.574s] -- Up-to-date: /home/lh/planning_with_ROS2_course/install/base_msgs/lib/python3.12/site-packages/base_msgs/srv
[1.574s] -- Up-to-date: /home/lh/planning_with_ROS2_course/install/base_msgs/lib/python3.12/site-packages/base_msgs/srv/_pnc_map_service.py
[1.574s] -- Up-to-date: /home/lh/planning_with_ROS2_course/install/base_msgs/lib/python3.12/site-packages/base_msgs/srv/_global_path_service.py
[1.575s] -- Up-to-date: /home/lh/planning_with_ROS2_course/install/base_msgs/lib/python3.12/site-packages/base_msgs/srv/_pnc_map_service_s.c
[1.575s] -- Up-to-date: /home/lh/planning_with_ROS2_course/install/base_msgs/lib/python3.12/site-packages/base_msgs/srv/__init__.py
[1.576s] -- Up-to-date: /home/lh/planning_with_ROS2_course/install/base_msgs/lib/python3.12/site-packages/base_msgs/srv/_global_path_service_s.c
[1.631s] Listing '/home/lh/planning_with_ROS2_course/install/base_msgs/lib/python3.12/site-packages/base_msgs'...
[1.631s] Listing '/home/lh/planning_with_ROS2_course/install/base_msgs/lib/python3.12/site-packages/base_msgs/msg'...
[1.631s] Listing '/home/lh/planning_with_ROS2_course/install/base_msgs/lib/python3.12/site-packages/base_msgs/srv'...
[1.645s] -- Up-to-date: /home/lh/planning_with_ROS2_course/install/base_msgs/lib/python3.12/site-packages/base_msgs/base_msgs_s__rosidl_typesupport_fastrtps_c.so
[1.646s] -- Up-to-date: /home/lh/planning_with_ROS2_course/install/base_msgs/lib/python3.12/site-packages/base_msgs/base_msgs_s__rosidl_typesupport_introspection_c.so
[1.646s] -- Up-to-date: /home/lh/planning_with_ROS2_course/install/base_msgs/lib/python3.12/site-packages/base_msgs/base_msgs_s__rosidl_typesupport_c.so
[1.647s] -- Up-to-date: /home/lh/planning_with_ROS2_course/install/base_msgs/lib/libbase_msgs__rosidl_generator_py.so
[1.649s] -- Up-to-date: /home/lh/planning_with_ROS2_course/install/base_msgs/share/base_msgs/srv/GlobalPathService.idl
[1.649s] -- Up-to-date: /home/lh/planning_with_ROS2_course/install/base_msgs/share/base_msgs/srv/PNCMapService.idl
[1.649s] -- Up-to-date: /home/lh/planning_with_ROS2_course/install/base_msgs/share/base_msgs/msg/LocalPath.idl
[1.650s] -- Up-to-date: /home/lh/planning_with_ROS2_course/install/base_msgs/share/base_msgs/msg/LocalSpeedsPoint.idl
[1.650s] -- Up-to-date: /home/lh/planning_with_ROS2_course/install/base_msgs/share/base_msgs/msg/LocalPathPoint.idl
[1.651s] -- Up-to-date: /home/lh/planning_with_ROS2_course/install/base_msgs/share/base_msgs/msg/LocalSpeeds.idl
[1.651s] -- Up-to-date: /home/lh/planning_with_ROS2_course/install/base_msgs/share/base_msgs/msg/LocalTrajectory.idl
[1.651s] -- Up-to-date: /home/lh/planning_with_ROS2_course/install/base_msgs/share/base_msgs/msg/LocalTrajectoryPoint.idl
[1.651s] -- Up-to-date: /home/lh/planning_with_ROS2_course/install/base_msgs/share/base_msgs/msg/ObsInfo.idl
[1.651s] -- Up-to-date: /home/lh/planning_with_ROS2_course/install/base_msgs/share/base_msgs/msg/PlotInfo.idl
[1.652s] -- Up-to-date: /home/lh/planning_with_ROS2_course/install/base_msgs/share/base_msgs/msg/PNCMap.idl
[1.652s] -- Up-to-date: /home/lh/planning_with_ROS2_course/install/base_msgs/share/base_msgs/msg/Referline.idl
[1.652s] -- Up-to-date: /home/lh/planning_with_ROS2_course/install/base_msgs/share/base_msgs/msg/ReferlinePoint.idl
[1.652s] -- Up-to-date: /home/lh/planning_with_ROS2_course/install/base_msgs/share/base_msgs/srv/GlobalPathService.srv
[1.652s] -- Up-to-date: /home/lh/planning_with_ROS2_course/install/base_msgs/share/base_msgs/srv/PNCMapService.srv
[1.653s] -- Up-to-date: /home/lh/planning_with_ROS2_course/install/base_msgs/share/base_msgs/msg/LocalPath.msg
[1.653s] -- Up-to-date: /home/lh/planning_with_ROS2_course/install/base_msgs/share/base_msgs/msg/LocalSpeedsPoint.msg
[1.654s] -- Up-to-date: /home/lh/planning_with_ROS2_course/install/base_msgs/share/base_msgs/msg/LocalPathPoint.msg
[1.655s] -- Up-to-date: /home/lh/planning_with_ROS2_course/install/base_msgs/share/base_msgs/msg/LocalSpeeds.msg
[1.656s] -- Up-to-date: /home/lh/planning_with_ROS2_course/install/base_msgs/share/base_msgs/msg/LocalTrajectory.msg
[1.657s] -- Up-to-date: /home/lh/planning_with_ROS2_course/install/base_msgs/share/base_msgs/msg/LocalTrajectoryPoint.msg
[1.658s] -- Up-to-date: /home/lh/planning_with_ROS2_course/install/base_msgs/share/base_msgs/msg/ObsInfo.msg
[1.658s] -- Up-to-date: /home/lh/planning_with_ROS2_course/install/base_msgs/share/base_msgs/msg/PlotInfo.msg
[1.659s] -- Up-to-date: /home/lh/planning_with_ROS2_course/install/base_msgs/share/base_msgs/msg/PNCMap.msg
[1.660s] -- Up-to-date: /home/lh/planning_with_ROS2_course/install/base_msgs/share/base_msgs/msg/Referline.msg
[1.660s] -- Up-to-date: /home/lh/planning_with_ROS2_course/install/base_msgs/share/base_msgs/msg/ReferlinePoint.msg
[1.660s] -- Up-to-date: /home/lh/planning_with_ROS2_course/install/base_msgs/share/ament_index/resource_index/package_run_dependencies/base_msgs
[1.661s] -- Up-to-date: /home/lh/planning_with_ROS2_course/install/base_msgs/share/ament_index/resource_index/parent_prefix_path/base_msgs
[1.661s] -- Up-to-date: /home/lh/planning_with_ROS2_course/install/base_msgs/share/base_msgs/environment/ament_prefix_path.sh
[1.661s] -- Up-to-date: /home/lh/planning_with_ROS2_course/install/base_msgs/share/base_msgs/environment/ament_prefix_path.dsv
[1.661s] -- Up-to-date: /home/lh/planning_with_ROS2_course/install/base_msgs/share/base_msgs/environment/path.sh
[1.662s] -- Up-to-date: /home/lh/planning_with_ROS2_course/install/base_msgs/share/base_msgs/environment/path.dsv
[1.662s] -- Up-to-date: /home/lh/planning_with_ROS2_course/install/base_msgs/share/base_msgs/local_setup.bash
[1.662s] -- Up-to-date: /home/lh/planning_with_ROS2_course/install/base_msgs/share/base_msgs/local_setup.sh
[1.662s] -- Up-to-date: /home/lh/planning_with_ROS2_course/install/base_msgs/share/base_msgs/local_setup.zsh
[1.663s] -- Up-to-date: /home/lh/planning_with_ROS2_course/install/base_msgs/share/base_msgs/local_setup.dsv
[1.663s] -- Installing: /home/lh/planning_with_ROS2_course/install/base_msgs/share/base_msgs/package.dsv
[1.663s] -- Up-to-date: /home/lh/planning_with_ROS2_course/install/base_msgs/share/ament_index/resource_index/packages/base_msgs
[1.663s] -- Up-to-date: /home/lh/planning_with_ROS2_course/install/base_msgs/share/base_msgs/cmake/export_base_msgs__rosidl_generator_cExport.cmake
[1.663s] -- Up-to-date: /home/lh/planning_with_ROS2_course/install/base_msgs/share/base_msgs/cmake/export_base_msgs__rosidl_generator_cExport-noconfig.cmake
[1.664s] -- Up-to-date: /home/lh/planning_with_ROS2_course/install/base_msgs/share/base_msgs/cmake/export_base_msgs__rosidl_typesupport_fastrtps_cExport.cmake
[1.664s] -- Up-to-date: /home/lh/planning_with_ROS2_course/install/base_msgs/share/base_msgs/cmake/export_base_msgs__rosidl_typesupport_fastrtps_cExport-noconfig.cmake
[1.665s] -- Up-to-date: /home/lh/planning_with_ROS2_course/install/base_msgs/share/base_msgs/cmake/base_msgs__rosidl_typesupport_introspection_cExport.cmake
[1.666s] -- Up-to-date: /home/lh/planning_with_ROS2_course/install/base_msgs/share/base_msgs/cmake/base_msgs__rosidl_typesupport_introspection_cExport-noconfig.cmake
[1.666s] -- Up-to-date: /home/lh/planning_with_ROS2_course/install/base_msgs/share/base_msgs/cmake/base_msgs__rosidl_typesupport_cExport.cmake
[1.666s] -- Up-to-date: /home/lh/planning_with_ROS2_course/install/base_msgs/share/base_msgs/cmake/base_msgs__rosidl_typesupport_cExport-noconfig.cmake
[1.666s] -- Up-to-date: /home/lh/planning_with_ROS2_course/install/base_msgs/share/base_msgs/cmake/export_base_msgs__rosidl_generator_cppExport.cmake
[1.666s] -- Up-to-date: /home/lh/planning_with_ROS2_course/install/base_msgs/share/base_msgs/cmake/export_base_msgs__rosidl_typesupport_fastrtps_cppExport.cmake
[1.667s] -- Up-to-date: /home/lh/planning_with_ROS2_course/install/base_msgs/share/base_msgs/cmake/export_base_msgs__rosidl_typesupport_fastrtps_cppExport-noconfig.cmake
[1.667s] -- Up-to-date: /home/lh/planning_with_ROS2_course/install/base_msgs/share/base_msgs/cmake/base_msgs__rosidl_typesupport_introspection_cppExport.cmake
[1.667s] -- Up-to-date: /home/lh/planning_with_ROS2_course/install/base_msgs/share/base_msgs/cmake/base_msgs__rosidl_typesupport_introspection_cppExport-noconfig.cmake
[1.668s] -- Up-to-date: /home/lh/planning_with_ROS2_course/install/base_msgs/share/base_msgs/cmake/base_msgs__rosidl_typesupport_cppExport.cmake
[1.668s] -- Up-to-date: /home/lh/planning_with_ROS2_course/install/base_msgs/share/base_msgs/cmake/base_msgs__rosidl_typesupport_cppExport-noconfig.cmake
[1.669s] -- Up-to-date: /home/lh/planning_with_ROS2_course/install/base_msgs/share/base_msgs/cmake/export_base_msgs__rosidl_generator_pyExport.cmake
[1.669s] -- Up-to-date: /home/lh/planning_with_ROS2_course/install/base_msgs/share/base_msgs/cmake/export_base_msgs__rosidl_generator_pyExport-noconfig.cmake
[1.669s] -- Up-to-date: /home/lh/planning_with_ROS2_course/install/base_msgs/share/base_msgs/cmake/rosidl_cmake-extras.cmake
[1.670s] -- Up-to-date: /home/lh/planning_with_ROS2_course/install/base_msgs/share/base_msgs/cmake/ament_cmake_export_dependencies-extras.cmake
[1.670s] -- Up-to-date: /home/lh/planning_with_ROS2_course/install/base_msgs/share/base_msgs/cmake/ament_cmake_export_include_directories-extras.cmake
[1.670s] -- Up-to-date: /home/lh/planning_with_ROS2_course/install/base_msgs/share/base_msgs/cmake/ament_cmake_export_libraries-extras.cmake
[1.670s] -- Up-to-date: /home/lh/planning_with_ROS2_course/install/base_msgs/share/base_msgs/cmake/ament_cmake_export_targets-extras.cmake
[1.670s] -- Up-to-date: /home/lh/planning_with_ROS2_course/install/base_msgs/share/base_msgs/cmake/rosidl_cmake_export_typesupport_targets-extras.cmake
[1.670s] -- Up-to-date: /home/lh/planning_with_ROS2_course/install/base_msgs/share/base_msgs/cmake/rosidl_cmake_export_typesupport_libraries-extras.cmake
[1.671s] -- Up-to-date: /home/lh/planning_with_ROS2_course/install/base_msgs/share/base_msgs/cmake/base_msgsConfig.cmake
[1.671s] -- Up-to-date: /home/lh/planning_with_ROS2_course/install/base_msgs/share/base_msgs/cmake/base_msgsConfig-version.cmake
[1.671s] -- Up-to-date: /home/lh/planning_with_ROS2_course/install/base_msgs/share/base_msgs/package.xml
[1.682s] Invoked command in '/home/lh/planning_with_ROS2_course/build/base_msgs' returned '0': CMAKE_PREFIX_PATH=${CMAKE_PREFIX_PATH}:/home/lh/planning_with_ROS2_course/install/data_plot:/opt/ros/jazzy DEBUGINFOD_URLS=https://debuginfod.ubuntu.com /usr/bin/cmake --install /home/lh/planning_with_ROS2_course/build/base_msgs
