[0.593s] Invoking command in '/home/lh/planning_with_ROS2_course/build/planning': CMAKE_PREFIX_PATH=/home/lh/planning_with_ROS2_course/install/base_msgs:/home/lh/planning_with_ROS2_course/install/planning:/opt/ros/jazzy/opt/gz_math_vendor:/opt/ros/jazzy/opt/gz_utils_vendor:/opt/ros/jazzy/opt/gz_cmake_vendor:/home/lh/planning_with_ROS2_course/install/data_plot:/opt/ros/jazzy DEBUGINFOD_URLS=https://debuginfod.ubuntu.com LD_LIBRARY_PATH=/home/lh/planning_with_ROS2_course/install/base_msgs/lib:/home/lh/planning_with_ROS2_course/install/planning/lib:/home/lh/planning_with_ROS2_course/install/planning/lib:/home/lh/planning_with_ROS2_course/install/planning/lib:/opt/ros/jazzy/opt/rviz_ogre_vendor/lib:/opt/ros/jazzy/lib/x86_64-linux-gnu:/opt/ros/jazzy/opt/gz_math_vendor/lib:/opt/ros/jazzy/opt/gz_utils_vendor/lib:/opt/ros/jazzy/opt/gz_cmake_vendor/lib:/opt/ros/jazzy/lib PYTHONPATH=/home/lh/planning_with_ROS2_course/install/base_msgs/lib/python3.12/site-packages:/home/lh/planning_with_ROS2_course/install/data_plot/lib/python3.12/site-packages:/opt/ros/jazzy/lib/python3.12/site-packages /usr/bin/cmake --build /home/lh/planning_with_ROS2_course/build/planning -- -j16 -l16
[0.763s] [ 14%] Built target mathlibs
[0.763s] [ 14%] Built target config_reader
[0.851s] [ 20%] Built target global_planner
[0.853s] [ 28%] Built target pnc_map_creator
[0.853s] [ 37%] Built target vehicle_info
[0.860s] [ 45%] Built target reference_line
[0.934s] [ 51%] Built target decision_center
[0.935s] [ 60%] Built target pnc_map_server
[0.939s] [ 62%] Built target obs_move_cmd
[0.939s] [ 68%] Built target car_move_cmd
[0.945s] [ 74%] Built target global_path_server
[1.040s] [ 91%] Built target local_planner
[1.132s] [100%] Built target planning_process
[1.168s] Invoked command in '/home/lh/planning_with_ROS2_course/build/planning' returned '0': CMAKE_PREFIX_PATH=/home/lh/planning_with_ROS2_course/install/base_msgs:/home/lh/planning_with_ROS2_course/install/planning:/opt/ros/jazzy/opt/gz_math_vendor:/opt/ros/jazzy/opt/gz_utils_vendor:/opt/ros/jazzy/opt/gz_cmake_vendor:/home/lh/planning_with_ROS2_course/install/data_plot:/opt/ros/jazzy DEBUGINFOD_URLS=https://debuginfod.ubuntu.com LD_LIBRARY_PATH=/home/lh/planning_with_ROS2_course/install/base_msgs/lib:/home/lh/planning_with_ROS2_course/install/planning/lib:/home/lh/planning_with_ROS2_course/install/planning/lib:/home/lh/planning_with_ROS2_course/install/planning/lib:/opt/ros/jazzy/opt/rviz_ogre_vendor/lib:/opt/ros/jazzy/lib/x86_64-linux-gnu:/opt/ros/jazzy/opt/gz_math_vendor/lib:/opt/ros/jazzy/opt/gz_utils_vendor/lib:/opt/ros/jazzy/opt/gz_cmake_vendor/lib:/opt/ros/jazzy/lib PYTHONPATH=/home/lh/planning_with_ROS2_course/install/base_msgs/lib/python3.12/site-packages:/home/lh/planning_with_ROS2_course/install/data_plot/lib/python3.12/site-packages:/opt/ros/jazzy/lib/python3.12/site-packages /usr/bin/cmake --build /home/lh/planning_with_ROS2_course/build/planning -- -j16 -l16
[1.171s] Invoking command in '/home/lh/planning_with_ROS2_course/build/planning': CMAKE_PREFIX_PATH=/home/lh/planning_with_ROS2_course/install/base_msgs:/home/lh/planning_with_ROS2_course/install/planning:/opt/ros/jazzy/opt/gz_math_vendor:/opt/ros/jazzy/opt/gz_utils_vendor:/opt/ros/jazzy/opt/gz_cmake_vendor:/home/lh/planning_with_ROS2_course/install/data_plot:/opt/ros/jazzy DEBUGINFOD_URLS=https://debuginfod.ubuntu.com LD_LIBRARY_PATH=/home/lh/planning_with_ROS2_course/install/base_msgs/lib:/home/lh/planning_with_ROS2_course/install/planning/lib:/home/lh/planning_with_ROS2_course/install/planning/lib:/home/lh/planning_with_ROS2_course/install/planning/lib:/opt/ros/jazzy/opt/rviz_ogre_vendor/lib:/opt/ros/jazzy/lib/x86_64-linux-gnu:/opt/ros/jazzy/opt/gz_math_vendor/lib:/opt/ros/jazzy/opt/gz_utils_vendor/lib:/opt/ros/jazzy/opt/gz_cmake_vendor/lib:/opt/ros/jazzy/lib PYTHONPATH=/home/lh/planning_with_ROS2_course/install/base_msgs/lib/python3.12/site-packages:/home/lh/planning_with_ROS2_course/install/data_plot/lib/python3.12/site-packages:/opt/ros/jazzy/lib/python3.12/site-packages /usr/bin/cmake --install /home/lh/planning_with_ROS2_course/build/planning
[1.196s] -- Install configuration: ""
[1.197s] -- Up-to-date: /home/lh/planning_with_ROS2_course/install/planning/lib/libconfig_reader.so
[1.197s] -- Up-to-date: /home/lh/planning_with_ROS2_course/install/planning/lib/libmathlibs.so
[1.199s] -- Up-to-date: /home/lh/planning_with_ROS2_course/install/planning/lib/libdecision_center.so
[1.200s] -- Up-to-date: /home/lh/planning_with_ROS2_course/install/planning/lib/libglobal_planner.so
[1.201s] -- Up-to-date: /home/lh/planning_with_ROS2_course/install/planning/lib/planning/global_path_server
[1.204s] -- Up-to-date: /home/lh/planning_with_ROS2_course/install/planning/lib/liblocal_planner.so
[1.204s] -- Up-to-date: /home/lh/planning_with_ROS2_course/install/planning/lib/planning/car_move_cmd
[1.206s] -- Up-to-date: /home/lh/planning_with_ROS2_course/install/planning/lib/planning/obs_move_cmd
[1.208s] -- Up-to-date: /home/lh/planning_with_ROS2_course/install/planning/lib/planning/planning_process
[1.208s] -- Up-to-date: /home/lh/planning_with_ROS2_course/install/planning/lib/libpnc_map_creator.so
[1.209s] -- Up-to-date: /home/lh/planning_with_ROS2_course/install/planning/lib/planning/pnc_map_server
[1.210s] -- Up-to-date: /home/lh/planning_with_ROS2_course/install/planning/lib/libreference_line.so
[1.210s] -- Up-to-date: /home/lh/planning_with_ROS2_course/install/planning/lib/libvehicle_info.so
[1.211s] -- Up-to-date: /home/lh/planning_with_ROS2_course/install/planning/share/planning/config
[1.212s] -- Up-to-date: /home/lh/planning_with_ROS2_course/install/planning/share/planning/config/planning_static_obs_config.yaml
[1.212s] -- Up-to-date: /home/lh/planning_with_ROS2_course/install/planning/share/planning/launch
[1.212s] -- Up-to-date: /home/lh/planning_with_ROS2_course/install/planning/share/planning/launch/planning_launch.py
[1.212s] -- Up-to-date: /home/lh/planning_with_ROS2_course/install/planning/share/planning/urdf
[1.213s] -- Up-to-date: /home/lh/planning_with_ROS2_course/install/planning/share/planning/urdf/main_car
[1.213s] -- Up-to-date: /home/lh/planning_with_ROS2_course/install/planning/share/planning/urdf/main_car/car_wheels.xacro
[1.213s] -- Installing: /home/lh/planning_with_ROS2_course/install/planning/share/planning/urdf/main_car/car_base.xacro
[1.214s] -- Up-to-date: /home/lh/planning_with_ROS2_course/install/planning/share/planning/urdf/main_car/car_camera.xacro
[1.214s] -- Up-to-date: /home/lh/planning_with_ROS2_course/install/planning/share/planning/urdf/main_car/car_radar.xacro
[1.215s] -- Up-to-date: /home/lh/planning_with_ROS2_course/install/planning/share/planning/urdf/main_car/car.xacro
[1.215s] -- Up-to-date: /home/lh/planning_with_ROS2_course/install/planning/share/planning/urdf/obs_person
[1.215s] -- Up-to-date: /home/lh/planning_with_ROS2_course/install/planning/share/planning/urdf/obs_person/obs_person.xacro
[1.216s] -- Up-to-date: /home/lh/planning_with_ROS2_course/install/planning/share/planning/urdf/obs_car
[1.216s] -- Up-to-date: /home/lh/planning_with_ROS2_course/install/planning/share/planning/urdf/obs_car/obs_car.xacro
[1.217s] -- Up-to-date: /home/lh/planning_with_ROS2_course/install/planning/share/planning/urdf/obs_ebike
[1.217s] -- Up-to-date: /home/lh/planning_with_ROS2_course/install/planning/share/planning/urdf/obs_ebike/obs_ebike.xacro
[1.217s] -- Up-to-date: /home/lh/planning_with_ROS2_course/install/planning/share/planning/rviz
[1.217s] -- Up-to-date: /home/lh/planning_with_ROS2_course/install/planning/share/planning/rviz/planning.rviz
[1.217s] -- Up-to-date: /home/lh/planning_with_ROS2_course/install/planning/share/ament_index/resource_index/package_run_dependencies/planning
[1.217s] -- Up-to-date: /home/lh/planning_with_ROS2_course/install/planning/share/ament_index/resource_index/parent_prefix_path/planning
[1.217s] -- Up-to-date: /home/lh/planning_with_ROS2_course/install/planning/share/planning/environment/ament_prefix_path.sh
[1.218s] -- Up-to-date: /home/lh/planning_with_ROS2_course/install/planning/share/planning/environment/ament_prefix_path.dsv
[1.220s] -- Up-to-date: /home/lh/planning_with_ROS2_course/install/planning/share/planning/environment/path.sh
[1.220s] -- Up-to-date: /home/lh/planning_with_ROS2_course/install/planning/share/planning/environment/path.dsv
[1.221s] -- Up-to-date: /home/lh/planning_with_ROS2_course/install/planning/share/planning/local_setup.bash
[1.221s] -- Up-to-date: /home/lh/planning_with_ROS2_course/install/planning/share/planning/local_setup.sh
[1.221s] -- Up-to-date: /home/lh/planning_with_ROS2_course/install/planning/share/planning/local_setup.zsh
[1.221s] -- Up-to-date: /home/lh/planning_with_ROS2_course/install/planning/share/planning/local_setup.dsv
[1.221s] -- Installing: /home/lh/planning_with_ROS2_course/install/planning/share/planning/package.dsv
[1.222s] -- Up-to-date: /home/lh/planning_with_ROS2_course/install/planning/share/ament_index/resource_index/packages/planning
[1.222s] -- Up-to-date: /home/lh/planning_with_ROS2_course/install/planning/share/planning/cmake/planningConfig.cmake
[1.222s] -- Up-to-date: /home/lh/planning_with_ROS2_course/install/planning/share/planning/cmake/planningConfig-version.cmake
[1.222s] -- Up-to-date: /home/lh/planning_with_ROS2_course/install/planning/share/planning/package.xml
[1.229s] Invoked command in '/home/lh/planning_with_ROS2_course/build/planning' returned '0': CMAKE_PREFIX_PATH=/home/lh/planning_with_ROS2_course/install/base_msgs:/home/lh/planning_with_ROS2_course/install/planning:/opt/ros/jazzy/opt/gz_math_vendor:/opt/ros/jazzy/opt/gz_utils_vendor:/opt/ros/jazzy/opt/gz_cmake_vendor:/home/lh/planning_with_ROS2_course/install/data_plot:/opt/ros/jazzy DEBUGINFOD_URLS=https://debuginfod.ubuntu.com LD_LIBRARY_PATH=/home/lh/planning_with_ROS2_course/install/base_msgs/lib:/home/lh/planning_with_ROS2_course/install/planning/lib:/home/lh/planning_with_ROS2_course/install/planning/lib:/home/lh/planning_with_ROS2_course/install/planning/lib:/opt/ros/jazzy/opt/rviz_ogre_vendor/lib:/opt/ros/jazzy/lib/x86_64-linux-gnu:/opt/ros/jazzy/opt/gz_math_vendor/lib:/opt/ros/jazzy/opt/gz_utils_vendor/lib:/opt/ros/jazzy/opt/gz_cmake_vendor/lib:/opt/ros/jazzy/lib PYTHONPATH=/home/lh/planning_with_ROS2_course/install/base_msgs/lib/python3.12/site-packages:/home/lh/planning_with_ROS2_course/install/data_plot/lib/python3.12/site-packages:/opt/ros/jazzy/lib/python3.12/site-packages /usr/bin/cmake --install /home/lh/planning_with_ROS2_course/build/planning
