-- Found ament_cmake: 2.5.5 (/opt/ros/jazzy/share/ament_cmake/cmake)
-- Found rclcpp: 28.1.16 (/opt/ros/jazzy/share/rclcpp/cmake)
-- Found rosidl_generator_c: 4.6.7 (/opt/ros/jazzy/share/rosidl_generator_c/cmake)
-- Found rosidl_generator_cpp: 4.6.7 (/opt/ros/jazzy/share/rosidl_generator_cpp/cmake)
-- Using all available rosidl_typesupport_c: rosidl_typesupport_fastrtps_c;rosidl_typesupport_introspection_c
-- Using all available rosidl_typesupport_cpp: rosidl_typesupport_fastrtps_cpp;rosidl_typesupport_introspection_cpp
-- Found rmw_implementation_cmake: 7.3.3 (/opt/ros/jazzy/share/rmw_implementation_cmake/cmake)
-- Found rmw_fastrtps_cpp: 8.4.3 (/opt/ros/jazzy/share/rmw_fastrtps_cpp/cmake)
-- Using RMW implementation 'rmw_fastrtps_cpp' as default
-- Found tf2: 0.36.19 (/opt/ros/jazzy/share/tf2/cmake)
-- Found tf2_ros: 0.36.19 (/opt/ros/jazzy/share/tf2_ros/cmake)
-- Found nav_msgs: 5.3.6 (/opt/ros/jazzy/share/nav_msgs/cmake)
-- Found visualization_msgs: 5.3.6 (/opt/ros/jazzy/share/visualization_msgs/cmake)
-- Found base_msgs: 0.0.0 (/home/lh/planning_with_ROS2_course/install/base_msgs/share/base_msgs/cmake)
-- Found ament_lint_auto: 0.17.4 (/opt/ros/jazzy/share/ament_lint_auto/cmake)
-- Added test 'cppcheck' to perform static code analysis on C / C++ code
-- Configured cppcheck include dirs: /home/lh/planning_with_ROS2_course/src/planning/src/common/config_reader;/home/lh/planning_with_ROS2_course/src/planning/src/common/math;/home/lh/planning_with_ROS2_course/src/planning/src/decision_center;/home/lh/planning_with_ROS2_course/src/planning/src/global_planner;/home/lh/planning_with_ROS2_course/src/planning/src/global_planner/global_planner_normal;/home/lh/planning_with_ROS2_course/src/planning/src/local_planner;/home/lh/planning_with_ROS2_course/src/planning/src/local_planner/local_path;/home/lh/planning_with_ROS2_course/src/planning/src/local_planner/local_speeds;/home/lh/planning_with_ROS2_course/src/planning/src/move_cmd;/home/lh/planning_with_ROS2_course/src/planning/src/planning_process;/home/lh/planning_with_ROS2_course/src/planning/src/pnc_map_creator;/home/lh/planning_with_ROS2_course/src/planning/src/pnc_map_creator/pnc_map_crossroad;/home/lh/planning_with_ROS2_course/src/planning/src/pnc_map_creator/pnc_map_roundabout;/home/lh/planning_with_ROS2_course/src/planning/src/pnc_map_creator/pnc_map_straight;/home/lh/planning_with_ROS2_course/src/planning/src/pnc_map_creator/pnc_map_sturn;/home/lh/planning_with_ROS2_course/src/planning/src/pnc_map_creator/pnc_map_tjunction;/home/lh/planning_with_ROS2_course/src/planning/src/reference_line;/home/lh/planning_with_ROS2_course/src/planning/src/vehicle_info;/home/lh/planning_with_ROS2_course/src/planning/src/vehicle_info/main_car;/home/lh/planning_with_ROS2_course/src/planning/src/vehicle_info/obs_car;/home/lh/planning_with_ROS2_course/src/planning/src/vehicle_info/obs_ebike;/home/lh/planning_with_ROS2_course/src/planning/src/vehicle_info/obs_people
-- Configured cppcheck exclude dirs and/or files: 
-- Added test 'lint_cmake' to check CMake code style
-- Added test 'uncrustify' to check C / C++ code style
-- Configured uncrustify additional arguments: 
-- Added test 'xmllint' to check XML markup files
-- Configuring done (1.7s)
-- Generating done (0.0s)
-- Build files have been written to: /home/lh/planning_with_ROS2_course/build/planning
[100%] Built target planning_node
-- Install configuration: ""
-- Installing: /home/lh/planning_with_ROS2_course/install/planning/lib/planning/planning_node
-- Set non-toolchain portion of runtime path of "/home/lh/planning_with_ROS2_course/install/planning/lib/planning/planning_node" to ""
-- Up-to-date: /home/lh/planning_with_ROS2_course/install/planning/share/planning/config
-- Up-to-date: /home/lh/planning_with_ROS2_course/install/planning/share/planning/launch
-- Up-to-date: /home/lh/planning_with_ROS2_course/install/planning/share/planning/urdf
-- Up-to-date: /home/lh/planning_with_ROS2_course/install/planning/share/planning/urdf/main_car
-- Up-to-date: /home/lh/planning_with_ROS2_course/install/planning/share/planning/urdf/obs_person
-- Up-to-date: /home/lh/planning_with_ROS2_course/install/planning/share/planning/urdf/obs_car
-- Up-to-date: /home/lh/planning_with_ROS2_course/install/planning/share/planning/urdf/obs_ebike
-- Up-to-date: /home/lh/planning_with_ROS2_course/install/planning/share/planning/rviz
-- Up-to-date: /home/lh/planning_with_ROS2_course/install/planning/share/ament_index/resource_index/package_run_dependencies/planning
-- Up-to-date: /home/lh/planning_with_ROS2_course/install/planning/share/ament_index/resource_index/parent_prefix_path/planning
-- Up-to-date: /home/lh/planning_with_ROS2_course/install/planning/share/planning/environment/ament_prefix_path.sh
-- Up-to-date: /home/lh/planning_with_ROS2_course/install/planning/share/planning/environment/ament_prefix_path.dsv
-- Up-to-date: /home/lh/planning_with_ROS2_course/install/planning/share/planning/environment/path.sh
-- Up-to-date: /home/lh/planning_with_ROS2_course/install/planning/share/planning/environment/path.dsv
-- Up-to-date: /home/lh/planning_with_ROS2_course/install/planning/share/planning/local_setup.bash
-- Up-to-date: /home/lh/planning_with_ROS2_course/install/planning/share/planning/local_setup.sh
-- Up-to-date: /home/lh/planning_with_ROS2_course/install/planning/share/planning/local_setup.zsh
-- Up-to-date: /home/lh/planning_with_ROS2_course/install/planning/share/planning/local_setup.dsv
-- Installing: /home/lh/planning_with_ROS2_course/install/planning/share/planning/package.dsv
-- Up-to-date: /home/lh/planning_with_ROS2_course/install/planning/share/ament_index/resource_index/packages/planning
-- Up-to-date: /home/lh/planning_with_ROS2_course/install/planning/share/planning/cmake/planningConfig.cmake
-- Up-to-date: /home/lh/planning_with_ROS2_course/install/planning/share/planning/cmake/planningConfig-version.cmake
-- Up-to-date: /home/lh/planning_with_ROS2_course/install/planning/share/planning/package.xml
