[0.563s] Invoking command in '/home/lh/planning_with_ROS2_course/build/planning': CMAKE_PREFIX_PATH=/home/lh/planning_with_ROS2_course/install/base_msgs:/home/lh/planning_with_ROS2_course/install/planning:/opt/ros/jazzy/opt/gz_math_vendor:/opt/ros/jazzy/opt/gz_utils_vendor:/opt/ros/jazzy/opt/gz_cmake_vendor:/home/lh/planning_with_ROS2_course/install/data_plot:/opt/ros/jazzy DEBUGINFOD_URLS=https://debuginfod.ubuntu.com /usr/bin/cmake --build /home/lh/planning_with_ROS2_course/build/planning -- -j8 -l8
[0.724s] [  2%] [32mBuilding CXX object src/common/CMakeFiles/config_reader.dir/config_reader/config_reader.cpp.o[0m
[0.727s] [ 11%] Built target mathlibs
[8.905s] [ 14%] [32m[1mLinking CXX shared library libconfig_reader.so[0m
[9.165s] [ 14%] Built target config_reader
[9.236s] [ 20%] [32m[1mLinking CXX shared library libvehicle_info.so[0m
[9.236s] [ 20%] [32m[1mLinking CXX shared library libpnc_map_creator.so[0m
[9.238s] [ 25%] [32m[1mLinking CXX shared library libglobal_planner.so[0m
[9.238s] [ 25%] [32m[1mLinking CXX shared library libreference_line.so[0m
[9.607s] [ 31%] Built target reference_line
[9.611s] [ 37%] Built target pnc_map_creator
[9.614s] [ 42%] Built target vehicle_info
[9.652s] [ 45%] Built target global_planner
[9.692s] [ 48%] [32m[1mLinking CXX executable pnc_map_server[0m
[9.698s] [ 51%] [32m[1mLinking CXX executable car_move_cmd[0m
[9.705s] [ 54%] [32m[1mLinking CXX shared library libdecision_center.so[0m
[9.710s] [ 57%] [32m[1mLinking CXX executable obs_move_cmd[0m
[9.735s] [ 60%] [32m[1mLinking CXX executable global_path_server[0m
[10.059s] [ 62%] Built target decision_center
[10.084s] [ 65%] Built target pnc_map_server
[10.096s] [ 68%] Built target obs_move_cmd
[10.099s] [ 71%] Built target car_move_cmd
[10.139s] [ 74%] [32m[1mLinking CXX shared library liblocal_planner.so[0m
[10.152s] [ 77%] Built target global_path_server
[10.456s] [ 91%] Built target local_planner
[10.528s] [ 94%] [32m[1mLinking CXX executable planning_node[0m
[10.842s] [100%] Built target planning_node
[10.871s] Invoked command in '/home/lh/planning_with_ROS2_course/build/planning' returned '0': CMAKE_PREFIX_PATH=/home/lh/planning_with_ROS2_course/install/base_msgs:/home/lh/planning_with_ROS2_course/install/planning:/opt/ros/jazzy/opt/gz_math_vendor:/opt/ros/jazzy/opt/gz_utils_vendor:/opt/ros/jazzy/opt/gz_cmake_vendor:/home/lh/planning_with_ROS2_course/install/data_plot:/opt/ros/jazzy DEBUGINFOD_URLS=https://debuginfod.ubuntu.com /usr/bin/cmake --build /home/lh/planning_with_ROS2_course/build/planning -- -j8 -l8
[10.874s] Invoking command in '/home/lh/planning_with_ROS2_course/build/planning': CMAKE_PREFIX_PATH=/home/lh/planning_with_ROS2_course/install/base_msgs:/home/lh/planning_with_ROS2_course/install/planning:/opt/ros/jazzy/opt/gz_math_vendor:/opt/ros/jazzy/opt/gz_utils_vendor:/opt/ros/jazzy/opt/gz_cmake_vendor:/home/lh/planning_with_ROS2_course/install/data_plot:/opt/ros/jazzy DEBUGINFOD_URLS=https://debuginfod.ubuntu.com /usr/bin/cmake --install /home/lh/planning_with_ROS2_course/build/planning
[10.893s] -- Install configuration: ""
[10.894s] -- Installing: /home/lh/planning_with_ROS2_course/install/planning/lib/libconfig_reader.so
[10.896s] -- Set non-toolchain portion of runtime path of "/home/lh/planning_with_ROS2_course/install/planning/lib/libconfig_reader.so" to ""
[10.896s] -- Up-to-date: /home/lh/planning_with_ROS2_course/install/planning/lib/libmathlibs.so
[10.897s] -- Installing: /home/lh/planning_with_ROS2_course/install/planning/lib/libdecision_center.so
[10.900s] -- Set non-toolchain portion of runtime path of "/home/lh/planning_with_ROS2_course/install/planning/lib/libdecision_center.so" to ""
[10.901s] -- Installing: /home/lh/planning_with_ROS2_course/install/planning/lib/libglobal_planner.so
[10.901s] -- Set non-toolchain portion of runtime path of "/home/lh/planning_with_ROS2_course/install/planning/lib/libglobal_planner.so" to ""
[10.901s] -- Installing: /home/lh/planning_with_ROS2_course/install/planning/lib/planning/global_path_server
[10.905s] -- Set non-toolchain portion of runtime path of "/home/lh/planning_with_ROS2_course/install/planning/lib/planning/global_path_server" to ""
[10.906s] -- Installing: /home/lh/planning_with_ROS2_course/install/planning/lib/liblocal_planner.so
[10.909s] -- Set non-toolchain portion of runtime path of "/home/lh/planning_with_ROS2_course/install/planning/lib/liblocal_planner.so" to ""
[10.910s] -- Installing: /home/lh/planning_with_ROS2_course/install/planning/lib/{PLANNING_PACKAGE_NAME}/car_move_cmd
[10.911s] -- Set non-toolchain portion of runtime path of "/home/lh/planning_with_ROS2_course/install/planning/lib/{PLANNING_PACKAGE_NAME}/car_move_cmd" to ""
[10.912s] -- Installing: /home/lh/planning_with_ROS2_course/install/planning/lib/{PLANNING_PACKAGE_NAME}/obs_move_cmd
[10.915s] -- Set non-toolchain portion of runtime path of "/home/lh/planning_with_ROS2_course/install/planning/lib/{PLANNING_PACKAGE_NAME}/obs_move_cmd" to ""
[10.917s] -- Installing: /home/lh/planning_with_ROS2_course/install/planning/lib/planning/planning_node
[10.918s] -- Set non-toolchain portion of runtime path of "/home/lh/planning_with_ROS2_course/install/planning/lib/planning/planning_node" to ""
[10.919s] -- Installing: /home/lh/planning_with_ROS2_course/install/planning/lib/libpnc_map_creator.so
[10.921s] -- Set non-toolchain portion of runtime path of "/home/lh/planning_with_ROS2_course/install/planning/lib/libpnc_map_creator.so" to ""
[10.921s] -- Installing: /home/lh/planning_with_ROS2_course/install/planning/lib/planning/libpnc_map_creator.so
[10.923s] -- Set non-toolchain portion of runtime path of "/home/lh/planning_with_ROS2_course/install/planning/lib/planning/libpnc_map_creator.so" to ""
[10.923s] -- Installing: /home/lh/planning_with_ROS2_course/install/planning/lib/libreference_line.so
[10.926s] -- Set non-toolchain portion of runtime path of "/home/lh/planning_with_ROS2_course/install/planning/lib/libreference_line.so" to ""
[10.926s] -- Installing: /home/lh/planning_with_ROS2_course/install/planning/lib/libvehicle_info.so
[10.929s] -- Set non-toolchain portion of runtime path of "/home/lh/planning_with_ROS2_course/install/planning/lib/libvehicle_info.so" to ""
[10.929s] -- Up-to-date: /home/lh/planning_with_ROS2_course/install/planning/share/planning/config
[10.929s] -- Up-to-date: /home/lh/planning_with_ROS2_course/install/planning/share/planning/config/planning_static_obs_config.yaml
[10.930s] -- Up-to-date: /home/lh/planning_with_ROS2_course/install/planning/share/planning/launch
[10.930s] -- Up-to-date: /home/lh/planning_with_ROS2_course/install/planning/share/planning/urdf
[10.930s] -- Up-to-date: /home/lh/planning_with_ROS2_course/install/planning/share/planning/urdf/main_car
[10.930s] -- Up-to-date: /home/lh/planning_with_ROS2_course/install/planning/share/planning/urdf/obs_person
[10.931s] -- Up-to-date: /home/lh/planning_with_ROS2_course/install/planning/share/planning/urdf/obs_car
[10.931s] -- Up-to-date: /home/lh/planning_with_ROS2_course/install/planning/share/planning/urdf/obs_ebike
[10.931s] -- Up-to-date: /home/lh/planning_with_ROS2_course/install/planning/share/planning/rviz
[10.931s] -- Up-to-date: /home/lh/planning_with_ROS2_course/install/planning/share/ament_index/resource_index/package_run_dependencies/planning
[10.931s] -- Up-to-date: /home/lh/planning_with_ROS2_course/install/planning/share/ament_index/resource_index/parent_prefix_path/planning
[10.931s] -- Up-to-date: /home/lh/planning_with_ROS2_course/install/planning/share/planning/environment/ament_prefix_path.sh
[10.931s] -- Up-to-date: /home/lh/planning_with_ROS2_course/install/planning/share/planning/environment/ament_prefix_path.dsv
[10.932s] -- Up-to-date: /home/lh/planning_with_ROS2_course/install/planning/share/planning/environment/path.sh
[10.932s] -- Up-to-date: /home/lh/planning_with_ROS2_course/install/planning/share/planning/environment/path.dsv
[10.932s] -- Up-to-date: /home/lh/planning_with_ROS2_course/install/planning/share/planning/local_setup.bash
[10.932s] -- Up-to-date: /home/lh/planning_with_ROS2_course/install/planning/share/planning/local_setup.sh
[10.932s] -- Up-to-date: /home/lh/planning_with_ROS2_course/install/planning/share/planning/local_setup.zsh
[10.932s] -- Up-to-date: /home/lh/planning_with_ROS2_course/install/planning/share/planning/local_setup.dsv
[10.932s] -- Installing: /home/lh/planning_with_ROS2_course/install/planning/share/planning/package.dsv
[10.932s] -- Up-to-date: /home/lh/planning_with_ROS2_course/install/planning/share/ament_index/resource_index/packages/planning
[10.932s] -- Up-to-date: /home/lh/planning_with_ROS2_course/install/planning/share/planning/cmake/planningConfig.cmake
[10.932s] -- Up-to-date: /home/lh/planning_with_ROS2_course/install/planning/share/planning/cmake/planningConfig-version.cmake
[10.933s] -- Up-to-date: /home/lh/planning_with_ROS2_course/install/planning/share/planning/package.xml
[10.937s] Invoked command in '/home/lh/planning_with_ROS2_course/build/planning' returned '0': CMAKE_PREFIX_PATH=/home/lh/planning_with_ROS2_course/install/base_msgs:/home/lh/planning_with_ROS2_course/install/planning:/opt/ros/jazzy/opt/gz_math_vendor:/opt/ros/jazzy/opt/gz_utils_vendor:/opt/ros/jazzy/opt/gz_cmake_vendor:/home/lh/planning_with_ROS2_course/install/data_plot:/opt/ros/jazzy DEBUGINFOD_URLS=https://debuginfod.ubuntu.com /usr/bin/cmake --install /home/lh/planning_with_ROS2_course/build/planning
